#
# There is insufficient memory for the Java Runtime Environment to continue.
# Native memory allocation (malloc) failed to allocate 1102736 bytes for Chunk::new
# Possible reasons:
#   The system is out of physical RAM or swap space
#   In 32 bit mode, the process size limit was hit
# Possible solutions:
#   Reduce memory load on the system
#   Increase physical memory or swap space
#   Check if swap backing store is full
#   Use 64 bit Java on a 64 bit OS
#   Decrease Java heap size (-Xmx/-Xms)
#   Decrease number of Java threads
#   Decrease Java thread stack sizes (-Xss)
#   Set larger code cache with -XX:ReservedCodeCacheSize=
# This output file may be truncated or incomplete.
#
#  Out of Memory Error (allocation.cpp:390), pid=49908, tid=0x0000000000008d44
#
# JRE version: Java(TM) SE Runtime Environment (8.0_171-b11) (build 1.8.0_171-b11)
# Java VM: Java HotSpot(TM) 64-Bit Server VM (25.171-b11 mixed mode windows-amd64 compressed oops)
# Failed to write core dump. Minidumps are not enabled by default on client versions of Windows
#

---------------  T H R E A D  ---------------

Current thread (0x0000000019e02000):  JavaThread "C2 CompilerThread0" daemon [_thread_in_native, id=36164, stack(0x000000001b8d0000,0x000000001b9d0000)]

Stack: [0x000000001b8d0000,0x000000001b9d0000]
[error occurred during error reporting (printing stack bounds), id 0xc0000005]

Native frames: (J=compiled Java code, j=interpreted, Vv=VM code, C=native code)


Current CompileTask:
C2:   3270 2145   !   4       java.net.URLClassLoader$1::run (63 bytes)


---------------  P R O C E S S  ---------------

Java Threads: ( => current thread )
  0x000000001c451800 JavaThread "JMX server connection timeout 17" daemon [_thread_blocked, id=38572, stack(0x000000001de70000,0x000000001df70000)]
  0x000000001c163000 JavaThread "RMI TCP Connection(2)-192.168.56.1" daemon [_thread_in_native, id=44200, stack(0x000000001dd70000,0x000000001de70000)]
  0x000000001c42e000 JavaThread "RMI Scheduler(0)" daemon [_thread_blocked, id=44452, stack(0x000000001dc70000,0x000000001dd70000)]
  0x000000001c118800 JavaThread "RMI TCP Connection(1)-127.0.0.1" daemon [_thread_in_native, id=49576, stack(0x000000001db70000,0x000000001dc70000)]
  0x000000001bf83800 JavaThread "RMI TCP Accept-0" daemon [_thread_in_native, id=39116, stack(0x000000001c6d0000,0x000000001c7d0000)]
  0x000000001bf82800 JavaThread "RMI TCP Accept-11222" daemon [_thread_in_native, id=36484, stack(0x000000001c5d0000,0x000000001c6d0000)]
  0x000000001bf5a000 JavaThread "RMI TCP Accept-0" daemon [_thread_in_native, id=29444, stack(0x000000001c4d0000,0x000000001c5d0000)]
  0x000000001b368800 JavaThread "Service Thread" daemon [_thread_blocked, id=17196, stack(0x000000001bbd0000,0x000000001bcd0000)]
  0x0000000019e07000 JavaThread "C1 CompilerThread2" daemon [_thread_blocked, id=47672, stack(0x000000001bad0000,0x000000001bbd0000)]
  0x0000000019e03800 JavaThread "C2 CompilerThread1" daemon [_thread_in_native, id=47852, stack(0x000000001b9d0000,0x000000001bad0000)]
=>0x0000000019e02000 JavaThread "C2 CompilerThread0" daemon [_thread_in_native, id=36164, stack(0x000000001b8d0000,0x000000001b9d0000)]
  0x0000000019e00000 JavaThread "Attach Listener" daemon [_thread_blocked, id=48164, stack(0x000000001b7d0000,0x000000001b8d0000)]
  0x000000001b313800 JavaThread "Signal Dispatcher" daemon [_thread_blocked, id=40860, stack(0x000000001b6d0000,0x000000001b7d0000)]
  0x0000000019dcc000 JavaThread "Finalizer" daemon [_thread_blocked, id=38332, stack(0x000000001b140000,0x000000001b240000)]
  0x00000000052a6000 JavaThread "Reference Handler" daemon [_thread_blocked, id=9024, stack(0x000000001b040000,0x000000001b140000)]
  0x00000000051b6000 JavaThread "main" [_thread_in_Java, id=48584, stack(0x00000000050b0000,0x00000000051b0000)]

Other Threads:
  0x0000000019da8000 VMThread [stack: 0x000000001ae40000,0x000000001af40000] [id=45024]
  0x000000001bf85000 WatcherThread [stack: 0x000000001c7d0000,0x000000001c8d0000] [id=43464]

VM state:not at safepoint (normal execution)

VM Mutex/Monitor currently owned by a thread: None

Heap:
 PSYoungGen      total 53248K, used 35143K [0x00000000d5f00000, 0x00000000da980000, 0x0000000100000000)
  eden space 48640K, 63% used [0x00000000d5f00000,0x00000000d7d18b28,0x00000000d8e80000)
  from space 4608K, 93% used [0x00000000da500000,0x00000000da939278,0x00000000da980000)
  to   space 5120K, 0% used [0x00000000d9f80000,0x00000000d9f80000,0x00000000da480000)
 ParOldGen       total 65024K, used 8496K [0x0000000081c00000, 0x0000000085b80000, 0x00000000d5f00000)
  object space 65024K, 13% used [0x0000000081c00000,0x000000008244c338,0x0000000085b80000)
 Metaspace       used 26746K, capacity 27602K, committed 27904K, reserved 1073152K
  class space    used 3526K, capacity 3747K, committed 3840K, reserved 1048576K

Card table byte_map: [0x0000000014670000,0x0000000014a70000] byte_map_base: 0x0000000014262000

Marking Bits: (ParMarkBitMap*) 0x0000000058c908c0
 Begin Bits: [0x0000000015120000, 0x00000000170b0000)
 End Bits:   [0x00000000170b0000, 0x0000000019040000)

Polling page: 0x0000000004fd0000

CodeCache: size=245760Kb used=7638Kb max_used=7638Kb free=238121Kb
 bounds [0x00000000052b0000, 0x0000000005a30000, 0x00000000142b0000]
 total_blobs=2642 nmethods=2236 adapters=318
 compilation: enabled

Compilation events (10 events):
Event: 3.217 Thread 0x0000000019e07000 2238   !   3       java.io.ObjectOutputStream::writeObject0 (619 bytes)
Event: 3.222 Thread 0x0000000019e07000 nmethod 2238 0x0000000005a221d0 code [0x0000000005a227a0, 0x0000000005a25fd8]
Event: 3.222 Thread 0x0000000019e07000 2239       3       java.io.ObjectOutputStream$ReplaceTable::lookup (24 bytes)
Event: 3.222 Thread 0x0000000019e07000 nmethod 2239 0x0000000005a28010 code [0x0000000005a28180, 0x0000000005a283a8]
Event: 3.222 Thread 0x0000000019e07000 2242  s    3       java.io.BufferedOutputStream::write (67 bytes)
Event: 3.223 Thread 0x0000000019e07000 nmethod 2242 0x0000000005a284d0 code [0x0000000005a286a0, 0x0000000005a28ef8]
Event: 3.223 Thread 0x0000000019e07000 2241       3       java.io.Bits::putInt (36 bytes)
Event: 3.223 Thread 0x0000000019e07000 nmethod 2241 0x0000000005a291d0 code [0x0000000005a29340, 0x0000000005a29510]
Event: 3.245 Thread 0x0000000019e07000 2243  s    1       java.lang.StringBuffer::length (5 bytes)
Event: 3.245 Thread 0x0000000019e07000 nmethod 2243 0x0000000005a29650 code [0x0000000005a297a0, 0x0000000005a29a10]

GC Heap History (10 events):
Event: 1.250 GC heap before
{Heap before GC invocations=1 (full 0):
 PSYoungGen      total 38400K, used 33280K [0x00000000d5f00000, 0x00000000d8980000, 0x0000000100000000)
  eden space 33280K, 100% used [0x00000000d5f00000,0x00000000d7f80000,0x00000000d7f80000)
  from space 5120K, 0% used [0x00000000d8480000,0x00000000d8480000,0x00000000d8980000)
  to   space 5120K, 0% used [0x00000000d7f80000,0x00000000d7f80000,0x00000000d8480000)
 ParOldGen       total 87552K, used 0K [0x0000000081c00000, 0x0000000087180000, 0x00000000d5f00000)
  object space 87552K, 0% used [0x0000000081c00000,0x0000000081c00000,0x0000000087180000)
 Metaspace       used 12144K, capacity 12566K, committed 12672K, reserved 1060864K
  class space    used 1526K, capacity 1631K, committed 1664K, reserved 1048576K
Event: 1.258 GC heap after
Heap after GC invocations=1 (full 0):
 PSYoungGen      total 38400K, used 5093K [0x00000000d5f00000, 0x00000000d8980000, 0x0000000100000000)
  eden space 33280K, 0% used [0x00000000d5f00000,0x00000000d5f00000,0x00000000d7f80000)
  from space 5120K, 99% used [0x00000000d7f80000,0x00000000d8479550,0x00000000d8480000)
  to   space 5120K, 0% used [0x00000000d8480000,0x00000000d8480000,0x00000000d8980000)
 ParOldGen       total 87552K, used 202K [0x0000000081c00000, 0x0000000087180000, 0x00000000d5f00000)
  object space 87552K, 0% used [0x0000000081c00000,0x0000000081c32ba0,0x0000000087180000)
 Metaspace       used 12144K, capacity 12566K, committed 12672K, reserved 1060864K
  class space    used 1526K, capacity 1631K, committed 1664K, reserved 1048576K
}
Event: 1.705 GC heap before
{Heap before GC invocations=2 (full 0):
 PSYoungGen      total 38400K, used 38373K [0x00000000d5f00000, 0x00000000d8980000, 0x0000000100000000)
  eden space 33280K, 100% used [0x00000000d5f00000,0x00000000d7f80000,0x00000000d7f80000)
  from space 5120K, 99% used [0x00000000d7f80000,0x00000000d8479550,0x00000000d8480000)
  to   space 5120K, 0% used [0x00000000d8480000,0x00000000d8480000,0x00000000d8980000)
 ParOldGen       total 87552K, used 202K [0x0000000081c00000, 0x0000000087180000, 0x00000000d5f00000)
  object space 87552K, 0% used [0x0000000081c00000,0x0000000081c32ba0,0x0000000087180000)
 Metaspace       used 16226K, capacity 16750K, committed 16896K, reserved 1064960K
  class space    used 2158K, capacity 2299K, committed 2304K, reserved 1048576K
Event: 1.713 GC heap after
Heap after GC invocations=2 (full 0):
 PSYoungGen      total 38400K, used 5093K [0x00000000d5f00000, 0x00000000d8980000, 0x0000000100000000)
  eden space 33280K, 0% used [0x00000000d5f00000,0x00000000d5f00000,0x00000000d7f80000)
  from space 5120K, 99% used [0x00000000d8480000,0x00000000d8979588,0x00000000d8980000)
  to   space 5120K, 0% used [0x00000000d7f80000,0x00000000d7f80000,0x00000000d8480000)
 ParOldGen       total 87552K, used 2145K [0x0000000081c00000, 0x0000000087180000, 0x00000000d5f00000)
  object space 87552K, 2% used [0x0000000081c00000,0x0000000081e18408,0x0000000087180000)
 Metaspace       used 16226K, capacity 16750K, committed 16896K, reserved 1064960K
  class space    used 2158K, capacity 2299K, committed 2304K, reserved 1048576K
}
Event: 2.262 GC heap before
{Heap before GC invocations=3 (full 0):
 PSYoungGen      total 38400K, used 35347K [0x00000000d5f00000, 0x00000000d8980000, 0x0000000100000000)
  eden space 33280K, 90% used [0x00000000d5f00000,0x00000000d7c8b998,0x00000000d7f80000)
  from space 5120K, 99% used [0x00000000d8480000,0x00000000d8979588,0x00000000d8980000)
  to   space 5120K, 0% used [0x00000000d7f80000,0x00000000d7f80000,0x00000000d8480000)
 ParOldGen       total 87552K, used 2145K [0x0000000081c00000, 0x0000000087180000, 0x00000000d5f00000)
  object space 87552K, 2% used [0x0000000081c00000,0x0000000081e18408,0x0000000087180000)
 Metaspace       used 20522K, capacity 21116K, committed 21296K, reserved 1067008K
  class space    used 2678K, capacity 2852K, committed 2944K, reserved 1048576K
Event: 2.273 GC heap after
Heap after GC invocations=3 (full 0):
 PSYoungGen      total 38400K, used 5113K [0x00000000d5f00000, 0x00000000daa00000, 0x0000000100000000)
  eden space 33280K, 0% used [0x00000000d5f00000,0x00000000d5f00000,0x00000000d7f80000)
  from space 5120K, 99% used [0x00000000d7f80000,0x00000000d847e620,0x00000000d8480000)
  to   space 5120K, 0% used [0x00000000da500000,0x00000000da500000,0x00000000daa00000)
 ParOldGen       total 87552K, used 5653K [0x0000000081c00000, 0x0000000087180000, 0x00000000d5f00000)
  object space 87552K, 6% used [0x0000000081c00000,0x0000000082185628,0x0000000087180000)
 Metaspace       used 20522K, capacity 21116K, committed 21296K, reserved 1067008K
  class space    used 2678K, capacity 2852K, committed 2944K, reserved 1048576K
}
Event: 2.273 GC heap before
{Heap before GC invocations=4 (full 1):
 PSYoungGen      total 38400K, used 5113K [0x00000000d5f00000, 0x00000000daa00000, 0x0000000100000000)
  eden space 33280K, 0% used [0x00000000d5f00000,0x00000000d5f00000,0x00000000d7f80000)
  from space 5120K, 99% used [0x00000000d7f80000,0x00000000d847e620,0x00000000d8480000)
  to   space 5120K, 0% used [0x00000000da500000,0x00000000da500000,0x00000000daa00000)
 ParOldGen       total 87552K, used 5653K [0x0000000081c00000, 0x0000000087180000, 0x00000000d5f00000)
  object space 87552K, 6% used [0x0000000081c00000,0x0000000082185628,0x0000000087180000)
 Metaspace       used 20522K, capacity 21116K, committed 21296K, reserved 1067008K
  class space    used 2678K, capacity 2852K, committed 2944K, reserved 1048576K
Event: 2.315 GC heap after
Heap after GC invocations=4 (full 1):
 PSYoungGen      total 38400K, used 0K [0x00000000d5f00000, 0x00000000daa00000, 0x0000000100000000)
  eden space 33280K, 0% used [0x00000000d5f00000,0x00000000d5f00000,0x00000000d7f80000)
  from space 5120K, 0% used [0x00000000d7f80000,0x00000000d7f80000,0x00000000d8480000)
  to   space 5120K, 0% used [0x00000000da500000,0x00000000da500000,0x00000000daa00000)
 ParOldGen       total 65024K, used 8424K [0x0000000081c00000, 0x0000000085b80000, 0x00000000d5f00000)
  object space 65024K, 12% used [0x0000000081c00000,0x000000008243a328,0x0000000085b80000)
 Metaspace       used 20522K, capacity 21116K, committed 21296K, reserved 1067008K
  class space    used 2678K, capacity 2852K, committed 2944K, reserved 1048576K
}
Event: 2.702 GC heap before
{Heap before GC invocations=5 (full 1):
 PSYoungGen      total 38400K, used 33280K [0x00000000d5f00000, 0x00000000daa00000, 0x0000000100000000)
  eden space 33280K, 100% used [0x00000000d5f00000,0x00000000d7f80000,0x00000000d7f80000)
  from space 5120K, 0% used [0x00000000d7f80000,0x00000000d7f80000,0x00000000d8480000)
  to   space 5120K, 0% used [0x00000000da500000,0x00000000da500000,0x00000000daa00000)
 ParOldGen       total 65024K, used 8424K [0x0000000081c00000, 0x0000000085b80000, 0x00000000d5f00000)
  object space 65024K, 12% used [0x0000000081c00000,0x000000008243a328,0x0000000085b80000)
 Metaspace       used 24204K, capacity 24902K, committed 25216K, reserved 1071104K
  class space    used 3175K, capacity 3351K, committed 3456K, reserved 1048576K
Event: 2.710 GC heap after
Heap after GC invocations=5 (full 1):
 PSYoungGen      total 53248K, used 4324K [0x00000000d5f00000, 0x00000000da980000, 0x0000000100000000)
  eden space 48640K, 0% used [0x00000000d5f00000,0x00000000d5f00000,0x00000000d8e80000)
  from space 4608K, 93% used [0x00000000da500000,0x00000000da939278,0x00000000da980000)
  to   space 5120K, 0% used [0x00000000d9f80000,0x00000000d9f80000,0x00000000da480000)
 ParOldGen       total 65024K, used 8496K [0x0000000081c00000, 0x0000000085b80000, 0x00000000d5f00000)
  object space 65024K, 13% used [0x0000000081c00000,0x000000008244c338,0x0000000085b80000)
 Metaspace       used 24204K, capacity 24902K, committed 25216K, reserved 1071104K
  class space    used 3175K, capacity 3351K, committed 3456K, reserved 1048576K
}

Deoptimization events (10 events):
Event: 2.608 Thread 0x000000001c123000 Uncommon trap: reason=unstable_if action=reinterpret pc=0x00000000057c5a3c method=java.util.Properties$LineReader.readLine()I @ 252
Event: 2.608 Thread 0x000000001c123000 Uncommon trap: reason=unstable_if action=reinterpret pc=0x00000000057a5170 method=java.util.Properties$LineReader.readLine()I @ 252
Event: 2.770 Thread 0x000000001c123000 Uncommon trap: reason=unstable_if action=reinterpret pc=0x00000000058b8560 method=com.sun.org.apache.xerces.internal.impl.XMLEntityScanner.scanLiteral(ILcom/sun/org/apache/xerces/internal/xni/XMLString;Z)I @ 570
Event: 2.807 Thread 0x00000000051b6000 Uncommon trap: reason=unstable_if action=reinterpret pc=0x00000000056dd780 method=org.springframework.boot.context.properties.source.ConfigurationPropertyName$ElementValidator.isValidChar(CI)Z @ 21
Event: 2.863 Thread 0x000000001c123000 Uncommon trap: reason=unstable_if action=reinterpret pc=0x00000000058dc4dc method=com.sun.org.apache.xerces.internal.impl.XMLEntityScanner.skipSpaces()Z @ 125
Event: 2.913 Thread 0x000000001c123000 Uncommon trap: reason=unstable_if action=reinterpret pc=0x000000000596d1d8 method=com.sun.org.apache.xerces.internal.util.SymbolTable.addSymbol([CII)Ljava/lang/String; @ 38
Event: 2.914 Thread 0x000000001c123000 Uncommon trap: reason=unstable_if action=reinterpret pc=0x00000000059340d0 method=com.sun.org.apache.xerces.internal.impl.XMLEntityScanner.scanLiteral(ILcom/sun/org/apache/xerces/internal/xni/XMLString;Z)I @ 44
Event: 2.916 Thread 0x000000001c123000 Uncommon trap: reason=unstable_if action=reinterpret pc=0x0000000005919d08 method=com.sun.org.apache.xerces.internal.util.SymbolTable.addSymbol([CII)Ljava/lang/String; @ 38
Event: 2.949 Thread 0x000000001c123000 Uncommon trap: reason=predicate action=maybe_recompile pc=0x00000000056684b4 method=java.lang.String.regionMatches(ZILjava/lang/String;II)Z @ 63
Event: 3.014 Thread 0x000000001c123000 Uncommon trap: reason=unstable_if action=reinterpret pc=0x000000000569ba40 method=sun.misc.URLClassPath$JarLoader.ensureOpen()V @ 4

Classes redefined (0 events):
No events

Internal exceptions (10 events):
Event: 2.199 Thread 0x00000000051b6000 Exception <a 'java/lang/ClassNotFoundException': org/springframework/context/ResourceLoaderAwareCustomizer> (0x00000000d7628870) thrown at [C:\re\workspace\8-2-build-windows-amd64-cygwin\jdk8u171\10807\hotspot\src\share\vm\classfile\systemDictionary.cpp, 
Event: 2.200 Thread 0x00000000051b6000 Exception <a 'java/lang/ClassNotFoundException': org/springframework/beans/factory/BeanClassLoaderAwareCustomizer> (0x00000000d763d710) thrown at [C:\re\workspace\8-2-build-windows-amd64-cygwin\jdk8u171\10807\hotspot\src\share\vm\classfile\systemDictionar
Event: 2.201 Thread 0x00000000051b6000 Exception <a 'java/lang/ClassNotFoundException': org/springframework/context/EnvironmentAwareCustomizer> (0x00000000d7650468) thrown at [C:\re\workspace\8-2-build-windows-amd64-cygwin\jdk8u171\10807\hotspot\src\share\vm\classfile\systemDictionary.cpp, lin
Event: 2.209 Thread 0x00000000051b6000 Exception <a 'java/lang/NoClassDefFoundError': org/reactivestreams/Publisher> (0x00000000d770f070) thrown at [C:\re\workspace\8-2-build-windows-amd64-cygwin\jdk8u171\10807\hotspot\src\share\vm\classfile\systemDictionary.cpp, line 199]
Event: 2.210 Thread 0x00000000051b6000 Exception <a 'java/lang/NoClassDefFoundError': rx/Observable> (0x00000000d771c620) thrown at [C:\re\workspace\8-2-build-windows-amd64-cygwin\jdk8u171\10807\hotspot\src\share\vm\classfile\systemDictionary.cpp, line 199]
Event: 2.211 Thread 0x00000000051b6000 Exception <a 'java/lang/NoClassDefFoundError': org/reactivestreams/Publisher> (0x00000000d772bc50) thrown at [C:\re\workspace\8-2-build-windows-amd64-cygwin\jdk8u171\10807\hotspot\src\share\vm\classfile\systemDictionary.cpp, line 199]
Event: 2.583 Thread 0x000000001c123000 Exception <a 'java/lang/IncompatibleClassChangeError': Found class java.lang.Object, but interface was expected> (0x00000000d766ffe8) thrown at [C:\re\workspace\8-2-build-windows-amd64-cygwin\jdk8u171\10807\hotspot\src\share\vm\interpreter\linkResolver.cp
Event: 2.711 Thread 0x000000001c163000 Exception <a 'java/lang/reflect/InvocationTargetException'> (0x00000000d5f01cd8) thrown at [C:\re\workspace\8-2-build-windows-amd64-cygwin\jdk8u171\10807\hotspot\src\share\vm\runtime\reflection.cpp, line 1092]
Event: 3.014 Thread 0x000000001c123000 Implicit null exception at 0x0000000005698d44 to 0x000000000569ba1d
Event: 3.214 Thread 0x000000001c163000 Exception <a 'java/lang/reflect/InvocationTargetException'> (0x00000000d5f06398) thrown at [C:\re\workspace\8-2-build-windows-amd64-cygwin\jdk8u171\10807\hotspot\src\share\vm\runtime\reflection.cpp, line 1092]

Events (10 events):
Event: 3.265 loading class org/springframework/cglib/core/ClassEmitter$3
Event: 3.265 loading class org/springframework/cglib/core/ClassEmitter$3 done
Event: 3.265 loading class org/springframework/cglib/core/ClassInfo
Event: 3.265 loading class org/springframework/cglib/core/ClassInfo done
Event: 3.265 loading class org/springframework/cglib/core/ClassEmitter$1
Event: 3.265 loading class org/springframework/cglib/core/ClassEmitter$1 done
Event: 3.266 loading class org/springframework/cglib/core/ReflectUtils
Event: 3.266 loading class org/springframework/cglib/core/ReflectUtils done
Event: 3.267 loading class org/springframework/cglib/core/ReflectUtils$6
Event: 3.267 loading class org/springframework/cglib/core/ReflectUtils$6 done


Dynamic libraries:
0x00007ff780b40000 - 0x00007ff780b77000 	C:\Program Files\Java\jre1.8.0_171\bin\javaw.exe
0x00007ffdf8e10000 - 0x00007ffdf8ff0000 	C:\WINDOWS\SYSTEM32\ntdll.dll
0x00007ffdf6c10000 - 0x00007ffdf6cbe000 	C:\WINDOWS\System32\KERNEL32.DLL
0x00007ffdf55f0000 - 0x00007ffdf5856000 	C:\WINDOWS\System32\KERNELBASE.dll
0x0000000059930000 - 0x0000000059c4b000 	C:\Program Files (x86)\Norton Internet Security\NortonData\22.5.0.124\Definitions\IPSDefs\20180525.061\IPSEng64.dll
0x00007ffdf81d0000 - 0x00007ffdf8271000 	C:\WINDOWS\System32\ADVAPI32.dll
0x00007ffdf8130000 - 0x00007ffdf81cd000 	C:\WINDOWS\System32\msvcrt.dll
0x00007ffdf8280000 - 0x00007ffdf82db000 	C:\WINDOWS\System32\sechost.dll
0x00007ffdf8480000 - 0x00007ffdf859f000 	C:\WINDOWS\System32\RPCRT4.dll
0x00007ffdf8da0000 - 0x00007ffdf8da8000 	C:\WINDOWS\System32\PSAPI.DLL
0x00007ffdf8b10000 - 0x00007ffdf8c9f000 	C:\WINDOWS\System32\USER32.dll
0x00007ffdf5530000 - 0x00007ffdf5550000 	C:\WINDOWS\System32\win32u.dll
0x00007ffdf6cc0000 - 0x00007ffdf6ce8000 	C:\WINDOWS\System32\GDI32.dll
0x00007ffdf5390000 - 0x00007ffdf5523000 	C:\WINDOWS\System32\gdi32full.dll
0x00007ffdf5550000 - 0x00007ffdf55eb000 	C:\WINDOWS\System32\msvcp_win.dll
0x00007ffdf5a30000 - 0x00007ffdf5b26000 	C:\WINDOWS\System32\ucrtbase.dll
0x00007ffdeb4a0000 - 0x00007ffdeb709000 	C:\WINDOWS\WinSxS\amd64_microsoft.windows.common-controls_6595b64144ccf1df_6.0.16299.431_none_15c7d3ee93659e73\COMCTL32.dll
0x00007ffdf62e0000 - 0x00007ffdf65e8000 	C:\WINDOWS\System32\combase.dll
0x00007ffdf5260000 - 0x00007ffdf52d2000 	C:\WINDOWS\System32\bcryptPrimitives.dll
0x00007ffdf8db0000 - 0x00007ffdf8ddd000 	C:\WINDOWS\System32\IMM32.DLL
0x000000005c2d0000 - 0x000000005c3a2000 	C:\Program Files\Java\jre1.8.0_171\bin\msvcr100.dll
0x0000000058470000 - 0x0000000058d10000 	C:\Program Files\Java\jre1.8.0_171\bin\server\jvm.dll
0x00007ffde9da0000 - 0x00007ffde9da9000 	C:\WINDOWS\SYSTEM32\WSOCK32.dll
0x00007ffdf8800000 - 0x00007ffdf886c000 	C:\WINDOWS\System32\WS2_32.dll
0x00007ffdf1fc0000 - 0x00007ffdf1fe3000 	C:\WINDOWS\SYSTEM32\WINMM.dll
0x00007ffdeb880000 - 0x00007ffdeb88a000 	C:\WINDOWS\SYSTEM32\VERSION.dll
0x00007ffdf1f90000 - 0x00007ffdf1fba000 	C:\WINDOWS\SYSTEM32\WINMMBASE.dll
0x00007ffdf5210000 - 0x00007ffdf525a000 	C:\WINDOWS\System32\cfgmgr32.dll
0x000000005c570000 - 0x000000005c57f000 	C:\Program Files\Java\jre1.8.0_171\bin\verify.dll
0x000000005c540000 - 0x000000005c569000 	C:\Program Files\Java\jre1.8.0_171\bin\java.dll
0x000000005c520000 - 0x000000005c536000 	C:\Program Files\Java\jre1.8.0_171\bin\zip.dll
0x00007ffdf6cf0000 - 0x00007ffdf8128000 	C:\WINDOWS\System32\SHELL32.dll
0x00007ffdf8870000 - 0x00007ffdf8916000 	C:\WINDOWS\System32\shcore.dll
0x00007ffdf5b90000 - 0x00007ffdf62d7000 	C:\WINDOWS\System32\windows.storage.dll
0x00007ffdf8920000 - 0x00007ffdf8971000 	C:\WINDOWS\System32\shlwapi.dll
0x00007ffdf51a0000 - 0x00007ffdf51b1000 	C:\WINDOWS\System32\kernel.appcore.dll
0x00007ffdf51c0000 - 0x00007ffdf520c000 	C:\WINDOWS\System32\powrprof.dll
0x00007ffdf5180000 - 0x00007ffdf519b000 	C:\WINDOWS\System32\profapi.dll
0x000000005c3b0000 - 0x000000005c3bd000 	C:\Program Files\Java\jre1.8.0_171\bin\management.dll
0x000000005c500000 - 0x000000005c51a000 	C:\Program Files\Java\jre1.8.0_171\bin\net.dll
0x00007ffdf4990000 - 0x00007ffdf49f6000 	C:\WINDOWS\system32\mswsock.dll
0x000000005c4e0000 - 0x000000005c4f1000 	C:\Program Files\Java\jre1.8.0_171\bin\nio.dll
0x00007ffddd700000 - 0x00007ffddd716000 	C:\WINDOWS\system32\napinsp.dll
0x00007ffddd2e0000 - 0x00007ffddd2fa000 	C:\WINDOWS\system32\pnrpnsp.dll
0x00007ffdf21c0000 - 0x00007ffdf21d8000 	C:\WINDOWS\system32\NLAapi.dll
0x00007ffdf4760000 - 0x00007ffdf4816000 	C:\WINDOWS\SYSTEM32\DNSAPI.dll
0x00007ffdf8ca0000 - 0x00007ffdf8ca8000 	C:\WINDOWS\System32\NSI.dll
0x00007ffdf4720000 - 0x00007ffdf4759000 	C:\WINDOWS\SYSTEM32\IPHLPAPI.DLL
0x00007ffddcb10000 - 0x00007ffddcb1e000 	C:\WINDOWS\System32\winrnr.dll
0x00007ffddcaf0000 - 0x00007ffddcb05000 	C:\WINDOWS\System32\wshbth.dll
0x00007ffded080000 - 0x00007ffded08a000 	C:\Windows\System32\rasadhlp.dll
0x00007ffdee060000 - 0x00007ffdee0d0000 	C:\WINDOWS\System32\fwpuclnt.dll
0x00007ffdf4c60000 - 0x00007ffdf4c85000 	C:\WINDOWS\SYSTEM32\bcrypt.dll
0x00007ffdf4b50000 - 0x00007ffdf4b67000 	C:\WINDOWS\SYSTEM32\CRYPTSP.dll
0x00007ffdf4590000 - 0x00007ffdf45c3000 	C:\WINDOWS\system32\rsaenh.dll
0x00007ffdf5090000 - 0x00007ffdf50b9000 	C:\WINDOWS\SYSTEM32\USERENV.dll
0x00007ffdf4b70000 - 0x00007ffdf4b7b000 	C:\WINDOWS\SYSTEM32\CRYPTBASE.dll
0x00007ffdef390000 - 0x00007ffdef3a6000 	C:\WINDOWS\SYSTEM32\dhcpcsvc6.DLL
0x00007ffdef0f0000 - 0x00007ffdef10a000 	C:\WINDOWS\SYSTEM32\dhcpcsvc.DLL

VM Arguments:
jvm_args: -Dcom.sun.management.jmxremote -Dcom.sun.management.jmxremote.port=11222 -Dcom.sun.management.jmxremote.authenticate=false -Dcom.sun.management.jmxremote.ssl=false -Dspring.liveBeansView.mbeanDomain -Dspring.application.admin.enabled=true -Dfile.encoding=MS949 
java_command: com.example.WebApplication
java_class_path (initial): C:\Users\user\workspace\web\bin\main;C:\Users\user\workspace\web\bin\test;C:\Users\user\workspace\web\bin\default;C:\Users\user\.gradle\caches\modules-2\files-2.1\org.springframework.boot\spring-boot-starter-web\2.0.2.RELEASE\b6ef0cf4d0a7c6c7e93ff524b84cd1d8f87f67d9\spring-boot-starter-web-2.0.2.RELEASE.jar;C:\Users\user\.gradle\caches\modules-2\files-2.1\org.springframework.boot\spring-boot-starter-json\2.0.2.RELEASE\5edda979838ced5314b8f58a958fe9d6b4b3badd\spring-boot-starter-json-2.0.2.RELEASE.jar;C:\Users\user\.gradle\caches\modules-2\files-2.1\org.springframework.boot\spring-boot-starter\2.0.2.RELEASE\1cda94f0dfcf2b065191782a54b84d2abf96391\spring-boot-starter-2.0.2.RELEASE.jar;C:\Users\user\.gradle\caches\modules-2\files-2.1\org.springframework.boot\spring-boot-starter-tomcat\2.0.2.RELEASE\cedbfb18762e1c220007c768bfc5b773f5b30f8a\spring-boot-starter-tomcat-2.0.2.RELEASE.jar;C:\Users\user\.gradle\caches\modules-2\files-2.1\org.hibernate.validator\hibernate-validator\6.0.9.Final\b149e4cce82379f11f6129eb3187ca8ae5404005\hibernate-validator-6.0.9.Final.jar;C:\Users\user\.gradle\caches\modules-2\files-2.1\org.springframework\spring-webmvc\5.0.6.RELEASE\1361c5d1cf46665ee01de5dc1ca447c3be174c19\spring-webmvc-5.0.6.RELEASE.jar;C:\Users\user\.gradle\caches\modules-2\files-2.1\org.springframework\spring-web\5.0.6.RELEASE\89e89de3025165998118590613aedc6df8d64af6\spring-web-5.0.6.RELEASE.jar;C:\Users\user\.gradle\caches\modules-2\files-2.1\org.springframework.boot\spring-boot-autoconfigure\2.0.2.RELEASE\f4b25e753e4955337a138d8b1550236b5efe5b3b\spring-boot-autoconfigure-2.0.2.RELEASE.jar;C:\Users\user\.gradle\caches\modules-2\files-2.1\org.springframework.boot\spring-boot\2.0.2.RELEASE\15012cf02e9f77938244e554f0598535fdd1cb38\spring-boot-2.0.2.RELEASE.jar;C:\Users\user\.gradle\caches\modules-2\files-2.1\org.springframework.boot\spring-boot-starter-logging\2.0.2.RELEASE\b56d7d1931792d6e58dbd41f956912359ba85238\spring-boot-starter-logging-2.0.2.R
Launcher Type: SUN_STANDARD

Environment Variables:
PATH=C:/Program Files/Java/jre1.8.0_171/bin/server;C:/Program Files/Java/jre1.8.0_171/bin;C:/Program Files/Java/jre1.8.0_171/lib/amd64;C:\Program Files (x86)\Common Files\Oracle\Java\javapath;C:\ProgramData\Oracle\Java\javapath;C:\Program Files (x86)\GnuWin32\bin;C:\gradle\bin;C:\Users\user\AppData\Local\Microsoft\WindowsApps;;C:\Users\user\Downloads\eclipse-java-luna-SR1-win32-x86_64\eclipse;
USERNAME=user
OS=Windows_NT
PROCESSOR_IDENTIFIER=Intel64 Family 6 Model 58 Stepping 9, GenuineIntel



---------------  S Y S T E M  ---------------

OS: Windows 10.0 , 64 bit Build 16299 (10.0.16299.431)

CPU:total 4 (initial active 4) (2 cores per cpu, 2 threads per core) family 6 model 58 stepping 9, cmov, cx8, fxsr, mmx, sse, sse2, sse3, ssse3, sse4.1, sse4.2, popcnt, avx, aes, clmul, erms, ht, tsc, tscinvbit, tscinv

Memory: 4k page, physical 8271496k(1345288k free), swap 8271496k(6168k free)

vm_info: Java HotSpot(TM) 64-Bit Server VM (25.171-b11) for windows-amd64 JRE (1.8.0_171-b11), built on Mar 28 2018 16:06:12 by "java_re" with MS VC++ 10.0 (VS2010)

time: Sat May 26 19:48:28 2018
elapsed time: 3 seconds (0d 0h 0m 3s)

