#
# There is insufficient memory for the Java Runtime Environment to continue.
# Native memory allocation (malloc) failed to allocate 1036800 bytes for Chunk::new
# Possible reasons:
#   The system is out of physical RAM or swap space
#   In 32 bit mode, the process size limit was hit
# Possible solutions:
#   Reduce memory load on the system
#   Increase physical memory or swap space
#   Check if swap backing store is full
#   Use 64 bit Java on a 64 bit OS
#   Decrease Java heap size (-Xmx/-Xms)
#   Decrease number of Java threads
#   Decrease Java thread stack sizes (-Xss)
#   Set larger code cache with -XX:ReservedCodeCacheSize=
# This output file may be truncated or incomplete.
#
#  Out of Memory Error (allocation.cpp:390), pid=51140, tid=0x000000000000bf38
#
# JRE version: Java(TM) SE Runtime Environment (8.0_171-b11) (build 1.8.0_171-b11)
# Java VM: Java HotSpot(TM) 64-Bit Server VM (25.171-b11 mixed mode windows-amd64 compressed oops)
# Failed to write core dump. Minidumps are not enabled by default on client versions of Windows
#

---------------  T H R E A D  ---------------

Current thread (0x0000000019ec3000):  JavaThread "C2 CompilerThread1" daemon [_thread_in_native, id=48952, stack(0x000000001b9f0000,0x000000001baf0000)]

Stack: [0x000000001b9f0000,0x000000001baf0000]
[error occurred during error reporting (printing stack bounds), id 0xc0000005]

Native frames: (J=compiled Java code, j=interpreted, Vv=VM code, C=native code)


Current CompileTask:
C2:   7686 3685   !   4       org.springframework.core.annotation.AnnotationUtils::findAnnotation (171 bytes)


---------------  P R O C E S S  ---------------

Java Threads: ( => current thread )
  0x000000001dd40800 JavaThread "DestroyJavaVM" [_thread_blocked, id=50956, stack(0x0000000005170000,0x0000000005270000)]
  0x000000001dd42800 JavaThread "http-nio-8080-AsyncTimeout" daemon [_thread_blocked, id=54448, stack(0x0000000024c60000,0x0000000024d60000)]
  0x000000001dd45000 JavaThread "http-nio-8080-Acceptor-0" daemon [_thread_in_native, id=45968, stack(0x0000000024b60000,0x0000000024c60000)]
  0x000000001dd3f000 JavaThread "http-nio-8080-ClientPoller-1" daemon [_thread_in_native, id=50264, stack(0x0000000024a60000,0x0000000024b60000)]
  0x000000001dd44000 JavaThread "http-nio-8080-ClientPoller-0" daemon [_thread_in_native, id=44780, stack(0x0000000024960000,0x0000000024a60000)]
  0x000000001dd42000 JavaThread "http-nio-8080-exec-10" daemon [_thread_blocked, id=52116, stack(0x0000000024860000,0x0000000024960000)]
  0x000000001c288000 JavaThread "http-nio-8080-exec-9" daemon [_thread_blocked, id=44332, stack(0x0000000024760000,0x0000000024860000)]
  0x000000001c284000 JavaThread "http-nio-8080-exec-8" daemon [_thread_blocked, id=55056, stack(0x0000000024660000,0x0000000024760000)]
  0x000000001c283800 JavaThread "http-nio-8080-exec-7" daemon [_thread_blocked, id=12436, stack(0x0000000024560000,0x0000000024660000)]
  0x000000001c287000 JavaThread "http-nio-8080-exec-6" daemon [_thread_blocked, id=41788, stack(0x0000000024460000,0x0000000024560000)]
  0x000000001c282800 JavaThread "http-nio-8080-exec-5" daemon [_thread_blocked, id=55572, stack(0x0000000024360000,0x0000000024460000)]
  0x000000001c286800 JavaThread "http-nio-8080-exec-4" daemon [_thread_blocked, id=43828, stack(0x0000000024260000,0x0000000024360000)]
  0x000000001c282000 JavaThread "http-nio-8080-exec-3" daemon [_thread_blocked, id=52540, stack(0x0000000024160000,0x0000000024260000)]
  0x000000001c285800 JavaThread "http-nio-8080-exec-2" daemon [_thread_blocked, id=51072, stack(0x0000000024060000,0x0000000024160000)]
  0x000000001c285000 JavaThread "http-nio-8080-exec-1" daemon [_thread_blocked, id=56652, stack(0x0000000023f60000,0x0000000024060000)]
  0x000000001c288800 JavaThread "NioBlockingSelector.BlockPoller-1" daemon [_thread_in_native, id=47524, stack(0x0000000023e60000,0x0000000023f60000)]
  0x000000001f9c3800 JavaThread "CleanCursors-1-thread-1" daemon [_thread_blocked, id=46688, stack(0x0000000023c60000,0x0000000023d60000)]
  0x000000002077b800 JavaThread "cluster-ClusterId{value='5b0d1cf73e8797c7c4a41272', description='null'}-localhost:27017" daemon [_thread_blocked, id=54180, stack(0x0000000020f70000,0x0000000021070000)]
  0x000000002151c000 JavaThread "container-0" [_thread_blocked, id=41124, stack(0x0000000020e70000,0x0000000020f70000)]
  0x000000002151b000 JavaThread "ContainerBackgroundProcessor[StandardEngine[Tomcat]]" daemon [_thread_blocked, id=56988, stack(0x0000000020d70000,0x0000000020e70000)]
  0x0000000020541800 JavaThread "localhost-startStop-1" daemon [_thread_blocked, id=52264, stack(0x0000000020c70000,0x0000000020d70000)]
  0x000000001f135800 JavaThread "Tomcat-startStop-1" daemon [_thread_blocked, id=55232, stack(0x000000001fb80000,0x000000001fc80000)]
  0x000000001c052800 JavaThread "RMI TCP Accept-0" daemon [_thread_in_native, id=41160, stack(0x000000001c710000,0x000000001c810000)]
  0x000000001bfe3800 JavaThread "RMI TCP Accept-3665" daemon [_thread_in_native, id=55560, stack(0x000000001c610000,0x000000001c710000)]
  0x000000001bfc8800 JavaThread "RMI TCP Accept-0" daemon [_thread_in_native, id=44244, stack(0x000000001c510000,0x000000001c610000)]
  0x0000000019efb800 JavaThread "Service Thread" daemon [_thread_blocked, id=38548, stack(0x000000001bbf0000,0x000000001bcf0000)]
  0x0000000019ec6800 JavaThread "C1 CompilerThread2" daemon [_thread_blocked, id=37020, stack(0x000000001baf0000,0x000000001bbf0000)]
=>0x0000000019ec3000 JavaThread "C2 CompilerThread1" daemon [_thread_in_native, id=48952, stack(0x000000001b9f0000,0x000000001baf0000)]
  0x0000000019ec1800 JavaThread "C2 CompilerThread0" daemon [_thread_in_native, id=55760, stack(0x000000001b8f0000,0x000000001b9f0000)]
  0x0000000019ebf800 JavaThread "Attach Listener" daemon [_thread_blocked, id=44556, stack(0x000000001b7f0000,0x000000001b8f0000)]
  0x000000001b333800 JavaThread "Signal Dispatcher" daemon [_thread_blocked, id=15296, stack(0x000000001b6f0000,0x000000001b7f0000)]
  0x0000000019e90000 JavaThread "Finalizer" daemon [_thread_blocked, id=48584, stack(0x000000001b1f0000,0x000000001b2f0000)]
  0x0000000005365000 JavaThread "Reference Handler" daemon [_thread_blocked, id=14760, stack(0x000000001b0f0000,0x000000001b1f0000)]

Other Threads:
  0x0000000019e67800 VMThread [stack: 0x000000001aef0000,0x000000001aff0000] [id=30356]
  0x000000001c00b800 WatcherThread [stack: 0x000000001c810000,0x000000001c910000] [id=39640]

VM state:not at safepoint (normal execution)

VM Mutex/Monitor currently owned by a thread: None

Heap:
 PSYoungGen      total 84992K, used 34438K [0x00000000d5f00000, 0x00000000de580000, 0x0000000100000000)
  eden space 71680K, 48% used [0x00000000d5f00000,0x00000000d80a1aa8,0x00000000da500000)
  from space 13312K, 0% used [0x00000000da500000,0x00000000da500000,0x00000000db200000)
  to   space 14848K, 0% used [0x00000000dd700000,0x00000000dd700000,0x00000000de580000)
 ParOldGen       total 105984K, used 19474K [0x0000000081c00000, 0x0000000088380000, 0x00000000d5f00000)
  object space 105984K, 18% used [0x0000000081c00000,0x0000000082f048d8,0x0000000088380000)
 Metaspace       used 37472K, capacity 38912K, committed 39256K, reserved 1083392K
  class space    used 4876K, capacity 5150K, committed 5248K, reserved 1048576K

Card table byte_map: [0x0000000014730000,0x0000000014b30000] byte_map_base: 0x0000000014322000

Marking Bits: (ParMarkBitMap*) 0x00000000595608c0
 Begin Bits: [0x00000000151e0000, 0x0000000017170000)
 End Bits:   [0x0000000017170000, 0x0000000019100000)

Polling page: 0x0000000003460000

CodeCache: size=245760Kb used=11707Kb max_used=13460Kb free=234052Kb
 bounds [0x0000000005370000, 0x00000000060a0000, 0x0000000014370000]
 total_blobs=3715 nmethods=3285 adapters=342
 compilation: enabled

Compilation events (10 events):
Event: 7.581 Thread 0x0000000019ec6800 3753       3       org.springframework.core.ResolvableType::isArray (58 bytes)
Event: 7.582 Thread 0x0000000019ec6800 nmethod 3753 0x0000000005526250 code [0x0000000005526400, 0x0000000005526bc8]
Event: 7.582 Thread 0x0000000019ec6800 3754   !   3       org.springframework.util.ConcurrentReferenceHashMap$Segment::clear (63 bytes)
Event: 7.582 Thread 0x0000000019ec6800 nmethod 3754 0x0000000005498c50 code [0x0000000005498e40, 0x0000000005499858]
Event: 7.594 Thread 0x0000000019ec6800 3755   !   3       org.springframework.beans.factory.support.DefaultListableBeanFactory::doGetBeanNamesForType (593 bytes)
Event: 7.603 Thread 0x0000000019ec6800 nmethod 3755 0x0000000005afec10 code [0x0000000005aff440, 0x0000000005b06938]
Event: 7.605 Thread 0x0000000019ec6800 3756       3       org.springframework.core.ResolvableType$WildcardBounds::get (134 bytes)
Event: 7.606 Thread 0x0000000019ec6800 nmethod 3756 0x0000000005951ed0 code [0x0000000005952100, 0x0000000005952ed8]
Event: 7.606 Thread 0x0000000019ec6800 3757       3       org.springframework.core.annotation.AnnotationAwareOrderComparator::findOrder (135 bytes)
Event: 7.608 Thread 0x0000000019ec6800 nmethod 3757 0x0000000006096690 code [0x0000000006096a40, 0x0000000006098dc8]

GC Heap History (10 events):
Event: 2.919 GC heap before
{Heap before GC invocations=5 (full 1):
 PSYoungGen      total 38400K, used 33280K [0x00000000d5f00000, 0x00000000daa00000, 0x0000000100000000)
  eden space 33280K, 100% used [0x00000000d5f00000,0x00000000d7f80000,0x00000000d7f80000)
  from space 5120K, 0% used [0x00000000d7f80000,0x00000000d7f80000,0x00000000d8480000)
  to   space 5120K, 0% used [0x00000000da500000,0x00000000da500000,0x00000000daa00000)
 ParOldGen       total 63488K, used 8361K [0x0000000081c00000, 0x0000000085a00000, 0x00000000d5f00000)
  object space 63488K, 13% used [0x0000000081c00000,0x000000008242a710,0x0000000085a00000)
 Metaspace       used 23925K, capacity 24670K, committed 24832K, reserved 1071104K
  class space    used 3120K, capacity 3305K, committed 3328K, reserved 1048576K
Event: 2.924 GC heap after
Heap after GC invocations=5 (full 1):
 PSYoungGen      total 54272K, used 4107K [0x00000000d5f00000, 0x00000000da980000, 0x0000000100000000)
  eden space 49664K, 0% used [0x00000000d5f00000,0x00000000d5f00000,0x00000000d8f80000)
  from space 4608K, 89% used [0x00000000da500000,0x00000000da902fe8,0x00000000da980000)
  to   space 5120K, 0% used [0x00000000d9f80000,0x00000000d9f80000,0x00000000da480000)
 ParOldGen       total 63488K, used 8433K [0x0000000081c00000, 0x0000000085a00000, 0x00000000d5f00000)
  object space 63488K, 13% used [0x0000000081c00000,0x000000008243c720,0x0000000085a00000)
 Metaspace       used 23925K, capacity 24670K, committed 24832K, reserved 1071104K
  class space    used 3120K, capacity 3305K, committed 3328K, reserved 1048576K
}
Event: 3.925 GC heap before
{Heap before GC invocations=6 (full 1):
 PSYoungGen      total 54272K, used 53771K [0x00000000d5f00000, 0x00000000da980000, 0x0000000100000000)
  eden space 49664K, 100% used [0x00000000d5f00000,0x00000000d8f80000,0x00000000d8f80000)
  from space 4608K, 89% used [0x00000000da500000,0x00000000da902fe8,0x00000000da980000)
  to   space 5120K, 0% used [0x00000000d9f80000,0x00000000d9f80000,0x00000000da480000)
 ParOldGen       total 63488K, used 8433K [0x0000000081c00000, 0x0000000085a00000, 0x00000000d5f00000)
  object space 63488K, 13% used [0x0000000081c00000,0x000000008243c720,0x0000000085a00000)
 Metaspace       used 27828K, capacity 28676K, committed 28928K, reserved 1075200K
  class space    used 3622K, capacity 3810K, committed 3840K, reserved 1048576K
Event: 3.939 GC heap after
Heap after GC invocations=6 (full 1):
 PSYoungGen      total 71168K, used 5095K [0x00000000d5f00000, 0x00000000dbd00000, 0x0000000100000000)
  eden space 66048K, 0% used [0x00000000d5f00000,0x00000000d5f00000,0x00000000d9f80000)
  from space 5120K, 99% used [0x00000000d9f80000,0x00000000da479ec0,0x00000000da480000)
  to   space 11264K, 0% used [0x00000000db200000,0x00000000db200000,0x00000000dbd00000)
 ParOldGen       total 63488K, used 12786K [0x0000000081c00000, 0x0000000085a00000, 0x00000000d5f00000)
  object space 63488K, 20% used [0x0000000081c00000,0x000000008287c938,0x0000000085a00000)
 Metaspace       used 27828K, capacity 28676K, committed 28928K, reserved 1075200K
  class space    used 3622K, capacity 3810K, committed 3840K, reserved 1048576K
}
Event: 5.221 GC heap before
{Heap before GC invocations=7 (full 1):
 PSYoungGen      total 71168K, used 71143K [0x00000000d5f00000, 0x00000000dbd00000, 0x0000000100000000)
  eden space 66048K, 100% used [0x00000000d5f00000,0x00000000d9f80000,0x00000000d9f80000)
  from space 5120K, 99% used [0x00000000d9f80000,0x00000000da479ec0,0x00000000da480000)
  to   space 11264K, 0% used [0x00000000db200000,0x00000000db200000,0x00000000dbd00000)
 ParOldGen       total 63488K, used 12786K [0x0000000081c00000, 0x0000000085a00000, 0x00000000d5f00000)
  object space 63488K, 20% used [0x0000000081c00000,0x000000008287c938,0x0000000085a00000)
 Metaspace       used 31529K, capacity 32792K, committed 33024K, reserved 1077248K
  class space    used 4084K, capacity 4342K, committed 4352K, reserved 1048576K
Event: 5.233 GC heap after
Heap after GC invocations=7 (full 1):
 PSYoungGen      total 82944K, used 11143K [0x00000000d5f00000, 0x00000000dd780000, 0x0000000100000000)
  eden space 71680K, 0% used [0x00000000d5f00000,0x00000000d5f00000,0x00000000da500000)
  from space 11264K, 98% used [0x00000000db200000,0x00000000dbce1d50,0x00000000dbd00000)
  to   space 13312K, 0% used [0x00000000da500000,0x00000000da500000,0x00000000db200000)
 ParOldGen       total 63488K, used 12794K [0x0000000081c00000, 0x0000000085a00000, 0x00000000d5f00000)
  object space 63488K, 20% used [0x0000000081c00000,0x000000008287e938,0x0000000085a00000)
 Metaspace       used 31529K, capacity 32792K, committed 33024K, reserved 1077248K
  class space    used 4084K, capacity 4342K, committed 4352K, reserved 1048576K
}
Event: 6.186 GC heap before
{Heap before GC invocations=8 (full 1):
 PSYoungGen      total 82944K, used 74193K [0x00000000d5f00000, 0x00000000dd780000, 0x0000000100000000)
  eden space 71680K, 87% used [0x00000000d5f00000,0x00000000d9c927b8,0x00000000da500000)
  from space 11264K, 98% used [0x00000000db200000,0x00000000dbce1d50,0x00000000dbd00000)
  to   space 13312K, 0% used [0x00000000da500000,0x00000000da500000,0x00000000db200000)
 ParOldGen       total 63488K, used 12794K [0x0000000081c00000, 0x0000000085a00000, 0x00000000d5f00000)
  object space 63488K, 20% used [0x0000000081c00000,0x000000008287e938,0x0000000085a00000)
 Metaspace       used 33919K, capacity 35308K, committed 35416K, reserved 1079296K
  class space    used 4390K, capacity 4672K, committed 4736K, reserved 1048576K
Event: 6.206 GC heap after
Heap after GC invocations=8 (full 1):
 PSYoungGen      total 84992K, used 13127K [0x00000000d5f00000, 0x00000000de580000, 0x0000000100000000)
  eden space 71680K, 0% used [0x00000000d5f00000,0x00000000d5f00000,0x00000000da500000)
  from space 13312K, 98% used [0x00000000da500000,0x00000000db1d1cc8,0x00000000db200000)
  to   space 14848K, 0% used [0x00000000dd700000,0x00000000dd700000,0x00000000de580000)
 ParOldGen       total 63488K, used 12802K [0x0000000081c00000, 0x0000000085a00000, 0x00000000d5f00000)
  object space 63488K, 20% used [0x0000000081c00000,0x0000000082880938,0x0000000085a00000)
 Metaspace       used 33919K, capacity 35308K, committed 35416K, reserved 1079296K
  class space    used 4390K, capacity 4672K, committed 4736K, reserved 1048576K
}
Event: 6.206 GC heap before
{Heap before GC invocations=9 (full 2):
 PSYoungGen      total 84992K, used 13127K [0x00000000d5f00000, 0x00000000de580000, 0x0000000100000000)
  eden space 71680K, 0% used [0x00000000d5f00000,0x00000000d5f00000,0x00000000da500000)
  from space 13312K, 98% used [0x00000000da500000,0x00000000db1d1cc8,0x00000000db200000)
  to   space 14848K, 0% used [0x00000000dd700000,0x00000000dd700000,0x00000000de580000)
 ParOldGen       total 63488K, used 12802K [0x0000000081c00000, 0x0000000085a00000, 0x00000000d5f00000)
  object space 63488K, 20% used [0x0000000081c00000,0x0000000082880938,0x0000000085a00000)
 Metaspace       used 33919K, capacity 35308K, committed 35416K, reserved 1079296K
  class space    used 4390K, capacity 4672K, committed 4736K, reserved 1048576K
Event: 6.306 GC heap after
Heap after GC invocations=9 (full 2):
 PSYoungGen      total 84992K, used 0K [0x00000000d5f00000, 0x00000000de580000, 0x0000000100000000)
  eden space 71680K, 0% used [0x00000000d5f00000,0x00000000d5f00000,0x00000000da500000)
  from space 13312K, 0% used [0x00000000da500000,0x00000000da500000,0x00000000db200000)
  to   space 14848K, 0% used [0x00000000dd700000,0x00000000dd700000,0x00000000de580000)
 ParOldGen       total 105984K, used 19474K [0x0000000081c00000, 0x0000000088380000, 0x00000000d5f00000)
  object space 105984K, 18% used [0x0000000081c00000,0x0000000082f048d8,0x0000000088380000)
 Metaspace       used 33919K, capacity 35308K, committed 35416K, reserved 1079296K
  class space    used 4390K, capacity 4672K, committed 4736K, reserved 1048576K
}

Deoptimization events (10 events):
Event: 6.650 Thread 0x0000000005276000 Uncommon trap: reason=unstable_if action=reinterpret pc=0x0000000005d4b0b4 method=java.util.Properties.load0(Ljava/util/Properties$LineReader;)V @ 33
Event: 6.650 Thread 0x0000000005276000 Uncommon trap: reason=class_check action=maybe_recompile pc=0x0000000005d1fca0 method=java.util.Properties$LineReader.readLine()I @ 410
Event: 6.650 Thread 0x0000000005276000 Uncommon trap: reason=class_check action=maybe_recompile pc=0x0000000005d1fc48 method=java.util.Properties$LineReader.readLine()I @ 62
Event: 6.661 Thread 0x0000000005276000 Uncommon trap: reason=unstable_if action=reinterpret pc=0x0000000005d1d5a0 method=java.net.URI.match(CJJ)Z @ 45
Event: 7.341 Thread 0x0000000005276000 Uncommon trap: reason=unstable_if action=reinterpret pc=0x00000000055fd0d4 method=java.lang.AbstractStringBuilder.append(Ljava/lang/String;)Ljava/lang/AbstractStringBuilder; @ 1
Event: 7.352 Thread 0x000000002077b800 Uncommon trap: reason=unstable_if action=reinterpret pc=0x000000000603dc9c method=java.lang.CharacterDataLatin1.digit(II)I @ 82
Event: 7.354 Thread 0x000000002077b800 Uncommon trap: reason=class_check action=maybe_recompile pc=0x0000000005d1fc48 method=java.util.Properties$LineReader.readLine()I @ 62
Event: 7.525 Thread 0x0000000005276000 Uncommon trap: reason=unstable_if action=reinterpret pc=0x0000000005951e14 method=org.springframework.util.ConcurrentReferenceHashMap$Segment.clear()V @ 4
Event: 7.580 Thread 0x0000000005276000 Uncommon trap: reason=bimorphic action=maybe_recompile pc=0x0000000005a77540 method=java.util.Hashtable.get(Ljava/lang/Object;)Ljava/lang/Object; @ 6
Event: 7.581 Thread 0x0000000005276000 Uncommon trap: reason=bimorphic action=maybe_recompile pc=0x0000000005a77540 method=java.util.Hashtable.get(Ljava/lang/Object;)Ljava/lang/Object; @ 6

Classes redefined (0 events):
No events

Internal exceptions (10 events):
Event: 7.391 Thread 0x0000000005276000 Exception <a 'java/lang/ClassNotFoundException': org/springframework/context/annotation/ConfigurationClassEnhancer$EnhancedConfigurationCustomizer> (0x00000000d7768658) thrown at [C:\re\workspace\8-2-build-windows-amd64-cygwin\jdk8u171\10807\hotspot\src\s
Event: 7.409 Thread 0x0000000005276000 Exception <a 'java/lang/ClassNotFoundException': org/springframework/boot/web/client/RestTemplateBuilderBeanInfo> (0x00000000d77fb1c0) thrown at [C:\re\workspace\8-2-build-windows-amd64-cygwin\jdk8u171\10807\hotspot\src\share\vm\classfile\systemDictionary
Event: 7.410 Thread 0x0000000005276000 Exception <a 'java/lang/ClassNotFoundException': org/springframework/boot/web/client/RestTemplateBuilderCustomizer> (0x00000000d78862b8) thrown at [C:\re\workspace\8-2-build-windows-amd64-cygwin\jdk8u171\10807\hotspot\src\share\vm\classfile\systemDictiona
Event: 7.419 Thread 0x0000000005276000 Exception <a 'java/lang/ClassNotFoundException': java/lang/ObjectCustomizer> (0x00000000d78bb6a8) thrown at [C:\re\workspace\8-2-build-windows-amd64-cygwin\jdk8u171\10807\hotspot\src\share\vm\classfile\systemDictionary.cpp, line 210]
Event: 7.420 Thread 0x0000000005276000 Exception <a 'java/lang/ClassNotFoundException': org/springframework/boot/autoconfigure/web/embedded/EmbeddedWebServerFactoryCustomizerAutoConfigurationCustomizer> (0x00000000d78dc788) thrown at [C:\re\workspace\8-2-build-windows-amd64-cygwin\jdk8u171\108
Event: 7.421 Thread 0x0000000005276000 Exception <a 'java/lang/ClassNotFoundException': org/springframework/boot/autoconfigure/web/embedded/EmbeddedWebServerFactoryCustomizerAutoConfiguration$$EnhancerBySpringCGLIB$$438dfe7fCustomizer> (0x00000000d7901a48) thrown at [C:\re\workspace\8-2-build-
Event: 7.423 Thread 0x0000000005276000 Exception <a 'java/lang/ClassNotFoundException': org/springframework/context/annotation/ConfigurationClassEnhancer$EnhancedConfigurationCustomizer> (0x00000000d79223f8) thrown at [C:\re\workspace\8-2-build-windows-amd64-cygwin\jdk8u171\10807\hotspot\src\s
Event: 7.429 Thread 0x0000000005276000 Exception <a 'java/lang/ClassNotFoundException': java/lang/ObjectCustomizer> (0x00000000d7938f00) thrown at [C:\re\workspace\8-2-build-windows-amd64-cygwin\jdk8u171\10807\hotspot\src\share\vm\classfile\systemDictionary.cpp, line 210]
Event: 7.430 Thread 0x0000000005276000 Exception <a 'java/lang/ClassNotFoundException': org/springframework/web/multipart/support/StandardServletMultipartResolverCustomizer> (0x00000000d79544d8) thrown at [C:\re\workspace\8-2-build-windows-amd64-cygwin\jdk8u171\10807\hotspot\src\share\vm\class
Event: 7.431 Thread 0x0000000005276000 Exception <a 'java/lang/ClassNotFoundException': org/springframework/web/multipart/MultipartResolverCustomizer> (0x00000000d796c890) thrown at [C:\re\workspace\8-2-build-windows-amd64-cygwin\jdk8u171\10807\hotspot\src\share\vm\classfile\systemDictionary.c

Events (10 events):
Event: 7.588 loading class org/slf4j/helpers/MessageFormatter
Event: 7.588 loading class org/slf4j/helpers/MessageFormatter done
Event: 7.590 loading class org/slf4j/helpers/FormattingTuple
Event: 7.590 loading class org/slf4j/helpers/FormattingTuple done
Event: 7.593 loading class org/springframework/boot/ApplicationRunner
Event: 7.593 loading class org/springframework/boot/ApplicationRunner done
Event: 7.602 loading class org/springframework/boot/CommandLineRunner
Event: 7.602 loading class org/springframework/boot/CommandLineRunner done
Event: 7.605 Thread 0x0000000005276000 Thread exited: 0x0000000005276000
Event: 7.606 Thread 0x000000001dd40800 Thread added: 0x000000001dd40800


Dynamic libraries:
0x00007ff74a830000 - 0x00007ff74a867000 	C:\Program Files\Java\jre1.8.0_171\bin\javaw.exe
0x00007ffdf8e10000 - 0x00007ffdf8ff0000 	C:\WINDOWS\SYSTEM32\ntdll.dll
0x00007ffdf6c10000 - 0x00007ffdf6cbe000 	C:\WINDOWS\System32\KERNEL32.DLL
0x00007ffdf55f0000 - 0x00007ffdf5856000 	C:\WINDOWS\System32\KERNELBASE.dll
0x0000000055710000 - 0x0000000055a2b000 	C:\Program Files (x86)\Norton Internet Security\NortonData\22.5.0.124\Definitions\IPSDefs\20180528.061\IPSEng64.dll
0x00007ffdf81d0000 - 0x00007ffdf8271000 	C:\WINDOWS\System32\ADVAPI32.dll
0x00007ffdf8130000 - 0x00007ffdf81cd000 	C:\WINDOWS\System32\msvcrt.dll
0x00007ffdf8280000 - 0x00007ffdf82db000 	C:\WINDOWS\System32\sechost.dll
0x00007ffdf8480000 - 0x00007ffdf859f000 	C:\WINDOWS\System32\RPCRT4.dll
0x00007ffdf8da0000 - 0x00007ffdf8da8000 	C:\WINDOWS\System32\PSAPI.DLL
0x00007ffdf8b10000 - 0x00007ffdf8c9f000 	C:\WINDOWS\System32\USER32.dll
0x00007ffdf5530000 - 0x00007ffdf5550000 	C:\WINDOWS\System32\win32u.dll
0x00007ffdf6cc0000 - 0x00007ffdf6ce8000 	C:\WINDOWS\System32\GDI32.dll
0x00007ffdf5390000 - 0x00007ffdf5523000 	C:\WINDOWS\System32\gdi32full.dll
0x00007ffdf5550000 - 0x00007ffdf55eb000 	C:\WINDOWS\System32\msvcp_win.dll
0x00007ffdf5a30000 - 0x00007ffdf5b26000 	C:\WINDOWS\System32\ucrtbase.dll
0x00007ffdeb4a0000 - 0x00007ffdeb709000 	C:\WINDOWS\WinSxS\amd64_microsoft.windows.common-controls_6595b64144ccf1df_6.0.16299.431_none_15c7d3ee93659e73\COMCTL32.dll
0x00007ffdf62e0000 - 0x00007ffdf65e8000 	C:\WINDOWS\System32\combase.dll
0x00007ffdf5260000 - 0x00007ffdf52d2000 	C:\WINDOWS\System32\bcryptPrimitives.dll
0x00007ffdf8db0000 - 0x00007ffdf8ddd000 	C:\WINDOWS\System32\IMM32.DLL
0x000000005c3a0000 - 0x000000005c472000 	C:\Program Files\Java\jre1.8.0_171\bin\msvcr100.dll
0x0000000058d40000 - 0x00000000595e0000 	C:\Program Files\Java\jre1.8.0_171\bin\server\jvm.dll
0x00007ffde9da0000 - 0x00007ffde9da9000 	C:\WINDOWS\SYSTEM32\WSOCK32.dll
0x00007ffdf8800000 - 0x00007ffdf886c000 	C:\WINDOWS\System32\WS2_32.dll
0x00007ffdf1fc0000 - 0x00007ffdf1fe3000 	C:\WINDOWS\SYSTEM32\WINMM.dll
0x00007ffdeb880000 - 0x00007ffdeb88a000 	C:\WINDOWS\SYSTEM32\VERSION.dll
0x00007ffdf1f90000 - 0x00007ffdf1fba000 	C:\WINDOWS\SYSTEM32\WINMMBASE.dll
0x00007ffdf5210000 - 0x00007ffdf525a000 	C:\WINDOWS\System32\cfgmgr32.dll
0x000000005c4e0000 - 0x000000005c4ef000 	C:\Program Files\Java\jre1.8.0_171\bin\verify.dll
0x000000005c4b0000 - 0x000000005c4d9000 	C:\Program Files\Java\jre1.8.0_171\bin\java.dll
0x000000005c2e0000 - 0x000000005c2f6000 	C:\Program Files\Java\jre1.8.0_171\bin\zip.dll
0x00007ffdf6cf0000 - 0x00007ffdf8128000 	C:\WINDOWS\System32\SHELL32.dll
0x00007ffdf8870000 - 0x00007ffdf8916000 	C:\WINDOWS\System32\shcore.dll
0x00007ffdf5b90000 - 0x00007ffdf62d7000 	C:\WINDOWS\System32\windows.storage.dll
0x00007ffdf8920000 - 0x00007ffdf8971000 	C:\WINDOWS\System32\shlwapi.dll
0x00007ffdf51a0000 - 0x00007ffdf51b1000 	C:\WINDOWS\System32\kernel.appcore.dll
0x00007ffdf51c0000 - 0x00007ffdf520c000 	C:\WINDOWS\System32\powrprof.dll
0x00007ffdf5180000 - 0x00007ffdf519b000 	C:\WINDOWS\System32\profapi.dll
0x000000005c4f0000 - 0x000000005c4fd000 	C:\Program Files\Java\jre1.8.0_171\bin\management.dll
0x000000005c560000 - 0x000000005c57a000 	C:\Program Files\Java\jre1.8.0_171\bin\net.dll
0x00007ffdf4990000 - 0x00007ffdf49f6000 	C:\WINDOWS\system32\mswsock.dll
0x000000005c540000 - 0x000000005c551000 	C:\Program Files\Java\jre1.8.0_171\bin\nio.dll
0x00007ffddd700000 - 0x00007ffddd716000 	C:\WINDOWS\system32\napinsp.dll
0x00007ffddd2e0000 - 0x00007ffddd2fa000 	C:\WINDOWS\system32\pnrpnsp.dll
0x00007ffdf21c0000 - 0x00007ffdf21d8000 	C:\WINDOWS\system32\NLAapi.dll
0x00007ffdf4760000 - 0x00007ffdf4816000 	C:\WINDOWS\SYSTEM32\DNSAPI.dll
0x00007ffdf8ca0000 - 0x00007ffdf8ca8000 	C:\WINDOWS\System32\NSI.dll
0x00007ffdf4720000 - 0x00007ffdf4759000 	C:\WINDOWS\SYSTEM32\IPHLPAPI.DLL
0x00007ffddcb10000 - 0x00007ffddcb1e000 	C:\WINDOWS\System32\winrnr.dll
0x00007ffddcaf0000 - 0x00007ffddcb05000 	C:\WINDOWS\System32\wshbth.dll
0x00007ffded080000 - 0x00007ffded08a000 	C:\Windows\System32\rasadhlp.dll
0x00007ffdee060000 - 0x00007ffdee0d0000 	C:\WINDOWS\System32\fwpuclnt.dll
0x00007ffdf4c60000 - 0x00007ffdf4c85000 	C:\WINDOWS\SYSTEM32\bcrypt.dll
0x00007ffdf4b50000 - 0x00007ffdf4b67000 	C:\WINDOWS\SYSTEM32\CRYPTSP.dll
0x00007ffdf4590000 - 0x00007ffdf45c3000 	C:\WINDOWS\system32\rsaenh.dll
0x00007ffdf5090000 - 0x00007ffdf50b9000 	C:\WINDOWS\SYSTEM32\USERENV.dll
0x00007ffdf4b70000 - 0x00007ffdf4b7b000 	C:\WINDOWS\SYSTEM32\CRYPTBASE.dll
0x00007ffdef390000 - 0x00007ffdef3a6000 	C:\WINDOWS\SYSTEM32\dhcpcsvc6.DLL
0x00007ffdef0f0000 - 0x00007ffdef10a000 	C:\WINDOWS\SYSTEM32\dhcpcsvc.DLL
0x000000005c510000 - 0x000000005c534000 	C:\Program Files\Java\jre1.8.0_171\bin\sunec.dll

VM Arguments:
jvm_args: -Dcom.sun.management.jmxremote -Dcom.sun.management.jmxremote.port=3665 -Dcom.sun.management.jmxremote.authenticate=false -Dcom.sun.management.jmxremote.ssl=false -Dspring.liveBeansView.mbeanDomain -Dspring.application.admin.enabled=true -Dfile.encoding=MS949 
java_command: com.example.WebApplication
java_class_path (initial): C:\Users\user\workspace\web\bin\main;C:\Users\user\workspace\web\bin\test;C:\Users\user\workspace\web\bin\default;C:\Users\user\.gradle\caches\modules-2\files-2.1\org.springframework.boot\spring-boot-starter-web\2.0.2.RELEASE\b6ef0cf4d0a7c6c7e93ff524b84cd1d8f87f67d9\spring-boot-starter-web-2.0.2.RELEASE.jar;C:\Users\user\.gradle\caches\modules-2\files-2.1\org.springframework.boot\spring-boot-starter-json\2.0.2.RELEASE\5edda979838ced5314b8f58a958fe9d6b4b3badd\spring-boot-starter-json-2.0.2.RELEASE.jar;C:\Users\user\.gradle\caches\modules-2\files-2.1\org.springframework.boot\spring-boot-starter\2.0.2.RELEASE\1cda94f0dfcf2b065191782a54b84d2abf96391\spring-boot-starter-2.0.2.RELEASE.jar;C:\Users\user\.gradle\caches\modules-2\files-2.1\org.springframework.boot\spring-boot-starter-tomcat\2.0.2.RELEASE\cedbfb18762e1c220007c768bfc5b773f5b30f8a\spring-boot-starter-tomcat-2.0.2.RELEASE.jar;C:\Users\user\.gradle\caches\modules-2\files-2.1\org.hibernate.validator\hibernate-validator\6.0.9.Final\b149e4cce82379f11f6129eb3187ca8ae5404005\hibernate-validator-6.0.9.Final.jar;C:\Users\user\.gradle\caches\modules-2\files-2.1\org.springframework\spring-webmvc\5.0.6.RELEASE\1361c5d1cf46665ee01de5dc1ca447c3be174c19\spring-webmvc-5.0.6.RELEASE.jar;C:\Users\user\.gradle\caches\modules-2\files-2.1\org.springframework\spring-web\5.0.6.RELEASE\89e89de3025165998118590613aedc6df8d64af6\spring-web-5.0.6.RELEASE.jar;C:\Users\user\.gradle\caches\modules-2\files-2.1\org.springframework.boot\spring-boot-autoconfigure\2.0.2.RELEASE\f4b25e753e4955337a138d8b1550236b5efe5b3b\spring-boot-autoconfigure-2.0.2.RELEASE.jar;C:\Users\user\.gradle\caches\modules-2\files-2.1\org.springframework.boot\spring-boot\2.0.2.RELEASE\15012cf02e9f77938244e554f0598535fdd1cb38\spring-boot-2.0.2.RELEASE.jar;C:\Users\user\.gradle\caches\modules-2\files-2.1\org.springframework.boot\spring-boot-starter-logging\2.0.2.RELEASE\b56d7d1931792d6e58dbd41f956912359ba85238\spring-boot-starter-logging-2.0.2.R
Launcher Type: SUN_STANDARD

Environment Variables:
PATH=C:/Program Files/Java/jre1.8.0_171/bin/server;C:/Program Files/Java/jre1.8.0_171/bin;C:/Program Files/Java/jre1.8.0_171/lib/amd64;C:\Program Files (x86)\Common Files\Oracle\Java\javapath;C:\ProgramData\Oracle\Java\javapath;C:\Program Files (x86)\GnuWin32\bin;C:\gradle\bin;C:\Users\user\AppData\Local\Microsoft\WindowsApps;;C:\Users\user\Downloads\eclipse-java-luna-SR1-win32-x86_64\eclipse;
USERNAME=user
OS=Windows_NT
PROCESSOR_IDENTIFIER=Intel64 Family 6 Model 58 Stepping 9, GenuineIntel



---------------  S Y S T E M  ---------------

OS: Windows 10.0 , 64 bit Build 16299 (10.0.16299.431)

CPU:total 4 (initial active 4) (2 cores per cpu, 2 threads per core) family 6 model 58 stepping 9, cmov, cx8, fxsr, mmx, sse, sse2, sse3, ssse3, sse4.1, sse4.2, popcnt, avx, aes, clmul, erms, ht, tsc, tscinvbit, tscinv

Memory: 4k page, physical 8271496k(1000056k free), swap 8271496k(4112k free)

vm_info: Java HotSpot(TM) 64-Bit Server VM (25.171-b11) for windows-amd64 JRE (1.8.0_171-b11), built on Mar 28 2018 16:06:12 by "java_re" with MS VC++ 10.0 (VS2010)

time: Tue May 29 18:27:19 2018
elapsed time: 7 seconds (0d 0h 0m 7s)

