#
# There is insufficient memory for the Java Runtime Environment to continue.
# Native memory allocation (malloc) failed to allocate 1118416 bytes for Chunk::new
# Possible reasons:
#   The system is out of physical RAM or swap space
#   In 32 bit mode, the process size limit was hit
# Possible solutions:
#   Reduce memory load on the system
#   Increase physical memory or swap space
#   Check if swap backing store is full
#   Use 64 bit Java on a 64 bit OS
#   Decrease Java heap size (-Xmx/-Xms)
#   Decrease number of Java threads
#   Decrease Java thread stack sizes (-Xss)
#   Set larger code cache with -XX:ReservedCodeCacheSize=
# This output file may be truncated or incomplete.
#
#  Out of Memory Error (allocation.cpp:390), pid=56708, tid=0x0000000000009bd4
#
# JRE version: Java(TM) SE Runtime Environment (8.0_171-b11) (build 1.8.0_171-b11)
# Java VM: Java HotSpot(TM) 64-Bit Server VM (25.171-b11 mixed mode windows-amd64 compressed oops)
# Failed to write core dump. Minidumps are not enabled by default on client versions of Windows
#

---------------  T H R E A D  ---------------

Current thread (0x000000001a09f800):  JavaThread "C2 CompilerThread0" daemon [_thread_in_native, id=39892, stack(0x000000001bb60000,0x000000001bc60000)]

Stack: [0x000000001bb60000,0x000000001bc60000]
[error occurred during error reporting (printing stack bounds), id 0xc0000005]

Native frames: (J=compiled Java code, j=interpreted, Vv=VM code, C=native code)


Current CompileTask:
C2:   3205 2110       4       java.net.URLClassLoader$1::run (5 bytes)


---------------  P R O C E S S  ---------------

Java Threads: ( => current thread )
  0x000000001c2df000 JavaThread "RMI TCP Accept-0" daemon [_thread_in_native, id=53000, stack(0x000000001c960000,0x000000001ca60000)]
  0x000000001c26e800 JavaThread "RMI TCP Accept-8579" daemon [_thread_in_native, id=53516, stack(0x000000001c860000,0x000000001c960000)]
  0x000000001c24c800 JavaThread "RMI TCP Accept-0" daemon [_thread_in_native, id=53144, stack(0x000000001c760000,0x000000001c860000)]
  0x000000001b5f6000 JavaThread "Service Thread" daemon [_thread_blocked, id=53240, stack(0x000000001be60000,0x000000001bf60000)]
  0x000000001a0a4800 JavaThread "C1 CompilerThread2" daemon [_thread_blocked, id=42472, stack(0x000000001bd60000,0x000000001be60000)]
  0x000000001a0a1800 JavaThread "C2 CompilerThread1" daemon [_thread_in_native, id=34456, stack(0x000000001bc60000,0x000000001bd60000)]
=>0x000000001a09f800 JavaThread "C2 CompilerThread0" daemon [_thread_in_native, id=39892, stack(0x000000001bb60000,0x000000001bc60000)]
  0x000000001b5a3800 JavaThread "Attach Listener" daemon [_thread_blocked, id=49888, stack(0x000000001ba60000,0x000000001bb60000)]
  0x000000001a07c800 JavaThread "Signal Dispatcher" daemon [_thread_blocked, id=36872, stack(0x000000001b960000,0x000000001ba60000)]
  0x000000001a070000 JavaThread "Finalizer" daemon [_thread_blocked, id=54980, stack(0x000000001b3d0000,0x000000001b4d0000)]
  0x0000000005545000 JavaThread "Reference Handler" daemon [_thread_blocked, id=55976, stack(0x000000001b2d0000,0x000000001b3d0000)]
  0x0000000005456000 JavaThread "main" [_thread_in_vm, id=55628, stack(0x0000000005350000,0x0000000005450000)]

Other Threads:
  0x000000001a047800 VMThread [stack: 0x000000001b0d0000,0x000000001b1d0000] [id=48472]
  0x000000001c2df800 WatcherThread [stack: 0x000000001ca60000,0x000000001cb60000] [id=33904]

VM state:not at safepoint (normal execution)

VM Mutex/Monitor currently owned by a thread: None

Heap:
 PSYoungGen      total 38400K, used 30101K [0x00000000d5f00000, 0x00000000d9a80000, 0x0000000100000000)
  eden space 33280K, 77% used [0x00000000d5f00000,0x00000000d7848338,0x00000000d7f80000)
  from space 5120K, 82% used [0x00000000d8480000,0x00000000d889d420,0x00000000d8980000)
  to   space 5120K, 0% used [0x00000000d7f80000,0x00000000d7f80000,0x00000000d8480000)
 ParOldGen       total 61440K, used 8404K [0x0000000081c00000, 0x0000000085800000, 0x00000000d5f00000)
  object space 61440K, 13% used [0x0000000081c00000,0x0000000082435250,0x0000000085800000)
 Metaspace       used 26255K, capacity 27088K, committed 27312K, reserved 1073152K
  class space    used 3451K, capacity 3660K, committed 3760K, reserved 1048576K

Card table byte_map: [0x0000000014910000,0x0000000014d10000] byte_map_base: 0x0000000014502000

Marking Bits: (ParMarkBitMap*) 0x00000000595608c0
 Begin Bits: [0x00000000153c0000, 0x0000000017350000)
 End Bits:   [0x0000000017350000, 0x00000000192e0000)

Polling page: 0x0000000004df0000

CodeCache: size=245760Kb used=7658Kb max_used=7658Kb free=238101Kb
 bounds [0x0000000005550000, 0x0000000005cd0000, 0x0000000014550000]
 total_blobs=2597 nmethods=2194 adapters=315
 compilation: enabled

Compilation events (10 events):
Event: 3.160 Thread 0x000000001a0a4800 2198       3       org.springframework.beans.factory.support.DefaultListableBeanFactory::requiresEagerInitForType (26 bytes)
Event: 3.160 Thread 0x000000001a0a4800 nmethod 2198 0x0000000005cce010 code [0x0000000005cce1a0, 0x0000000005cce638]
Event: 3.160 Thread 0x000000001a0a4800 2199       1       org.springframework.beans.factory.support.AbstractBeanDefinition::getRole (5 bytes)
Event: 3.160 Thread 0x000000001a0a4800 nmethod 2199 0x0000000005cce750 code [0x0000000005cce8a0, 0x0000000005cce9b0]
Event: 3.160 Thread 0x000000001a0a4800 2200       1       org.springframework.beans.factory.support.AbstractBeanDefinition::isPrimary (5 bytes)
Event: 3.161 Thread 0x000000001a0a4800 nmethod 2200 0x0000000005ccea10 code [0x0000000005cceb60, 0x0000000005ccec70]
Event: 3.161 Thread 0x000000001a0a4800 2201       1       org.springframework.beans.factory.support.AbstractBeanDefinition::isLenientConstructorResolution (5 bytes)
Event: 3.161 Thread 0x000000001a0a4800 nmethod 2201 0x0000000005ccecd0 code [0x0000000005ccee20, 0x0000000005ccef30]
Event: 3.190 Thread 0x000000001a0a4800 2202  s    1       java.lang.StringBuffer::length (5 bytes)
Event: 3.190 Thread 0x000000001a0a4800 nmethod 2202 0x0000000005ccef90 code [0x0000000005ccf0e0, 0x0000000005ccf350]

GC Heap History (10 events):
Event: 1.268 GC heap before
{Heap before GC invocations=1 (full 0):
 PSYoungGen      total 38400K, used 33280K [0x00000000d5f00000, 0x00000000d8980000, 0x0000000100000000)
  eden space 33280K, 100% used [0x00000000d5f00000,0x00000000d7f80000,0x00000000d7f80000)
  from space 5120K, 0% used [0x00000000d8480000,0x00000000d8480000,0x00000000d8980000)
  to   space 5120K, 0% used [0x00000000d7f80000,0x00000000d7f80000,0x00000000d8480000)
 ParOldGen       total 87552K, used 0K [0x0000000081c00000, 0x0000000087180000, 0x00000000d5f00000)
  object space 87552K, 0% used [0x0000000081c00000,0x0000000081c00000,0x0000000087180000)
 Metaspace       used 12516K, capacity 12830K, committed 12928K, reserved 1060864K
  class space    used 1552K, capacity 1651K, committed 1664K, reserved 1048576K
Event: 1.275 GC heap after
Heap after GC invocations=1 (full 0):
 PSYoungGen      total 38400K, used 5109K [0x00000000d5f00000, 0x00000000d8980000, 0x0000000100000000)
  eden space 33280K, 0% used [0x00000000d5f00000,0x00000000d5f00000,0x00000000d7f80000)
  from space 5120K, 99% used [0x00000000d7f80000,0x00000000d847d5e0,0x00000000d8480000)
  to   space 5120K, 0% used [0x00000000d8480000,0x00000000d8480000,0x00000000d8980000)
 ParOldGen       total 87552K, used 501K [0x0000000081c00000, 0x0000000087180000, 0x00000000d5f00000)
  object space 87552K, 0% used [0x0000000081c00000,0x0000000081c7d780,0x0000000087180000)
 Metaspace       used 12516K, capacity 12830K, committed 12928K, reserved 1060864K
  class space    used 1552K, capacity 1651K, committed 1664K, reserved 1048576K
}
Event: 1.723 GC heap before
{Heap before GC invocations=2 (full 0):
 PSYoungGen      total 38400K, used 38389K [0x00000000d5f00000, 0x00000000d8980000, 0x0000000100000000)
  eden space 33280K, 100% used [0x00000000d5f00000,0x00000000d7f80000,0x00000000d7f80000)
  from space 5120K, 99% used [0x00000000d7f80000,0x00000000d847d5e0,0x00000000d8480000)
  to   space 5120K, 0% used [0x00000000d8480000,0x00000000d8480000,0x00000000d8980000)
 ParOldGen       total 87552K, used 501K [0x0000000081c00000, 0x0000000087180000, 0x00000000d5f00000)
  object space 87552K, 0% used [0x0000000081c00000,0x0000000081c7d780,0x0000000087180000)
 Metaspace       used 16196K, capacity 16738K, committed 17024K, reserved 1064960K
  class space    used 2162K, capacity 2315K, committed 2432K, reserved 1048576K
Event: 1.736 GC heap after
Heap after GC invocations=2 (full 0):
 PSYoungGen      total 38400K, used 5092K [0x00000000d5f00000, 0x00000000d8980000, 0x0000000100000000)
  eden space 33280K, 0% used [0x00000000d5f00000,0x00000000d5f00000,0x00000000d7f80000)
  from space 5120K, 99% used [0x00000000d8480000,0x00000000d8979240,0x00000000d8980000)
  to   space 5120K, 0% used [0x00000000d7f80000,0x00000000d7f80000,0x00000000d8480000)
 ParOldGen       total 87552K, used 2350K [0x0000000081c00000, 0x0000000087180000, 0x00000000d5f00000)
  object space 87552K, 2% used [0x0000000081c00000,0x0000000081e4b870,0x0000000087180000)
 Metaspace       used 16196K, capacity 16738K, committed 17024K, reserved 1064960K
  class space    used 2162K, capacity 2315K, committed 2432K, reserved 1048576K
}
Event: 2.236 GC heap before
{Heap before GC invocations=3 (full 0):
 PSYoungGen      total 38400K, used 34555K [0x00000000d5f00000, 0x00000000d8980000, 0x0000000100000000)
  eden space 33280K, 88% used [0x00000000d5f00000,0x00000000d7bc5c18,0x00000000d7f80000)
  from space 5120K, 99% used [0x00000000d8480000,0x00000000d8979240,0x00000000d8980000)
  to   space 5120K, 0% used [0x00000000d7f80000,0x00000000d7f80000,0x00000000d8480000)
 ParOldGen       total 87552K, used 2350K [0x0000000081c00000, 0x0000000087180000, 0x00000000d5f00000)
  object space 87552K, 2% used [0x0000000081c00000,0x0000000081e4b870,0x0000000087180000)
 Metaspace       used 20628K, capacity 21184K, committed 21296K, reserved 1067008K
  class space    used 2679K, capacity 2830K, committed 2864K, reserved 1048576K
Event: 2.248 GC heap after
Heap after GC invocations=3 (full 0):
 PSYoungGen      total 38400K, used 5115K [0x00000000d5f00000, 0x00000000d8980000, 0x0000000100000000)
  eden space 33280K, 0% used [0x00000000d5f00000,0x00000000d5f00000,0x00000000d7f80000)
  from space 5120K, 99% used [0x00000000d7f80000,0x00000000d847ee18,0x00000000d8480000)
  to   space 5120K, 0% used [0x00000000d8480000,0x00000000d8480000,0x00000000d8980000)
 ParOldGen       total 87552K, used 5764K [0x0000000081c00000, 0x0000000087180000, 0x00000000d5f00000)
  object space 87552K, 6% used [0x0000000081c00000,0x00000000821a1330,0x0000000087180000)
 Metaspace       used 20628K, capacity 21184K, committed 21296K, reserved 1067008K
  class space    used 2679K, capacity 2830K, committed 2864K, reserved 1048576K
}
Event: 2.248 GC heap before
{Heap before GC invocations=4 (full 1):
 PSYoungGen      total 38400K, used 5115K [0x00000000d5f00000, 0x00000000d8980000, 0x0000000100000000)
  eden space 33280K, 0% used [0x00000000d5f00000,0x00000000d5f00000,0x00000000d7f80000)
  from space 5120K, 99% used [0x00000000d7f80000,0x00000000d847ee18,0x00000000d8480000)
  to   space 5120K, 0% used [0x00000000d8480000,0x00000000d8480000,0x00000000d8980000)
 ParOldGen       total 87552K, used 5764K [0x0000000081c00000, 0x0000000087180000, 0x00000000d5f00000)
  object space 87552K, 6% used [0x0000000081c00000,0x00000000821a1330,0x0000000087180000)
 Metaspace       used 20628K, capacity 21184K, committed 21296K, reserved 1067008K
  class space    used 2679K, capacity 2830K, committed 2864K, reserved 1048576K
Event: 2.282 GC heap after
Heap after GC invocations=4 (full 1):
 PSYoungGen      total 38400K, used 0K [0x00000000d5f00000, 0x00000000d8980000, 0x0000000100000000)
  eden space 33280K, 0% used [0x00000000d5f00000,0x00000000d5f00000,0x00000000d7f80000)
  from space 5120K, 0% used [0x00000000d7f80000,0x00000000d7f80000,0x00000000d8480000)
  to   space 5120K, 0% used [0x00000000d8480000,0x00000000d8480000,0x00000000d8980000)
 ParOldGen       total 61440K, used 8332K [0x0000000081c00000, 0x0000000085800000, 0x00000000d5f00000)
  object space 61440K, 13% used [0x0000000081c00000,0x0000000082423240,0x0000000085800000)
 Metaspace       used 20628K, capacity 21184K, committed 21296K, reserved 1067008K
  class space    used 2679K, capacity 2830K, committed 2864K, reserved 1048576K
}
Event: 2.667 GC heap before
{Heap before GC invocations=5 (full 1):
 PSYoungGen      total 38400K, used 33280K [0x00000000d5f00000, 0x00000000d8980000, 0x0000000100000000)
  eden space 33280K, 100% used [0x00000000d5f00000,0x00000000d7f80000,0x00000000d7f80000)
  from space 5120K, 0% used [0x00000000d7f80000,0x00000000d7f80000,0x00000000d8480000)
  to   space 5120K, 0% used [0x00000000d8480000,0x00000000d8480000,0x00000000d8980000)
 ParOldGen       total 61440K, used 8332K [0x0000000081c00000, 0x0000000085800000, 0x00000000d5f00000)
  object space 61440K, 13% used [0x0000000081c00000,0x0000000082423240,0x0000000085800000)
 Metaspace       used 23925K, capacity 24606K, committed 24880K, reserved 1071104K
  class space    used 3123K, capacity 3305K, committed 3376K, reserved 1048576K
Event: 2.670 GC heap after
Heap after GC invocations=5 (full 1):
 PSYoungGen      total 38400K, used 4213K [0x00000000d5f00000, 0x00000000d9a80000, 0x0000000100000000)
  eden space 33280K, 0% used [0x00000000d5f00000,0x00000000d5f00000,0x00000000d7f80000)
  from space 5120K, 82% used [0x00000000d8480000,0x00000000d889d420,0x00000000d8980000)
  to   space 5120K, 0% used [0x00000000d7f80000,0x00000000d7f80000,0x00000000d8480000)
 ParOldGen       total 61440K, used 8404K [0x0000000081c00000, 0x0000000085800000, 0x00000000d5f00000)
  object space 61440K, 13% used [0x0000000081c00000,0x0000000082435250,0x0000000085800000)
 Metaspace       used 23925K, capacity 24606K, committed 24880K, reserved 1071104K
  class space    used 3123K, capacity 3305K, committed 3376K, reserved 1048576K
}

Deoptimization events (10 events):
Event: 2.523 Thread 0x000000001c4f4000 Uncommon trap: reason=unstable_if action=reinterpret pc=0x0000000005a48838 method=java.util.Properties$LineReader.readLine()I @ 252
Event: 2.523 Thread 0x000000001c4f4000 Uncommon trap: reason=unstable_if action=reinterpret pc=0x0000000005a333e8 method=java.util.Properties$LineReader.readLine()I @ 252
Event: 2.692 Thread 0x000000001c4f4000 Uncommon trap: reason=unstable_if action=reinterpret pc=0x0000000005b59ca0 method=com.sun.org.apache.xerces.internal.impl.XMLEntityScanner.scanLiteral(ILcom/sun/org/apache/xerces/internal/xni/XMLString;Z)I @ 570
Event: 2.747 Thread 0x000000001c4f4000 Uncommon trap: reason=unstable_if action=reinterpret pc=0x0000000005b7d01c method=com.sun.org.apache.xerces.internal.impl.XMLEntityScanner.skipSpaces()Z @ 125
Event: 2.773 Thread 0x0000000005456000 Uncommon trap: reason=unstable_if action=reinterpret pc=0x00000000059502c0 method=org.springframework.boot.context.properties.source.ConfigurationPropertyName$ElementValidator.isValidChar(CI)Z @ 21
Event: 2.793 Thread 0x000000001c4f4000 Uncommon trap: reason=unstable_if action=reinterpret pc=0x0000000005bee110 method=com.sun.org.apache.xerces.internal.util.SymbolTable.addSymbol([CII)Ljava/lang/String; @ 38
Event: 2.793 Thread 0x000000001c4f4000 Uncommon trap: reason=unstable_if action=reinterpret pc=0x0000000005bbb590 method=com.sun.org.apache.xerces.internal.impl.XMLEntityScanner.scanLiteral(ILcom/sun/org/apache/xerces/internal/xni/XMLString;Z)I @ 44
Event: 2.796 Thread 0x000000001c4f4000 Uncommon trap: reason=unstable_if action=reinterpret pc=0x0000000005b9cfc8 method=com.sun.org.apache.xerces.internal.util.SymbolTable.addSymbol([CII)Ljava/lang/String; @ 38
Event: 2.821 Thread 0x000000001c4f4000 Uncommon trap: reason=predicate action=maybe_recompile pc=0x00000000058dfaf4 method=java.lang.String.regionMatches(ZILjava/lang/String;II)Z @ 63
Event: 2.875 Thread 0x000000001c4f4000 Uncommon trap: reason=unstable_if action=reinterpret pc=0x0000000005917984 method=sun.misc.URLClassPath$JarLoader.ensureOpen()V @ 4

Classes redefined (0 events):
No events

Internal exceptions (10 events):
Event: 2.044 Thread 0x0000000005456000 Exception <a 'java/lang/ClassNotFoundException': org/springframework/beans/factory/support/BeanDefinitionRegistryPostProcessorCustomizer> (0x00000000d6fc4548) thrown at [C:\re\workspace\8-2-build-windows-amd64-cygwin\jdk8u171\10807\hotspot\src\share\vm\cl
Event: 2.045 Thread 0x0000000005456000 Exception <a 'java/lang/ClassNotFoundException': org/springframework/core/PriorityOrderedCustomizer> (0x00000000d6fd6118) thrown at [C:\re\workspace\8-2-build-windows-amd64-cygwin\jdk8u171\10807\hotspot\src\share\vm\classfile\systemDictionary.cpp, line 21
Event: 2.046 Thread 0x0000000005456000 Exception <a 'java/lang/ClassNotFoundException': org/springframework/context/ResourceLoaderAwareCustomizer> (0x00000000d6fe8548) thrown at [C:\re\workspace\8-2-build-windows-amd64-cygwin\jdk8u171\10807\hotspot\src\share\vm\classfile\systemDictionary.cpp, 
Event: 2.054 Thread 0x0000000005456000 Exception <a 'java/lang/ClassNotFoundException': org/springframework/beans/factory/BeanClassLoaderAwareCustomizer> (0x00000000d6ffd3e8) thrown at [C:\re\workspace\8-2-build-windows-amd64-cygwin\jdk8u171\10807\hotspot\src\share\vm\classfile\systemDictionar
Event: 2.055 Thread 0x0000000005456000 Exception <a 'java/lang/ClassNotFoundException': org/springframework/context/EnvironmentAwareCustomizer> (0x00000000d7010140) thrown at [C:\re\workspace\8-2-build-windows-amd64-cygwin\jdk8u171\10807\hotspot\src\share\vm\classfile\systemDictionary.cpp, lin
Event: 2.079 Thread 0x0000000005456000 Exception <a 'java/lang/NoClassDefFoundError': org/reactivestreams/Publisher> (0x00000000d7075f00) thrown at [C:\re\workspace\8-2-build-windows-amd64-cygwin\jdk8u171\10807\hotspot\src\share\vm\classfile\systemDictionary.cpp, line 199]
Event: 2.080 Thread 0x0000000005456000 Exception <a 'java/lang/NoClassDefFoundError': rx/Observable> (0x00000000d70834b0) thrown at [C:\re\workspace\8-2-build-windows-amd64-cygwin\jdk8u171\10807\hotspot\src\share\vm\classfile\systemDictionary.cpp, line 199]
Event: 2.081 Thread 0x0000000005456000 Exception <a 'java/lang/NoClassDefFoundError': org/reactivestreams/Publisher> (0x00000000d7092ae0) thrown at [C:\re\workspace\8-2-build-windows-amd64-cygwin\jdk8u171\10807\hotspot\src\share\vm\classfile\systemDictionary.cpp, line 199]
Event: 2.496 Thread 0x000000001c4f4000 Exception <a 'java/lang/IncompatibleClassChangeError': Found class java.lang.Object, but interface was expected> (0x00000000d7447438) thrown at [C:\re\workspace\8-2-build-windows-amd64-cygwin\jdk8u171\10807\hotspot\src\share\vm\interpreter\linkResolver.cp
Event: 2.875 Thread 0x000000001c4f4000 Implicit null exception at 0x0000000005914c84 to 0x0000000005917961

Events (10 events):
Event: 3.199 loading class java/util/concurrent/ExecutionException
Event: 3.199 loading class java/util/concurrent/ExecutionException done
Event: 3.199 loading class org/springframework/cglib/core/internal/LoadingCache$1
Event: 3.199 loading class org/springframework/cglib/core/internal/LoadingCache$1 done
Event: 3.200 loading class java/util/concurrent/FutureTask
Event: 3.200 loading class java/util/concurrent/FutureTask done
Event: 3.200 loading class java/util/concurrent/FutureTask$WaitNode
Event: 3.200 loading class java/util/concurrent/FutureTask$WaitNode done
Event: 3.201 loading class org/springframework/cglib/core/internal/LoadingCache$2
Event: 3.201 loading class org/springframework/cglib/core/internal/LoadingCache$2 done


Dynamic libraries:
0x00007ff74a830000 - 0x00007ff74a867000 	C:\Program Files\Java\jre1.8.0_171\bin\javaw.exe
0x00007ffdf8e10000 - 0x00007ffdf8ff0000 	C:\WINDOWS\SYSTEM32\ntdll.dll
0x00007ffdf6c10000 - 0x00007ffdf6cbe000 	C:\WINDOWS\System32\KERNEL32.DLL
0x00007ffdf55f0000 - 0x00007ffdf5856000 	C:\WINDOWS\System32\KERNELBASE.dll
0x0000000055710000 - 0x0000000055a2b000 	C:\Program Files (x86)\Norton Internet Security\NortonData\22.5.0.124\Definitions\IPSDefs\20180528.061\IPSEng64.dll
0x00007ffdf81d0000 - 0x00007ffdf8271000 	C:\WINDOWS\System32\ADVAPI32.dll
0x00007ffdf8130000 - 0x00007ffdf81cd000 	C:\WINDOWS\System32\msvcrt.dll
0x00007ffdf8280000 - 0x00007ffdf82db000 	C:\WINDOWS\System32\sechost.dll
0x00007ffdf8480000 - 0x00007ffdf859f000 	C:\WINDOWS\System32\RPCRT4.dll
0x00007ffdf8da0000 - 0x00007ffdf8da8000 	C:\WINDOWS\System32\PSAPI.DLL
0x00007ffdf8b10000 - 0x00007ffdf8c9f000 	C:\WINDOWS\System32\USER32.dll
0x00007ffdf5530000 - 0x00007ffdf5550000 	C:\WINDOWS\System32\win32u.dll
0x00007ffdf6cc0000 - 0x00007ffdf6ce8000 	C:\WINDOWS\System32\GDI32.dll
0x00007ffdf5390000 - 0x00007ffdf5523000 	C:\WINDOWS\System32\gdi32full.dll
0x00007ffdf5550000 - 0x00007ffdf55eb000 	C:\WINDOWS\System32\msvcp_win.dll
0x00007ffdf5a30000 - 0x00007ffdf5b26000 	C:\WINDOWS\System32\ucrtbase.dll
0x00007ffdeb4a0000 - 0x00007ffdeb709000 	C:\WINDOWS\WinSxS\amd64_microsoft.windows.common-controls_6595b64144ccf1df_6.0.16299.431_none_15c7d3ee93659e73\COMCTL32.dll
0x00007ffdf62e0000 - 0x00007ffdf65e8000 	C:\WINDOWS\System32\combase.dll
0x00007ffdf5260000 - 0x00007ffdf52d2000 	C:\WINDOWS\System32\bcryptPrimitives.dll
0x00007ffdf8db0000 - 0x00007ffdf8ddd000 	C:\WINDOWS\System32\IMM32.DLL
0x000000005c3d0000 - 0x000000005c4a2000 	C:\Program Files\Java\jre1.8.0_171\bin\msvcr100.dll
0x0000000058d40000 - 0x00000000595e0000 	C:\Program Files\Java\jre1.8.0_171\bin\server\jvm.dll
0x00007ffde9da0000 - 0x00007ffde9da9000 	C:\WINDOWS\SYSTEM32\WSOCK32.dll
0x00007ffdf8800000 - 0x00007ffdf886c000 	C:\WINDOWS\System32\WS2_32.dll
0x00007ffdf1fc0000 - 0x00007ffdf1fe3000 	C:\WINDOWS\SYSTEM32\WINMM.dll
0x00007ffdeb880000 - 0x00007ffdeb88a000 	C:\WINDOWS\SYSTEM32\VERSION.dll
0x00007ffdf1f90000 - 0x00007ffdf1fba000 	C:\WINDOWS\SYSTEM32\WINMMBASE.dll
0x00007ffdf5210000 - 0x00007ffdf525a000 	C:\WINDOWS\System32\cfgmgr32.dll
0x000000005c4e0000 - 0x000000005c4ef000 	C:\Program Files\Java\jre1.8.0_171\bin\verify.dll
0x000000005c4b0000 - 0x000000005c4d9000 	C:\Program Files\Java\jre1.8.0_171\bin\java.dll
0x000000005c2e0000 - 0x000000005c2f6000 	C:\Program Files\Java\jre1.8.0_171\bin\zip.dll
0x00007ffdf6cf0000 - 0x00007ffdf8128000 	C:\WINDOWS\System32\SHELL32.dll
0x00007ffdf8870000 - 0x00007ffdf8916000 	C:\WINDOWS\System32\shcore.dll
0x00007ffdf5b90000 - 0x00007ffdf62d7000 	C:\WINDOWS\System32\windows.storage.dll
0x00007ffdf8920000 - 0x00007ffdf8971000 	C:\WINDOWS\System32\shlwapi.dll
0x00007ffdf51a0000 - 0x00007ffdf51b1000 	C:\WINDOWS\System32\kernel.appcore.dll
0x00007ffdf51c0000 - 0x00007ffdf520c000 	C:\WINDOWS\System32\powrprof.dll
0x00007ffdf5180000 - 0x00007ffdf519b000 	C:\WINDOWS\System32\profapi.dll
0x000000005c4f0000 - 0x000000005c4fd000 	C:\Program Files\Java\jre1.8.0_171\bin\management.dll
0x000000005c560000 - 0x000000005c57a000 	C:\Program Files\Java\jre1.8.0_171\bin\net.dll
0x00007ffdf4990000 - 0x00007ffdf49f6000 	C:\WINDOWS\system32\mswsock.dll
0x000000005c540000 - 0x000000005c551000 	C:\Program Files\Java\jre1.8.0_171\bin\nio.dll
0x00007ffddd700000 - 0x00007ffddd716000 	C:\WINDOWS\system32\napinsp.dll
0x00007ffddd2e0000 - 0x00007ffddd2fa000 	C:\WINDOWS\system32\pnrpnsp.dll
0x00007ffdf21c0000 - 0x00007ffdf21d8000 	C:\WINDOWS\system32\NLAapi.dll
0x00007ffdf4760000 - 0x00007ffdf4816000 	C:\WINDOWS\SYSTEM32\DNSAPI.dll
0x00007ffdf8ca0000 - 0x00007ffdf8ca8000 	C:\WINDOWS\System32\NSI.dll
0x00007ffdf4720000 - 0x00007ffdf4759000 	C:\WINDOWS\SYSTEM32\IPHLPAPI.DLL
0x00007ffddcb10000 - 0x00007ffddcb1e000 	C:\WINDOWS\System32\winrnr.dll
0x00007ffddcaf0000 - 0x00007ffddcb05000 	C:\WINDOWS\System32\wshbth.dll
0x00007ffded080000 - 0x00007ffded08a000 	C:\Windows\System32\rasadhlp.dll
0x00007ffdee060000 - 0x00007ffdee0d0000 	C:\WINDOWS\System32\fwpuclnt.dll
0x00007ffdf4c60000 - 0x00007ffdf4c85000 	C:\WINDOWS\SYSTEM32\bcrypt.dll
0x00007ffdf4b50000 - 0x00007ffdf4b67000 	C:\WINDOWS\SYSTEM32\CRYPTSP.dll
0x00007ffdf4590000 - 0x00007ffdf45c3000 	C:\WINDOWS\system32\rsaenh.dll
0x00007ffdf5090000 - 0x00007ffdf50b9000 	C:\WINDOWS\SYSTEM32\USERENV.dll
0x00007ffdf4b70000 - 0x00007ffdf4b7b000 	C:\WINDOWS\SYSTEM32\CRYPTBASE.dll
0x00007ffdef390000 - 0x00007ffdef3a6000 	C:\WINDOWS\SYSTEM32\dhcpcsvc6.DLL
0x00007ffdef0f0000 - 0x00007ffdef10a000 	C:\WINDOWS\SYSTEM32\dhcpcsvc.DLL

VM Arguments:
jvm_args: -Dcom.sun.management.jmxremote -Dcom.sun.management.jmxremote.port=8579 -Dcom.sun.management.jmxremote.authenticate=false -Dcom.sun.management.jmxremote.ssl=false -Dspring.liveBeansView.mbeanDomain -Dspring.application.admin.enabled=true -Dfile.encoding=MS949 
java_command: com.example.WebApplication
java_class_path (initial): C:\Users\user\workspace\web\bin\main;C:\Users\user\workspace\web\bin\test;C:\Users\user\workspace\web\bin\default;C:\Users\user\.gradle\caches\modules-2\files-2.1\org.springframework.boot\spring-boot-starter-web\2.0.2.RELEASE\b6ef0cf4d0a7c6c7e93ff524b84cd1d8f87f67d9\spring-boot-starter-web-2.0.2.RELEASE.jar;C:\Users\user\.gradle\caches\modules-2\files-2.1\org.springframework.boot\spring-boot-starter-json\2.0.2.RELEASE\5edda979838ced5314b8f58a958fe9d6b4b3badd\spring-boot-starter-json-2.0.2.RELEASE.jar;C:\Users\user\.gradle\caches\modules-2\files-2.1\org.springframework.boot\spring-boot-starter\2.0.2.RELEASE\1cda94f0dfcf2b065191782a54b84d2abf96391\spring-boot-starter-2.0.2.RELEASE.jar;C:\Users\user\.gradle\caches\modules-2\files-2.1\org.springframework.boot\spring-boot-starter-tomcat\2.0.2.RELEASE\cedbfb18762e1c220007c768bfc5b773f5b30f8a\spring-boot-starter-tomcat-2.0.2.RELEASE.jar;C:\Users\user\.gradle\caches\modules-2\files-2.1\org.hibernate.validator\hibernate-validator\6.0.9.Final\b149e4cce82379f11f6129eb3187ca8ae5404005\hibernate-validator-6.0.9.Final.jar;C:\Users\user\.gradle\caches\modules-2\files-2.1\org.springframework\spring-webmvc\5.0.6.RELEASE\1361c5d1cf46665ee01de5dc1ca447c3be174c19\spring-webmvc-5.0.6.RELEASE.jar;C:\Users\user\.gradle\caches\modules-2\files-2.1\org.springframework\spring-web\5.0.6.RELEASE\89e89de3025165998118590613aedc6df8d64af6\spring-web-5.0.6.RELEASE.jar;C:\Users\user\.gradle\caches\modules-2\files-2.1\org.springframework.boot\spring-boot-autoconfigure\2.0.2.RELEASE\f4b25e753e4955337a138d8b1550236b5efe5b3b\spring-boot-autoconfigure-2.0.2.RELEASE.jar;C:\Users\user\.gradle\caches\modules-2\files-2.1\org.springframework.boot\spring-boot\2.0.2.RELEASE\15012cf02e9f77938244e554f0598535fdd1cb38\spring-boot-2.0.2.RELEASE.jar;C:\Users\user\.gradle\caches\modules-2\files-2.1\org.springframework.boot\spring-boot-starter-logging\2.0.2.RELEASE\b56d7d1931792d6e58dbd41f956912359ba85238\spring-boot-starter-logging-2.0.2.R
Launcher Type: SUN_STANDARD

Environment Variables:
PATH=C:/Program Files/Java/jre1.8.0_171/bin/server;C:/Program Files/Java/jre1.8.0_171/bin;C:/Program Files/Java/jre1.8.0_171/lib/amd64;C:\Program Files (x86)\Common Files\Oracle\Java\javapath;C:\ProgramData\Oracle\Java\javapath;C:\Program Files (x86)\GnuWin32\bin;C:\gradle\bin;C:\Users\user\AppData\Local\Microsoft\WindowsApps;;C:\Users\user\Downloads\eclipse-java-luna-SR1-win32-x86_64\eclipse;
USERNAME=user
OS=Windows_NT
PROCESSOR_IDENTIFIER=Intel64 Family 6 Model 58 Stepping 9, GenuineIntel



---------------  S Y S T E M  ---------------

OS: Windows 10.0 , 64 bit Build 16299 (10.0.16299.431)

CPU:total 4 (initial active 4) (2 cores per cpu, 2 threads per core) family 6 model 58 stepping 9, cmov, cx8, fxsr, mmx, sse, sse2, sse3, ssse3, sse4.1, sse4.2, popcnt, avx, aes, clmul, erms, ht, tsc, tscinvbit, tscinv

Memory: 4k page, physical 8271496k(1243952k free), swap 8271496k(5148k free)

vm_info: Java HotSpot(TM) 64-Bit Server VM (25.171-b11) for windows-amd64 JRE (1.8.0_171-b11), built on Mar 28 2018 16:06:12 by "java_re" with MS VC++ 10.0 (VS2010)

time: Tue May 29 21:02:12 2018
elapsed time: 3 seconds (0d 0h 0m 3s)

