#
# There is insufficient memory for the Java Runtime Environment to continue.
# Native memory allocation (malloc) failed to allocate 32744 bytes for ChunkPool::allocate
# Possible reasons:
#   The system is out of physical RAM or swap space
#   In 32 bit mode, the process size limit was hit
# Possible solutions:
#   Reduce memory load on the system
#   Increase physical memory or swap space
#   Check if swap backing store is full
#   Use 64 bit Java on a 64 bit OS
#   Decrease Java heap size (-Xmx/-Xms)
#   Decrease number of Java threads
#   Decrease Java thread stack sizes (-Xss)
#   Set larger code cache with -XX:ReservedCodeCacheSize=
# This output file may be truncated or incomplete.
#
#  Out of Memory Error (allocation.cpp:273), pid=53536, tid=0x000000000000e424
#
# JRE version: Java(TM) SE Runtime Environment (8.0_171-b11) (build 1.8.0_171-b11)
# Java VM: Java HotSpot(TM) 64-Bit Server VM (25.171-b11 mixed mode windows-amd64 compressed oops)
# Failed to write core dump. Minidumps are not enabled by default on client versions of Windows
#

---------------  T H R E A D  ---------------

Current thread (0x00000000197e0800):  JavaThread "C2 CompilerThread0" daemon [_thread_in_native, id=58404, stack(0x000000001b220000,0x000000001b320000)]

Stack: [0x000000001b220000,0x000000001b320000]
[error occurred during error reporting (printing stack bounds), id 0xc0000005]

Native frames: (J=compiled Java code, j=interpreted, Vv=VM code, C=native code)


Current CompileTask:
C2:   3733 2063       4       java.net.URLClassLoader$1::run (5 bytes)


---------------  P R O C E S S  ---------------

Java Threads: ( => current thread )
  0x000000001b8f5800 JavaThread "RMI TCP Accept-0" daemon [_thread_in_native, id=44336, stack(0x000000001c020000,0x000000001c120000)]
  0x000000001b8c2000 JavaThread "RMI TCP Accept-12279" daemon [_thread_in_native, id=45480, stack(0x000000001bf20000,0x000000001c020000)]
  0x000000001b8ab000 JavaThread "RMI TCP Accept-0" daemon [_thread_in_native, id=9604, stack(0x000000001be20000,0x000000001bf20000)]
  0x000000001981c800 JavaThread "Service Thread" daemon [_thread_blocked, id=54308, stack(0x000000001b520000,0x000000001b620000)]
  0x00000000197e8800 JavaThread "C1 CompilerThread2" daemon [_thread_blocked, id=54240, stack(0x000000001b420000,0x000000001b520000)]
  0x00000000197e2000 JavaThread "C2 CompilerThread1" daemon [_thread_in_native, id=53516, stack(0x000000001b320000,0x000000001b420000)]
=>0x00000000197e0800 JavaThread "C2 CompilerThread0" daemon [_thread_in_native, id=58404, stack(0x000000001b220000,0x000000001b320000)]
  0x00000000197de800 JavaThread "Attach Listener" daemon [_thread_blocked, id=39592, stack(0x000000001b120000,0x000000001b220000)]
  0x000000001ac63800 JavaThread "Signal Dispatcher" daemon [_thread_blocked, id=25428, stack(0x000000001b020000,0x000000001b120000)]
  0x00000000197ac800 JavaThread "Finalizer" daemon [_thread_blocked, id=27396, stack(0x000000001ab20000,0x000000001ac20000)]
  0x0000000019789000 JavaThread "Reference Handler" daemon [_thread_blocked, id=55504, stack(0x000000001aa20000,0x000000001ab20000)]
  0x0000000004b96000 JavaThread "main" [_thread_in_Java, id=24004, stack(0x00000000049a0000,0x0000000004aa0000)]

Other Threads:
  0x0000000019787000 VMThread [stack: 0x000000001a820000,0x000000001a920000] [id=40316]
  0x000000001b8ea800 WatcherThread [stack: 0x000000001c120000,0x000000001c220000] [id=28920]

VM state:not at safepoint (normal execution)

VM Mutex/Monitor currently owned by a thread: None

Heap:
 PSYoungGen      total 55296K, used 54266K [0x00000000d5f00000, 0x00000000da980000, 0x0000000100000000)
  eden space 50688K, 98% used [0x00000000d5f00000,0x00000000d8fbe380,0x00000000d9080000)
  from space 4608K, 94% used [0x00000000da500000,0x00000000da9407a8,0x00000000da980000)
  to   space 5120K, 0% used [0x00000000d9f80000,0x00000000d9f80000,0x00000000da480000)
 ParOldGen       total 62464K, used 8372K [0x0000000081c00000, 0x0000000085900000, 0x00000000d5f00000)
  object space 62464K, 13% used [0x0000000081c00000,0x000000008242d028,0x0000000085900000)
 Metaspace       used 27825K, capacity 28676K, committed 28976K, reserved 1075200K
  class space    used 3625K, capacity 3810K, committed 3888K, reserved 1048576K

Card table byte_map: [0x0000000014050000,0x0000000014450000] byte_map_base: 0x0000000013c42000

Marking Bits: (ParMarkBitMap*) 0x00000000595608c0
 Begin Bits: [0x0000000014b00000, 0x0000000016a90000)
 End Bits:   [0x0000000016a90000, 0x0000000018a20000)

Polling page: 0x00000000045b0000

CodeCache: size=245760Kb used=8720Kb max_used=8720Kb free=237039Kb
 bounds [0x0000000004c90000, 0x0000000005520000, 0x0000000013c90000]
 total_blobs=2918 nmethods=2512 adapters=317
 compilation: enabled

Compilation events (10 events):
Event: 3.727 Thread 0x00000000197e8800 nmethod 2520 0x0000000005514750 code [0x00000000055148c0, 0x0000000005514c98]
Event: 3.727 Thread 0x00000000197e8800 2519       2       java.lang.reflect.Type::getTypeName (5 bytes)
Event: 3.727 Thread 0x00000000197e8800 nmethod 2519 0x0000000005515090 code [0x0000000005515200, 0x0000000005515388]
Event: 3.728 Thread 0x00000000197e8800 2521       2       org.springframework.core.MethodParameter::getContainingClass (18 bytes)
Event: 3.728 Thread 0x00000000197e8800 nmethod 2521 0x0000000005515410 code [0x0000000005515580, 0x0000000005515708]
Event: 3.728 Thread 0x00000000197e8800 2522       2       org.springframework.core.ResolvableType::forType (7 bytes)
Event: 3.728 Thread 0x00000000197e8800 nmethod 2522 0x00000000055157d0 code [0x0000000005515940, 0x0000000005515aa8]
Event: 3.728 Thread 0x00000000197e8800 2523       2       org.springframework.core.SerializableTypeWrapper$MethodParameterTypeProvider::<init> (59 bytes)
Event: 3.729 Thread 0x00000000197e8800 nmethod 2523 0x0000000005515b50 code [0x0000000005515ce0, 0x0000000005516038]
Event: 3.729 Thread 0x00000000197e8800 2525       2       org.springframework.core.MethodParameter::getGenericParameterType (124 bytes)

GC Heap History (10 events):
Event: 1.350 GC heap before
{Heap before GC invocations=1 (full 0):
 PSYoungGen      total 38400K, used 33280K [0x00000000d5f00000, 0x00000000d8980000, 0x0000000100000000)
  eden space 33280K, 100% used [0x00000000d5f00000,0x00000000d7f80000,0x00000000d7f80000)
  from space 5120K, 0% used [0x00000000d8480000,0x00000000d8480000,0x00000000d8980000)
  to   space 5120K, 0% used [0x00000000d7f80000,0x00000000d7f80000,0x00000000d8480000)
 ParOldGen       total 87552K, used 0K [0x0000000081c00000, 0x0000000087180000, 0x00000000d5f00000)
  object space 87552K, 0% used [0x0000000081c00000,0x0000000081c00000,0x0000000087180000)
 Metaspace       used 12515K, capacity 12830K, committed 12928K, reserved 1060864K
  class space    used 1550K, capacity 1651K, committed 1664K, reserved 1048576K
Event: 1.357 GC heap after
Heap after GC invocations=1 (full 0):
 PSYoungGen      total 38400K, used 5106K [0x00000000d5f00000, 0x00000000d8980000, 0x0000000100000000)
  eden space 33280K, 0% used [0x00000000d5f00000,0x00000000d5f00000,0x00000000d7f80000)
  from space 5120K, 99% used [0x00000000d7f80000,0x00000000d847c9e8,0x00000000d8480000)
  to   space 5120K, 0% used [0x00000000d8480000,0x00000000d8480000,0x00000000d8980000)
 ParOldGen       total 87552K, used 501K [0x0000000081c00000, 0x0000000087180000, 0x00000000d5f00000)
  object space 87552K, 0% used [0x0000000081c00000,0x0000000081c7d780,0x0000000087180000)
 Metaspace       used 12515K, capacity 12830K, committed 12928K, reserved 1060864K
  class space    used 1550K, capacity 1651K, committed 1664K, reserved 1048576K
}
Event: 1.814 GC heap before
{Heap before GC invocations=2 (full 0):
 PSYoungGen      total 38400K, used 38386K [0x00000000d5f00000, 0x00000000d8980000, 0x0000000100000000)
  eden space 33280K, 100% used [0x00000000d5f00000,0x00000000d7f80000,0x00000000d7f80000)
  from space 5120K, 99% used [0x00000000d7f80000,0x00000000d847c9e8,0x00000000d8480000)
  to   space 5120K, 0% used [0x00000000d8480000,0x00000000d8480000,0x00000000d8980000)
 ParOldGen       total 87552K, used 501K [0x0000000081c00000, 0x0000000087180000, 0x00000000d5f00000)
  object space 87552K, 0% used [0x0000000081c00000,0x0000000081c7d780,0x0000000087180000)
 Metaspace       used 16270K, capacity 16804K, committed 17024K, reserved 1064960K
  class space    used 2166K, capacity 2316K, committed 2432K, reserved 1048576K
Event: 1.825 GC heap after
Heap after GC invocations=2 (full 0):
 PSYoungGen      total 38400K, used 5091K [0x00000000d5f00000, 0x00000000daa00000, 0x0000000100000000)
  eden space 33280K, 0% used [0x00000000d5f00000,0x00000000d5f00000,0x00000000d7f80000)
  from space 5120K, 99% used [0x00000000d8480000,0x00000000d8978db0,0x00000000d8980000)
  to   space 5120K, 0% used [0x00000000d7f80000,0x00000000d7f80000,0x00000000d8480000)
 ParOldGen       total 87552K, used 2505K [0x0000000081c00000, 0x0000000087180000, 0x00000000d5f00000)
  object space 87552K, 2% used [0x0000000081c00000,0x0000000081e727a8,0x0000000087180000)
 Metaspace       used 16270K, capacity 16804K, committed 17024K, reserved 1064960K
  class space    used 2166K, capacity 2316K, committed 2432K, reserved 1048576K
}
Event: 2.326 GC heap before
{Heap before GC invocations=3 (full 0):
 PSYoungGen      total 38400K, used 34036K [0x00000000d5f00000, 0x00000000daa00000, 0x0000000100000000)
  eden space 33280K, 86% used [0x00000000d5f00000,0x00000000d7b44278,0x00000000d7f80000)
  from space 5120K, 99% used [0x00000000d8480000,0x00000000d8978db0,0x00000000d8980000)
  to   space 5120K, 0% used [0x00000000d7f80000,0x00000000d7f80000,0x00000000d8480000)
 ParOldGen       total 87552K, used 2505K [0x0000000081c00000, 0x0000000087180000, 0x00000000d5f00000)
  object space 87552K, 2% used [0x0000000081c00000,0x0000000081e727a8,0x0000000087180000)
 Metaspace       used 20693K, capacity 21190K, committed 21296K, reserved 1067008K
  class space    used 2684K, capacity 2831K, committed 2864K, reserved 1048576K
Event: 2.334 GC heap after
Heap after GC invocations=3 (full 0):
 PSYoungGen      total 38400K, used 5091K [0x00000000d5f00000, 0x00000000daa00000, 0x0000000100000000)
  eden space 33280K, 0% used [0x00000000d5f00000,0x00000000d5f00000,0x00000000d7f80000)
  from space 5120K, 99% used [0x00000000d7f80000,0x00000000d8478c10,0x00000000d8480000)
  to   space 5120K, 0% used [0x00000000da500000,0x00000000da500000,0x00000000daa00000)
 ParOldGen       total 87552K, used 5997K [0x0000000081c00000, 0x0000000087180000, 0x00000000d5f00000)
  object space 87552K, 6% used [0x0000000081c00000,0x00000000821db788,0x0000000087180000)
 Metaspace       used 20693K, capacity 21190K, committed 21296K, reserved 1067008K
  class space    used 2684K, capacity 2831K, committed 2864K, reserved 1048576K
}
Event: 2.334 GC heap before
{Heap before GC invocations=4 (full 1):
 PSYoungGen      total 38400K, used 5091K [0x00000000d5f00000, 0x00000000daa00000, 0x0000000100000000)
  eden space 33280K, 0% used [0x00000000d5f00000,0x00000000d5f00000,0x00000000d7f80000)
  from space 5120K, 99% used [0x00000000d7f80000,0x00000000d8478c10,0x00000000d8480000)
  to   space 5120K, 0% used [0x00000000da500000,0x00000000da500000,0x00000000daa00000)
 ParOldGen       total 87552K, used 5997K [0x0000000081c00000, 0x0000000087180000, 0x00000000d5f00000)
  object space 87552K, 6% used [0x0000000081c00000,0x00000000821db788,0x0000000087180000)
 Metaspace       used 20693K, capacity 21190K, committed 21296K, reserved 1067008K
  class space    used 2684K, capacity 2831K, committed 2864K, reserved 1048576K
Event: 2.367 GC heap after
Heap after GC invocations=4 (full 1):
 PSYoungGen      total 38400K, used 0K [0x00000000d5f00000, 0x00000000daa00000, 0x0000000100000000)
  eden space 33280K, 0% used [0x00000000d5f00000,0x00000000d5f00000,0x00000000d7f80000)
  from space 5120K, 0% used [0x00000000d7f80000,0x00000000d7f80000,0x00000000d8480000)
  to   space 5120K, 0% used [0x00000000da500000,0x00000000da500000,0x00000000daa00000)
 ParOldGen       total 62464K, used 8364K [0x0000000081c00000, 0x0000000085900000, 0x00000000d5f00000)
  object space 62464K, 13% used [0x0000000081c00000,0x000000008242b028,0x0000000085900000)
 Metaspace       used 20693K, capacity 21190K, committed 21296K, reserved 1067008K
  class space    used 2684K, capacity 2831K, committed 2864K, reserved 1048576K
}
Event: 2.743 GC heap before
{Heap before GC invocations=5 (full 1):
 PSYoungGen      total 38400K, used 33280K [0x00000000d5f00000, 0x00000000daa00000, 0x0000000100000000)
  eden space 33280K, 100% used [0x00000000d5f00000,0x00000000d7f80000,0x00000000d7f80000)
  from space 5120K, 0% used [0x00000000d7f80000,0x00000000d7f80000,0x00000000d8480000)
  to   space 5120K, 0% used [0x00000000da500000,0x00000000da500000,0x00000000daa00000)
 ParOldGen       total 62464K, used 8364K [0x0000000081c00000, 0x0000000085900000, 0x00000000d5f00000)
  object space 62464K, 13% used [0x0000000081c00000,0x000000008242b028,0x0000000085900000)
 Metaspace       used 23979K, capacity 24678K, committed 24880K, reserved 1071104K
  class space    used 3122K, capacity 3305K, committed 3376K, reserved 1048576K
Event: 2.749 GC heap after
Heap after GC invocations=5 (full 1):
 PSYoungGen      total 55296K, used 4353K [0x00000000d5f00000, 0x00000000da980000, 0x0000000100000000)
  eden space 50688K, 0% used [0x00000000d5f00000,0x00000000d5f00000,0x00000000d9080000)
  from space 4608K, 94% used [0x00000000da500000,0x00000000da9407a8,0x00000000da980000)
  to   space 5120K, 0% used [0x00000000d9f80000,0x00000000d9f80000,0x00000000da480000)
 ParOldGen       total 62464K, used 8372K [0x0000000081c00000, 0x0000000085900000, 0x00000000d5f00000)
  object space 62464K, 13% used [0x0000000081c00000,0x000000008242d028,0x0000000085900000)
 Metaspace       used 23979K, capacity 24678K, committed 24880K, reserved 1071104K
  class space    used 3122K, capacity 3305K, committed 3376K, reserved 1048576K
}

Deoptimization events (10 events):
Event: 2.534 Thread 0x000000001baea000 Uncommon trap: reason=unstable_if action=reinterpret pc=0x00000000051300e8 method=jdk.internal.org.objectweb.asm.Type.getArgumentsAndReturnSizes(Ljava/lang/String;)I @ 47
Event: 2.565 Thread 0x000000001baea000 Uncommon trap: reason=unstable_if action=reinterpret pc=0x0000000005187200 method=java.util.Properties$LineReader.readLine()I @ 252
Event: 2.565 Thread 0x000000001baea000 Uncommon trap: reason=unstable_if action=reinterpret pc=0x000000000516cca8 method=java.util.Properties$LineReader.readLine()I @ 252
Event: 2.731 Thread 0x000000001baea000 Uncommon trap: reason=unstable_if action=reinterpret pc=0x000000000528ebe0 method=com.sun.org.apache.xerces.internal.impl.XMLEntityScanner.scanLiteral(ILcom/sun/org/apache/xerces/internal/xni/XMLString;Z)I @ 570
Event: 2.806 Thread 0x0000000004b96000 Uncommon trap: reason=unstable_if action=reinterpret pc=0x000000000508d740 method=org.springframework.boot.context.properties.source.ConfigurationPropertyName$ElementValidator.isValidChar(CI)Z @ 21
Event: 2.817 Thread 0x000000001baea000 Uncommon trap: reason=unstable_if action=reinterpret pc=0x00000000052bd7e0 method=com.sun.org.apache.xerces.internal.impl.XMLEntityScanner.skipSpaces()Z @ 125
Event: 2.872 Thread 0x000000001baea000 Uncommon trap: reason=unstable_if action=reinterpret pc=0x00000000052f4288 method=com.sun.org.apache.xerces.internal.util.SymbolTable.addSymbol([CII)Ljava/lang/String; @ 38
Event: 2.873 Thread 0x000000001baea000 Uncommon trap: reason=unstable_if action=reinterpret pc=0x00000000052f9850 method=com.sun.org.apache.xerces.internal.impl.XMLEntityScanner.scanLiteral(ILcom/sun/org/apache/xerces/internal/xni/XMLString;Z)I @ 44
Event: 2.903 Thread 0x000000001baea000 Uncommon trap: reason=predicate action=maybe_recompile pc=0x000000000501fbec method=java.lang.String.regionMatches(ZILjava/lang/String;II)Z @ 63
Event: 2.955 Thread 0x000000001baea000 Uncommon trap: reason=unstable_if action=reinterpret pc=0x00000000050677c0 method=sun.misc.URLClassPath$JarLoader.ensureOpen()V @ 4

Classes redefined (0 events):
No events

Internal exceptions (10 events):
Event: 3.634 Thread 0x0000000004b96000 Exception <a 'java/lang/ClassNotFoundException': org/springframework/beans/factory/config/BeanPostProcessorCustomizer> (0x00000000d8a66d78) thrown at [C:\re\workspace\8-2-build-windows-amd64-cygwin\jdk8u171\10807\hotspot\src\share\vm\classfile\systemDicti
Event: 3.635 Thread 0x0000000004b96000 Exception <a 'java/lang/ClassNotFoundException': org/springframework/beans/factory/BeanFactoryAwareCustomizer> (0x00000000d8a7b4b8) thrown at [C:\re\workspace\8-2-build-windows-amd64-cygwin\jdk8u171\10807\hotspot\src\share\vm\classfile\systemDictionary.cp
Event: 3.644 Thread 0x0000000004b96000 Exception <a 'java/lang/ClassNotFoundException': java/lang/ObjectCustomizer> (0x00000000d8ac1760) thrown at [C:\re\workspace\8-2-build-windows-amd64-cygwin\jdk8u171\10807\hotspot\src\share\vm\classfile\systemDictionary.cpp, line 210]
Event: 3.645 Thread 0x0000000004b96000 Exception <a 'java/lang/ClassNotFoundException': org/springframework/boot/autoconfigure/web/servlet/ServletWebServerFactoryConfiguration$EmbeddedTomcatCustomizer> (0x00000000d8ae2760) thrown at [C:\re\workspace\8-2-build-windows-amd64-cygwin\jdk8u171\1080
Event: 3.646 Thread 0x0000000004b96000 Exception <a 'java/lang/ClassNotFoundException': org/springframework/boot/autoconfigure/web/servlet/ServletWebServerFactoryConfiguration$EmbeddedTomcat$$EnhancerBySpringCGLIB$$d29d5cf5Customizer> (0x00000000d8b083f8) thrown at [C:\re\workspace\8-2-build-w
Event: 3.648 Thread 0x0000000004b96000 Exception <a 'java/lang/ClassNotFoundException': org/springframework/context/annotation/ConfigurationClassEnhancer$EnhancedConfigurationCustomizer> (0x00000000d8b2a3d8) thrown at [C:\re\workspace\8-2-build-windows-amd64-cygwin\jdk8u171\10807\hotspot\src\s
Event: 3.717 Thread 0x0000000004b96000 Exception <a 'java/lang/ClassNotFoundException': java/lang/ObjectCustomizer> (0x00000000d8dd4098) thrown at [C:\re\workspace\8-2-build-windows-amd64-cygwin\jdk8u171\10807\hotspot\src\share\vm\classfile\systemDictionary.cpp, line 210]
Event: 3.719 Thread 0x0000000004b96000 Exception <a 'java/lang/ClassNotFoundException': org/springframework/boot/web/server/AbstractConfigurableWebServerFactoryCustomizer> (0x00000000d8deeb58) thrown at [C:\re\workspace\8-2-build-windows-amd64-cygwin\jdk8u171\10807\hotspot\src\share\vm\classfi
Event: 3.721 Thread 0x0000000004b96000 Exception <a 'java/lang/ClassNotFoundException': org/springframework/boot/web/servlet/server/AbstractServletWebServerFactoryCustomizer> (0x00000000d8e221f8) thrown at [C:\re\workspace\8-2-build-windows-amd64-cygwin\jdk8u171\10807\hotspot\src\share\vm\clas
Event: 3.723 Thread 0x0000000004b96000 Exception <a 'java/lang/ClassNotFoundException': org/springframework/boot/web/embedded/tomcat/TomcatServletWebServerFactoryCustomizer> (0x00000000d8e61310) thrown at [C:\re\workspace\8-2-build-windows-amd64-cygwin\jdk8u171\10807\hotspot\src\share\vm\class

Events (10 events):
Event: 3.721 loading class org/springframework/boot/web/servlet/server/AbstractServletWebServerFactoryCustomizer
Event: 3.721 loading class org/springframework/boot/web/servlet/server/AbstractServletWebServerFactoryCustomizer done
Event: 3.723 loading class org/springframework/boot/web/embedded/tomcat/TomcatServletWebServerFactoryCustomizer
Event: 3.723 loading class org/springframework/boot/web/embedded/tomcat/TomcatServletWebServerFactoryCustomizer done
Event: 3.723 loading class org/springframework/boot/web/embedded/tomcat/TomcatServletWebServerFactoryCustomizer
Event: 3.723 loading class org/springframework/boot/web/embedded/tomcat/TomcatServletWebServerFactoryCustomizer done
Event: 3.723 loading class org/springframework/boot/web/embedded/tomcat/TomcatServletWebServerFactoryCustomizer
Event: 3.723 loading class org/springframework/boot/web/embedded/tomcat/TomcatServletWebServerFactoryCustomizer done
Event: 3.729 loading class org/springframework/boot/web/embedded/tomcat/ConfigurableTomcatWebServerFactoryCustomizer
Event: 3.729 loading class org/springframework/boot/web/embedded/tomcat/ConfigurableTomcatWebServerFactoryCustomizer done


Dynamic libraries:
0x00007ff62b410000 - 0x00007ff62b447000 	C:\Program Files\Java\jre1.8.0_171\bin\javaw.exe
0x00007ffdf8e10000 - 0x00007ffdf8ff0000 	C:\WINDOWS\SYSTEM32\ntdll.dll
0x00007ffdf6c10000 - 0x00007ffdf6cbe000 	C:\WINDOWS\System32\KERNEL32.DLL
0x00007ffdf55f0000 - 0x00007ffdf5856000 	C:\WINDOWS\System32\KERNELBASE.dll
0x00000000597d0000 - 0x0000000059aeb000 	C:\Program Files (x86)\Norton Internet Security\NortonData\22.5.0.124\Definitions\IPSDefs\20180529.061\IPSEng64.dll
0x00007ffdf81d0000 - 0x00007ffdf8271000 	C:\WINDOWS\System32\ADVAPI32.dll
0x00007ffdf8130000 - 0x00007ffdf81cd000 	C:\WINDOWS\System32\msvcrt.dll
0x00007ffdf8280000 - 0x00007ffdf82db000 	C:\WINDOWS\System32\sechost.dll
0x00007ffdf8480000 - 0x00007ffdf859f000 	C:\WINDOWS\System32\RPCRT4.dll
0x00007ffdf8da0000 - 0x00007ffdf8da8000 	C:\WINDOWS\System32\PSAPI.DLL
0x00007ffdf8b10000 - 0x00007ffdf8c9f000 	C:\WINDOWS\System32\USER32.dll
0x00007ffdf5530000 - 0x00007ffdf5550000 	C:\WINDOWS\System32\win32u.dll
0x00007ffdf6cc0000 - 0x00007ffdf6ce8000 	C:\WINDOWS\System32\GDI32.dll
0x00007ffdf5390000 - 0x00007ffdf5523000 	C:\WINDOWS\System32\gdi32full.dll
0x00007ffdf5550000 - 0x00007ffdf55eb000 	C:\WINDOWS\System32\msvcp_win.dll
0x00007ffdf5a30000 - 0x00007ffdf5b26000 	C:\WINDOWS\System32\ucrtbase.dll
0x00007ffdeb4a0000 - 0x00007ffdeb709000 	C:\WINDOWS\WinSxS\amd64_microsoft.windows.common-controls_6595b64144ccf1df_6.0.16299.431_none_15c7d3ee93659e73\COMCTL32.dll
0x00007ffdf62e0000 - 0x00007ffdf65e8000 	C:\WINDOWS\System32\combase.dll
0x00007ffdf5260000 - 0x00007ffdf52d2000 	C:\WINDOWS\System32\bcryptPrimitives.dll
0x00007ffdf8db0000 - 0x00007ffdf8ddd000 	C:\WINDOWS\System32\IMM32.DLL
0x000000005c3d0000 - 0x000000005c4a2000 	C:\Program Files\Java\jre1.8.0_171\bin\msvcr100.dll
0x0000000058d40000 - 0x00000000595e0000 	C:\Program Files\Java\jre1.8.0_171\bin\server\jvm.dll
0x00007ffde9da0000 - 0x00007ffde9da9000 	C:\WINDOWS\SYSTEM32\WSOCK32.dll
0x00007ffdf8800000 - 0x00007ffdf886c000 	C:\WINDOWS\System32\WS2_32.dll
0x00007ffdf1fc0000 - 0x00007ffdf1fe3000 	C:\WINDOWS\SYSTEM32\WINMM.dll
0x00007ffdeb880000 - 0x00007ffdeb88a000 	C:\WINDOWS\SYSTEM32\VERSION.dll
0x00007ffdf1f90000 - 0x00007ffdf1fba000 	C:\WINDOWS\SYSTEM32\WINMMBASE.dll
0x00007ffdf5210000 - 0x00007ffdf525a000 	C:\WINDOWS\System32\cfgmgr32.dll
0x000000005c4e0000 - 0x000000005c4ef000 	C:\Program Files\Java\jre1.8.0_171\bin\verify.dll
0x000000005c4b0000 - 0x000000005c4d9000 	C:\Program Files\Java\jre1.8.0_171\bin\java.dll
0x000000005c2e0000 - 0x000000005c2f6000 	C:\Program Files\Java\jre1.8.0_171\bin\zip.dll
0x00007ffdf6cf0000 - 0x00007ffdf8128000 	C:\WINDOWS\System32\SHELL32.dll
0x00007ffdf8870000 - 0x00007ffdf8916000 	C:\WINDOWS\System32\shcore.dll
0x00007ffdf5b90000 - 0x00007ffdf62d7000 	C:\WINDOWS\System32\windows.storage.dll
0x00007ffdf8920000 - 0x00007ffdf8971000 	C:\WINDOWS\System32\shlwapi.dll
0x00007ffdf51a0000 - 0x00007ffdf51b1000 	C:\WINDOWS\System32\kernel.appcore.dll
0x00007ffdf51c0000 - 0x00007ffdf520c000 	C:\WINDOWS\System32\powrprof.dll
0x00007ffdf5180000 - 0x00007ffdf519b000 	C:\WINDOWS\System32\profapi.dll
0x000000005c4f0000 - 0x000000005c4fd000 	C:\Program Files\Java\jre1.8.0_171\bin\management.dll
0x000000005c560000 - 0x000000005c57a000 	C:\Program Files\Java\jre1.8.0_171\bin\net.dll
0x00007ffdf4990000 - 0x00007ffdf49f6000 	C:\WINDOWS\system32\mswsock.dll
0x000000005c540000 - 0x000000005c551000 	C:\Program Files\Java\jre1.8.0_171\bin\nio.dll
0x00007ffddd700000 - 0x00007ffddd716000 	C:\WINDOWS\system32\napinsp.dll
0x00007ffddd2e0000 - 0x00007ffddd2fa000 	C:\WINDOWS\system32\pnrpnsp.dll
0x00007ffdf21c0000 - 0x00007ffdf21d8000 	C:\WINDOWS\system32\NLAapi.dll
0x00007ffdf4760000 - 0x00007ffdf4816000 	C:\WINDOWS\SYSTEM32\DNSAPI.dll
0x00007ffdf8ca0000 - 0x00007ffdf8ca8000 	C:\WINDOWS\System32\NSI.dll
0x00007ffdf4720000 - 0x00007ffdf4759000 	C:\WINDOWS\SYSTEM32\IPHLPAPI.DLL
0x00007ffddcb10000 - 0x00007ffddcb1e000 	C:\WINDOWS\System32\winrnr.dll
0x00007ffddcaf0000 - 0x00007ffddcb05000 	C:\WINDOWS\System32\wshbth.dll
0x00007ffded080000 - 0x00007ffded08a000 	C:\Windows\System32\rasadhlp.dll
0x00007ffdee060000 - 0x00007ffdee0d0000 	C:\WINDOWS\System32\fwpuclnt.dll
0x00007ffdf4c60000 - 0x00007ffdf4c85000 	C:\WINDOWS\SYSTEM32\bcrypt.dll
0x00007ffdf4b50000 - 0x00007ffdf4b67000 	C:\WINDOWS\SYSTEM32\CRYPTSP.dll
0x00007ffdf4590000 - 0x00007ffdf45c3000 	C:\WINDOWS\system32\rsaenh.dll
0x00007ffdf5090000 - 0x00007ffdf50b9000 	C:\WINDOWS\SYSTEM32\USERENV.dll
0x00007ffdf4b70000 - 0x00007ffdf4b7b000 	C:\WINDOWS\SYSTEM32\CRYPTBASE.dll
0x00007ffdef390000 - 0x00007ffdef3a6000 	C:\WINDOWS\SYSTEM32\dhcpcsvc6.DLL
0x00007ffdef0f0000 - 0x00007ffdef10a000 	C:\WINDOWS\SYSTEM32\dhcpcsvc.DLL

VM Arguments:
jvm_args: -Dcom.sun.management.jmxremote -Dcom.sun.management.jmxremote.port=12279 -Dcom.sun.management.jmxremote.authenticate=false -Dcom.sun.management.jmxremote.ssl=false -Dspring.liveBeansView.mbeanDomain -Dspring.application.admin.enabled=true -Dfile.encoding=MS949 
java_command: com.example.WebApplication
java_class_path (initial): C:\Users\user\workspace\web\bin\main;C:\Users\user\workspace\web\bin\test;C:\Users\user\workspace\web\bin\default;C:\Users\user\.gradle\caches\modules-2\files-2.1\org.springframework.boot\spring-boot-starter-web\2.0.2.RELEASE\b6ef0cf4d0a7c6c7e93ff524b84cd1d8f87f67d9\spring-boot-starter-web-2.0.2.RELEASE.jar;C:\Users\user\.gradle\caches\modules-2\files-2.1\org.springframework.boot\spring-boot-starter-json\2.0.2.RELEASE\5edda979838ced5314b8f58a958fe9d6b4b3badd\spring-boot-starter-json-2.0.2.RELEASE.jar;C:\Users\user\.gradle\caches\modules-2\files-2.1\org.springframework.boot\spring-boot-starter\2.0.2.RELEASE\1cda94f0dfcf2b065191782a54b84d2abf96391\spring-boot-starter-2.0.2.RELEASE.jar;C:\Users\user\.gradle\caches\modules-2\files-2.1\org.springframework.boot\spring-boot-starter-tomcat\2.0.2.RELEASE\cedbfb18762e1c220007c768bfc5b773f5b30f8a\spring-boot-starter-tomcat-2.0.2.RELEASE.jar;C:\Users\user\.gradle\caches\modules-2\files-2.1\org.hibernate.validator\hibernate-validator\6.0.9.Final\b149e4cce82379f11f6129eb3187ca8ae5404005\hibernate-validator-6.0.9.Final.jar;C:\Users\user\.gradle\caches\modules-2\files-2.1\org.springframework\spring-webmvc\5.0.6.RELEASE\1361c5d1cf46665ee01de5dc1ca447c3be174c19\spring-webmvc-5.0.6.RELEASE.jar;C:\Users\user\.gradle\caches\modules-2\files-2.1\org.springframework\spring-web\5.0.6.RELEASE\89e89de3025165998118590613aedc6df8d64af6\spring-web-5.0.6.RELEASE.jar;C:\Users\user\.gradle\caches\modules-2\files-2.1\org.springframework.boot\spring-boot-autoconfigure\2.0.2.RELEASE\f4b25e753e4955337a138d8b1550236b5efe5b3b\spring-boot-autoconfigure-2.0.2.RELEASE.jar;C:\Users\user\.gradle\caches\modules-2\files-2.1\org.springframework.boot\spring-boot\2.0.2.RELEASE\15012cf02e9f77938244e554f0598535fdd1cb38\spring-boot-2.0.2.RELEASE.jar;C:\Users\user\.gradle\caches\modules-2\files-2.1\org.springframework.boot\spring-boot-starter-logging\2.0.2.RELEASE\b56d7d1931792d6e58dbd41f956912359ba85238\spring-boot-starter-logging-2.0.2.R
Launcher Type: SUN_STANDARD

Environment Variables:
PATH=C:/Program Files/Java/jre1.8.0_171/bin/server;C:/Program Files/Java/jre1.8.0_171/bin;C:/Program Files/Java/jre1.8.0_171/lib/amd64;C:\Program Files (x86)\Common Files\Oracle\Java\javapath;C:\ProgramData\Oracle\Java\javapath;C:\Program Files (x86)\GnuWin32\bin;C:\gradle\bin;C:\Users\user\AppData\Local\Microsoft\WindowsApps;;C:\Users\user\Downloads\eclipse-java-luna-SR1-win32-x86_64\eclipse;
USERNAME=user
OS=Windows_NT
PROCESSOR_IDENTIFIER=Intel64 Family 6 Model 58 Stepping 9, GenuineIntel



---------------  S Y S T E M  ---------------

OS: Windows 10.0 , 64 bit Build 16299 (10.0.16299.431)

CPU:total 4 (initial active 4) (2 cores per cpu, 2 threads per core) family 6 model 58 stepping 9, cmov, cx8, fxsr, mmx, sse, sse2, sse3, ssse3, sse4.1, sse4.2, popcnt, avx, aes, clmul, erms, ht, tsc, tscinvbit, tscinv

Memory: 4k page, physical 8271496k(962356k free), swap 8271496k(5120k free)

vm_info: Java HotSpot(TM) 64-Bit Server VM (25.171-b11) for windows-amd64 JRE (1.8.0_171-b11), built on Mar 28 2018 16:06:12 by "java_re" with MS VC++ 10.0 (VS2010)

time: Wed May 30 19:08:15 2018
elapsed time: 3 seconds (0d 0h 0m 3s)

