#
# There is insufficient memory for the Java Runtime Environment to continue.
# Native memory allocation (malloc) failed to allocate 2066096 bytes for Chunk::new
# Possible reasons:
#   The system is out of physical RAM or swap space
#   In 32 bit mode, the process size limit was hit
# Possible solutions:
#   Reduce memory load on the system
#   Increase physical memory or swap space
#   Check if swap backing store is full
#   Use 64 bit Java on a 64 bit OS
#   Decrease Java heap size (-Xmx/-Xms)
#   Decrease number of Java threads
#   Decrease Java thread stack sizes (-Xss)
#   Set larger code cache with -XX:ReservedCodeCacheSize=
# This output file may be truncated or incomplete.
#
#  Out of Memory Error (allocation.cpp:390), pid=53320, tid=0x000000000000d7e8
#
# JRE version: Java(TM) SE Runtime Environment (8.0_171-b11) (build 1.8.0_171-b11)
# Java VM: Java HotSpot(TM) 64-Bit Server VM (25.171-b11 mixed mode windows-amd64 compressed oops)
# Failed to write core dump. Minidumps are not enabled by default on client versions of Windows
#

---------------  T H R E A D  ---------------

Current thread (0x0000000019772000):  JavaThread "C2 CompilerThread1" daemon [_thread_in_native, id=55272, stack(0x000000001b2b0000,0x000000001b3b0000)]

Stack: [0x000000001b2b0000,0x000000001b3b0000]
[error occurred during error reporting (printing stack bounds), id 0xc0000005]

Native frames: (J=compiled Java code, j=interpreted, Vv=VM code, C=native code)


Current CompileTask:
C2:   3646 2089   !   4       java.net.URLClassLoader$1::run (63 bytes)


---------------  P R O C E S S  ---------------

Java Threads: ( => current thread )
  0x000000001b879000 JavaThread "RMI TCP Accept-0" daemon [_thread_in_native, id=40860, stack(0x000000001bfb0000,0x000000001c0b0000)]
  0x000000001b858800 JavaThread "RMI TCP Accept-9335" daemon [_thread_in_native, id=47844, stack(0x000000001beb0000,0x000000001bfb0000)]
  0x000000001b838800 JavaThread "RMI TCP Accept-0" daemon [_thread_in_native, id=55960, stack(0x000000001bdb0000,0x000000001beb0000)]
  0x00000000197ae000 JavaThread "Service Thread" daemon [_thread_blocked, id=42204, stack(0x000000001b4b0000,0x000000001b5b0000)]
  0x0000000019774800 JavaThread "C1 CompilerThread2" daemon [_thread_blocked, id=45568, stack(0x000000001b3b0000,0x000000001b4b0000)]
=>0x0000000019772000 JavaThread "C2 CompilerThread1" daemon [_thread_in_native, id=55272, stack(0x000000001b2b0000,0x000000001b3b0000)]
  0x0000000019770800 JavaThread "C2 CompilerThread0" daemon [_thread_in_native, id=47500, stack(0x000000001b1b0000,0x000000001b2b0000)]
  0x000000001976e800 JavaThread "Attach Listener" daemon [_thread_blocked, id=47536, stack(0x000000001b0b0000,0x000000001b1b0000)]
  0x000000001abf3800 JavaThread "Signal Dispatcher" daemon [_thread_blocked, id=44280, stack(0x000000001afb0000,0x000000001b0b0000)]
  0x000000001973c800 JavaThread "Finalizer" daemon [_thread_blocked, id=53392, stack(0x000000001aab0000,0x000000001abb0000)]
  0x0000000019719000 JavaThread "Reference Handler" daemon [_thread_blocked, id=41760, stack(0x000000001a9b0000,0x000000001aab0000)]
  0x0000000004b26000 JavaThread "main" [_thread_in_Java, id=54848, stack(0x0000000004a20000,0x0000000004b20000)]

Other Threads:
  0x0000000019717000 VMThread [stack: 0x000000001a7b0000,0x000000001a8b0000] [id=50704]
  0x000000001b87b000 WatcherThread [stack: 0x000000001c0b0000,0x000000001c1b0000] [id=54196]

VM state:not at safepoint (normal execution)

VM Mutex/Monitor currently owned by a thread: None

Heap:
 PSYoungGen      total 54272K, used 47204K [0x00000000d5f00000, 0x00000000da980000, 0x0000000100000000)
  eden space 49664K, 86% used [0x00000000d5f00000,0x00000000d88e7628,0x00000000d8f80000)
  from space 4608K, 93% used [0x00000000da500000,0x00000000da931c58,0x00000000da980000)
  to   space 5120K, 0% used [0x00000000d9f80000,0x00000000d9f80000,0x00000000da480000)
 ParOldGen       total 62976K, used 8343K [0x0000000081c00000, 0x0000000085980000, 0x00000000d5f00000)
  object space 62976K, 13% used [0x0000000081c00000,0x0000000082425e28,0x0000000085980000)
 Metaspace       used 27275K, capacity 28114K, committed 28464K, reserved 1073152K
  class space    used 3565K, capacity 3775K, committed 3888K, reserved 1048576K

Card table byte_map: [0x0000000013fe0000,0x00000000143e0000] byte_map_base: 0x0000000013bd2000

Marking Bits: (ParMarkBitMap*) 0x00000000595608c0
 Begin Bits: [0x0000000014a90000, 0x0000000016a20000)
 End Bits:   [0x0000000016a20000, 0x00000000189b0000)

Polling page: 0x0000000002b40000

CodeCache: size=245760Kb used=8629Kb max_used=8629Kb free=237130Kb
 bounds [0x0000000004c20000, 0x00000000054a0000, 0x0000000013c20000]
 total_blobs=2858 nmethods=2453 adapters=317
 compilation: enabled

Compilation events (10 events):
Event: 3.635 Thread 0x0000000019774800 nmethod 2451 0x00000000054828d0 code [0x0000000005482b20, 0x00000000054835a8]
Event: 3.635 Thread 0x0000000019774800 2455       3       sun.misc.ProxyGenerator$MethodInfo::write (283 bytes)
Event: 3.641 Thread 0x0000000019774800 nmethod 2455 0x0000000005483c10 code [0x0000000005484280, 0x0000000005488fe8]
Event: 3.641 Thread 0x0000000019774800 2452       3       sun.misc.ProxyGenerator::code_astore (11 bytes)
Event: 3.641 Thread 0x0000000019774800 nmethod 2452 0x000000000548b290 code [0x000000000548b400, 0x000000000548b5a8]
Event: 3.641 Thread 0x0000000019774800 2456  s    3       java.io.ByteArrayOutputStream::writeTo (14 bytes)
Event: 3.641 Thread 0x0000000019774800 nmethod 2456 0x000000000548b650 code [0x000000000548b7c0, 0x000000000548bb48]
Event: 3.641 Thread 0x0000000019774800 2453       3       sun.misc.ProxyGenerator::access$1700 (7 bytes)
Event: 3.641 Thread 0x0000000019774800 nmethod 2453 0x000000000548bc50 code [0x000000000548bdc0, 0x000000000548bf28]
Event: 3.641 Thread 0x0000000019774800 2454       3       sun.misc.ProxyGenerator::codeClassForName (41 bytes)

GC Heap History (10 events):
Event: 1.261 GC heap before
{Heap before GC invocations=1 (full 0):
 PSYoungGen      total 38400K, used 33280K [0x00000000d5f00000, 0x00000000d8980000, 0x0000000100000000)
  eden space 33280K, 100% used [0x00000000d5f00000,0x00000000d7f80000,0x00000000d7f80000)
  from space 5120K, 0% used [0x00000000d8480000,0x00000000d8480000,0x00000000d8980000)
  to   space 5120K, 0% used [0x00000000d7f80000,0x00000000d7f80000,0x00000000d8480000)
 ParOldGen       total 87552K, used 0K [0x0000000081c00000, 0x0000000087180000, 0x00000000d5f00000)
  object space 87552K, 0% used [0x0000000081c00000,0x0000000081c00000,0x0000000087180000)
 Metaspace       used 12541K, capacity 12830K, committed 12928K, reserved 1060864K
  class space    used 1553K, capacity 1651K, committed 1664K, reserved 1048576K
Event: 1.268 GC heap after
Heap after GC invocations=1 (full 0):
 PSYoungGen      total 38400K, used 5115K [0x00000000d5f00000, 0x00000000d8980000, 0x0000000100000000)
  eden space 33280K, 0% used [0x00000000d5f00000,0x00000000d5f00000,0x00000000d7f80000)
  from space 5120K, 99% used [0x00000000d7f80000,0x00000000d847eea8,0x00000000d8480000)
  to   space 5120K, 0% used [0x00000000d8480000,0x00000000d8480000,0x00000000d8980000)
 ParOldGen       total 87552K, used 493K [0x0000000081c00000, 0x0000000087180000, 0x00000000d5f00000)
  object space 87552K, 0% used [0x0000000081c00000,0x0000000081c7b780,0x0000000087180000)
 Metaspace       used 12541K, capacity 12830K, committed 12928K, reserved 1060864K
  class space    used 1553K, capacity 1651K, committed 1664K, reserved 1048576K
}
Event: 1.758 GC heap before
{Heap before GC invocations=2 (full 0):
 PSYoungGen      total 38400K, used 38395K [0x00000000d5f00000, 0x00000000d8980000, 0x0000000100000000)
  eden space 33280K, 100% used [0x00000000d5f00000,0x00000000d7f80000,0x00000000d7f80000)
  from space 5120K, 99% used [0x00000000d7f80000,0x00000000d847eea8,0x00000000d8480000)
  to   space 5120K, 0% used [0x00000000d8480000,0x00000000d8480000,0x00000000d8980000)
 ParOldGen       total 87552K, used 493K [0x0000000081c00000, 0x0000000087180000, 0x00000000d5f00000)
  object space 87552K, 0% used [0x0000000081c00000,0x0000000081c7b780,0x0000000087180000)
 Metaspace       used 16232K, capacity 16740K, committed 17024K, reserved 1064960K
  class space    used 2163K, capacity 2316K, committed 2432K, reserved 1048576K
Event: 1.770 GC heap after
Heap after GC invocations=2 (full 0):
 PSYoungGen      total 38400K, used 5111K [0x00000000d5f00000, 0x00000000daa00000, 0x0000000100000000)
  eden space 33280K, 0% used [0x00000000d5f00000,0x00000000d5f00000,0x00000000d7f80000)
  from space 5120K, 99% used [0x00000000d8480000,0x00000000d897df58,0x00000000d8980000)
  to   space 5120K, 0% used [0x00000000d7f80000,0x00000000d7f80000,0x00000000d8480000)
 ParOldGen       total 87552K, used 2367K [0x0000000081c00000, 0x0000000087180000, 0x00000000d5f00000)
  object space 87552K, 2% used [0x0000000081c00000,0x0000000081e4fe08,0x0000000087180000)
 Metaspace       used 16232K, capacity 16740K, committed 17024K, reserved 1064960K
  class space    used 2163K, capacity 2316K, committed 2432K, reserved 1048576K
}
Event: 2.335 GC heap before
{Heap before GC invocations=3 (full 0):
 PSYoungGen      total 38400K, used 34274K [0x00000000d5f00000, 0x00000000daa00000, 0x0000000100000000)
  eden space 33280K, 87% used [0x00000000d5f00000,0x00000000d7b7ab20,0x00000000d7f80000)
  from space 5120K, 99% used [0x00000000d8480000,0x00000000d897df58,0x00000000d8980000)
  to   space 5120K, 0% used [0x00000000d7f80000,0x00000000d7f80000,0x00000000d8480000)
 ParOldGen       total 87552K, used 2367K [0x0000000081c00000, 0x0000000087180000, 0x00000000d5f00000)
  object space 87552K, 2% used [0x0000000081c00000,0x0000000081e4fe08,0x0000000087180000)
 Metaspace       used 20644K, capacity 21190K, committed 21296K, reserved 1067008K
  class space    used 2679K, capacity 2831K, committed 2864K, reserved 1048576K
Event: 2.344 GC heap after
Heap after GC invocations=3 (full 0):
 PSYoungGen      total 38400K, used 5107K [0x00000000d5f00000, 0x00000000daa00000, 0x0000000100000000)
  eden space 33280K, 0% used [0x00000000d5f00000,0x00000000d5f00000,0x00000000d7f80000)
  from space 5120K, 99% used [0x00000000d7f80000,0x00000000d847cc00,0x00000000d8480000)
  to   space 5120K, 0% used [0x00000000da500000,0x00000000da500000,0x00000000daa00000)
 ParOldGen       total 87552K, used 5797K [0x0000000081c00000, 0x0000000087180000, 0x00000000d5f00000)
  object space 87552K, 6% used [0x0000000081c00000,0x00000000821a9690,0x0000000087180000)
 Metaspace       used 20644K, capacity 21190K, committed 21296K, reserved 1067008K
  class space    used 2679K, capacity 2831K, committed 2864K, reserved 1048576K
}
Event: 2.344 GC heap before
{Heap before GC invocations=4 (full 1):
 PSYoungGen      total 38400K, used 5107K [0x00000000d5f00000, 0x00000000daa00000, 0x0000000100000000)
  eden space 33280K, 0% used [0x00000000d5f00000,0x00000000d5f00000,0x00000000d7f80000)
  from space 5120K, 99% used [0x00000000d7f80000,0x00000000d847cc00,0x00000000d8480000)
  to   space 5120K, 0% used [0x00000000da500000,0x00000000da500000,0x00000000daa00000)
 ParOldGen       total 87552K, used 5797K [0x0000000081c00000, 0x0000000087180000, 0x00000000d5f00000)
  object space 87552K, 6% used [0x0000000081c00000,0x00000000821a9690,0x0000000087180000)
 Metaspace       used 20644K, capacity 21190K, committed 21296K, reserved 1067008K
  class space    used 2679K, capacity 2831K, committed 2864K, reserved 1048576K
Event: 2.378 GC heap after
Heap after GC invocations=4 (full 1):
 PSYoungGen      total 38400K, used 0K [0x00000000d5f00000, 0x00000000daa00000, 0x0000000100000000)
  eden space 33280K, 0% used [0x00000000d5f00000,0x00000000d5f00000,0x00000000d7f80000)
  from space 5120K, 0% used [0x00000000d7f80000,0x00000000d7f80000,0x00000000d8480000)
  to   space 5120K, 0% used [0x00000000da500000,0x00000000da500000,0x00000000daa00000)
 ParOldGen       total 62976K, used 8343K [0x0000000081c00000, 0x0000000085980000, 0x00000000d5f00000)
  object space 62976K, 13% used [0x0000000081c00000,0x0000000082425e28,0x0000000085980000)
 Metaspace       used 20644K, capacity 21190K, committed 21296K, reserved 1067008K
  class space    used 2679K, capacity 2831K, committed 2864K, reserved 1048576K
}
Event: 2.770 GC heap before
{Heap before GC invocations=5 (full 1):
 PSYoungGen      total 38400K, used 33280K [0x00000000d5f00000, 0x00000000daa00000, 0x0000000100000000)
  eden space 33280K, 100% used [0x00000000d5f00000,0x00000000d7f80000,0x00000000d7f80000)
  from space 5120K, 0% used [0x00000000d7f80000,0x00000000d7f80000,0x00000000d8480000)
  to   space 5120K, 0% used [0x00000000da500000,0x00000000da500000,0x00000000daa00000)
 ParOldGen       total 62976K, used 8343K [0x0000000081c00000, 0x0000000085980000, 0x00000000d5f00000)
  object space 62976K, 13% used [0x0000000081c00000,0x0000000082425e28,0x0000000085980000)
 Metaspace       used 23946K, capacity 24606K, committed 24880K, reserved 1071104K
  class space    used 3124K, capacity 3305K, committed 3376K, reserved 1048576K
Event: 2.775 GC heap after
Heap after GC invocations=5 (full 1):
 PSYoungGen      total 54272K, used 4295K [0x00000000d5f00000, 0x00000000da980000, 0x0000000100000000)
  eden space 49664K, 0% used [0x00000000d5f00000,0x00000000d5f00000,0x00000000d8f80000)
  from space 4608K, 93% used [0x00000000da500000,0x00000000da931c58,0x00000000da980000)
  to   space 5120K, 0% used [0x00000000d9f80000,0x00000000d9f80000,0x00000000da480000)
 ParOldGen       total 62976K, used 8343K [0x0000000081c00000, 0x0000000085980000, 0x00000000d5f00000)
  object space 62976K, 13% used [0x0000000081c00000,0x0000000082425e28,0x0000000085980000)
 Metaspace       used 23946K, capacity 24606K, committed 24880K, reserved 1071104K
  class space    used 3124K, capacity 3305K, committed 3376K, reserved 1048576K
}

Deoptimization events (10 events):
Event: 2.388 Thread 0x0000000004b26000 Uncommon trap: reason=unstable_if action=reinterpret pc=0x00000000050dfd70 method=sun.net.www.protocol.jar.Handler.parseURL(Ljava/net/URL;Ljava/lang/String;II)V @ 94
Event: 2.615 Thread 0x000000001bc4f000 Uncommon trap: reason=unstable_if action=reinterpret pc=0x00000000050c1f28 method=jdk.internal.org.objectweb.asm.Type.getArgumentsAndReturnSizes(Ljava/lang/String;)I @ 47
Event: 2.645 Thread 0x000000001bc4f000 Uncommon trap: reason=unstable_if action=reinterpret pc=0x0000000005123440 method=java.util.Properties$LineReader.readLine()I @ 252
Event: 2.646 Thread 0x000000001bc4f000 Uncommon trap: reason=unstable_if action=reinterpret pc=0x0000000005108e28 method=java.util.Properties$LineReader.readLine()I @ 252
Event: 2.808 Thread 0x0000000004b26000 Uncommon trap: reason=unstable_if action=reinterpret pc=0x0000000005036a80 method=org.springframework.boot.context.properties.source.ConfigurationPropertyName$ElementValidator.isValidChar(CI)Z @ 21
Event: 2.822 Thread 0x000000001bc4f000 Uncommon trap: reason=unstable_if action=reinterpret pc=0x0000000005228360 method=com.sun.org.apache.xerces.internal.impl.XMLEntityScanner.scanLiteral(ILcom/sun/org/apache/xerces/internal/xni/XMLString;Z)I @ 570
Event: 2.911 Thread 0x000000001bc4f000 Uncommon trap: reason=unstable_if action=reinterpret pc=0x000000000527a1dc method=com.sun.org.apache.xerces.internal.impl.XMLEntityScanner.skipSpaces()Z @ 125
Event: 2.967 Thread 0x000000001bc4f000 Uncommon trap: reason=unstable_if action=reinterpret pc=0x0000000005293cc8 method=com.sun.org.apache.xerces.internal.util.SymbolTable.addSymbol([CII)Ljava/lang/String; @ 38
Event: 3.005 Thread 0x000000001bc4f000 Uncommon trap: reason=predicate action=maybe_recompile pc=0x0000000004fb8cac method=java.lang.String.regionMatches(ZILjava/lang/String;II)Z @ 63
Event: 3.071 Thread 0x000000001bc4f000 Uncommon trap: reason=unstable_if action=reinterpret pc=0x0000000004ffb484 method=sun.misc.URLClassPath$JarLoader.ensureOpen()V @ 4

Classes redefined (0 events):
No events

Internal exceptions (10 events):
Event: 3.597 Thread 0x0000000004b26000 Exception <a 'java/lang/ClassNotFoundException': org/springframework/beans/factory/BeanFactoryAwareCustomizer> (0x00000000d86ccd20) thrown at [C:\re\workspace\8-2-build-windows-amd64-cygwin\jdk8u171\10807\hotspot\src\share\vm\classfile\systemDictionary.cp
Event: 3.598 Thread 0x0000000004b26000 Exception <a 'java/lang/ClassNotFoundException': org/springframework/beans/factory/config/DestructionAwareBeanPostProcessorCustomizer> (0x00000000d86e62b0) thrown at [C:\re\workspace\8-2-build-windows-amd64-cygwin\jdk8u171\10807\hotspot\src\share\vm\class
Event: 3.599 Thread 0x0000000004b26000 Exception <a 'java/lang/ClassNotFoundException': org/springframework/beans/factory/support/MergedBeanDefinitionPostProcessorCustomizer> (0x00000000d86ffcd0) thrown at [C:\re\workspace\8-2-build-windows-amd64-cygwin\jdk8u171\10807\hotspot\src\share\vm\clas
Event: 3.601 Thread 0x0000000004b26000 Exception <a 'java/lang/ClassNotFoundException': org/springframework/core/PriorityOrderedCustomizer> (0x00000000d87117f0) thrown at [C:\re\workspace\8-2-build-windows-amd64-cygwin\jdk8u171\10807\hotspot\src\share\vm\classfile\systemDictionary.cpp, line 21
Event: 3.602 Thread 0x0000000004b26000 Exception <a 'java/lang/ClassNotFoundException': java/lang/ObjectCustomizer> (0x00000000d871bed8) thrown at [C:\re\workspace\8-2-build-windows-amd64-cygwin\jdk8u171\10807\hotspot\src\share\vm\classfile\systemDictionary.cpp, line 210]
Event: 3.604 Thread 0x0000000004b26000 Exception <a 'java/lang/ClassNotFoundException': org/springframework/boot/context/properties/ConfigurationPropertiesBindingPostProcessorCustomizer> (0x00000000d8739c40) thrown at [C:\re\workspace\8-2-build-windows-amd64-cygwin\jdk8u171\10807\hotspot\src\s
Event: 3.605 Thread 0x0000000004b26000 Exception <a 'java/lang/ClassNotFoundException': org/springframework/beans/factory/config/BeanPostProcessorCustomizer> (0x00000000d8755768) thrown at [C:\re\workspace\8-2-build-windows-amd64-cygwin\jdk8u171\10807\hotspot\src\share\vm\classfile\systemDicti
Event: 3.606 Thread 0x0000000004b26000 Exception <a 'java/lang/ClassNotFoundException': org/springframework/core/PriorityOrderedCustomizer> (0x00000000d8767b00) thrown at [C:\re\workspace\8-2-build-windows-amd64-cygwin\jdk8u171\10807\hotspot\src\share\vm\classfile\systemDictionary.cpp, line 21
Event: 3.607 Thread 0x0000000004b26000 Exception <a 'java/lang/ClassNotFoundException': org/springframework/context/ApplicationContextAwareCustomizer> (0x00000000d877aed8) thrown at [C:\re\workspace\8-2-build-windows-amd64-cygwin\jdk8u171\10807\hotspot\src\share\vm\classfile\systemDictionary.c
Event: 3.608 Thread 0x0000000004b26000 Exception <a 'java/lang/ClassNotFoundException': org/springframework/beans/factory/InitializingBeanCustomizer> (0x00000000d878f688) thrown at [C:\re\workspace\8-2-build-windows-amd64-cygwin\jdk8u171\10807\hotspot\src\share\vm\classfile\systemDictionary.cp

Events (10 events):
Event: 3.632 loading class javax/validation/metadata/ElementDescriptor
Event: 3.632 loading class javax/validation/metadata/ElementDescriptor done
Event: 3.637 loading class org/springframework/aop/Advisor$1
Event: 3.637 loading class org/springframework/aop/Advisor$1 done
Event: 3.639 loading class org/springframework/aop/Pointcut
Event: 3.639 loading class org/springframework/aop/Pointcut done
Event: 3.640 loading class org/springframework/validation/annotation/Validated
Event: 3.640 loading class org/springframework/validation/annotation/Validated done
Event: 3.642 loading class org/springframework/beans/factory/annotation/InitDestroyAnnotationBeanPostProcessor
Event: 3.642 loading class org/springframework/beans/factory/annotation/InitDestroyAnnotationBeanPostProcessor done


Dynamic libraries:
0x00007ff74a830000 - 0x00007ff74a867000 	C:\Program Files\Java\jre1.8.0_171\bin\javaw.exe
0x00007ffdf8e10000 - 0x00007ffdf8ff0000 	C:\WINDOWS\SYSTEM32\ntdll.dll
0x00007ffdf6c10000 - 0x00007ffdf6cbe000 	C:\WINDOWS\System32\KERNEL32.DLL
0x00007ffdf55f0000 - 0x00007ffdf5856000 	C:\WINDOWS\System32\KERNELBASE.dll
0x0000000055710000 - 0x0000000055a2b000 	C:\Program Files (x86)\Norton Internet Security\NortonData\22.5.0.124\Definitions\IPSDefs\20180528.061\IPSEng64.dll
0x00007ffdf81d0000 - 0x00007ffdf8271000 	C:\WINDOWS\System32\ADVAPI32.dll
0x00007ffdf8130000 - 0x00007ffdf81cd000 	C:\WINDOWS\System32\msvcrt.dll
0x00007ffdf8280000 - 0x00007ffdf82db000 	C:\WINDOWS\System32\sechost.dll
0x00007ffdf8480000 - 0x00007ffdf859f000 	C:\WINDOWS\System32\RPCRT4.dll
0x00007ffdf8da0000 - 0x00007ffdf8da8000 	C:\WINDOWS\System32\PSAPI.DLL
0x00007ffdf8b10000 - 0x00007ffdf8c9f000 	C:\WINDOWS\System32\USER32.dll
0x00007ffdf5530000 - 0x00007ffdf5550000 	C:\WINDOWS\System32\win32u.dll
0x00007ffdf6cc0000 - 0x00007ffdf6ce8000 	C:\WINDOWS\System32\GDI32.dll
0x00007ffdf5390000 - 0x00007ffdf5523000 	C:\WINDOWS\System32\gdi32full.dll
0x00007ffdf5550000 - 0x00007ffdf55eb000 	C:\WINDOWS\System32\msvcp_win.dll
0x00007ffdf5a30000 - 0x00007ffdf5b26000 	C:\WINDOWS\System32\ucrtbase.dll
0x00007ffdeb4a0000 - 0x00007ffdeb709000 	C:\WINDOWS\WinSxS\amd64_microsoft.windows.common-controls_6595b64144ccf1df_6.0.16299.431_none_15c7d3ee93659e73\COMCTL32.dll
0x00007ffdf62e0000 - 0x00007ffdf65e8000 	C:\WINDOWS\System32\combase.dll
0x00007ffdf5260000 - 0x00007ffdf52d2000 	C:\WINDOWS\System32\bcryptPrimitives.dll
0x00007ffdf8db0000 - 0x00007ffdf8ddd000 	C:\WINDOWS\System32\IMM32.DLL
0x000000005c3d0000 - 0x000000005c4a2000 	C:\Program Files\Java\jre1.8.0_171\bin\msvcr100.dll
0x0000000058d40000 - 0x00000000595e0000 	C:\Program Files\Java\jre1.8.0_171\bin\server\jvm.dll
0x00007ffde9da0000 - 0x00007ffde9da9000 	C:\WINDOWS\SYSTEM32\WSOCK32.dll
0x00007ffdf8800000 - 0x00007ffdf886c000 	C:\WINDOWS\System32\WS2_32.dll
0x00007ffdf1fc0000 - 0x00007ffdf1fe3000 	C:\WINDOWS\SYSTEM32\WINMM.dll
0x00007ffdeb880000 - 0x00007ffdeb88a000 	C:\WINDOWS\SYSTEM32\VERSION.dll
0x00007ffdf1f90000 - 0x00007ffdf1fba000 	C:\WINDOWS\SYSTEM32\WINMMBASE.dll
0x00007ffdf5210000 - 0x00007ffdf525a000 	C:\WINDOWS\System32\cfgmgr32.dll
0x000000005c4e0000 - 0x000000005c4ef000 	C:\Program Files\Java\jre1.8.0_171\bin\verify.dll
0x000000005c4b0000 - 0x000000005c4d9000 	C:\Program Files\Java\jre1.8.0_171\bin\java.dll
0x000000005c2e0000 - 0x000000005c2f6000 	C:\Program Files\Java\jre1.8.0_171\bin\zip.dll
0x00007ffdf6cf0000 - 0x00007ffdf8128000 	C:\WINDOWS\System32\SHELL32.dll
0x00007ffdf8870000 - 0x00007ffdf8916000 	C:\WINDOWS\System32\shcore.dll
0x00007ffdf5b90000 - 0x00007ffdf62d7000 	C:\WINDOWS\System32\windows.storage.dll
0x00007ffdf8920000 - 0x00007ffdf8971000 	C:\WINDOWS\System32\shlwapi.dll
0x00007ffdf51a0000 - 0x00007ffdf51b1000 	C:\WINDOWS\System32\kernel.appcore.dll
0x00007ffdf51c0000 - 0x00007ffdf520c000 	C:\WINDOWS\System32\powrprof.dll
0x00007ffdf5180000 - 0x00007ffdf519b000 	C:\WINDOWS\System32\profapi.dll
0x000000005c4f0000 - 0x000000005c4fd000 	C:\Program Files\Java\jre1.8.0_171\bin\management.dll
0x000000005c560000 - 0x000000005c57a000 	C:\Program Files\Java\jre1.8.0_171\bin\net.dll
0x00007ffdf4990000 - 0x00007ffdf49f6000 	C:\WINDOWS\system32\mswsock.dll
0x000000005c540000 - 0x000000005c551000 	C:\Program Files\Java\jre1.8.0_171\bin\nio.dll
0x00007ffddd700000 - 0x00007ffddd716000 	C:\WINDOWS\system32\napinsp.dll
0x00007ffddd2e0000 - 0x00007ffddd2fa000 	C:\WINDOWS\system32\pnrpnsp.dll
0x00007ffdf21c0000 - 0x00007ffdf21d8000 	C:\WINDOWS\system32\NLAapi.dll
0x00007ffdf4760000 - 0x00007ffdf4816000 	C:\WINDOWS\SYSTEM32\DNSAPI.dll
0x00007ffdf8ca0000 - 0x00007ffdf8ca8000 	C:\WINDOWS\System32\NSI.dll
0x00007ffdf4720000 - 0x00007ffdf4759000 	C:\WINDOWS\SYSTEM32\IPHLPAPI.DLL
0x00007ffddcb10000 - 0x00007ffddcb1e000 	C:\WINDOWS\System32\winrnr.dll
0x00007ffddcaf0000 - 0x00007ffddcb05000 	C:\WINDOWS\System32\wshbth.dll
0x00007ffded080000 - 0x00007ffded08a000 	C:\Windows\System32\rasadhlp.dll
0x00007ffdee060000 - 0x00007ffdee0d0000 	C:\WINDOWS\System32\fwpuclnt.dll
0x00007ffdf4c60000 - 0x00007ffdf4c85000 	C:\WINDOWS\SYSTEM32\bcrypt.dll
0x00007ffdf4b50000 - 0x00007ffdf4b67000 	C:\WINDOWS\SYSTEM32\CRYPTSP.dll
0x00007ffdf4590000 - 0x00007ffdf45c3000 	C:\WINDOWS\system32\rsaenh.dll
0x00007ffdf5090000 - 0x00007ffdf50b9000 	C:\WINDOWS\SYSTEM32\USERENV.dll
0x00007ffdf4b70000 - 0x00007ffdf4b7b000 	C:\WINDOWS\SYSTEM32\CRYPTBASE.dll
0x00007ffdef390000 - 0x00007ffdef3a6000 	C:\WINDOWS\SYSTEM32\dhcpcsvc6.DLL
0x00007ffdef0f0000 - 0x00007ffdef10a000 	C:\WINDOWS\SYSTEM32\dhcpcsvc.DLL

VM Arguments:
jvm_args: -Dcom.sun.management.jmxremote -Dcom.sun.management.jmxremote.port=9335 -Dcom.sun.management.jmxremote.authenticate=false -Dcom.sun.management.jmxremote.ssl=false -Dspring.liveBeansView.mbeanDomain -Dspring.application.admin.enabled=true -Dfile.encoding=MS949 
java_command: com.example.WebApplication
java_class_path (initial): C:\Users\user\workspace\web\bin\main;C:\Users\user\workspace\web\bin\test;C:\Users\user\workspace\web\bin\default;C:\Users\user\.gradle\caches\modules-2\files-2.1\org.springframework.boot\spring-boot-starter-web\2.0.2.RELEASE\b6ef0cf4d0a7c6c7e93ff524b84cd1d8f87f67d9\spring-boot-starter-web-2.0.2.RELEASE.jar;C:\Users\user\.gradle\caches\modules-2\files-2.1\org.springframework.boot\spring-boot-starter-json\2.0.2.RELEASE\5edda979838ced5314b8f58a958fe9d6b4b3badd\spring-boot-starter-json-2.0.2.RELEASE.jar;C:\Users\user\.gradle\caches\modules-2\files-2.1\org.springframework.boot\spring-boot-starter\2.0.2.RELEASE\1cda94f0dfcf2b065191782a54b84d2abf96391\spring-boot-starter-2.0.2.RELEASE.jar;C:\Users\user\.gradle\caches\modules-2\files-2.1\org.springframework.boot\spring-boot-starter-tomcat\2.0.2.RELEASE\cedbfb18762e1c220007c768bfc5b773f5b30f8a\spring-boot-starter-tomcat-2.0.2.RELEASE.jar;C:\Users\user\.gradle\caches\modules-2\files-2.1\org.hibernate.validator\hibernate-validator\6.0.9.Final\b149e4cce82379f11f6129eb3187ca8ae5404005\hibernate-validator-6.0.9.Final.jar;C:\Users\user\.gradle\caches\modules-2\files-2.1\org.springframework\spring-webmvc\5.0.6.RELEASE\1361c5d1cf46665ee01de5dc1ca447c3be174c19\spring-webmvc-5.0.6.RELEASE.jar;C:\Users\user\.gradle\caches\modules-2\files-2.1\org.springframework\spring-web\5.0.6.RELEASE\89e89de3025165998118590613aedc6df8d64af6\spring-web-5.0.6.RELEASE.jar;C:\Users\user\.gradle\caches\modules-2\files-2.1\org.springframework.boot\spring-boot-autoconfigure\2.0.2.RELEASE\f4b25e753e4955337a138d8b1550236b5efe5b3b\spring-boot-autoconfigure-2.0.2.RELEASE.jar;C:\Users\user\.gradle\caches\modules-2\files-2.1\org.springframework.boot\spring-boot\2.0.2.RELEASE\15012cf02e9f77938244e554f0598535fdd1cb38\spring-boot-2.0.2.RELEASE.jar;C:\Users\user\.gradle\caches\modules-2\files-2.1\org.springframework.boot\spring-boot-starter-logging\2.0.2.RELEASE\b56d7d1931792d6e58dbd41f956912359ba85238\spring-boot-starter-logging-2.0.2.R
Launcher Type: SUN_STANDARD

Environment Variables:
PATH=C:/Program Files/Java/jre1.8.0_171/bin/server;C:/Program Files/Java/jre1.8.0_171/bin;C:/Program Files/Java/jre1.8.0_171/lib/amd64;C:\Program Files (x86)\Common Files\Oracle\Java\javapath;C:\ProgramData\Oracle\Java\javapath;C:\Program Files (x86)\GnuWin32\bin;C:\gradle\bin;C:\Users\user\AppData\Local\Microsoft\WindowsApps;;C:\Users\user\Downloads\eclipse-java-luna-SR1-win32-x86_64\eclipse;
USERNAME=user
OS=Windows_NT
PROCESSOR_IDENTIFIER=Intel64 Family 6 Model 58 Stepping 9, GenuineIntel



---------------  S Y S T E M  ---------------

OS: Windows 10.0 , 64 bit Build 16299 (10.0.16299.431)

CPU:total 4 (initial active 4) (2 cores per cpu, 2 threads per core) family 6 model 58 stepping 9, cmov, cx8, fxsr, mmx, sse, sse2, sse3, ssse3, sse4.1, sse4.2, popcnt, avx, aes, clmul, erms, ht, tsc, tscinvbit, tscinv

Memory: 4k page, physical 8271496k(1177136k free), swap 8271496k(5728k free)

vm_info: Java HotSpot(TM) 64-Bit Server VM (25.171-b11) for windows-amd64 JRE (1.8.0_171-b11), built on Mar 28 2018 16:06:12 by "java_re" with MS VC++ 10.0 (VS2010)

time: Tue May 29 21:45:23 2018
elapsed time: 3 seconds (0d 0h 0m 3s)

