#
# There is insufficient memory for the Java Runtime Environment to continue.
# Native memory allocation (malloc) failed to allocate 195296 bytes for Chunk::new
# Possible reasons:
#   The system is out of physical RAM or swap space
#   In 32 bit mode, the process size limit was hit
# Possible solutions:
#   Reduce memory load on the system
#   Increase physical memory or swap space
#   Check if swap backing store is full
#   Use 64 bit Java on a 64 bit OS
#   Decrease Java heap size (-Xmx/-Xms)
#   Decrease number of Java threads
#   Decrease Java thread stack sizes (-Xss)
#   Set larger code cache with -XX:ReservedCodeCacheSize=
# This output file may be truncated or incomplete.
#
#  Out of Memory Error (allocation.cpp:390), pid=35908, tid=0x000000000000e4e4
#
# JRE version: Java(TM) SE Runtime Environment (8.0_171-b11) (build 1.8.0_171-b11)
# Java VM: Java HotSpot(TM) 64-Bit Server VM (25.171-b11 mixed mode windows-amd64 compressed oops)
# Failed to write core dump. Minidumps are not enabled by default on client versions of Windows
#

---------------  T H R E A D  ---------------

Current thread (0x0000000019712800):  JavaThread "C2 CompilerThread1" daemon [_thread_in_native, id=58596, stack(0x000000001b2d0000,0x000000001b3d0000)]

Stack: [0x000000001b2d0000,0x000000001b3d0000]
[error occurred during error reporting (printing stack bounds), id 0xc0000005]

Native frames: (J=compiled Java code, j=interpreted, Vv=VM code, C=native code)


Current CompileTask:
C2:   5964 3388   !   4       java.util.zip.InflaterInputStream::read (138 bytes)


---------------  P R O C E S S  ---------------

Java Threads: ( => current thread )
  0x000000002035f000 JavaThread "CleanCursors-1-thread-1" daemon [_thread_blocked, id=62168, stack(0x0000000022570000,0x0000000022670000)]
  0x000000001f6c5800 JavaThread "cluster-ClusterId{value='5b238b4c52adb68c449e3a9e', description='null'}-localhost:27017" daemon [_thread_in_vm, id=60300, stack(0x0000000022470000,0x0000000022570000)]
  0x000000001d23f000 JavaThread "container-0" [_thread_blocked, id=59728, stack(0x0000000021ef0000,0x0000000021ff0000)]
  0x000000001e738000 JavaThread "ContainerBackgroundProcessor[StandardEngine[Tomcat]]" daemon [_thread_blocked, id=63084, stack(0x0000000021df0000,0x0000000021ef0000)]
  0x0000000021294800 JavaThread "localhost-startStop-1" daemon [_thread_blocked, id=59016, stack(0x0000000021cf0000,0x0000000021df0000)]
  0x000000001d262800 JavaThread "Tomcat-startStop-1" daemon [_thread_blocked, id=61604, stack(0x0000000021bf0000,0x0000000021cf0000)]
  0x000000001b89e000 JavaThread "RMI TCP Accept-0" daemon [_thread_in_native, id=22280, stack(0x000000001bfd0000,0x000000001c0d0000)]
  0x000000001b88a800 JavaThread "RMI TCP Accept-10188" daemon [_thread_in_native, id=57156, stack(0x000000001bed0000,0x000000001bfd0000)]
  0x000000001b8a2000 JavaThread "RMI TCP Accept-0" daemon [_thread_in_native, id=61172, stack(0x000000001bdd0000,0x000000001bed0000)]
  0x000000001974e800 JavaThread "Service Thread" daemon [_thread_blocked, id=63200, stack(0x000000001b4d0000,0x000000001b5d0000)]
  0x0000000019721000 JavaThread "C1 CompilerThread2" daemon [_thread_in_vm, id=55824, stack(0x000000001b3d0000,0x000000001b4d0000)]
=>0x0000000019712800 JavaThread "C2 CompilerThread1" daemon [_thread_in_native, id=58596, stack(0x000000001b2d0000,0x000000001b3d0000)]
  0x0000000019710800 JavaThread "C2 CompilerThread0" daemon [_thread_blocked, id=50892, stack(0x000000001b1d0000,0x000000001b2d0000)]
  0x000000001970e800 JavaThread "Attach Listener" daemon [_thread_blocked, id=59428, stack(0x000000001b0d0000,0x000000001b1d0000)]
  0x000000001ac13800 JavaThread "Signal Dispatcher" daemon [_thread_blocked, id=61956, stack(0x000000001afd0000,0x000000001b0d0000)]
  0x00000000196e0000 JavaThread "Finalizer" daemon [_thread_blocked, id=55964, stack(0x000000001aa40000,0x000000001ab40000)]
  0x0000000004bb6800 JavaThread "Reference Handler" daemon [_thread_blocked, id=45040, stack(0x000000001a940000,0x000000001aa40000)]
  0x0000000004ac6000 JavaThread "main" [_thread_in_native, id=43868, stack(0x0000000004930000,0x0000000004a30000)]

Other Threads:
  0x00000000196b7800 VMThread [stack: 0x000000001a740000,0x000000001a840000] [id=58128]
  0x000000001b893800 WatcherThread [stack: 0x000000001c0d0000,0x000000001c1d0000] [id=56448]

VM state:not at safepoint (normal execution)

VM Mutex/Monitor currently owned by a thread:  ([mutex/lock_event])
[0x0000000004ac49e0] CompiledIC_lock - owner thread: 0x0000000019721000
[0x0000000004ac4be0] MethodCompileQueue_lock - owner thread: 0x0000000000000000

Heap:
 PSYoungGen      total 87040K, used 9727K [0x00000000d5f00000, 0x00000000de600000, 0x0000000100000000)
  eden space 74240K, 13% used [0x00000000d5f00000,0x00000000d687ffc0,0x00000000da780000)
  from space 12800K, 0% used [0x00000000da780000,0x00000000da780000,0x00000000db400000)
  to   space 14848K, 0% used [0x00000000dd780000,0x00000000dd780000,0x00000000de600000)
 ParOldGen       total 104960K, used 19182K [0x0000000081c00000, 0x0000000088280000, 0x00000000d5f00000)
  object space 104960K, 18% used [0x0000000081c00000,0x0000000082ebbb18,0x0000000088280000)
 Metaspace       used 35206K, capacity 36454K, committed 36776K, reserved 1081344K
  class space    used 4548K, capacity 4791K, committed 4912K, reserved 1048576K

Card table byte_map: [0x0000000013f80000,0x0000000014380000] byte_map_base: 0x0000000013b72000

Marking Bits: (ParMarkBitMap*) 0x00000000641a08c0
 Begin Bits: [0x0000000014a30000, 0x00000000169c0000)
 End Bits:   [0x00000000169c0000, 0x0000000018950000)

Polling page: 0x00000000045c0000

CodeCache: size=245760Kb used=12054Kb max_used=12062Kb free=233706Kb
 bounds [0x0000000004bc0000, 0x00000000057a0000, 0x0000000013bc0000]
 total_blobs=3801 nmethods=3371 adapters=342
 compilation: enabled

Compilation events (10 events):
Event: 5.949 Thread 0x0000000019710800 3386  s    4       java.lang.StringBuffer::toString (36 bytes)
Event: 5.950 Thread 0x0000000019721000 nmethod 3385 0x0000000004cf2e50 code [0x0000000004cf2fc0, 0x0000000004cf32e8]
Event: 5.950 Thread 0x0000000019721000 3387       3       java.lang.StringBuilder::append (8 bytes)
Event: 5.950 Thread 0x0000000019721000 nmethod 3387 0x0000000004d26550 code [0x0000000004d266c0, 0x0000000004d26848]
Event: 5.950 Thread 0x0000000019712800 3388   !   4       java.util.zip.InflaterInputStream::read (138 bytes)
Event: 5.953 Thread 0x0000000019721000 3389   !   3       java.security.cert.Certificate::equals (38 bytes)
Event: 5.954 Thread 0x0000000019721000 nmethod 3389 0x000000000578add0 code [0x000000000578b000, 0x000000000578bd28]
Event: 5.955 Thread 0x0000000019710800 nmethod 3386 0x000000000578a4d0 code [0x000000000578a620, 0x000000000578abb8]
Event: 5.958 Thread 0x0000000019721000 3390       1       java.nio.charset.CharsetEncoder::maxBytesPerChar (5 bytes)
Event: 5.958 Thread 0x0000000019721000 nmethod 3390 0x0000000004d2be50 code [0x0000000004d2bfa0, 0x0000000004d2c0b0]

GC Heap History (10 events):
Event: 2.500 GC heap before
{Heap before GC invocations=5 (full 1):
 PSYoungGen      total 38400K, used 33280K [0x00000000d5f00000, 0x00000000daa00000, 0x0000000100000000)
  eden space 33280K, 100% used [0x00000000d5f00000,0x00000000d7f80000,0x00000000d7f80000)
  from space 5120K, 0% used [0x00000000d7f80000,0x00000000d7f80000,0x00000000d8480000)
  to   space 5120K, 0% used [0x00000000da500000,0x00000000da500000,0x00000000daa00000)
 ParOldGen       total 61952K, used 8429K [0x0000000081c00000, 0x0000000085880000, 0x00000000d5f00000)
  object space 61952K, 13% used [0x0000000081c00000,0x000000008243b728,0x0000000085880000)
 Metaspace       used 24012K, capacity 24734K, committed 24880K, reserved 1071104K
  class space    used 3119K, capacity 3305K, committed 3376K, reserved 1048576K
Event: 2.505 GC heap after
Heap after GC invocations=5 (full 1):
 PSYoungGen      total 54784K, used 4335K [0x00000000d5f00000, 0x00000000da980000, 0x0000000100000000)
  eden space 50176K, 0% used [0x00000000d5f00000,0x00000000d5f00000,0x00000000d9000000)
  from space 4608K, 94% used [0x00000000da500000,0x00000000da93be20,0x00000000da980000)
  to   space 5120K, 0% used [0x00000000d9f80000,0x00000000d9f80000,0x00000000da480000)
 ParOldGen       total 61952K, used 8437K [0x0000000081c00000, 0x0000000085880000, 0x00000000d5f00000)
  object space 61952K, 13% used [0x0000000081c00000,0x000000008243d728,0x0000000085880000)
 Metaspace       used 24012K, capacity 24734K, committed 24880K, reserved 1071104K
  class space    used 3119K, capacity 3305K, committed 3376K, reserved 1048576K
}
Event: 3.449 GC heap before
{Heap before GC invocations=6 (full 1):
 PSYoungGen      total 54784K, used 54511K [0x00000000d5f00000, 0x00000000da980000, 0x0000000100000000)
  eden space 50176K, 100% used [0x00000000d5f00000,0x00000000d9000000,0x00000000d9000000)
  from space 4608K, 94% used [0x00000000da500000,0x00000000da93be20,0x00000000da980000)
  to   space 5120K, 0% used [0x00000000d9f80000,0x00000000d9f80000,0x00000000da480000)
 ParOldGen       total 61952K, used 8437K [0x0000000081c00000, 0x0000000085880000, 0x00000000d5f00000)
  object space 61952K, 13% used [0x0000000081c00000,0x000000008243d728,0x0000000085880000)
 Metaspace       used 27800K, capacity 28682K, committed 28976K, reserved 1075200K
  class space    used 3606K, capacity 3811K, committed 3888K, reserved 1048576K
Event: 3.461 GC heap after
Heap after GC invocations=6 (full 1):
 PSYoungGen      total 71168K, used 5101K [0x00000000d5f00000, 0x00000000dbf80000, 0x0000000100000000)
  eden space 66048K, 0% used [0x00000000d5f00000,0x00000000d5f00000,0x00000000d9f80000)
  from space 5120K, 99% used [0x00000000d9f80000,0x00000000da47b658,0x00000000da480000)
  to   space 11776K, 0% used [0x00000000db400000,0x00000000db400000,0x00000000dbf80000)
 ParOldGen       total 61952K, used 12976K [0x0000000081c00000, 0x0000000085880000, 0x00000000d5f00000)
  object space 61952K, 20% used [0x0000000081c00000,0x00000000828ac098,0x0000000085880000)
 Metaspace       used 27800K, capacity 28682K, committed 28976K, reserved 1075200K
  class space    used 3606K, capacity 3811K, committed 3888K, reserved 1048576K
}
Event: 4.650 GC heap before
{Heap before GC invocations=7 (full 1):
 PSYoungGen      total 71168K, used 71149K [0x00000000d5f00000, 0x00000000dbf80000, 0x0000000100000000)
  eden space 66048K, 100% used [0x00000000d5f00000,0x00000000d9f80000,0x00000000d9f80000)
  from space 5120K, 99% used [0x00000000d9f80000,0x00000000da47b658,0x00000000da480000)
  to   space 11776K, 0% used [0x00000000db400000,0x00000000db400000,0x00000000dbf80000)
 ParOldGen       total 61952K, used 12976K [0x0000000081c00000, 0x0000000085880000, 0x00000000d5f00000)
  object space 61952K, 20% used [0x0000000081c00000,0x00000000828ac098,0x0000000085880000)
 Metaspace       used 31429K, capacity 32676K, committed 32816K, reserved 1077248K
  class space    used 4062K, capacity 4332K, committed 4400K, reserved 1048576K
Event: 4.661 GC heap after
Heap after GC invocations=7 (full 1):
 PSYoungGen      total 86016K, used 10619K [0x00000000d5f00000, 0x00000000dd700000, 0x0000000100000000)
  eden space 74240K, 0% used [0x00000000d5f00000,0x00000000d5f00000,0x00000000da780000)
  from space 11776K, 90% used [0x00000000db400000,0x00000000dbe5ef90,0x00000000dbf80000)
  to   space 12800K, 0% used [0x00000000da780000,0x00000000da780000,0x00000000db400000)
 ParOldGen       total 61952K, used 12984K [0x0000000081c00000, 0x0000000085880000, 0x00000000d5f00000)
  object space 61952K, 20% used [0x0000000081c00000,0x00000000828ae098,0x0000000085880000)
 Metaspace       used 31429K, capacity 32676K, committed 32816K, reserved 1077248K
  class space    used 4062K, capacity 4332K, committed 4400K, reserved 1048576K
}
Event: 5.755 GC heap before
{Heap before GC invocations=8 (full 1):
 PSYoungGen      total 86016K, used 46750K [0x00000000d5f00000, 0x00000000dd700000, 0x0000000100000000)
  eden space 74240K, 48% used [0x00000000d5f00000,0x00000000d82488c8,0x00000000da780000)
  from space 11776K, 90% used [0x00000000db400000,0x00000000dbe5ef90,0x00000000dbf80000)
  to   space 12800K, 0% used [0x00000000da780000,0x00000000da780000,0x00000000db400000)
 ParOldGen       total 61952K, used 12984K [0x0000000081c00000, 0x0000000085880000, 0x00000000d5f00000)
  object space 61952K, 20% used [0x0000000081c00000,0x00000000828ae098,0x0000000085880000)
 Metaspace       used 34171K, capacity 35398K, committed 35496K, reserved 1081344K
  class space    used 4408K, capacity 4631K, committed 4656K, reserved 1048576K
Event: 5.768 GC heap after
Heap after GC invocations=8 (full 1):
 PSYoungGen      total 87040K, used 12695K [0x00000000d5f00000, 0x00000000de600000, 0x0000000100000000)
  eden space 74240K, 0% used [0x00000000d5f00000,0x00000000d5f00000,0x00000000da780000)
  from space 12800K, 99% used [0x00000000da780000,0x00000000db3e5f00,0x00000000db400000)
  to   space 14848K, 0% used [0x00000000dd780000,0x00000000dd780000,0x00000000de600000)
 ParOldGen       total 61952K, used 12992K [0x0000000081c00000, 0x0000000085880000, 0x00000000d5f00000)
  object space 61952K, 20% used [0x0000000081c00000,0x00000000828b0098,0x0000000085880000)
 Metaspace       used 34171K, capacity 35398K, committed 35496K, reserved 1081344K
  class space    used 4408K, capacity 4631K, committed 4656K, reserved 1048576K
}
Event: 5.768 GC heap before
{Heap before GC invocations=9 (full 2):
 PSYoungGen      total 87040K, used 12695K [0x00000000d5f00000, 0x00000000de600000, 0x0000000100000000)
  eden space 74240K, 0% used [0x00000000d5f00000,0x00000000d5f00000,0x00000000da780000)
  from space 12800K, 99% used [0x00000000da780000,0x00000000db3e5f00,0x00000000db400000)
  to   space 14848K, 0% used [0x00000000dd780000,0x00000000dd780000,0x00000000de600000)
 ParOldGen       total 61952K, used 12992K [0x0000000081c00000, 0x0000000085880000, 0x00000000d5f00000)
  object space 61952K, 20% used [0x0000000081c00000,0x00000000828b0098,0x0000000085880000)
 Metaspace       used 34171K, capacity 35398K, committed 35496K, reserved 1081344K
  class space    used 4408K, capacity 4631K, committed 4656K, reserved 1048576K
Event: 5.866 GC heap after
Heap after GC invocations=9 (full 2):
 PSYoungGen      total 87040K, used 0K [0x00000000d5f00000, 0x00000000de600000, 0x0000000100000000)
  eden space 74240K, 0% used [0x00000000d5f00000,0x00000000d5f00000,0x00000000da780000)
  from space 12800K, 0% used [0x00000000da780000,0x00000000da780000,0x00000000db400000)
  to   space 14848K, 0% used [0x00000000dd780000,0x00000000dd780000,0x00000000de600000)
 ParOldGen       total 104960K, used 19182K [0x0000000081c00000, 0x0000000088280000, 0x00000000d5f00000)
  object space 104960K, 18% used [0x0000000081c00000,0x0000000082ebbb18,0x0000000088280000)
 Metaspace       used 34171K, capacity 35398K, committed 35496K, reserved 1081344K
  class space    used 4408K, capacity 4631K, committed 4656K, reserved 1048576K
}

Deoptimization events (10 events):
Event: 5.228 Thread 0x0000000004ac6000 Uncommon trap: reason=class_check action=maybe_recompile pc=0x00000000055ccb48 method=java.util.Properties$LineReader.readLine()I @ 410
Event: 5.228 Thread 0x0000000004ac6000 Uncommon trap: reason=class_check action=maybe_recompile pc=0x00000000055ccaf0 method=java.util.Properties$LineReader.readLine()I @ 62
Event: 5.283 Thread 0x0000000004ac6000 Uncommon trap: reason=array_check action=maybe_recompile pc=0x000000000576922c method=java.util.AbstractCollection.toArray([Ljava/lang/Object;)[Ljava/lang/Object; @ 119
Event: 5.283 Thread 0x0000000004ac6000 Uncommon trap: reason=array_check action=maybe_recompile pc=0x000000000576922c method=java.util.AbstractCollection.toArray([Ljava/lang/Object;)[Ljava/lang/Object; @ 119
Event: 5.283 Thread 0x0000000004ac6000 Uncommon trap: reason=array_check action=maybe_recompile pc=0x000000000576922c method=java.util.AbstractCollection.toArray([Ljava/lang/Object;)[Ljava/lang/Object; @ 119
Event: 5.283 Thread 0x0000000004ac6000 Uncommon trap: reason=array_check action=maybe_recompile pc=0x000000000576922c method=java.util.AbstractCollection.toArray([Ljava/lang/Object;)[Ljava/lang/Object; @ 119
Event: 5.912 Thread 0x0000000004ac6000 Uncommon trap: reason=unstable_if action=reinterpret pc=0x0000000004e41514 method=java.lang.AbstractStringBuilder.append(Ljava/lang/String;)Ljava/lang/AbstractStringBuilder; @ 1
Event: 5.922 Thread 0x000000001f6c5800 Uncommon trap: reason=unstable_if action=reinterpret pc=0x00000000056e1b9c method=java.lang.CharacterDataLatin1.digit(II)I @ 82
Event: 5.924 Thread 0x000000001f6c5800 Uncommon trap: reason=class_check action=maybe_recompile pc=0x00000000055ccaf0 method=java.util.Properties$LineReader.readLine()I @ 62
Event: 5.924 Thread 0x000000001f6c5800 Uncommon trap: reason=unstable_if action=reinterpret pc=0x0000000005584bc8 method=java.util.Properties$LineReader.readLine()I @ 174

Classes redefined (0 events):
No events

Internal exceptions (10 events):
Event: 4.639 Thread 0x0000000004ac6000 Exception <a 'java/lang/ClassNotFoundException': org/springframework/context/ApplicationContextAwareCustomizer> (0x00000000d79a65d0) thrown at [C:\re\workspace\8-2-build-windows-amd64-cygwin\jdk8u171\10807\hotspot\src\share\vm\classfile\systemDictionary.c
Event: 4.640 Thread 0x0000000004ac6000 Exception <a 'java/lang/ClassNotFoundException': java/lang/ObjectCustomizer> (0x00000000d9eb9f20) thrown at [C:\re\workspace\8-2-build-windows-amd64-cygwin\jdk8u171\10807\hotspot\src\share\vm\classfile\systemDictionary.cpp, line 210]
Event: 4.641 Thread 0x0000000004ac6000 Exception <a 'java/lang/ClassNotFoundException': org/springframework/context/event/DefaultEventListenerFactoryCustomizer> (0x00000000d9ed36d8) thrown at [C:\re\workspace\8-2-build-windows-amd64-cygwin\jdk8u171\10807\hotspot\src\share\vm\classfile\systemDi
Event: 4.641 Thread 0x0000000004ac6000 Exception <a 'java/lang/ClassNotFoundException': org/springframework/context/event/EventListenerFactoryCustomizer> (0x00000000d9eef1c8) thrown at [C:\re\workspace\8-2-build-windows-amd64-cygwin\jdk8u171\10807\hotspot\src\share\vm\classfile\systemDictionar
Event: 4.642 Thread 0x0000000004ac6000 Exception <a 'java/lang/ClassNotFoundException': org/springframework/core/OrderedCustomizer> (0x00000000d9f01840) thrown at [C:\re\workspace\8-2-build-windows-amd64-cygwin\jdk8u171\10807\hotspot\src\share\vm\classfile\systemDictionary.cpp, line 210]
Event: 4.643 Thread 0x0000000004ac6000 Exception <a 'java/lang/ClassNotFoundException': java/lang/ObjectCustomizer> (0x00000000d9f0c4f8) thrown at [C:\re\workspace\8-2-build-windows-amd64-cygwin\jdk8u171\10807\hotspot\src\share\vm\classfile\systemDictionary.cpp, line 210]
Event: 4.644 Thread 0x0000000004ac6000 Exception <a 'java/lang/ClassNotFoundException': com/example/WebApplicationCustomizer> (0x00000000d9f1e730) thrown at [C:\re\workspace\8-2-build-windows-amd64-cygwin\jdk8u171\10807\hotspot\src\share\vm\classfile\systemDictionary.cpp, line 210]
Event: 4.644 Thread 0x0000000004ac6000 Exception <a 'java/lang/ClassNotFoundException': com/example/WebApplication$$EnhancerBySpringCGLIB$$7b942355Customizer> (0x00000000d9f35538) thrown at [C:\re\workspace\8-2-build-windows-amd64-cygwin\jdk8u171\10807\hotspot\src\share\vm\classfile\systemDict
Event: 4.645 Thread 0x0000000004ac6000 Exception <a 'java/lang/ClassNotFoundException': org/springframework/context/annotation/ConfigurationClassEnhancer$EnhancedConfigurationCustomizer> (0x00000000d9f55f58) thrown at [C:\re\workspace\8-2-build-windows-amd64-cygwin\jdk8u171\10807\hotspot\src\s
Event: 5.912 Thread 0x0000000004ac6000 Implicit null exception at 0x0000000004e41154 to 0x0000000004e414fd

Events (10 events):
Event: 5.958 Executing VM operation: RevokeBias done
Event: 5.958 Thread 0x0000000019721000 flushing nmethod 0x0000000004ccdb50
Event: 5.958 Thread 0x0000000019721000 flushing nmethod 0x0000000004ccf5d0
Event: 5.958 Thread 0x0000000019721000 flushing nmethod 0x0000000004cd6410
Event: 5.958 Thread 0x0000000019721000 flushing nmethod 0x0000000004cd8c90
Event: 5.958 Thread 0x0000000019721000 flushing nmethod 0x0000000004d29990
Event: 5.958 loading class org/bouncycastle/asn1/ASN1Primitive
Event: 5.958 loading class org/bouncycastle/asn1/ASN1Primitive done
Event: 5.958 loading class org/bson/io/BsonInputMark
Event: 5.958 loading class org/bson/io/BsonInputMark done


Dynamic libraries:
0x00007ff76e460000 - 0x00007ff76e497000 	C:\Program Files\Java\jre1.8.0_171\bin\javaw.exe
0x00007fff95170000 - 0x00007fff95350000 	C:\WINDOWS\SYSTEM32\ntdll.dll
0x00007fff92b20000 - 0x00007fff92bce000 	C:\WINDOWS\System32\KERNEL32.DLL
0x00007fff91ef0000 - 0x00007fff92156000 	C:\WINDOWS\System32\KERNELBASE.dll
0x0000000064c30000 - 0x0000000064f4b000 	C:\Program Files (x86)\Norton Internet Security\NortonData\22.5.0.124\Definitions\IPSDefs\20180614.061\IPSEng64.dll
0x00007fff93a70000 - 0x00007fff93b11000 	C:\WINDOWS\System32\ADVAPI32.dll
0x00007fff92da0000 - 0x00007fff92e3d000 	C:\WINDOWS\System32\msvcrt.dll
0x00007fff94f70000 - 0x00007fff94fcb000 	C:\WINDOWS\System32\sechost.dll
0x00007fff92bd0000 - 0x00007fff92cef000 	C:\WINDOWS\System32\RPCRT4.dll
0x00007fff93300000 - 0x00007fff93308000 	C:\WINDOWS\System32\PSAPI.DLL
0x00007fff93170000 - 0x00007fff932ff000 	C:\WINDOWS\System32\USER32.dll
0x00007fff91720000 - 0x00007fff91740000 	C:\WINDOWS\System32\win32u.dll
0x00007fff93480000 - 0x00007fff934a8000 	C:\WINDOWS\System32\GDI32.dll
0x00007fff92250000 - 0x00007fff923e3000 	C:\WINDOWS\System32\gdi32full.dll
0x00007fff92160000 - 0x00007fff921fb000 	C:\WINDOWS\System32\msvcp_win.dll
0x00007fff91570000 - 0x00007fff91666000 	C:\WINDOWS\System32\ucrtbase.dll
0x00007fff85440000 - 0x00007fff856a9000 	C:\WINDOWS\WinSxS\amd64_microsoft.windows.common-controls_6595b64144ccf1df_6.0.16299.431_none_15c7d3ee93659e73\COMCTL32.dll
0x00007fff934b0000 - 0x00007fff937b8000 	C:\WINDOWS\System32\combase.dll
0x00007fff925c0000 - 0x00007fff92632000 	C:\WINDOWS\System32\bcryptPrimitives.dll
0x00007fff92fa0000 - 0x00007fff92fcd000 	C:\WINDOWS\System32\IMM32.DLL
0x0000000067800000 - 0x00000000678d2000 	C:\Program Files\Java\jre1.8.0_171\bin\msvcr100.dll
0x0000000063980000 - 0x0000000064220000 	C:\Program Files\Java\jre1.8.0_171\bin\server\jvm.dll
0x00007fff84840000 - 0x00007fff84849000 	C:\WINDOWS\SYSTEM32\WSOCK32.dll
0x00007fff92ab0000 - 0x00007fff92b1c000 	C:\WINDOWS\System32\WS2_32.dll
0x00007fff8e560000 - 0x00007fff8e583000 	C:\WINDOWS\SYSTEM32\WINMM.dll
0x00007fff85c20000 - 0x00007fff85c2a000 	C:\WINDOWS\SYSTEM32\VERSION.dll
0x00007fff8e530000 - 0x00007fff8e55a000 	C:\WINDOWS\SYSTEM32\WINMMBASE.dll
0x00007fff92200000 - 0x00007fff9224a000 	C:\WINDOWS\System32\cfgmgr32.dll
0x000000006ac50000 - 0x000000006ac5f000 	C:\Program Files\Java\jre1.8.0_171\bin\verify.dll
0x0000000067d70000 - 0x0000000067d99000 	C:\Program Files\Java\jre1.8.0_171\bin\java.dll
0x0000000068ba0000 - 0x0000000068bb6000 	C:\Program Files\Java\jre1.8.0_171\bin\zip.dll
0x00007fff93b20000 - 0x00007fff94f58000 	C:\WINDOWS\System32\SHELL32.dll
0x00007fff92cf0000 - 0x00007fff92d96000 	C:\WINDOWS\System32\shcore.dll
0x00007fff917a0000 - 0x00007fff91ee7000 	C:\WINDOWS\System32\windows.storage.dll
0x00007fff93860000 - 0x00007fff938b1000 	C:\WINDOWS\System32\shlwapi.dll
0x00007fff91530000 - 0x00007fff91541000 	C:\WINDOWS\System32\kernel.appcore.dll
0x00007fff914c0000 - 0x00007fff9150c000 	C:\WINDOWS\System32\powrprof.dll
0x00007fff91510000 - 0x00007fff9152b000 	C:\WINDOWS\System32\profapi.dll
0x0000000069a40000 - 0x0000000069a4d000 	C:\Program Files\Java\jre1.8.0_171\bin\management.dll
0x0000000067d50000 - 0x0000000067d6a000 	C:\Program Files\Java\jre1.8.0_171\bin\net.dll
0x00007fff90cf0000 - 0x00007fff90d56000 	C:\WINDOWS\system32\mswsock.dll
0x0000000067c10000 - 0x0000000067c21000 	C:\Program Files\Java\jre1.8.0_171\bin\nio.dll
0x00007fff7b880000 - 0x00007fff7b896000 	C:\WINDOWS\system32\napinsp.dll
0x00007fff7b860000 - 0x00007fff7b87a000 	C:\WINDOWS\system32\pnrpnsp.dll
0x00007fff8e3a0000 - 0x00007fff8e3b8000 	C:\WINDOWS\system32\NLAapi.dll
0x00007fff90ac0000 - 0x00007fff90b76000 	C:\WINDOWS\SYSTEM32\DNSAPI.dll
0x00007fff92f90000 - 0x00007fff92f98000 	C:\WINDOWS\System32\NSI.dll
0x00007fff90a80000 - 0x00007fff90ab9000 	C:\WINDOWS\SYSTEM32\IPHLPAPI.DLL
0x00007fff7b630000 - 0x00007fff7b63e000 	C:\WINDOWS\System32\winrnr.dll
0x00007fff7b470000 - 0x00007fff7b485000 	C:\WINDOWS\System32\wshbth.dll
0x00007fff89140000 - 0x00007fff8914a000 	C:\Windows\System32\rasadhlp.dll
0x00007fff89520000 - 0x00007fff89590000 	C:\WINDOWS\System32\fwpuclnt.dll
0x00007fff90fc0000 - 0x00007fff90fe5000 	C:\WINDOWS\SYSTEM32\bcrypt.dll
0x00007fff90eb0000 - 0x00007fff90ec7000 	C:\WINDOWS\SYSTEM32\CRYPTSP.dll
0x00007fff908f0000 - 0x00007fff90923000 	C:\WINDOWS\system32\rsaenh.dll
0x00007fff913c0000 - 0x00007fff913e9000 	C:\WINDOWS\SYSTEM32\USERENV.dll
0x00007fff90ed0000 - 0x00007fff90edb000 	C:\WINDOWS\SYSTEM32\CRYPTBASE.dll
0x00007fff8b670000 - 0x00007fff8b686000 	C:\WINDOWS\SYSTEM32\dhcpcsvc6.DLL
0x00007fff8b600000 - 0x00007fff8b61a000 	C:\WINDOWS\SYSTEM32\dhcpcsvc.DLL
0x00000000678e0000 - 0x0000000067904000 	C:\Program Files\Java\jre1.8.0_171\bin\sunec.dll

VM Arguments:
jvm_args: -Dcom.sun.management.jmxremote -Dcom.sun.management.jmxremote.port=10188 -Dcom.sun.management.jmxremote.authenticate=false -Dcom.sun.management.jmxremote.ssl=false -Dspring.liveBeansView.mbeanDomain -Dspring.application.admin.enabled=true -Dfile.encoding=MS949 
java_command: com.example.WebApplication
java_class_path (initial): C:\Users\user\workspace\web\bin\main;C:\Users\user\workspace\web\bin\test;C:\Users\user\workspace\web\bin\default;C:\Users\user\.gradle\caches\modules-2\files-2.1\org.springframework.boot\spring-boot-starter-web\2.0.2.RELEASE\b6ef0cf4d0a7c6c7e93ff524b84cd1d8f87f67d9\spring-boot-starter-web-2.0.2.RELEASE.jar;C:\Users\user\.gradle\caches\modules-2\files-2.1\org.springframework.boot\spring-boot-starter-json\2.0.2.RELEASE\5edda979838ced5314b8f58a958fe9d6b4b3badd\spring-boot-starter-json-2.0.2.RELEASE.jar;C:\Users\user\.gradle\caches\modules-2\files-2.1\org.springframework.boot\spring-boot-starter\2.0.2.RELEASE\1cda94f0dfcf2b065191782a54b84d2abf96391\spring-boot-starter-2.0.2.RELEASE.jar;C:\Users\user\.gradle\caches\modules-2\files-2.1\org.springframework.boot\spring-boot-starter-tomcat\2.0.2.RELEASE\cedbfb18762e1c220007c768bfc5b773f5b30f8a\spring-boot-starter-tomcat-2.0.2.RELEASE.jar;C:\Users\user\.gradle\caches\modules-2\files-2.1\org.hibernate.validator\hibernate-validator\6.0.9.Final\b149e4cce82379f11f6129eb3187ca8ae5404005\hibernate-validator-6.0.9.Final.jar;C:\Users\user\.gradle\caches\modules-2\files-2.1\org.springframework\spring-webmvc\5.0.6.RELEASE\1361c5d1cf46665ee01de5dc1ca447c3be174c19\spring-webmvc-5.0.6.RELEASE.jar;C:\Users\user\.gradle\caches\modules-2\files-2.1\org.springframework\spring-web\5.0.6.RELEASE\89e89de3025165998118590613aedc6df8d64af6\spring-web-5.0.6.RELEASE.jar;C:\Users\user\.gradle\caches\modules-2\files-2.1\org.springframework.boot\spring-boot-autoconfigure\2.0.2.RELEASE\f4b25e753e4955337a138d8b1550236b5efe5b3b\spring-boot-autoconfigure-2.0.2.RELEASE.jar;C:\Users\user\.gradle\caches\modules-2\files-2.1\org.springframework.boot\spring-boot\2.0.2.RELEASE\15012cf02e9f77938244e554f0598535fdd1cb38\spring-boot-2.0.2.RELEASE.jar;C:\Users\user\.gradle\caches\modules-2\files-2.1\org.springframework.boot\spring-boot-starter-logging\2.0.2.RELEASE\b56d7d1931792d6e58dbd41f956912359ba85238\spring-boot-starter-logging-2.0.2.R
Launcher Type: SUN_STANDARD

Environment Variables:
JAVA_HOME=C:\Program Files\Java\jdk1.8.0_25
CLASSPATH=%JAVA_HOME%\lib
PATH=C:/Program Files/Java/jre1.8.0_171/bin/server;C:/Program Files/Java/jre1.8.0_171/bin;C:/Program Files/Java/jre1.8.0_171/lib/amd64;C:\Program Files (x86)\Common Files\Oracle\Java\javapath;C:\ProgramData\Oracle\Java\javapath;C:\Program Files (x86)\GnuWin32\bin;C:\gradle\bin;%JAVA_HOME%\bin;C:\Users\user\AppData\Local\Microsoft\WindowsApps;;C:\Users\user\Downloads\eclipse-java-luna-SR1-win32-x86_64\eclipse;
USERNAME=user
OS=Windows_NT
PROCESSOR_IDENTIFIER=Intel64 Family 6 Model 58 Stepping 9, GenuineIntel



---------------  S Y S T E M  ---------------

OS: Windows 10.0 , 64 bit Build 16299 (10.0.16299.431)

CPU:total 4 (initial active 4) (2 cores per cpu, 2 threads per core) family 6 model 58 stepping 9, cmov, cx8, fxsr, mmx, sse, sse2, sse3, ssse3, sse4.1, sse4.2, popcnt, avx, aes, clmul, erms, ht, tsc, tscinvbit, tscinv

Memory: 4k page, physical 8271496k(1007896k free), swap 8271496k(5300k free)

vm_info: Java HotSpot(TM) 64-Bit Server VM (25.171-b11) for windows-amd64 JRE (1.8.0_171-b11), built on Mar 28 2018 16:06:12 by "java_re" with MS VC++ 10.0 (VS2010)

time: Fri Jun 15 18:47:57 2018
elapsed time: 5 seconds (0d 0h 0m 5s)

