#
# There is insufficient memory for the Java Runtime Environment to continue.
# Native memory allocation (malloc) failed to allocate 1275696 bytes for Chunk::new
# Possible reasons:
#   The system is out of physical RAM or swap space
#   In 32 bit mode, the process size limit was hit
# Possible solutions:
#   Reduce memory load on the system
#   Increase physical memory or swap space
#   Check if swap backing store is full
#   Use 64 bit Java on a 64 bit OS
#   Decrease Java heap size (-Xmx/-Xms)
#   Decrease number of Java threads
#   Decrease Java thread stack sizes (-Xss)
#   Set larger code cache with -XX:ReservedCodeCacheSize=
# This output file may be truncated or incomplete.
#
#  Out of Memory Error (allocation.cpp:390), pid=49480, tid=0x000000000000a52c
#
# JRE version: Java(TM) SE Runtime Environment (8.0_171-b11) (build 1.8.0_171-b11)
# Java VM: Java HotSpot(TM) 64-Bit Server VM (25.171-b11 mixed mode windows-amd64 compressed oops)
# Failed to write core dump. Minidumps are not enabled by default on client versions of Windows
#

---------------  T H R E A D  ---------------

Current thread (0x0000000019f93800):  JavaThread "C2 CompilerThread1" daemon [_thread_in_native, id=42284, stack(0x000000001bb80000,0x000000001bc80000)]

Stack: [0x000000001bb80000,0x000000001bc80000]
[error occurred during error reporting (printing stack bounds), id 0xc0000005]

Native frames: (J=compiled Java code, j=interpreted, Vv=VM code, C=native code)


Current CompileTask:
C2:   8099 3681   !   4       org.springframework.core.annotation.AnnotationUtils::findAnnotation (171 bytes)


---------------  P R O C E S S  ---------------

Java Threads: ( => current thread )
  0x000000001fc03000 JavaThread "DestroyJavaVM" [_thread_blocked, id=60280, stack(0x0000000005210000,0x0000000005310000)]
  0x000000001fbfc000 JavaThread "http-nio-8080-AsyncTimeout" daemon [_thread_blocked, id=11356, stack(0x0000000023de0000,0x0000000023ee0000)]
  0x000000001fc00000 JavaThread "http-nio-8080-Acceptor-0" daemon [_thread_in_native, id=51444, stack(0x0000000023ce0000,0x0000000023de0000)]
  0x000000001fc00800 JavaThread "http-nio-8080-ClientPoller-1" daemon [_thread_in_native, id=14588, stack(0x0000000023be0000,0x0000000023ce0000)]
  0x000000001fbff000 JavaThread "http-nio-8080-ClientPoller-0" daemon [_thread_in_native, id=58808, stack(0x0000000023ae0000,0x0000000023be0000)]
  0x000000001fc02000 JavaThread "http-nio-8080-exec-10" daemon [_thread_blocked, id=34780, stack(0x00000000239e0000,0x0000000023ae0000)]
  0x000000001fbfd000 JavaThread "http-nio-8080-exec-9" daemon [_thread_blocked, id=55448, stack(0x00000000238e0000,0x00000000239e0000)]
  0x000000001bfbc800 JavaThread "http-nio-8080-exec-8" daemon [_thread_blocked, id=37428, stack(0x00000000237e0000,0x00000000238e0000)]
  0x000000001bfbc000 JavaThread "http-nio-8080-exec-7" daemon [_thread_blocked, id=59000, stack(0x00000000236e0000,0x00000000237e0000)]
  0x000000001bfbb000 JavaThread "http-nio-8080-exec-6" daemon [_thread_blocked, id=49548, stack(0x00000000235e0000,0x00000000236e0000)]
  0x000000001bfb9800 JavaThread "http-nio-8080-exec-5" daemon [_thread_blocked, id=43880, stack(0x00000000234e0000,0x00000000235e0000)]
  0x000000001bfb9000 JavaThread "http-nio-8080-exec-4" daemon [_thread_blocked, id=29700, stack(0x00000000233e0000,0x00000000234e0000)]
  0x000000001bfbe000 JavaThread "http-nio-8080-exec-3" daemon [_thread_blocked, id=55976, stack(0x00000000232e0000,0x00000000233e0000)]
  0x000000001bfbf000 JavaThread "http-nio-8080-exec-2" daemon [_thread_blocked, id=55380, stack(0x00000000231e0000,0x00000000232e0000)]
  0x000000001bfbd800 JavaThread "http-nio-8080-exec-1" daemon [_thread_blocked, id=16944, stack(0x00000000230e0000,0x00000000231e0000)]
  0x000000001b666800 JavaThread "NioBlockingSelector.BlockPoller-1" daemon [_thread_in_native, id=59004, stack(0x0000000022fe0000,0x00000000230e0000)]
  0x0000000020625000 JavaThread "CleanCursors-1-thread-1" daemon [_thread_blocked, id=58108, stack(0x0000000022de0000,0x0000000022ee0000)]
  0x000000002056e800 JavaThread "cluster-ClusterId{value='5b0e73513e8797c148c29136', description='null'}-localhost:27017" daemon [_thread_in_native, id=48416, stack(0x0000000022ce0000,0x0000000022de0000)]
  0x000000001f553000 JavaThread "container-0" [_thread_blocked, id=58024, stack(0x00000000225e0000,0x00000000226e0000)]
  0x000000001f552800 JavaThread "ContainerBackgroundProcessor[StandardEngine[Tomcat]]" daemon [_thread_blocked, id=17896, stack(0x00000000224e0000,0x00000000225e0000)]
  0x000000001dfb7000 JavaThread "localhost-startStop-1" daemon [_thread_blocked, id=59112, stack(0x00000000223e0000,0x00000000224e0000)]
  0x000000001f826800 JavaThread "Tomcat-startStop-1" daemon [_thread_blocked, id=46348, stack(0x00000000222e0000,0x00000000223e0000)]
  0x000000001c130000 JavaThread "RMI TCP Accept-0" daemon [_thread_in_native, id=18620, stack(0x000000001c880000,0x000000001c980000)]
  0x000000001c13a000 JavaThread "RMI TCP Accept-11540" daemon [_thread_in_native, id=46876, stack(0x000000001c780000,0x000000001c880000)]
  0x000000001c113800 JavaThread "RMI TCP Accept-0" daemon [_thread_in_native, id=26972, stack(0x000000001c680000,0x000000001c780000)]
  0x0000000019fce000 JavaThread "Service Thread" daemon [_thread_blocked, id=17528, stack(0x000000001bd80000,0x000000001be80000)]
  0x0000000019f99800 JavaThread "C1 CompilerThread2" daemon [_thread_blocked, id=30160, stack(0x000000001bc80000,0x000000001bd80000)]
=>0x0000000019f93800 JavaThread "C2 CompilerThread1" daemon [_thread_in_native, id=42284, stack(0x000000001bb80000,0x000000001bc80000)]
  0x0000000019f92000 JavaThread "C2 CompilerThread0" daemon [_thread_in_native, id=59928, stack(0x000000001ba80000,0x000000001bb80000)]
  0x0000000019f90000 JavaThread "Attach Listener" daemon [_thread_blocked, id=55432, stack(0x000000001b980000,0x000000001ba80000)]
  0x000000001b4c3800 JavaThread "Signal Dispatcher" daemon [_thread_blocked, id=59372, stack(0x000000001b880000,0x000000001b980000)]
  0x0000000019f5c000 JavaThread "Finalizer" daemon [_thread_blocked, id=46596, stack(0x000000001b2f0000,0x000000001b3f0000)]
  0x0000000005406000 JavaThread "Reference Handler" daemon [_thread_blocked, id=52048, stack(0x000000001b1f0000,0x000000001b2f0000)]

Other Threads:
  0x0000000019f38000 VMThread [stack: 0x000000001aff0000,0x000000001b0f0000] [id=60092]
  0x000000001c134000 WatcherThread [stack: 0x000000001c980000,0x000000001ca80000] [id=58720]

VM state:not at safepoint (normal execution)

VM Mutex/Monitor currently owned by a thread: None

Heap:
 PSYoungGen      total 83456K, used 32762K [0x00000000d5f00000, 0x00000000de600000, 0x0000000100000000)
  eden space 70656K, 46% used [0x00000000d5f00000,0x00000000d7efeb80,0x00000000da400000)
  from space 12800K, 0% used [0x00000000da400000,0x00000000da400000,0x00000000db080000)
  to   space 15360K, 0% used [0x00000000dd700000,0x00000000dd700000,0x00000000de600000)
 ParOldGen       total 63488K, used 19570K [0x0000000081c00000, 0x0000000085a00000, 0x00000000d5f00000)
  object space 63488K, 30% used [0x0000000081c00000,0x0000000082f1cb18,0x0000000085a00000)
 Metaspace       used 37138K, capacity 38652K, committed 38952K, reserved 1083392K
  class space    used 4833K, capacity 5086K, committed 5160K, reserved 1048576K

Card table byte_map: [0x00000000147d0000,0x0000000014bd0000] byte_map_base: 0x00000000143c2000

Marking Bits: (ParMarkBitMap*) 0x00000000595608c0
 Begin Bits: [0x0000000015280000, 0x0000000017210000)
 End Bits:   [0x0000000017210000, 0x00000000191a0000)

Polling page: 0x00000000034b0000

CodeCache: size=245760Kb used=11956Kb max_used=13212Kb free=233803Kb
 bounds [0x0000000005410000, 0x0000000006100000, 0x0000000014410000]
 total_blobs=3768 nmethods=3338 adapters=342
 compilation: enabled

Compilation events (10 events):
Event: 8.056 Thread 0x0000000019f99800 3730   !   3       org.springframework.util.ConcurrentReferenceHashMap$Segment::clear (63 bytes)
Event: 8.057 Thread 0x0000000019f99800 nmethod 3730 0x00000000057b2510 code [0x00000000057b2700, 0x00000000057b3118]
Event: 8.058 Thread 0x0000000019f99800 3731       3       jdk.internal.org.objectweb.asm.FieldWriter::put (472 bytes)
Event: 8.060 Thread 0x0000000019f99800 nmethod 3731 0x00000000055212d0 code [0x0000000005521680, 0x0000000005522a78]
Event: 8.065 Thread 0x0000000019f99800 3732       3       org.springframework.core.ResolvableType::hasGenerics (14 bytes)
Event: 8.066 Thread 0x0000000019f99800 nmethod 3732 0x000000000552c290 code [0x000000000552c400, 0x000000000552c668]
Event: 8.067 Thread 0x0000000019f99800 3733   !   3       org.springframework.beans.factory.support.DefaultListableBeanFactory::doGetBeanNamesForType (593 bytes)
Event: 8.076 Thread 0x0000000019f99800 nmethod 3733 0x00000000059d7090 code [0x00000000059d78c0, 0x00000000059dedb8]
Event: 8.076 Thread 0x0000000019f99800 3734       3       org.springframework.core.ResolvableType$WildcardBounds::get (134 bytes)
Event: 8.077 Thread 0x0000000019f99800 nmethod 3734 0x00000000055c23d0 code [0x00000000055c2600, 0x00000000055c33d8]

GC Heap History (10 events):
Event: 2.616 GC heap before
{Heap before GC invocations=5 (full 1):
 PSYoungGen      total 38400K, used 33280K [0x00000000d5f00000, 0x00000000daa00000, 0x0000000100000000)
  eden space 33280K, 100% used [0x00000000d5f00000,0x00000000d7f80000,0x00000000d7f80000)
  from space 5120K, 0% used [0x00000000d7f80000,0x00000000d7f80000,0x00000000d8480000)
  to   space 5120K, 0% used [0x00000000da500000,0x00000000da500000,0x00000000daa00000)
 ParOldGen       total 63488K, used 8376K [0x0000000081c00000, 0x0000000085a00000, 0x00000000d5f00000)
  object space 63488K, 13% used [0x0000000081c00000,0x000000008242e3b0,0x0000000085a00000)
 Metaspace       used 23953K, capacity 24606K, committed 24880K, reserved 1071104K
  class space    used 3116K, capacity 3279K, committed 3376K, reserved 1048576K
Event: 2.621 GC heap after
Heap after GC invocations=5 (full 1):
 PSYoungGen      total 53760K, used 4280K [0x00000000d5f00000, 0x00000000da980000, 0x0000000100000000)
  eden space 49152K, 0% used [0x00000000d5f00000,0x00000000d5f00000,0x00000000d8f00000)
  from space 4608K, 92% used [0x00000000da500000,0x00000000da92e1b8,0x00000000da980000)
  to   space 5120K, 0% used [0x00000000d9f80000,0x00000000d9f80000,0x00000000da480000)
 ParOldGen       total 63488K, used 8384K [0x0000000081c00000, 0x0000000085a00000, 0x00000000d5f00000)
  object space 63488K, 13% used [0x0000000081c00000,0x00000000824303b0,0x0000000085a00000)
 Metaspace       used 23953K, capacity 24606K, committed 24880K, reserved 1071104K
  class space    used 3116K, capacity 3279K, committed 3376K, reserved 1048576K
}
Event: 3.570 GC heap before
{Heap before GC invocations=6 (full 1):
 PSYoungGen      total 53760K, used 53432K [0x00000000d5f00000, 0x00000000da980000, 0x0000000100000000)
  eden space 49152K, 100% used [0x00000000d5f00000,0x00000000d8f00000,0x00000000d8f00000)
  from space 4608K, 92% used [0x00000000da500000,0x00000000da92e1b8,0x00000000da980000)
  to   space 5120K, 0% used [0x00000000d9f80000,0x00000000d9f80000,0x00000000da480000)
 ParOldGen       total 63488K, used 8384K [0x0000000081c00000, 0x0000000085a00000, 0x00000000d5f00000)
  object space 63488K, 13% used [0x0000000081c00000,0x00000000824303b0,0x0000000085a00000)
 Metaspace       used 27776K, capacity 28612K, committed 28720K, reserved 1075200K
  class space    used 3619K, capacity 3810K, committed 3888K, reserved 1048576K
Event: 3.581 GC heap after
Heap after GC invocations=6 (full 1):
 PSYoungGen      total 71168K, used 5117K [0x00000000d5f00000, 0x00000000dbb80000, 0x0000000100000000)
  eden space 66048K, 0% used [0x00000000d5f00000,0x00000000d5f00000,0x00000000d9f80000)
  from space 5120K, 99% used [0x00000000d9f80000,0x00000000da47f690,0x00000000da480000)
  to   space 11264K, 0% used [0x00000000db080000,0x00000000db080000,0x00000000dbb80000)
 ParOldGen       total 63488K, used 12828K [0x0000000081c00000, 0x0000000085a00000, 0x00000000d5f00000)
  object space 63488K, 20% used [0x0000000081c00000,0x0000000082887330,0x0000000085a00000)
 Metaspace       used 27776K, capacity 28612K, committed 28720K, reserved 1075200K
  class space    used 3619K, capacity 3810K, committed 3888K, reserved 1048576K
}
Event: 5.101 GC heap before
{Heap before GC invocations=7 (full 1):
 PSYoungGen      total 71168K, used 71165K [0x00000000d5f00000, 0x00000000dbb80000, 0x0000000100000000)
  eden space 66048K, 100% used [0x00000000d5f00000,0x00000000d9f80000,0x00000000d9f80000)
  from space 5120K, 99% used [0x00000000d9f80000,0x00000000da47f690,0x00000000da480000)
  to   space 11264K, 0% used [0x00000000db080000,0x00000000db080000,0x00000000dbb80000)
 ParOldGen       total 63488K, used 12828K [0x0000000081c00000, 0x0000000085a00000, 0x00000000d5f00000)
  object space 63488K, 20% used [0x0000000081c00000,0x0000000082887330,0x0000000085a00000)
 Metaspace       used 31411K, capacity 32672K, committed 32816K, reserved 1077248K
  class space    used 4064K, capacity 4306K, committed 4400K, reserved 1048576K
Event: 5.116 GC heap after
Heap after GC invocations=7 (full 1):
 PSYoungGen      total 81920K, used 11101K [0x00000000d5f00000, 0x00000000dd580000, 0x0000000100000000)
  eden space 70656K, 0% used [0x00000000d5f00000,0x00000000d5f00000,0x00000000da400000)
  from space 11264K, 98% used [0x00000000db080000,0x00000000dbb57780,0x00000000dbb80000)
  to   space 12800K, 0% used [0x00000000da400000,0x00000000da400000,0x00000000db080000)
 ParOldGen       total 63488K, used 12836K [0x0000000081c00000, 0x0000000085a00000, 0x00000000d5f00000)
  object space 63488K, 20% used [0x0000000081c00000,0x0000000082889330,0x0000000085a00000)
 Metaspace       used 31411K, capacity 32672K, committed 32816K, reserved 1077248K
  class space    used 4064K, capacity 4306K, committed 4400K, reserved 1048576K
}
Event: 6.041 GC heap before
{Heap before GC invocations=8 (full 1):
 PSYoungGen      total 81920K, used 75481K [0x00000000d5f00000, 0x00000000dd580000, 0x0000000100000000)
  eden space 70656K, 91% used [0x00000000d5f00000,0x00000000d9ddefd8,0x00000000da400000)
  from space 11264K, 98% used [0x00000000db080000,0x00000000dbb57780,0x00000000dbb80000)
  to   space 12800K, 0% used [0x00000000da400000,0x00000000da400000,0x00000000db080000)
 ParOldGen       total 63488K, used 12836K [0x0000000081c00000, 0x0000000085a00000, 0x00000000d5f00000)
  object space 63488K, 20% used [0x0000000081c00000,0x0000000082889330,0x0000000085a00000)
 Metaspace       used 33982K, capacity 35368K, committed 35496K, reserved 1079296K
  class space    used 4398K, capacity 4672K, committed 4776K, reserved 1048576K
Event: 6.070 GC heap after
Heap after GC invocations=8 (full 1):
 PSYoungGen      total 83456K, used 12774K [0x00000000d5f00000, 0x00000000de600000, 0x0000000100000000)
  eden space 70656K, 0% used [0x00000000d5f00000,0x00000000d5f00000,0x00000000da400000)
  from space 12800K, 99% used [0x00000000da400000,0x00000000db079aa0,0x00000000db080000)
  to   space 15360K, 0% used [0x00000000dd700000,0x00000000dd700000,0x00000000de600000)
 ParOldGen       total 63488K, used 13383K [0x0000000081c00000, 0x0000000085a00000, 0x00000000d5f00000)
  object space 63488K, 21% used [0x0000000081c00000,0x0000000082911d68,0x0000000085a00000)
 Metaspace       used 33982K, capacity 35368K, committed 35496K, reserved 1079296K
  class space    used 4398K, capacity 4672K, committed 4776K, reserved 1048576K
}
Event: 6.070 GC heap before
{Heap before GC invocations=9 (full 2):
 PSYoungGen      total 83456K, used 12774K [0x00000000d5f00000, 0x00000000de600000, 0x0000000100000000)
  eden space 70656K, 0% used [0x00000000d5f00000,0x00000000d5f00000,0x00000000da400000)
  from space 12800K, 99% used [0x00000000da400000,0x00000000db079aa0,0x00000000db080000)
  to   space 15360K, 0% used [0x00000000dd700000,0x00000000dd700000,0x00000000de600000)
 ParOldGen       total 63488K, used 13383K [0x0000000081c00000, 0x0000000085a00000, 0x00000000d5f00000)
  object space 63488K, 21% used [0x0000000081c00000,0x0000000082911d68,0x0000000085a00000)
 Metaspace       used 33982K, capacity 35368K, committed 35496K, reserved 1079296K
  class space    used 4398K, capacity 4672K, committed 4776K, reserved 1048576K
Event: 6.207 GC heap after
Heap after GC invocations=9 (full 2):
 PSYoungGen      total 83456K, used 0K [0x00000000d5f00000, 0x00000000de600000, 0x0000000100000000)
  eden space 70656K, 0% used [0x00000000d5f00000,0x00000000d5f00000,0x00000000da400000)
  from space 12800K, 0% used [0x00000000da400000,0x00000000da400000,0x00000000db080000)
  to   space 15360K, 0% used [0x00000000dd700000,0x00000000dd700000,0x00000000de600000)
 ParOldGen       total 63488K, used 19570K [0x0000000081c00000, 0x0000000085a00000, 0x00000000d5f00000)
  object space 63488K, 30% used [0x0000000081c00000,0x0000000082f1cb18,0x0000000085a00000)
 Metaspace       used 33982K, capacity 35368K, committed 35496K, reserved 1079296K
  class space    used 4398K, capacity 4672K, committed 4776K, reserved 1048576K
}

Deoptimization events (10 events):
Event: 6.553 Thread 0x0000000005316000 Uncommon trap: reason=unstable_if action=reinterpret pc=0x0000000005d9a7e8 method=java.util.Properties.load0(Ljava/util/Properties$LineReader;)V @ 33
Event: 6.553 Thread 0x0000000005316000 Uncommon trap: reason=class_check action=maybe_recompile pc=0x0000000005dc11dc method=java.util.Properties$LineReader.readLine()I @ 410
Event: 6.553 Thread 0x0000000005316000 Uncommon trap: reason=class_check action=maybe_recompile pc=0x0000000005dc11b8 method=java.util.Properties$LineReader.readLine()I @ 62
Event: 6.566 Thread 0x0000000005316000 Uncommon trap: reason=unstable_if action=reinterpret pc=0x0000000005de9b60 method=java.net.URI.match(CJJ)Z @ 45
Event: 7.788 Thread 0x0000000005316000 Uncommon trap: reason=unstable_if action=reinterpret pc=0x000000000572fbc8 method=java.lang.AbstractStringBuilder.append(Ljava/lang/String;)Ljava/lang/AbstractStringBuilder; @ 1
Event: 7.806 Thread 0x000000002056e800 Uncommon trap: reason=unstable_if action=reinterpret pc=0x00000000060a405c method=java.lang.CharacterDataLatin1.digit(II)I @ 82
Event: 7.809 Thread 0x000000002056e800 Uncommon trap: reason=class_check action=maybe_recompile pc=0x0000000005dc11b8 method=java.util.Properties$LineReader.readLine()I @ 62
Event: 7.997 Thread 0x0000000005316000 Uncommon trap: reason=unstable_if action=reinterpret pc=0x0000000005f0e9d4 method=org.springframework.util.ConcurrentReferenceHashMap$Segment.clear()V @ 4
Event: 8.055 Thread 0x0000000005316000 Uncommon trap: reason=bimorphic action=maybe_recompile pc=0x0000000005ad4a80 method=java.util.Hashtable.get(Ljava/lang/Object;)Ljava/lang/Object; @ 6
Event: 8.055 Thread 0x0000000005316000 Uncommon trap: reason=bimorphic action=maybe_recompile pc=0x0000000005ad4a80 method=java.util.Hashtable.get(Ljava/lang/Object;)Ljava/lang/Object; @ 6

Classes redefined (0 events):
No events

Internal exceptions (10 events):
Event: 7.840 Thread 0x0000000005316000 Exception <a 'java/lang/ClassNotFoundException': org/springframework/context/annotation/ConfigurationClassEnhancer$EnhancedConfigurationCustomizer> (0x00000000d7663fd8) thrown at [C:\re\workspace\8-2-build-windows-amd64-cygwin\jdk8u171\10807\hotspot\src\s
Event: 7.861 Thread 0x0000000005316000 Exception <a 'java/lang/ClassNotFoundException': org/springframework/boot/web/client/RestTemplateBuilderBeanInfo> (0x00000000d76f6868) thrown at [C:\re\workspace\8-2-build-windows-amd64-cygwin\jdk8u171\10807\hotspot\src\share\vm\classfile\systemDictionary
Event: 7.862 Thread 0x0000000005316000 Exception <a 'java/lang/ClassNotFoundException': org/springframework/boot/web/client/RestTemplateBuilderCustomizer> (0x00000000d770a128) thrown at [C:\re\workspace\8-2-build-windows-amd64-cygwin\jdk8u171\10807\hotspot\src\share\vm\classfile\systemDictiona
Event: 7.867 Thread 0x0000000005316000 Exception <a 'java/lang/ClassNotFoundException': java/lang/ObjectCustomizer> (0x00000000d773f4c8) thrown at [C:\re\workspace\8-2-build-windows-amd64-cygwin\jdk8u171\10807\hotspot\src\share\vm\classfile\systemDictionary.cpp, line 210]
Event: 7.868 Thread 0x0000000005316000 Exception <a 'java/lang/ClassNotFoundException': org/springframework/boot/autoconfigure/web/embedded/EmbeddedWebServerFactoryCustomizerAutoConfigurationCustomizer> (0x00000000d77605a8) thrown at [C:\re\workspace\8-2-build-windows-amd64-cygwin\jdk8u171\108
Event: 7.869 Thread 0x0000000005316000 Exception <a 'java/lang/ClassNotFoundException': org/springframework/boot/autoconfigure/web/embedded/EmbeddedWebServerFactoryCustomizerAutoConfiguration$$EnhancerBySpringCGLIB$$fe595522Customizer> (0x00000000d7785868) thrown at [C:\re\workspace\8-2-build-
Event: 7.877 Thread 0x0000000005316000 Exception <a 'java/lang/ClassNotFoundException': org/springframework/context/annotation/ConfigurationClassEnhancer$EnhancedConfigurationCustomizer> (0x00000000d77a67f0) thrown at [C:\re\workspace\8-2-build-windows-amd64-cygwin\jdk8u171\10807\hotspot\src\s
Event: 7.887 Thread 0x0000000005316000 Exception <a 'java/lang/ClassNotFoundException': java/lang/ObjectCustomizer> (0x00000000d77bcaf8) thrown at [C:\re\workspace\8-2-build-windows-amd64-cygwin\jdk8u171\10807\hotspot\src\share\vm\classfile\systemDictionary.cpp, line 210]
Event: 7.890 Thread 0x0000000005316000 Exception <a 'java/lang/ClassNotFoundException': org/springframework/web/multipart/support/StandardServletMultipartResolverCustomizer> (0x00000000d77d8178) thrown at [C:\re\workspace\8-2-build-windows-amd64-cygwin\jdk8u171\10807\hotspot\src\share\vm\class
Event: 7.891 Thread 0x0000000005316000 Exception <a 'java/lang/ClassNotFoundException': org/springframework/web/multipart/MultipartResolverCustomizer> (0x00000000d77f0530) thrown at [C:\re\workspace\8-2-build-windows-amd64-cygwin\jdk8u171\10807\hotspot\src\share\vm\classfile\systemDictionary.c

Events (10 events):
Event: 8.062 loading class org/slf4j/helpers/MessageFormatter
Event: 8.062 loading class org/slf4j/helpers/MessageFormatter done
Event: 8.064 loading class org/slf4j/helpers/FormattingTuple
Event: 8.064 loading class org/slf4j/helpers/FormattingTuple done
Event: 8.066 loading class org/springframework/boot/ApplicationRunner
Event: 8.066 loading class org/springframework/boot/ApplicationRunner done
Event: 8.067 loading class org/springframework/boot/CommandLineRunner
Event: 8.067 loading class org/springframework/boot/CommandLineRunner done
Event: 8.069 Thread 0x0000000005316000 Thread exited: 0x0000000005316000
Event: 8.069 Thread 0x000000001fc03000 Thread added: 0x000000001fc03000


Dynamic libraries:
0x00007ff62b410000 - 0x00007ff62b447000 	C:\Program Files\Java\jre1.8.0_171\bin\javaw.exe
0x00007ffdf8e10000 - 0x00007ffdf8ff0000 	C:\WINDOWS\SYSTEM32\ntdll.dll
0x00007ffdf6c10000 - 0x00007ffdf6cbe000 	C:\WINDOWS\System32\KERNEL32.DLL
0x00007ffdf55f0000 - 0x00007ffdf5856000 	C:\WINDOWS\System32\KERNELBASE.dll
0x00000000597d0000 - 0x0000000059aeb000 	C:\Program Files (x86)\Norton Internet Security\NortonData\22.5.0.124\Definitions\IPSDefs\20180529.061\IPSEng64.dll
0x00007ffdf81d0000 - 0x00007ffdf8271000 	C:\WINDOWS\System32\ADVAPI32.dll
0x00007ffdf8130000 - 0x00007ffdf81cd000 	C:\WINDOWS\System32\msvcrt.dll
0x00007ffdf8280000 - 0x00007ffdf82db000 	C:\WINDOWS\System32\sechost.dll
0x00007ffdf8480000 - 0x00007ffdf859f000 	C:\WINDOWS\System32\RPCRT4.dll
0x00007ffdf8da0000 - 0x00007ffdf8da8000 	C:\WINDOWS\System32\PSAPI.DLL
0x00007ffdf8b10000 - 0x00007ffdf8c9f000 	C:\WINDOWS\System32\USER32.dll
0x00007ffdf5530000 - 0x00007ffdf5550000 	C:\WINDOWS\System32\win32u.dll
0x00007ffdf6cc0000 - 0x00007ffdf6ce8000 	C:\WINDOWS\System32\GDI32.dll
0x00007ffdf5390000 - 0x00007ffdf5523000 	C:\WINDOWS\System32\gdi32full.dll
0x00007ffdf5550000 - 0x00007ffdf55eb000 	C:\WINDOWS\System32\msvcp_win.dll
0x00007ffdf5a30000 - 0x00007ffdf5b26000 	C:\WINDOWS\System32\ucrtbase.dll
0x00007ffdeb4a0000 - 0x00007ffdeb709000 	C:\WINDOWS\WinSxS\amd64_microsoft.windows.common-controls_6595b64144ccf1df_6.0.16299.431_none_15c7d3ee93659e73\COMCTL32.dll
0x00007ffdf62e0000 - 0x00007ffdf65e8000 	C:\WINDOWS\System32\combase.dll
0x00007ffdf5260000 - 0x00007ffdf52d2000 	C:\WINDOWS\System32\bcryptPrimitives.dll
0x00007ffdf8db0000 - 0x00007ffdf8ddd000 	C:\WINDOWS\System32\IMM32.DLL
0x000000005c3d0000 - 0x000000005c4a2000 	C:\Program Files\Java\jre1.8.0_171\bin\msvcr100.dll
0x0000000058d40000 - 0x00000000595e0000 	C:\Program Files\Java\jre1.8.0_171\bin\server\jvm.dll
0x00007ffde9da0000 - 0x00007ffde9da9000 	C:\WINDOWS\SYSTEM32\WSOCK32.dll
0x00007ffdf8800000 - 0x00007ffdf886c000 	C:\WINDOWS\System32\WS2_32.dll
0x00007ffdf1fc0000 - 0x00007ffdf1fe3000 	C:\WINDOWS\SYSTEM32\WINMM.dll
0x00007ffdeb880000 - 0x00007ffdeb88a000 	C:\WINDOWS\SYSTEM32\VERSION.dll
0x00007ffdf1f90000 - 0x00007ffdf1fba000 	C:\WINDOWS\SYSTEM32\WINMMBASE.dll
0x00007ffdf5210000 - 0x00007ffdf525a000 	C:\WINDOWS\System32\cfgmgr32.dll
0x000000005c4e0000 - 0x000000005c4ef000 	C:\Program Files\Java\jre1.8.0_171\bin\verify.dll
0x000000005c4b0000 - 0x000000005c4d9000 	C:\Program Files\Java\jre1.8.0_171\bin\java.dll
0x000000005c2e0000 - 0x000000005c2f6000 	C:\Program Files\Java\jre1.8.0_171\bin\zip.dll
0x00007ffdf6cf0000 - 0x00007ffdf8128000 	C:\WINDOWS\System32\SHELL32.dll
0x00007ffdf8870000 - 0x00007ffdf8916000 	C:\WINDOWS\System32\shcore.dll
0x00007ffdf5b90000 - 0x00007ffdf62d7000 	C:\WINDOWS\System32\windows.storage.dll
0x00007ffdf8920000 - 0x00007ffdf8971000 	C:\WINDOWS\System32\shlwapi.dll
0x00007ffdf51a0000 - 0x00007ffdf51b1000 	C:\WINDOWS\System32\kernel.appcore.dll
0x00007ffdf51c0000 - 0x00007ffdf520c000 	C:\WINDOWS\System32\powrprof.dll
0x00007ffdf5180000 - 0x00007ffdf519b000 	C:\WINDOWS\System32\profapi.dll
0x000000005c4f0000 - 0x000000005c4fd000 	C:\Program Files\Java\jre1.8.0_171\bin\management.dll
0x000000005c560000 - 0x000000005c57a000 	C:\Program Files\Java\jre1.8.0_171\bin\net.dll
0x00007ffdf4990000 - 0x00007ffdf49f6000 	C:\WINDOWS\system32\mswsock.dll
0x000000005c540000 - 0x000000005c551000 	C:\Program Files\Java\jre1.8.0_171\bin\nio.dll
0x00007ffddd700000 - 0x00007ffddd716000 	C:\WINDOWS\system32\napinsp.dll
0x00007ffddd2e0000 - 0x00007ffddd2fa000 	C:\WINDOWS\system32\pnrpnsp.dll
0x00007ffdf21c0000 - 0x00007ffdf21d8000 	C:\WINDOWS\system32\NLAapi.dll
0x00007ffdf4760000 - 0x00007ffdf4816000 	C:\WINDOWS\SYSTEM32\DNSAPI.dll
0x00007ffdf8ca0000 - 0x00007ffdf8ca8000 	C:\WINDOWS\System32\NSI.dll
0x00007ffdf4720000 - 0x00007ffdf4759000 	C:\WINDOWS\SYSTEM32\IPHLPAPI.DLL
0x00007ffddcb10000 - 0x00007ffddcb1e000 	C:\WINDOWS\System32\winrnr.dll
0x00007ffddcaf0000 - 0x00007ffddcb05000 	C:\WINDOWS\System32\wshbth.dll
0x00007ffded080000 - 0x00007ffded08a000 	C:\Windows\System32\rasadhlp.dll
0x00007ffdee060000 - 0x00007ffdee0d0000 	C:\WINDOWS\System32\fwpuclnt.dll
0x00007ffdf4c60000 - 0x00007ffdf4c85000 	C:\WINDOWS\SYSTEM32\bcrypt.dll
0x00007ffdf4b50000 - 0x00007ffdf4b67000 	C:\WINDOWS\SYSTEM32\CRYPTSP.dll
0x00007ffdf4590000 - 0x00007ffdf45c3000 	C:\WINDOWS\system32\rsaenh.dll
0x00007ffdf5090000 - 0x00007ffdf50b9000 	C:\WINDOWS\SYSTEM32\USERENV.dll
0x00007ffdf4b70000 - 0x00007ffdf4b7b000 	C:\WINDOWS\SYSTEM32\CRYPTBASE.dll
0x00007ffdef390000 - 0x00007ffdef3a6000 	C:\WINDOWS\SYSTEM32\dhcpcsvc6.DLL
0x00007ffdef0f0000 - 0x00007ffdef10a000 	C:\WINDOWS\SYSTEM32\dhcpcsvc.DLL
0x000000005c510000 - 0x000000005c534000 	C:\Program Files\Java\jre1.8.0_171\bin\sunec.dll

VM Arguments:
jvm_args: -Dcom.sun.management.jmxremote -Dcom.sun.management.jmxremote.port=11540 -Dcom.sun.management.jmxremote.authenticate=false -Dcom.sun.management.jmxremote.ssl=false -Dspring.liveBeansView.mbeanDomain -Dspring.application.admin.enabled=true -Dfile.encoding=MS949 
java_command: com.example.WebApplication
java_class_path (initial): C:\Users\user\workspace\web\bin\main;C:\Users\user\workspace\web\bin\test;C:\Users\user\workspace\web\bin\default;C:\Users\user\.gradle\caches\modules-2\files-2.1\org.springframework.boot\spring-boot-starter-web\2.0.2.RELEASE\b6ef0cf4d0a7c6c7e93ff524b84cd1d8f87f67d9\spring-boot-starter-web-2.0.2.RELEASE.jar;C:\Users\user\.gradle\caches\modules-2\files-2.1\org.springframework.boot\spring-boot-starter-json\2.0.2.RELEASE\5edda979838ced5314b8f58a958fe9d6b4b3badd\spring-boot-starter-json-2.0.2.RELEASE.jar;C:\Users\user\.gradle\caches\modules-2\files-2.1\org.springframework.boot\spring-boot-starter\2.0.2.RELEASE\1cda94f0dfcf2b065191782a54b84d2abf96391\spring-boot-starter-2.0.2.RELEASE.jar;C:\Users\user\.gradle\caches\modules-2\files-2.1\org.springframework.boot\spring-boot-starter-tomcat\2.0.2.RELEASE\cedbfb18762e1c220007c768bfc5b773f5b30f8a\spring-boot-starter-tomcat-2.0.2.RELEASE.jar;C:\Users\user\.gradle\caches\modules-2\files-2.1\org.hibernate.validator\hibernate-validator\6.0.9.Final\b149e4cce82379f11f6129eb3187ca8ae5404005\hibernate-validator-6.0.9.Final.jar;C:\Users\user\.gradle\caches\modules-2\files-2.1\org.springframework\spring-webmvc\5.0.6.RELEASE\1361c5d1cf46665ee01de5dc1ca447c3be174c19\spring-webmvc-5.0.6.RELEASE.jar;C:\Users\user\.gradle\caches\modules-2\files-2.1\org.springframework\spring-web\5.0.6.RELEASE\89e89de3025165998118590613aedc6df8d64af6\spring-web-5.0.6.RELEASE.jar;C:\Users\user\.gradle\caches\modules-2\files-2.1\org.springframework.boot\spring-boot-autoconfigure\2.0.2.RELEASE\f4b25e753e4955337a138d8b1550236b5efe5b3b\spring-boot-autoconfigure-2.0.2.RELEASE.jar;C:\Users\user\.gradle\caches\modules-2\files-2.1\org.springframework.boot\spring-boot\2.0.2.RELEASE\15012cf02e9f77938244e554f0598535fdd1cb38\spring-boot-2.0.2.RELEASE.jar;C:\Users\user\.gradle\caches\modules-2\files-2.1\org.springframework.boot\spring-boot-starter-logging\2.0.2.RELEASE\b56d7d1931792d6e58dbd41f956912359ba85238\spring-boot-starter-logging-2.0.2.R
Launcher Type: SUN_STANDARD

Environment Variables:
PATH=C:/Program Files/Java/jre1.8.0_171/bin/server;C:/Program Files/Java/jre1.8.0_171/bin;C:/Program Files/Java/jre1.8.0_171/lib/amd64;C:\Program Files (x86)\Common Files\Oracle\Java\javapath;C:\ProgramData\Oracle\Java\javapath;C:\Program Files (x86)\GnuWin32\bin;C:\gradle\bin;C:\Users\user\AppData\Local\Microsoft\WindowsApps;;C:\Users\user\Downloads\eclipse-java-luna-SR1-win32-x86_64\eclipse;
USERNAME=user
OS=Windows_NT
PROCESSOR_IDENTIFIER=Intel64 Family 6 Model 58 Stepping 9, GenuineIntel



---------------  S Y S T E M  ---------------

OS: Windows 10.0 , 64 bit Build 16299 (10.0.16299.431)

CPU:total 4 (initial active 4) (2 cores per cpu, 2 threads per core) family 6 model 58 stepping 9, cmov, cx8, fxsr, mmx, sse, sse2, sse3, ssse3, sse4.1, sse4.2, popcnt, avx, aes, clmul, erms, ht, tsc, tscinvbit, tscinv

Memory: 4k page, physical 8271496k(1035036k free), swap 8271496k(84256k free)

vm_info: Java HotSpot(TM) 64-Bit Server VM (25.171-b11) for windows-amd64 JRE (1.8.0_171-b11), built on Mar 28 2018 16:06:12 by "java_re" with MS VC++ 10.0 (VS2010)

time: Wed May 30 18:48:01 2018
elapsed time: 8 seconds (0d 0h 0m 8s)

