#
# There is insufficient memory for the Java Runtime Environment to continue.
# Native memory allocation (malloc) failed to allocate 32744 bytes for ChunkPool::allocate
# Possible reasons:
#   The system is out of physical RAM or swap space
#   In 32 bit mode, the process size limit was hit
# Possible solutions:
#   Reduce memory load on the system
#   Increase physical memory or swap space
#   Check if swap backing store is full
#   Use 64 bit Java on a 64 bit OS
#   Decrease Java heap size (-Xmx/-Xms)
#   Decrease number of Java threads
#   Decrease Java thread stack sizes (-Xss)
#   Set larger code cache with -XX:ReservedCodeCacheSize=
# This output file may be truncated or incomplete.
#
#  Out of Memory Error (allocation.cpp:273), pid=31152, tid=0x00000000000033ac
#
# JRE version: Java(TM) SE Runtime Environment (8.0_171-b11) (build 1.8.0_171-b11)
# Java VM: Java HotSpot(TM) 64-Bit Server VM (25.171-b11 mixed mode windows-amd64 compressed oops)
# Failed to write core dump. Minidumps are not enabled by default on client versions of Windows
#

---------------  T H R E A D  ---------------

Current thread (0x0000000019bb5800):  JavaThread "C1 CompilerThread2" daemon [_thread_in_native, id=13228, stack(0x000000001b880000,0x000000001b980000)]

Stack: [0x000000001b880000,0x000000001b980000]
[error occurred during error reporting (printing stack bounds), id 0xc0000005]

Native frames: (J=compiled Java code, j=interpreted, Vv=VM code, C=native code)


Current CompileTask:
C1:  31685 4970   !   3       org.springframework.web.filter.OncePerRequestFilter::doFilter (139 bytes)


---------------  P R O C E S S  ---------------

Java Threads: ( => current thread )
  0x000000001d58f800 JavaThread "DestroyJavaVM" [_thread_blocked, id=12184, stack(0x0000000004e60000,0x0000000004f60000)]
  0x000000001d588000 JavaThread "http-nio-8080-AsyncTimeout" daemon [_thread_blocked, id=27984, stack(0x0000000024070000,0x0000000024170000)]
  0x000000001d58e000 JavaThread "http-nio-8080-Acceptor-0" daemon [_thread_in_native, id=29548, stack(0x0000000023f70000,0x0000000024070000)]
  0x000000001d58d000 JavaThread "http-nio-8080-ClientPoller-1" daemon [_thread_in_native, id=30728, stack(0x0000000023e70000,0x0000000023f70000)]
  0x000000001d58c800 JavaThread "http-nio-8080-ClientPoller-0" daemon [_thread_in_native, id=14360, stack(0x0000000023d70000,0x0000000023e70000)]
  0x000000001d58b800 JavaThread "http-nio-8080-exec-10" daemon [_thread_blocked, id=31180, stack(0x0000000023c70000,0x0000000023d70000)]
  0x000000001d58e800 JavaThread "http-nio-8080-exec-9" daemon [_thread_blocked, id=32596, stack(0x0000000023b70000,0x0000000023c70000)]
  0x000000001d585000 JavaThread "http-nio-8080-exec-8" daemon [_thread_blocked, id=32572, stack(0x0000000023a70000,0x0000000023b70000)]
  0x000000001d584000 JavaThread "http-nio-8080-exec-7" daemon [_thread_blocked, id=13524, stack(0x0000000023970000,0x0000000023a70000)]
  0x000000001d58b000 JavaThread "http-nio-8080-exec-6" daemon [_thread_blocked, id=9512, stack(0x0000000023870000,0x0000000023970000)]
  0x000000001d58a000 JavaThread "http-nio-8080-exec-5" daemon [_thread_blocked, id=30160, stack(0x0000000023770000,0x0000000023870000)]
  0x000000001d585800 JavaThread "http-nio-8080-exec-4" daemon [_thread_blocked, id=32604, stack(0x0000000023670000,0x0000000023770000)]
  0x000000001d587000 JavaThread "http-nio-8080-exec-3" daemon [_thread_blocked, id=22932, stack(0x0000000023570000,0x0000000023670000)]
  0x000000001d586800 JavaThread "http-nio-8080-exec-2" daemon [_thread_blocked, id=13068, stack(0x0000000023470000,0x0000000023570000)]
  0x000000001d583800 JavaThread "http-nio-8080-exec-1" daemon [_thread_blocked, id=25676, stack(0x0000000023370000,0x0000000023470000)]
  0x000000001d588800 JavaThread "NioBlockingSelector.BlockPoller-1" daemon [_thread_in_native, id=20864, stack(0x0000000023270000,0x0000000023370000)]
  0x000000001d589800 JavaThread "CleanCursors-2-thread-1" daemon [_thread_blocked, id=30900, stack(0x0000000022f70000,0x0000000023070000)]
  0x000000001d63b000 JavaThread "cluster-ClusterId{value='5b27aaa052adb679b056d5a3', description='null'}-localhost:27017" daemon [_thread_blocked, id=29904, stack(0x0000000022e70000,0x0000000022f70000)]
  0x000000001d638000 JavaThread "CleanCursors-1-thread-1" daemon [_thread_blocked, id=16284, stack(0x00000000227d0000,0x00000000228d0000)]
  0x000000001d637800 JavaThread "cluster-ClusterId{value='5b27aa9e52adb679b056d5a2', description='null'}-localhost:27017" daemon [_thread_blocked, id=31096, stack(0x00000000226d0000,0x00000000227d0000)]
  0x000000001d63a800 JavaThread "container-0" [_thread_blocked, id=21692, stack(0x00000000221d0000,0x00000000222d0000)]
  0x000000001d639000 JavaThread "ContainerBackgroundProcessor[StandardEngine[Tomcat]]" daemon [_thread_blocked, id=29560, stack(0x00000000220d0000,0x00000000221d0000)]
  0x000000001bd6c000 JavaThread "RMI TCP Accept-0" daemon [_thread_in_native, id=31196, stack(0x000000001c480000,0x000000001c580000)]
  0x000000001bd4a000 JavaThread "RMI TCP Accept-14785" daemon [_thread_in_native, id=31552, stack(0x000000001c380000,0x000000001c480000)]
  0x000000001bd2e800 JavaThread "RMI TCP Accept-0" daemon [_thread_in_native, id=32684, stack(0x000000001c280000,0x000000001c380000)]
  0x0000000019bee000 JavaThread "Service Thread" daemon [_thread_blocked, id=29504, stack(0x000000001b980000,0x000000001ba80000)]
=>0x0000000019bb5800 JavaThread "C1 CompilerThread2" daemon [_thread_in_native, id=13228, stack(0x000000001b880000,0x000000001b980000)]
  0x0000000019bb4800 JavaThread "C2 CompilerThread1" daemon [_thread_blocked, id=31900, stack(0x000000001b780000,0x000000001b880000)]
  0x0000000019bae800 JavaThread "C2 CompilerThread0" daemon [_thread_blocked, id=30152, stack(0x000000001b680000,0x000000001b780000)]
  0x0000000019bae000 JavaThread "Attach Listener" daemon [_thread_blocked, id=31496, stack(0x000000001b580000,0x000000001b680000)]
  0x000000001b0c3800 JavaThread "Signal Dispatcher" daemon [_thread_blocked, id=32068, stack(0x000000001b480000,0x000000001b580000)]
  0x0000000019b80000 JavaThread "Finalizer" daemon [_thread_blocked, id=30440, stack(0x000000001aef0000,0x000000001aff0000)]
  0x0000000005055000 JavaThread "Reference Handler" daemon [_thread_blocked, id=29008, stack(0x000000001adf0000,0x000000001aef0000)]

Other Threads:
  0x0000000019b57800 VMThread [stack: 0x000000001abf0000,0x000000001acf0000] [id=31652]
  0x000000001bd6e000 WatcherThread [stack: 0x000000001c580000,0x000000001c680000] [id=20896]

VM state:not at safepoint (normal execution)

VM Mutex/Monitor currently owned by a thread: None

Heap:
 PSYoungGen      total 103936K, used 91364K [0x00000000d5f00000, 0x00000000dd480000, 0x0000000100000000)
  eden space 91648K, 92% used [0x00000000d5f00000,0x00000000db21ef78,0x00000000db880000)
  from space 12288K, 50% used [0x00000000dc880000,0x00000000dce9a318,0x00000000dd480000)
  to   space 14336K, 0% used [0x00000000db880000,0x00000000db880000,0x00000000dc680000)
 ParOldGen       total 109056K, used 19369K [0x0000000081c00000, 0x0000000088680000, 0x00000000d5f00000)
  object space 109056K, 17% used [0x0000000081c00000,0x0000000082eea4f8,0x0000000088680000)
 Metaspace       used 41178K, capacity 42792K, committed 43056K, reserved 1087488K
  class space    used 5328K, capacity 5614K, committed 5680K, reserved 1048576K

Card table byte_map: [0x0000000014420000,0x0000000014820000] byte_map_base: 0x0000000014012000

Marking Bits: (ParMarkBitMap*) 0x0000000065d008c0
 Begin Bits: [0x0000000014ed0000, 0x0000000016e60000)
 End Bits:   [0x0000000016e60000, 0x0000000018df0000)

Polling page: 0x0000000003080000

CodeCache: size=245760Kb used=15181Kb max_used=15181Kb free=230579Kb
 bounds [0x0000000005060000, 0x0000000005f50000, 0x0000000014060000]
 total_blobs=4822 nmethods=4370 adapters=364
 compilation: enabled

Compilation events (10 events):
Event: 31.677 Thread 0x0000000019bb5800 nmethod 4968 0x0000000005f43350 code [0x0000000005f434c0, 0x0000000005f438f0]
Event: 31.677 Thread 0x0000000019bb5800 4965       3       org.apache.tomcat.util.buf.MessageBytes::setChars (31 bytes)
Event: 31.677 Thread 0x0000000019bb5800 nmethod 4965 0x0000000005f40c90 code [0x0000000005f40e00, 0x0000000005f41070]
Event: 31.677 Thread 0x0000000019bb5800 4966       3       org.apache.tomcat.util.buf.CharChunk::setChars (31 bytes)
Event: 31.677 Thread 0x0000000019bb5800 nmethod 4966 0x0000000005f40910 code [0x0000000005f40a60, 0x0000000005f40bf0]
Event: 31.677 Thread 0x0000000019bb5800 4967       3       org.apache.tomcat.util.buf.MessageBytes::isNull (33 bytes)
Event: 31.677 Thread 0x0000000019bb5800 nmethod 4967 0x0000000005f40150 code [0x0000000005f402c0, 0x0000000005f407f0]
Event: 31.677 Thread 0x0000000019bb5800 4969       3       org.apache.catalina.connector.Request::setAsyncSupported (9 bytes)
Event: 31.678 Thread 0x0000000019bb5800 nmethod 4969 0x0000000005f3fd10 code [0x0000000005f3fe80, 0x0000000005f400b0]
Event: 31.678 Thread 0x0000000019bb5800 4970   !   3       org.springframework.web.filter.OncePerRequestFilter::doFilter (139 bytes)

GC Heap History (10 events):
Event: 3.769 GC heap before
{Heap before GC invocations=6 (full 1):
 PSYoungGen      total 52736K, used 52470K [0x00000000d5f00000, 0x00000000da980000, 0x0000000100000000)
  eden space 48128K, 100% used [0x00000000d5f00000,0x00000000d8e00000,0x00000000d8e00000)
  from space 4608K, 94% used [0x00000000da500000,0x00000000da93d818,0x00000000da980000)
  to   space 5120K, 0% used [0x00000000d9f80000,0x00000000d9f80000,0x00000000da480000)
 ParOldGen       total 64512K, used 8536K [0x0000000081c00000, 0x0000000085b00000, 0x00000000d5f00000)
  object space 64512K, 13% used [0x0000000081c00000,0x00000000824560f0,0x0000000085b00000)
 Metaspace       used 27523K, capacity 28330K, committed 28464K, reserved 1073152K
  class space    used 3588K, capacity 3779K, committed 3888K, reserved 1048576K
Event: 3.779 GC heap after
Heap after GC invocations=6 (full 1):
 PSYoungGen      total 71168K, used 5095K [0x00000000d5f00000, 0x00000000db800000, 0x0000000100000000)
  eden space 66048K, 0% used [0x00000000d5f00000,0x00000000d5f00000,0x00000000d9f80000)
  from space 5120K, 99% used [0x00000000d9f80000,0x00000000da479ee0,0x00000000da480000)
  to   space 11264K, 0% used [0x00000000dad00000,0x00000000dad00000,0x00000000db800000)
 ParOldGen       total 64512K, used 12651K [0x0000000081c00000, 0x0000000085b00000, 0x00000000d5f00000)
  object space 64512K, 19% used [0x0000000081c00000,0x000000008285ad80,0x0000000085b00000)
 Metaspace       used 27523K, capacity 28330K, committed 28464K, reserved 1073152K
  class space    used 3588K, capacity 3779K, committed 3888K, reserved 1048576K
}
Event: 5.549 GC heap before
{Heap before GC invocations=7 (full 1):
 PSYoungGen      total 71168K, used 71143K [0x00000000d5f00000, 0x00000000db800000, 0x0000000100000000)
  eden space 66048K, 100% used [0x00000000d5f00000,0x00000000d9f80000,0x00000000d9f80000)
  from space 5120K, 99% used [0x00000000d9f80000,0x00000000da479ee0,0x00000000da480000)
  to   space 11264K, 0% used [0x00000000dad00000,0x00000000dad00000,0x00000000db800000)
 ParOldGen       total 64512K, used 12651K [0x0000000081c00000, 0x0000000085b00000, 0x00000000d5f00000)
  object space 64512K, 19% used [0x0000000081c00000,0x000000008285ad80,0x0000000085b00000)
 Metaspace       used 31206K, capacity 32356K, committed 32432K, reserved 1077248K
  class space    used 4033K, capacity 4268K, committed 4272K, reserved 1048576K
Event: 5.561 GC heap after
Heap after GC invocations=7 (full 1):
 PSYoungGen      total 78336K, used 10695K [0x00000000d5f00000, 0x00000000dd200000, 0x0000000100000000)
  eden space 67072K, 0% used [0x00000000d5f00000,0x00000000d5f00000,0x00000000da080000)
  from space 11264K, 94% used [0x00000000dad00000,0x00000000db771cf8,0x00000000db800000)
  to   space 12800K, 0% used [0x00000000da080000,0x00000000da080000,0x00000000dad00000)
 ParOldGen       total 64512K, used 12723K [0x0000000081c00000, 0x0000000085b00000, 0x00000000d5f00000)
  object space 64512K, 19% used [0x0000000081c00000,0x000000008286cd90,0x0000000085b00000)
 Metaspace       used 31206K, capacity 32356K, committed 32432K, reserved 1077248K
  class space    used 4033K, capacity 4268K, committed 4272K, reserved 1048576K
}
Event: 6.822 GC heap before
{Heap before GC invocations=8 (full 1):
 PSYoungGen      total 78336K, used 50559K [0x00000000d5f00000, 0x00000000dd200000, 0x0000000100000000)
  eden space 67072K, 59% used [0x00000000d5f00000,0x00000000d85ee168,0x00000000da080000)
  from space 11264K, 94% used [0x00000000dad00000,0x00000000db771cf8,0x00000000db800000)
  to   space 12800K, 0% used [0x00000000da080000,0x00000000da080000,0x00000000dad00000)
 ParOldGen       total 64512K, used 12723K [0x0000000081c00000, 0x0000000085b00000, 0x00000000d5f00000)
  object space 64512K, 19% used [0x0000000081c00000,0x000000008286cd90,0x0000000085b00000)
 Metaspace       used 34163K, capacity 35334K, committed 35496K, reserved 1081344K
  class space    used 4408K, capacity 4631K, committed 4656K, reserved 1048576K
Event: 6.835 GC heap after
Heap after GC invocations=8 (full 1):
 PSYoungGen      total 79872K, used 12781K [0x00000000d5f00000, 0x00000000dd700000, 0x0000000100000000)
  eden space 67072K, 0% used [0x00000000d5f00000,0x00000000d5f00000,0x00000000da080000)
  from space 12800K, 99% used [0x00000000da080000,0x00000000dacfb530,0x00000000dad00000)
  to   space 14848K, 0% used [0x00000000dc880000,0x00000000dc880000,0x00000000dd700000)
 ParOldGen       total 64512K, used 13043K [0x0000000081c00000, 0x0000000085b00000, 0x00000000d5f00000)
  object space 64512K, 20% used [0x0000000081c00000,0x00000000828bce98,0x0000000085b00000)
 Metaspace       used 34163K, capacity 35334K, committed 35496K, reserved 1081344K
  class space    used 4408K, capacity 4631K, committed 4656K, reserved 1048576K
}
Event: 6.835 GC heap before
{Heap before GC invocations=9 (full 2):
 PSYoungGen      total 79872K, used 12781K [0x00000000d5f00000, 0x00000000dd700000, 0x0000000100000000)
  eden space 67072K, 0% used [0x00000000d5f00000,0x00000000d5f00000,0x00000000da080000)
  from space 12800K, 99% used [0x00000000da080000,0x00000000dacfb530,0x00000000dad00000)
  to   space 14848K, 0% used [0x00000000dc880000,0x00000000dc880000,0x00000000dd700000)
 ParOldGen       total 64512K, used 13043K [0x0000000081c00000, 0x0000000085b00000, 0x00000000d5f00000)
  object space 64512K, 20% used [0x0000000081c00000,0x00000000828bce98,0x0000000085b00000)
 Metaspace       used 34163K, capacity 35334K, committed 35496K, reserved 1081344K
  class space    used 4408K, capacity 4631K, committed 4656K, reserved 1048576K
Event: 6.923 GC heap after
Heap after GC invocations=9 (full 2):
 PSYoungGen      total 79872K, used 0K [0x00000000d5f00000, 0x00000000dd700000, 0x0000000100000000)
  eden space 67072K, 0% used [0x00000000d5f00000,0x00000000d5f00000,0x00000000da080000)
  from space 12800K, 0% used [0x00000000da080000,0x00000000da080000,0x00000000dad00000)
  to   space 14848K, 0% used [0x00000000dc880000,0x00000000dc880000,0x00000000dd700000)
 ParOldGen       total 109056K, used 19369K [0x0000000081c00000, 0x0000000088680000, 0x00000000d5f00000)
  object space 109056K, 17% used [0x0000000081c00000,0x0000000082eea4f8,0x0000000088680000)
 Metaspace       used 34163K, capacity 35334K, committed 35496K, reserved 1081344K
  class space    used 4408K, capacity 4631K, committed 4656K, reserved 1048576K
}
Event: 7.854 GC heap before
{Heap before GC invocations=10 (full 2):
 PSYoungGen      total 79872K, used 67072K [0x00000000d5f00000, 0x00000000dd700000, 0x0000000100000000)
  eden space 67072K, 100% used [0x00000000d5f00000,0x00000000da080000,0x00000000da080000)
  from space 12800K, 0% used [0x00000000da080000,0x00000000da080000,0x00000000dad00000)
  to   space 14848K, 0% used [0x00000000dc880000,0x00000000dc880000,0x00000000dd700000)
 ParOldGen       total 109056K, used 19369K [0x0000000081c00000, 0x0000000088680000, 0x00000000d5f00000)
  object space 109056K, 17% used [0x0000000081c00000,0x0000000082eea4f8,0x0000000088680000)
 Metaspace       used 37164K, capacity 38498K, committed 38704K, reserved 1083392K
  class space    used 4837K, capacity 5111K, committed 5168K, reserved 1048576K
Event: 7.864 GC heap after
Heap after GC invocations=10 (full 2):
 PSYoungGen      total 103936K, used 6248K [0x00000000d5f00000, 0x00000000dd480000, 0x0000000100000000)
  eden space 91648K, 0% used [0x00000000d5f00000,0x00000000d5f00000,0x00000000db880000)
  from space 12288K, 50% used [0x00000000dc880000,0x00000000dce9a318,0x00000000dd480000)
  to   space 14336K, 0% used [0x00000000db880000,0x00000000db880000,0x00000000dc680000)
 ParOldGen       total 109056K, used 19369K [0x0000000081c00000, 0x0000000088680000, 0x00000000d5f00000)
  object space 109056K, 17% used [0x0000000081c00000,0x0000000082eea4f8,0x0000000088680000)
 Metaspace       used 37164K, capacity 38498K, committed 38704K, reserved 1083392K
  class space    used 4837K, capacity 5111K, committed 5168K, reserved 1048576K
}

Deoptimization events (10 events):
Event: 7.774 Thread 0x0000000004f66000 Uncommon trap: reason=unstable_if action=reinterpret pc=0x0000000005b649dc method=java.util.IdentityHashMap.get(Ljava/lang/Object;)Ljava/lang/Object; @ 31
Event: 7.869 Thread 0x0000000004f66000 Uncommon trap: reason=unstable_if action=reinterpret pc=0x0000000005be188c method=org.springframework.beans.factory.support.AbstractBeanFactory.isTypeMatch(Ljava/lang/String;Lorg/springframework/core/ResolvableType;)Z @ 66
Event: 8.191 Thread 0x0000000004f66000 Uncommon trap: reason=unstable_if action=reinterpret pc=0x0000000005a33740 method=org.springframework.beans.factory.support.DefaultSingletonBeanRegistry.getSingleton(Ljava/lang/String;Z)Ljava/lang/Object; @ 47
Event: 8.507 Thread 0x000000001d63b000 Uncommon trap: reason=unstable_if action=reinterpret pc=0x0000000005c26b14 method=java.lang.CharacterDataLatin1.digit(II)I @ 82
Event: 8.666 Thread 0x0000000004f66000 Uncommon trap: reason=unstable_if action=reinterpret pc=0x0000000005e08a14 method=org.springframework.util.ConcurrentReferenceHashMap$Segment.clear()V @ 4
Event: 17.530 Thread 0x000000001d58b800 Uncommon trap: reason=bimorphic action=maybe_recompile pc=0x0000000005b1e1bc method=java.util.AbstractList$Itr.next()Ljava/lang/Object; @ 14
Event: 18.248 Thread 0x000000001d58e800 Uncommon trap: reason=bimorphic action=maybe_recompile pc=0x0000000005b1e1bc method=java.util.AbstractList$Itr.next()Ljava/lang/Object; @ 14
Event: 18.634 Thread 0x000000001d585000 Uncommon trap: reason=bimorphic action=maybe_recompile pc=0x0000000005b1e1bc method=java.util.AbstractList$Itr.next()Ljava/lang/Object; @ 14
Event: 19.043 Thread 0x000000001d584000 Uncommon trap: reason=bimorphic action=maybe_recompile pc=0x0000000005b1e1bc method=java.util.AbstractList$Itr.next()Ljava/lang/Object; @ 14
Event: 20.327 Thread 0x000000001d586800 Uncommon trap: reason=null_check action=make_not_entrant pc=0x0000000005530f88 method=org.springframework.core.annotation.AnnotatedElementUtils.searchWithFindSemantics(Ljava/lang/reflect/AnnotatedElement;Ljava/lang/Class;Ljava/lang/String;Ljava/lang/Class

Classes redefined (0 events):
No events

Internal exceptions (10 events):
Event: 17.385 Thread 0x000000001d58b800 Exception <a 'java/lang/ClassNotFoundException': org/springframework/web/servlet/ThemeResolverCustomizer> (0x00000000d92a24a8) thrown at [C:\re\workspace\8-2-build-windows-amd64-cygwin\jdk8u171\10807\hotspot\src\share\vm\classfile\systemDictionary.cpp, li
Event: 17.387 Thread 0x000000001d58b800 Exception <a 'java/lang/ClassNotFoundException': java/lang/ObjectCustomizer> (0x00000000d92bc098) thrown at [C:\re\workspace\8-2-build-windows-amd64-cygwin\jdk8u171\10807\hotspot\src\share\vm\classfile\systemDictionary.cpp, line 210]
Event: 17.389 Thread 0x000000001d58b800 Exception <a 'java/lang/ClassNotFoundException': org/springframework/web/servlet/view/DefaultRequestToViewNameTranslatorCustomizer> (0x00000000d92d9b40) thrown at [C:\re\workspace\8-2-build-windows-amd64-cygwin\jdk8u171\10807\hotspot\src\share\vm\classfil
Event: 17.390 Thread 0x000000001d58b800 Exception <a 'java/lang/ClassNotFoundException': org/springframework/web/servlet/RequestToViewNameTranslatorCustomizer> (0x00000000d9303118) thrown at [C:\re\workspace\8-2-build-windows-amd64-cygwin\jdk8u171\10807\hotspot\src\share\vm\classfile\systemDict
Event: 17.395 Thread 0x000000001d58b800 Exception <a 'java/lang/ClassNotFoundException': java/lang/ObjectCustomizer> (0x00000000d9331278) thrown at [C:\re\workspace\8-2-build-windows-amd64-cygwin\jdk8u171\10807\hotspot\src\share\vm\classfile\systemDictionary.cpp, line 210]
Event: 17.396 Thread 0x000000001d58b800 Exception <a 'java/lang/ClassNotFoundException': org/springframework/web/servlet/support/AbstractFlashMapManagerCustomizer> (0x00000000d934d110) thrown at [C:\re\workspace\8-2-build-windows-amd64-cygwin\jdk8u171\10807\hotspot\src\share\vm\classfile\system
Event: 17.398 Thread 0x000000001d58b800 Exception <a 'java/lang/ClassNotFoundException': org/springframework/web/servlet/support/SessionFlashMapManagerCustomizer> (0x00000000d936ce98) thrown at [C:\re\workspace\8-2-build-windows-amd64-cygwin\jdk8u171\10807\hotspot\src\share\vm\classfile\systemD
Event: 17.400 Thread 0x000000001d58b800 Exception <a 'java/lang/ClassNotFoundException': org/springframework/web/servlet/FlashMapManagerCustomizer> (0x00000000d9384d00) thrown at [C:\re\workspace\8-2-build-windows-amd64-cygwin\jdk8u171\10807\hotspot\src\share\vm\classfile\systemDictionary.cpp, 
Event: 17.529 Thread 0x000000001d58b800 Exception <a 'java/lang/NoSuchMethodError': java.lang.Object.lambda$thenComparing$36697e65$1(Ljava/util/Comparator;Ljava/lang/Object;Ljava/lang/Object;)I> (0x00000000d9a7b580) thrown at [C:\re\workspace\8-2-build-windows-amd64-cygwin\jdk8u171\10807\hotspo
Event: 20.327 Thread 0x000000001d586800 Implicit null exception at 0x000000000552df01 to 0x0000000005530f51

Events (10 events):
Event: 22.800 Thread 0x0000000019bb5800 flushing nmethod 0x000000000591f090
Event: 22.800 Thread 0x0000000019bb5800 flushing nmethod 0x000000000594f750
Event: 22.801 Thread 0x0000000019bb5800 flushing nmethod 0x0000000005a32910
Event: 22.806 Thread 0x0000000019bb4800 flushing nmethod 0x0000000005c268d0
Event: 24.002 Thread 0x000000001d585000 DEOPT PACKING pc=0x00000000051d8373 sp=0x0000000023b6d420
Event: 24.002 Thread 0x000000001d585000 DEOPT UNPACKING pc=0x00000000050a7890 sp=0x0000000023b6d228 mode 0
Event: 25.020 loading class sun/nio/cs/UTF_8$1
Event: 25.020 loading class sun/nio/cs/UTF_8$1 done
Event: 27.796 loading class org/slf4j/Marker
Event: 27.796 loading class org/slf4j/Marker done


Dynamic libraries:
0x00007ff6e0bf0000 - 0x00007ff6e0c27000 	C:\Program Files\Java\jre1.8.0_171\bin\javaw.exe
0x00007fffe4df0000 - 0x00007fffe4fd0000 	C:\WINDOWS\SYSTEM32\ntdll.dll
0x00007fffe4140000 - 0x00007fffe41ee000 	C:\WINDOWS\System32\KERNEL32.DLL
0x00007fffe1b90000 - 0x00007fffe1df6000 	C:\WINDOWS\System32\KERNELBASE.dll
0x0000000064e70000 - 0x000000006518b000 	C:\Program Files (x86)\Norton Internet Security\NortonData\22.5.0.124\Definitions\IPSDefs\20180615.061\IPSEng64.dll
0x00007fffe4930000 - 0x00007fffe49d1000 	C:\WINDOWS\System32\ADVAPI32.dll
0x00007fffe4c70000 - 0x00007fffe4d0d000 	C:\WINDOWS\System32\msvcrt.dll
0x00007fffe49e0000 - 0x00007fffe4a3b000 	C:\WINDOWS\System32\sechost.dll
0x00007fffe3c20000 - 0x00007fffe3d3f000 	C:\WINDOWS\System32\RPCRT4.dll
0x00007fffe48c0000 - 0x00007fffe48c8000 	C:\WINDOWS\System32\PSAPI.DLL
0x00007fffe4730000 - 0x00007fffe48bf000 	C:\WINDOWS\System32\USER32.dll
0x00007fffe1ac0000 - 0x00007fffe1ae0000 	C:\WINDOWS\System32\win32u.dll
0x00007fffe3e90000 - 0x00007fffe3eb8000 	C:\WINDOWS\System32\GDI32.dll
0x00007fffe2120000 - 0x00007fffe22b3000 	C:\WINDOWS\System32\gdi32full.dll
0x00007fffe1eb0000 - 0x00007fffe1f4b000 	C:\WINDOWS\System32\msvcp_win.dll
0x00007fffe19c0000 - 0x00007fffe1ab6000 	C:\WINDOWS\System32\ucrtbase.dll
0x00007fffd6c20000 - 0x00007fffd6e89000 	C:\WINDOWS\WinSxS\amd64_microsoft.windows.common-controls_6595b64144ccf1df_6.0.16299.431_none_15c7d3ee93659e73\COMCTL32.dll
0x00007fffe4260000 - 0x00007fffe4568000 	C:\WINDOWS\System32\combase.dll
0x00007fffe11f0000 - 0x00007fffe1262000 	C:\WINDOWS\System32\bcryptPrimitives.dll
0x00007fffe4570000 - 0x00007fffe459d000 	C:\WINDOWS\System32\IMM32.DLL
0x000000006a6f0000 - 0x000000006a7c2000 	C:\Program Files\Java\jre1.8.0_171\bin\msvcr100.dll
0x00000000654e0000 - 0x0000000065d80000 	C:\Program Files\Java\jre1.8.0_171\bin\server\jvm.dll
0x00007fffd7a40000 - 0x00007fffd7a49000 	C:\WINDOWS\SYSTEM32\WSOCK32.dll
0x00007fffe41f0000 - 0x00007fffe425c000 	C:\WINDOWS\System32\WS2_32.dll
0x00007fffde0a0000 - 0x00007fffde0c3000 	C:\WINDOWS\SYSTEM32\WINMM.dll
0x00007fffd7d10000 - 0x00007fffd7d1a000 	C:\WINDOWS\SYSTEM32\VERSION.dll
0x00007fffde070000 - 0x00007fffde09a000 	C:\WINDOWS\SYSTEM32\WINMMBASE.dll
0x00007fffe1e60000 - 0x00007fffe1eaa000 	C:\WINDOWS\System32\cfgmgr32.dll
0x000000006a860000 - 0x000000006a86f000 	C:\Program Files\Java\jre1.8.0_171\bin\verify.dll
0x000000006a830000 - 0x000000006a859000 	C:\Program Files\Java\jre1.8.0_171\bin\java.dll
0x000000006a810000 - 0x000000006a826000 	C:\Program Files\Java\jre1.8.0_171\bin\zip.dll
0x00007fffe27e0000 - 0x00007fffe3c18000 	C:\WINDOWS\System32\SHELL32.dll
0x00007fffe4d10000 - 0x00007fffe4db6000 	C:\WINDOWS\System32\shcore.dll
0x00007fffe1270000 - 0x00007fffe19b7000 	C:\WINDOWS\System32\windows.storage.dll
0x00007fffe4670000 - 0x00007fffe46c1000 	C:\WINDOWS\System32\shlwapi.dll
0x00007fffe1180000 - 0x00007fffe1191000 	C:\WINDOWS\System32\kernel.appcore.dll
0x00007fffe11a0000 - 0x00007fffe11ec000 	C:\WINDOWS\System32\powrprof.dll
0x00007fffe1160000 - 0x00007fffe117b000 	C:\WINDOWS\System32\profapi.dll
0x000000006a8f0000 - 0x000000006a8fd000 	C:\Program Files\Java\jre1.8.0_171\bin\management.dll
0x000000006a7f0000 - 0x000000006a80a000 	C:\Program Files\Java\jre1.8.0_171\bin\net.dll
0x00007fffe0970000 - 0x00007fffe09d6000 	C:\WINDOWS\system32\mswsock.dll
0x000000006a7d0000 - 0x000000006a7e1000 	C:\Program Files\Java\jre1.8.0_171\bin\nio.dll
0x00007fffc5b30000 - 0x00007fffc5b46000 	C:\WINDOWS\system32\napinsp.dll
0x00007fffc54c0000 - 0x00007fffc54da000 	C:\WINDOWS\system32\pnrpnsp.dll
0x00007fffde050000 - 0x00007fffde068000 	C:\WINDOWS\system32\NLAapi.dll
0x00007fffe0740000 - 0x00007fffe07f6000 	C:\WINDOWS\SYSTEM32\DNSAPI.dll
0x00007fffe4a40000 - 0x00007fffe4a48000 	C:\WINDOWS\System32\NSI.dll
0x00007fffe0700000 - 0x00007fffe0739000 	C:\WINDOWS\SYSTEM32\IPHLPAPI.DLL
0x00007fffc5470000 - 0x00007fffc547e000 	C:\WINDOWS\System32\winrnr.dll
0x00007fffc53d0000 - 0x00007fffc53e5000 	C:\WINDOWS\System32\wshbth.dll
0x00007fffd9140000 - 0x00007fffd914a000 	C:\Windows\System32\rasadhlp.dll
0x00007fffd97e0000 - 0x00007fffd9850000 	C:\WINDOWS\System32\fwpuclnt.dll
0x00007fffe0c30000 - 0x00007fffe0c55000 	C:\WINDOWS\SYSTEM32\bcrypt.dll
0x00007fffe0b30000 - 0x00007fffe0b47000 	C:\WINDOWS\SYSTEM32\CRYPTSP.dll
0x00007fffe0570000 - 0x00007fffe05a3000 	C:\WINDOWS\system32\rsaenh.dll
0x00007fffe1070000 - 0x00007fffe1099000 	C:\WINDOWS\SYSTEM32\USERENV.dll
0x00007fffe1030000 - 0x00007fffe103b000 	C:\WINDOWS\SYSTEM32\CRYPTBASE.dll
0x00007fffdb2c0000 - 0x00007fffdb2d6000 	C:\WINDOWS\SYSTEM32\dhcpcsvc6.DLL
0x00007fffdb270000 - 0x00007fffdb28a000 	C:\WINDOWS\SYSTEM32\dhcpcsvc.DLL
0x000000006a610000 - 0x000000006a634000 	C:\Program Files\Java\jre1.8.0_171\bin\sunec.dll
0x0000000067610000 - 0x000000006761b000 	C:\Program Files\Java\jre1.8.0_171\bin\sunmscapi.dll
0x00007fffe1f50000 - 0x00007fffe211e000 	C:\WINDOWS\System32\CRYPT32.dll
0x00007fffe1140000 - 0x00007fffe1152000 	C:\WINDOWS\System32\MSASN1.dll

VM Arguments:
jvm_args: -Dcom.sun.management.jmxremote -Dcom.sun.management.jmxremote.port=14785 -Dcom.sun.management.jmxremote.authenticate=false -Dcom.sun.management.jmxremote.ssl=false -Dspring.liveBeansView.mbeanDomain -Dspring.application.admin.enabled=true -Dfile.encoding=MS949 
java_command: com.example.WebApplication --server.port=8080
java_class_path (initial): C:\Users\user\workspace\web\bin\main;C:\Users\user\workspace\web\bin\test;C:\Users\user\workspace\web\bin\default;C:\Users\user\.gradle\caches\modules-2\files-2.1\org.springframework.boot\spring-boot-starter-web\2.0.2.RELEASE\b6ef0cf4d0a7c6c7e93ff524b84cd1d8f87f67d9\spring-boot-starter-web-2.0.2.RELEASE.jar;C:\Users\user\.gradle\caches\modules-2\files-2.1\org.springframework.boot\spring-boot-starter-json\2.0.2.RELEASE\5edda979838ced5314b8f58a958fe9d6b4b3badd\spring-boot-starter-json-2.0.2.RELEASE.jar;C:\Users\user\.gradle\caches\modules-2\files-2.1\org.springframework.boot\spring-boot-starter\2.0.2.RELEASE\1cda94f0dfcf2b065191782a54b84d2abf96391\spring-boot-starter-2.0.2.RELEASE.jar;C:\Users\user\.gradle\caches\modules-2\files-2.1\org.springframework.boot\spring-boot-starter-tomcat\2.0.2.RELEASE\cedbfb18762e1c220007c768bfc5b773f5b30f8a\spring-boot-starter-tomcat-2.0.2.RELEASE.jar;C:\Users\user\.gradle\caches\modules-2\files-2.1\org.hibernate.validator\hibernate-validator\6.0.9.Final\b149e4cce82379f11f6129eb3187ca8ae5404005\hibernate-validator-6.0.9.Final.jar;C:\Users\user\.gradle\caches\modules-2\files-2.1\org.springframework\spring-webmvc\5.0.6.RELEASE\1361c5d1cf46665ee01de5dc1ca447c3be174c19\spring-webmvc-5.0.6.RELEASE.jar;C:\Users\user\.gradle\caches\modules-2\files-2.1\org.springframework\spring-web\5.0.6.RELEASE\89e89de3025165998118590613aedc6df8d64af6\spring-web-5.0.6.RELEASE.jar;C:\Users\user\.gradle\caches\modules-2\files-2.1\org.springframework.boot\spring-boot-autoconfigure\2.0.2.RELEASE\f4b25e753e4955337a138d8b1550236b5efe5b3b\spring-boot-autoconfigure-2.0.2.RELEASE.jar;C:\Users\user\.gradle\caches\modules-2\files-2.1\org.springframework.boot\spring-boot\2.0.2.RELEASE\15012cf02e9f77938244e554f0598535fdd1cb38\spring-boot-2.0.2.RELEASE.jar;C:\Users\user\.gradle\caches\modules-2\files-2.1\org.springframework.boot\spring-boot-starter-logging\2.0.2.RELEASE\b56d7d1931792d6e58dbd41f956912359ba85238\spring-boot-starter-logging-2.0.2.R
Launcher Type: SUN_STANDARD

Environment Variables:
JAVA_HOME=C:\Program Files\Java\jdk1.8.0_25
CLASSPATH=C:\Program Files\Java\jdk1.8.0_25\lib
PATH=C:/Program Files/Java/jre1.8.0_171/bin/server;C:/Program Files/Java/jre1.8.0_171/bin;C:/Program Files/Java/jre1.8.0_171/lib/amd64;C:\Program Files (x86)\Common Files\Oracle\Java\javapath;C:\ProgramData\Oracle\Java\javapath;C:\Program Files (x86)\GnuWin32\bin;C:\gradle\bin;C:\Program Files\Java\jdk1.8.0_25\bin;C:\Users\user\AppData\Local\Microsoft\WindowsApps;;C:\Users\user\Downloads\eclipse-java-luna-SR1-win32-x86_64\eclipse;
USERNAME=user
OS=Windows_NT
PROCESSOR_IDENTIFIER=Intel64 Family 6 Model 58 Stepping 9, GenuineIntel



---------------  S Y S T E M  ---------------

OS: Windows 10.0 , 64 bit Build 16299 (10.0.16299.431)

CPU:total 4 (initial active 4) (2 cores per cpu, 2 threads per core) family 6 model 58 stepping 9, cmov, cx8, fxsr, mmx, sse, sse2, sse3, ssse3, sse4.1, sse4.2, popcnt, avx, aes, clmul, erms, ht, tsc, tscinvbit, tscinv

Memory: 4k page, physical 8271496k(1594424k free), swap 8271496k(3944k free)

vm_info: Java HotSpot(TM) 64-Bit Server VM (25.171-b11) for windows-amd64 JRE (1.8.0_171-b11), built on Mar 28 2018 16:06:12 by "java_re" with MS VC++ 10.0 (VS2010)

time: Mon Jun 18 21:51:03 2018
elapsed time: 31 seconds (0d 0h 0m 31s)

