#
# There is insufficient memory for the Java Runtime Environment to continue.
# Native memory allocation (malloc) failed to allocate 828096 bytes for Chunk::new
# Possible reasons:
#   The system is out of physical RAM or swap space
#   In 32 bit mode, the process size limit was hit
# Possible solutions:
#   Reduce memory load on the system
#   Increase physical memory or swap space
#   Check if swap backing store is full
#   Use 64 bit Java on a 64 bit OS
#   Decrease Java heap size (-Xmx/-Xms)
#   Decrease number of Java threads
#   Decrease Java thread stack sizes (-Xss)
#   Set larger code cache with -XX:ReservedCodeCacheSize=
# This output file may be truncated or incomplete.
#
#  Out of Memory Error (allocation.cpp:390), pid=30716, tid=0x0000000000007cf4
#
# JRE version: Java(TM) SE Runtime Environment (8.0_171-b11) (build 1.8.0_171-b11)
# Java VM: Java HotSpot(TM) 64-Bit Server VM (25.171-b11 mixed mode windows-amd64 compressed oops)
# Failed to write core dump. Minidumps are not enabled by default on client versions of Windows
#

---------------  T H R E A D  ---------------

Current thread (0x000000001a053000):  JavaThread "C2 CompilerThread1" daemon [_thread_in_native, id=31988, stack(0x000000001bb80000,0x000000001bc80000)]

Stack: [0x000000001bb80000,0x000000001bc80000]
[error occurred during error reporting (printing stack bounds), id 0xc0000005]

Native frames: (J=compiled Java code, j=interpreted, Vv=VM code, C=native code)


Current CompileTask:
C2:   2003  967       4       sun.misc.URLClassPath::getResource (83 bytes)


---------------  P R O C E S S  ---------------

Java Threads: ( => current thread )
  0x000000001c5b2000 JavaThread "CleanCursors-1-thread-1" daemon [_thread_blocked, id=31016, stack(0x000000001cb70000,0x000000001cc70000)]
  0x000000001c578800 JavaThread "cluster-ClusterId{value='5b27715b52adb677fc2b7d87', description='null'}-localhost:27017" daemon [_thread_in_vm, id=31232, stack(0x000000001ca70000,0x000000001cb70000)]
  0x000000001a08c800 JavaThread "Service Thread" daemon [_thread_blocked, id=31984, stack(0x000000001bd80000,0x000000001be80000)]
  0x000000001a056800 JavaThread "C1 CompilerThread2" daemon [_thread_blocked, id=31992, stack(0x000000001bc80000,0x000000001bd80000)]
=>0x000000001a053000 JavaThread "C2 CompilerThread1" daemon [_thread_in_native, id=31988, stack(0x000000001bb80000,0x000000001bc80000)]
  0x000000001a051000 JavaThread "C2 CompilerThread0" daemon [_thread_in_native, id=31944, stack(0x000000001ba80000,0x000000001bb80000)]
  0x000000001a04f000 JavaThread "Attach Listener" daemon [_thread_blocked, id=31900, stack(0x000000001b980000,0x000000001ba80000)]
  0x000000001b4c3800 JavaThread "Signal Dispatcher" daemon [_thread_blocked, id=31904, stack(0x000000001b880000,0x000000001b980000)]
  0x000000001a020000 JavaThread "Finalizer" daemon [_thread_blocked, id=31948, stack(0x000000001b380000,0x000000001b480000)]
  0x00000000054f5000 JavaThread "Reference Handler" daemon [_thread_blocked, id=31804, stack(0x000000001b280000,0x000000001b380000)]
  0x0000000005405800 JavaThread "main" [_thread_in_vm, id=32324, stack(0x0000000005300000,0x0000000005400000)]

Other Threads:
  0x0000000019ff7000 VMThread [stack: 0x000000001b080000,0x000000001b180000] [id=10648]
  0x000000001a08e800 WatcherThread [stack: 0x000000001be80000,0x000000001bf80000] [id=32344]

VM state:not at safepoint (normal execution)

VM Mutex/Monitor currently owned by a thread: None

Heap:
 PSYoungGen      total 38400K, used 9399K [0x00000000d5f00000, 0x00000000d8980000, 0x0000000100000000)
  eden space 33280K, 12% used [0x00000000d5f00000,0x00000000d6331a00,0x00000000d7f80000)
  from space 5120K, 99% used [0x00000000d7f80000,0x00000000d847c420,0x00000000d8480000)
  to   space 5120K, 0% used [0x00000000d8480000,0x00000000d8480000,0x00000000d8980000)
 ParOldGen       total 87552K, used 147K [0x0000000081c00000, 0x0000000087180000, 0x00000000d5f00000)
  object space 87552K, 0% used [0x0000000081c00000,0x0000000081c24f90,0x0000000087180000)
 Metaspace       used 11012K, capacity 11252K, committed 11392K, reserved 1058816K
  class space    used 1282K, capacity 1358K, committed 1408K, reserved 1048576K

Card table byte_map: [0x00000000148c0000,0x0000000014cc0000] byte_map_base: 0x00000000144b2000

Marking Bits: (ParMarkBitMap*) 0x0000000065d008c0
 Begin Bits: [0x0000000015370000, 0x0000000017300000)
 End Bits:   [0x0000000017300000, 0x0000000019290000)

Polling page: 0x00000000035f0000

CodeCache: size=245760Kb used=3806Kb max_used=3806Kb free=241953Kb
 bounds [0x0000000005500000, 0x00000000058c0000, 0x0000000014500000]
 total_blobs=1355 nmethods=997 adapters=271
 compilation: enabled

Compilation events (10 events):
Event: 1.991 Thread 0x000000001a056800 nmethod 992 0x00000000058aa890 code [0x00000000058aaa80, 0x00000000058ab568]
Event: 1.991 Thread 0x000000001a056800  993       3       java.lang.ClassLoader::preDefineClass (109 bytes)
Event: 1.992 Thread 0x000000001a056800 nmethod 993 0x00000000058abb10 code [0x00000000058abde0, 0x00000000058ad328]
Event: 1.992 Thread 0x000000001a056800  994       3       java.lang.ClassLoader::defineClassSourceLocation (28 bytes)
Event: 1.993 Thread 0x000000001a056800 nmethod 994 0x00000000058adc10 code [0x00000000058adda0, 0x00000000058ae3c8]
Event: 1.993 Thread 0x000000001a056800  996       3       java.lang.ClassLoader::postDefineClass (26 bytes)
Event: 1.993 Thread 0x000000001a056800 nmethod 996 0x00000000058ae990 code [0x00000000058aeb20, 0x00000000058af078]
Event: 1.995 Thread 0x000000001a056800  997       3       sun.net.www.protocol.jar.Handler::parseContextSpec (154 bytes)
Event: 1.998 Thread 0x000000001a056800 nmethod 997 0x00000000058af210 code [0x00000000058af600, 0x00000000058b1ce8]
Event: 1.998 Thread 0x000000001a056800  999       3       java.lang.ClassLoader::defineClass (43 bytes)

GC Heap History (2 events):
Event: 1.891 GC heap before
{Heap before GC invocations=1 (full 0):
 PSYoungGen      total 38400K, used 33280K [0x00000000d5f00000, 0x00000000d8980000, 0x0000000100000000)
  eden space 33280K, 100% used [0x00000000d5f00000,0x00000000d7f80000,0x00000000d7f80000)
  from space 5120K, 0% used [0x00000000d8480000,0x00000000d8480000,0x00000000d8980000)
  to   space 5120K, 0% used [0x00000000d7f80000,0x00000000d7f80000,0x00000000d8480000)
 ParOldGen       total 87552K, used 0K [0x0000000081c00000, 0x0000000087180000, 0x00000000d5f00000)
  object space 87552K, 0% used [0x0000000081c00000,0x0000000081c00000,0x0000000087180000)
 Metaspace       used 10316K, capacity 10626K, committed 10880K, reserved 1058816K
  class space    used 1206K, capacity 1319K, committed 1408K, reserved 1048576K
Event: 1.897 GC heap after
Heap after GC invocations=1 (full 0):
 PSYoungGen      total 38400K, used 5105K [0x00000000d5f00000, 0x00000000d8980000, 0x0000000100000000)
  eden space 33280K, 0% used [0x00000000d5f00000,0x00000000d5f00000,0x00000000d7f80000)
  from space 5120K, 99% used [0x00000000d7f80000,0x00000000d847c420,0x00000000d8480000)
  to   space 5120K, 0% used [0x00000000d8480000,0x00000000d8480000,0x00000000d8980000)
 ParOldGen       total 87552K, used 147K [0x0000000081c00000, 0x0000000087180000, 0x00000000d5f00000)
  object space 87552K, 0% used [0x0000000081c00000,0x0000000081c24f90,0x0000000087180000)
 Metaspace       used 10316K, capacity 10626K, committed 10880K, reserved 1058816K
  class space    used 1206K, capacity 1319K, committed 1408K, reserved 1048576K
}

Deoptimization events (10 events):
Event: 0.422 Thread 0x0000000005405800 Uncommon trap: reason=unstable_if action=reinterpret pc=0x00000000056879f8 method=sun.misc.URLClassPath.getLoader(I)Lsun/misc/URLClassPath$Loader; @ 36
Event: 0.422 Thread 0x0000000005405800 Uncommon trap: reason=unstable_if action=reinterpret pc=0x0000000005686dd0 method=sun.misc.URLClassPath.getLoader(I)Lsun/misc/URLClassPath$Loader; @ 36
Event: 0.422 Thread 0x0000000005405800 Uncommon trap: reason=unstable_if action=reinterpret pc=0x0000000005695ed4 method=sun.misc.URLClassPath$JarLoader.ensureOpen()V @ 4
Event: 0.510 Thread 0x0000000005405800 Uncommon trap: reason=unstable_if action=reinterpret pc=0x00000000056a1b3c method=sun.misc.MetaIndex.mayContain(Ljava/lang/String;)Z @ 13
Event: 0.573 Thread 0x0000000005405800 Uncommon trap: reason=unstable_if action=reinterpret pc=0x00000000056ea080 method=java.lang.String.indexOf([CII[CIII)I @ 3
Event: 0.882 Thread 0x0000000005405800 Uncommon trap: reason=unstable_if action=reinterpret pc=0x00000000056c9c78 method=java.io.WinNTFileSystem.normalize(Ljava/lang/String;)Ljava/lang/String; @ 128
Event: 0.887 Thread 0x0000000005405800 Uncommon trap: reason=class_check action=maybe_recompile pc=0x0000000005755cac method=java.util.regex.Pattern$BmpCharProperty.match(Ljava/util/regex/Matcher;ILjava/lang/CharSequence;)Z @ 31
Event: 0.887 Thread 0x0000000005405800 Uncommon trap: reason=unstable_if action=reinterpret pc=0x0000000005755bf8 method=java.util.regex.Pattern$BmpCharProperty.match(Ljava/util/regex/Matcher;ILjava/lang/CharSequence;)Z @ 5
Event: 1.873 Thread 0x0000000005405800 Uncommon trap: reason=unstable_if action=reinterpret pc=0x0000000005704048 method=java.lang.AbstractStringBuilder.append(Ljava/lang/String;)Ljava/lang/AbstractStringBuilder; @ 1
Event: 1.890 Thread 0x000000001c578800 Uncommon trap: reason=unstable_if action=reinterpret pc=0x000000000573ae9c method=java.lang.CharacterDataLatin1.digit(II)I @ 82

Classes redefined (0 events):
No events

Internal exceptions (10 events):
Event: 0.047 Thread 0x0000000005405800 Exception <a 'java/lang/NoSuchMethodError': Method sun.misc.Unsafe.prefetchRead(Ljava/lang/Object;J)V name or signature does not match> (0x00000000d5f07f98) thrown at [C:\re\workspace\8-2-build-windows-amd64-cygwin\jdk8u171\10807\hotspot\src\share\vm\prim
Event: 0.423 Thread 0x0000000005405800 Exception <a 'java/security/PrivilegedActionException'> (0x00000000d6833d68) thrown at [C:\re\workspace\8-2-build-windows-amd64-cygwin\jdk8u171\10807\hotspot\src\share\vm\prims\jvm.cpp, line 1435]
Event: 0.423 Thread 0x0000000005405800 Exception <a 'java/security/PrivilegedActionException'> (0x00000000d6833f78) thrown at [C:\re\workspace\8-2-build-windows-amd64-cygwin\jdk8u171\10807\hotspot\src\share\vm\prims\jvm.cpp, line 1435]
Event: 0.424 Thread 0x0000000005405800 Exception <a 'java/security/PrivilegedActionException'> (0x00000000d6837dd0) thrown at [C:\re\workspace\8-2-build-windows-amd64-cygwin\jdk8u171\10807\hotspot\src\share\vm\prims\jvm.cpp, line 1435]
Event: 0.424 Thread 0x0000000005405800 Exception <a 'java/security/PrivilegedActionException'> (0x00000000d6837fe0) thrown at [C:\re\workspace\8-2-build-windows-amd64-cygwin\jdk8u171\10807\hotspot\src\share\vm\prims\jvm.cpp, line 1435]
Event: 0.508 Thread 0x0000000005405800 Exception <a 'java/io/FileNotFoundException'> (0x00000000d6adc130) thrown at [C:\re\workspace\8-2-build-windows-amd64-cygwin\jdk8u171\10807\hotspot\src\share\vm\prims\jni.cpp, line 709]
Event: 0.967 Thread 0x0000000005405800 Exception <a 'java/lang/NoSuchFieldError': method resolution failed> (0x00000000d70581a8) thrown at [C:\re\workspace\8-2-build-windows-amd64-cygwin\jdk8u171\10807\hotspot\src\share\vm\prims\methodHandles.cpp, line 1167]
Event: 0.969 Thread 0x0000000005405800 Exception <a 'java/lang/NoSuchFieldError': method resolution failed> (0x00000000d7065a80) thrown at [C:\re\workspace\8-2-build-windows-amd64-cygwin\jdk8u171\10807\hotspot\src\share\vm\prims\methodHandles.cpp, line 1167]
Event: 1.820 Thread 0x0000000005405800 Exception <a 'java/lang/NoSuchMethodError': org.slf4j.impl.StaticMDCBinder.getSingleton()Lorg/slf4j/impl/StaticMDCBinder;> (0x00000000d7a17fd8) thrown at [C:\re\workspace\8-2-build-windows-amd64-cygwin\jdk8u171\10807\hotspot\src\share\vm\interpreter\linkR
Event: 1.873 Thread 0x0000000005405800 Implicit null exception at 0x0000000005703c96 to 0x0000000005704031

Events (10 events):
Event: 1.988 loading class org/bson/BsonBinaryReader$Context done
Event: 1.989 loading class org/bson/BsonReaderMark
Event: 1.989 loading class org/bson/BsonReaderMark done
Event: 1.994 loading class org/bson/io/ByteBufferBsonInput
Event: 1.994 loading class org/bson/io/ByteBufferBsonInput done
Event: 1.997 loading class org/bson/io/BsonInputMark
Event: 1.997 loading class org/bson/io/BsonInputMark done
Event: 1.998 loading class java/nio/HeapByteBufferR
Event: 1.998 loading class java/nio/HeapByteBufferR done
Event: 1.998 Executing VM operation: Deoptimize


Dynamic libraries:
0x00007ff6e0bf0000 - 0x00007ff6e0c27000 	C:\Program Files\Java\jre1.8.0_171\bin\javaw.exe
0x00007fffe4df0000 - 0x00007fffe4fd0000 	C:\WINDOWS\SYSTEM32\ntdll.dll
0x00007fffe4140000 - 0x00007fffe41ee000 	C:\WINDOWS\System32\KERNEL32.DLL
0x00007fffe1b90000 - 0x00007fffe1df6000 	C:\WINDOWS\System32\KERNELBASE.dll
0x0000000064e70000 - 0x000000006518b000 	C:\Program Files (x86)\Norton Internet Security\NortonData\22.5.0.124\Definitions\IPSDefs\20180615.061\IPSEng64.dll
0x00007fffe4930000 - 0x00007fffe49d1000 	C:\WINDOWS\System32\ADVAPI32.dll
0x00007fffe4c70000 - 0x00007fffe4d0d000 	C:\WINDOWS\System32\msvcrt.dll
0x00007fffe49e0000 - 0x00007fffe4a3b000 	C:\WINDOWS\System32\sechost.dll
0x00007fffe3c20000 - 0x00007fffe3d3f000 	C:\WINDOWS\System32\RPCRT4.dll
0x00007fffe48c0000 - 0x00007fffe48c8000 	C:\WINDOWS\System32\PSAPI.DLL
0x00007fffe4730000 - 0x00007fffe48bf000 	C:\WINDOWS\System32\USER32.dll
0x00007fffe1ac0000 - 0x00007fffe1ae0000 	C:\WINDOWS\System32\win32u.dll
0x00007fffe3e90000 - 0x00007fffe3eb8000 	C:\WINDOWS\System32\GDI32.dll
0x00007fffe2120000 - 0x00007fffe22b3000 	C:\WINDOWS\System32\gdi32full.dll
0x00007fffe1eb0000 - 0x00007fffe1f4b000 	C:\WINDOWS\System32\msvcp_win.dll
0x00007fffe19c0000 - 0x00007fffe1ab6000 	C:\WINDOWS\System32\ucrtbase.dll
0x00007fffd6c20000 - 0x00007fffd6e89000 	C:\WINDOWS\WinSxS\amd64_microsoft.windows.common-controls_6595b64144ccf1df_6.0.16299.431_none_15c7d3ee93659e73\COMCTL32.dll
0x00007fffe4260000 - 0x00007fffe4568000 	C:\WINDOWS\System32\combase.dll
0x00007fffe11f0000 - 0x00007fffe1262000 	C:\WINDOWS\System32\bcryptPrimitives.dll
0x00007fffe4570000 - 0x00007fffe459d000 	C:\WINDOWS\System32\IMM32.DLL
0x000000006a660000 - 0x000000006a732000 	C:\Program Files\Java\jre1.8.0_171\bin\msvcr100.dll
0x00000000654e0000 - 0x0000000065d80000 	C:\Program Files\Java\jre1.8.0_171\bin\server\jvm.dll
0x00007fffd7a40000 - 0x00007fffd7a49000 	C:\WINDOWS\SYSTEM32\WSOCK32.dll
0x00007fffe41f0000 - 0x00007fffe425c000 	C:\WINDOWS\System32\WS2_32.dll
0x00007fffde0a0000 - 0x00007fffde0c3000 	C:\WINDOWS\SYSTEM32\WINMM.dll
0x00007fffd7d10000 - 0x00007fffd7d1a000 	C:\WINDOWS\SYSTEM32\VERSION.dll
0x00007fffde070000 - 0x00007fffde09a000 	C:\WINDOWS\SYSTEM32\WINMMBASE.dll
0x00007fffe1e60000 - 0x00007fffe1eaa000 	C:\WINDOWS\System32\cfgmgr32.dll
0x000000006a860000 - 0x000000006a86f000 	C:\Program Files\Java\jre1.8.0_171\bin\verify.dll
0x000000006a830000 - 0x000000006a859000 	C:\Program Files\Java\jre1.8.0_171\bin\java.dll
0x000000006a810000 - 0x000000006a826000 	C:\Program Files\Java\jre1.8.0_171\bin\zip.dll
0x00007fffe27e0000 - 0x00007fffe3c18000 	C:\WINDOWS\System32\SHELL32.dll
0x00007fffe4d10000 - 0x00007fffe4db6000 	C:\WINDOWS\System32\shcore.dll
0x00007fffe1270000 - 0x00007fffe19b7000 	C:\WINDOWS\System32\windows.storage.dll
0x00007fffe4670000 - 0x00007fffe46c1000 	C:\WINDOWS\System32\shlwapi.dll
0x00007fffe1180000 - 0x00007fffe1191000 	C:\WINDOWS\System32\kernel.appcore.dll
0x00007fffe11a0000 - 0x00007fffe11ec000 	C:\WINDOWS\System32\powrprof.dll
0x00007fffe1160000 - 0x00007fffe117b000 	C:\WINDOWS\System32\profapi.dll
0x000000006a610000 - 0x000000006a634000 	C:\Program Files\Java\jre1.8.0_171\bin\sunec.dll
0x000000006a7f0000 - 0x000000006a80a000 	C:\Program Files\Java\jre1.8.0_171\bin\net.dll
0x00007fffe0970000 - 0x00007fffe09d6000 	C:\WINDOWS\system32\mswsock.dll
0x00007fffe0700000 - 0x00007fffe0739000 	C:\WINDOWS\SYSTEM32\IPHLPAPI.DLL
0x00007fffe4a40000 - 0x00007fffe4a48000 	C:\WINDOWS\System32\NSI.dll
0x00007fffdb2c0000 - 0x00007fffdb2d6000 	C:\WINDOWS\SYSTEM32\dhcpcsvc6.DLL
0x00007fffdb270000 - 0x00007fffdb28a000 	C:\WINDOWS\SYSTEM32\dhcpcsvc.DLL
0x000000006a7d0000 - 0x000000006a7e1000 	C:\Program Files\Java\jre1.8.0_171\bin\nio.dll
0x00007fffe0b30000 - 0x00007fffe0b47000 	C:\WINDOWS\SYSTEM32\CRYPTSP.dll
0x00007fffe0570000 - 0x00007fffe05a3000 	C:\WINDOWS\system32\rsaenh.dll
0x00007fffe0c30000 - 0x00007fffe0c55000 	C:\WINDOWS\SYSTEM32\bcrypt.dll
0x00007fffe1070000 - 0x00007fffe1099000 	C:\WINDOWS\SYSTEM32\USERENV.dll
0x00007fffe1030000 - 0x00007fffe103b000 	C:\WINDOWS\SYSTEM32\CRYPTBASE.dll
0x000000006a8f0000 - 0x000000006a8fd000 	C:\Program Files\Java\jre1.8.0_171\bin\management.dll
0x00007fffc5b30000 - 0x00007fffc5b46000 	C:\WINDOWS\system32\napinsp.dll
0x00007fffc54c0000 - 0x00007fffc54da000 	C:\WINDOWS\system32\pnrpnsp.dll
0x00007fffde050000 - 0x00007fffde068000 	C:\WINDOWS\system32\NLAapi.dll
0x00007fffe0740000 - 0x00007fffe07f6000 	C:\WINDOWS\SYSTEM32\DNSAPI.dll
0x00007fffc5470000 - 0x00007fffc547e000 	C:\WINDOWS\System32\winrnr.dll
0x00007fffc53d0000 - 0x00007fffc53e5000 	C:\WINDOWS\System32\wshbth.dll
0x00007fffd9140000 - 0x00007fffd914a000 	C:\Windows\System32\rasadhlp.dll
0x00007fffd97e0000 - 0x00007fffd9850000 	C:\WINDOWS\System32\fwpuclnt.dll

VM Arguments:
jvm_args: -Dfile.encoding=MS949 
java_command: com.example.Mine
java_class_path (initial): C:\Users\user\workspace\web\bin\main;C:\Users\user\workspace\web\bin\test;C:\Users\user\workspace\web\bin\default;C:\Users\user\.gradle\caches\modules-2\files-2.1\org.springframework.boot\spring-boot-starter-web\2.0.2.RELEASE\b6ef0cf4d0a7c6c7e93ff524b84cd1d8f87f67d9\spring-boot-starter-web-2.0.2.RELEASE.jar;C:\Users\user\.gradle\caches\modules-2\files-2.1\org.springframework.boot\spring-boot-starter-json\2.0.2.RELEASE\5edda979838ced5314b8f58a958fe9d6b4b3badd\spring-boot-starter-json-2.0.2.RELEASE.jar;C:\Users\user\.gradle\caches\modules-2\files-2.1\org.springframework.boot\spring-boot-starter\2.0.2.RELEASE\1cda94f0dfcf2b065191782a54b84d2abf96391\spring-boot-starter-2.0.2.RELEASE.jar;C:\Users\user\.gradle\caches\modules-2\files-2.1\org.springframework.boot\spring-boot-starter-tomcat\2.0.2.RELEASE\cedbfb18762e1c220007c768bfc5b773f5b30f8a\spring-boot-starter-tomcat-2.0.2.RELEASE.jar;C:\Users\user\.gradle\caches\modules-2\files-2.1\org.hibernate.validator\hibernate-validator\6.0.9.Final\b149e4cce82379f11f6129eb3187ca8ae5404005\hibernate-validator-6.0.9.Final.jar;C:\Users\user\.gradle\caches\modules-2\files-2.1\org.springframework\spring-webmvc\5.0.6.RELEASE\1361c5d1cf46665ee01de5dc1ca447c3be174c19\spring-webmvc-5.0.6.RELEASE.jar;C:\Users\user\.gradle\caches\modules-2\files-2.1\org.springframework\spring-web\5.0.6.RELEASE\89e89de3025165998118590613aedc6df8d64af6\spring-web-5.0.6.RELEASE.jar;C:\Users\user\.gradle\caches\modules-2\files-2.1\org.springframework.boot\spring-boot-autoconfigure\2.0.2.RELEASE\f4b25e753e4955337a138d8b1550236b5efe5b3b\spring-boot-autoconfigure-2.0.2.RELEASE.jar;C:\Users\user\.gradle\caches\modules-2\files-2.1\org.springframework.boot\spring-boot\2.0.2.RELEASE\15012cf02e9f77938244e554f0598535fdd1cb38\spring-boot-2.0.2.RELEASE.jar;C:\Users\user\.gradle\caches\modules-2\files-2.1\org.springframework.boot\spring-boot-starter-logging\2.0.2.RELEASE\b56d7d1931792d6e58dbd41f956912359ba85238\spring-boot-starter-logging-2.0.2.R
Launcher Type: SUN_STANDARD

Environment Variables:
JAVA_HOME=C:\Program Files\Java\jdk1.8.0_25
CLASSPATH=C:\Program Files\Java\jdk1.8.0_25\lib
PATH=C:/Program Files/Java/jre1.8.0_171/bin/server;C:/Program Files/Java/jre1.8.0_171/bin;C:/Program Files/Java/jre1.8.0_171/lib/amd64;C:\Program Files (x86)\Common Files\Oracle\Java\javapath;C:\ProgramData\Oracle\Java\javapath;C:\Program Files (x86)\GnuWin32\bin;C:\gradle\bin;C:\Program Files\Java\jdk1.8.0_25\bin;C:\Users\user\AppData\Local\Microsoft\WindowsApps;;C:\Users\user\Downloads\eclipse-java-luna-SR1-win32-x86_64\eclipse;
USERNAME=user
OS=Windows_NT
PROCESSOR_IDENTIFIER=Intel64 Family 6 Model 58 Stepping 9, GenuineIntel



---------------  S Y S T E M  ---------------

OS: Windows 10.0 , 64 bit Build 16299 (10.0.16299.431)

CPU:total 4 (initial active 4) (2 cores per cpu, 2 threads per core) family 6 model 58 stepping 9, cmov, cx8, fxsr, mmx, sse, sse2, sse3, ssse3, sse4.1, sse4.2, popcnt, avx, aes, clmul, erms, ht, tsc, tscinvbit, tscinv

Memory: 4k page, physical 8271496k(1478628k free), swap 8271496k(2108k free)

vm_info: Java HotSpot(TM) 64-Bit Server VM (25.171-b11) for windows-amd64 JRE (1.8.0_171-b11), built on Mar 28 2018 16:06:12 by "java_re" with MS VC++ 10.0 (VS2010)

time: Mon Jun 18 17:46:19 2018
elapsed time: 2 seconds (0d 0h 0m 2s)

