#
# There is insufficient memory for the Java Runtime Environment to continue.
# Native memory allocation (malloc) failed to allocate 907056 bytes for Chunk::new
# Possible reasons:
#   The system is out of physical RAM or swap space
#   In 32 bit mode, the process size limit was hit
# Possible solutions:
#   Reduce memory load on the system
#   Increase physical memory or swap space
#   Check if swap backing store is full
#   Use 64 bit Java on a 64 bit OS
#   Decrease Java heap size (-Xmx/-Xms)
#   Decrease number of Java threads
#   Decrease Java thread stack sizes (-Xss)
#   Set larger code cache with -XX:ReservedCodeCacheSize=
# This output file may be truncated or incomplete.
#
#  Out of Memory Error (allocation.cpp:390), pid=25048, tid=0x0000000000006d00
#
# JRE version: Java(TM) SE Runtime Environment (8.0_171-b11) (build 1.8.0_171-b11)
# Java VM: Java HotSpot(TM) 64-Bit Server VM (25.171-b11 mixed mode windows-amd64 compressed oops)
# Failed to write core dump. Minidumps are not enabled by default on client versions of Windows
#

---------------  T H R E A D  ---------------

Current thread (0x000000001943f800):  JavaThread "C2 CompilerThread0" daemon [_thread_in_native, id=27904, stack(0x000000001af10000,0x000000001b010000)]

Stack: [0x000000001af10000,0x000000001b010000]
[error occurred during error reporting (printing stack bounds), id 0xc0000005]

Native frames: (J=compiled Java code, j=interpreted, Vv=VM code, C=native code)


Current CompileTask:
C2:   4024 2627   !   4       java.net.URLClassLoader$1::run (63 bytes)


---------------  P R O C E S S  ---------------

Java Threads: ( => current thread )
  0x000000001b5e0000 JavaThread "RMI TCP Accept-0" daemon [_thread_in_native, id=3888, stack(0x000000001bd10000,0x000000001be10000)]
  0x000000001b5da800 JavaThread "RMI TCP Accept-10136" daemon [_thread_in_native, id=27932, stack(0x000000001bc10000,0x000000001bd10000)]
  0x000000001b5c2000 JavaThread "RMI TCP Accept-0" daemon [_thread_in_native, id=25288, stack(0x000000001bb10000,0x000000001bc10000)]
  0x000000001947d800 JavaThread "Service Thread" daemon [_thread_blocked, id=27740, stack(0x000000001b210000,0x000000001b310000)]
  0x0000000019448000 JavaThread "C1 CompilerThread2" daemon [_thread_blocked, id=2304, stack(0x000000001b110000,0x000000001b210000)]
  0x0000000019441800 JavaThread "C2 CompilerThread1" daemon [_thread_in_native, id=23624, stack(0x000000001b010000,0x000000001b110000)]
=>0x000000001943f800 JavaThread "C2 CompilerThread0" daemon [_thread_in_native, id=27904, stack(0x000000001af10000,0x000000001b010000)]
  0x000000001943e000 JavaThread "Attach Listener" daemon [_thread_blocked, id=26148, stack(0x000000001ae10000,0x000000001af10000)]
  0x000000001a953800 JavaThread "Signal Dispatcher" daemon [_thread_blocked, id=15688, stack(0x000000001ad10000,0x000000001ae10000)]
  0x0000000019410000 JavaThread "Finalizer" daemon [_thread_blocked, id=22236, stack(0x000000001a780000,0x000000001a880000)]
  0x00000000048e5000 JavaThread "Reference Handler" daemon [_thread_blocked, id=26820, stack(0x000000001a680000,0x000000001a780000)]
  0x00000000047f6800 JavaThread "main" [_thread_in_vm, id=28028, stack(0x00000000046f0000,0x00000000047f0000)]

Other Threads:
  0x00000000193e7800 VMThread [stack: 0x000000001a480000,0x000000001a580000] [id=24792]
  0x000000001b640800 WatcherThread [stack: 0x000000001be10000,0x000000001bf10000] [id=20744]

VM state:not at safepoint (normal execution)

VM Mutex/Monitor currently owned by a thread: None

Heap:
 PSYoungGen      total 71680K, used 28443K [0x00000000d5f00000, 0x00000000de980000, 0x0000000100000000)
  eden space 66560K, 35% used [0x00000000d5f00000,0x00000000d75c8678,0x00000000da000000)
  from space 5120K, 99% used [0x00000000da000000,0x00000000da4fe750,0x00000000da500000)
  to   space 11776K, 0% used [0x00000000dde00000,0x00000000dde00000,0x00000000de980000)
 ParOldGen       total 49664K, used 10999K [0x0000000081c00000, 0x0000000084c80000, 0x00000000d5f00000)
  object space 49664K, 22% used [0x0000000081c00000,0x00000000826bdfb0,0x0000000084c80000)
 Metaspace       used 28233K, capacity 29193K, committed 29360K, reserved 1075200K
  class space    used 3682K, capacity 3901K, committed 4016K, reserved 1048576K

Card table byte_map: [0x0000000013cb0000,0x00000000140b0000] byte_map_base: 0x00000000138a2000

Marking Bits: (ParMarkBitMap*) 0x0000000065d008c0
 Begin Bits: [0x0000000014760000, 0x00000000166f0000)
 End Bits:   [0x00000000166f0000, 0x0000000018680000)

Polling page: 0x0000000002a00000

CodeCache: size=245760Kb used=9585Kb max_used=9585Kb free=236174Kb
 bounds [0x00000000048f0000, 0x0000000005260000, 0x00000000138f0000]
 total_blobs=3107 nmethods=2701 adapters=317
 compilation: enabled

Compilation events (10 events):
Event: 4.015 Thread 0x0000000019448000 2699       1       java.util.stream.Sink::cancellationRequested (2 bytes)
Event: 4.015 Thread 0x0000000019448000 nmethod 2699 0x0000000005249390 code [0x00000000052494e0, 0x00000000052495f0]
Event: 4.017 Thread 0x0000000019448000 2700       3       org.springframework.cglib.core.CodeEmitter::if_jump (10 bytes)
Event: 4.017 Thread 0x0000000019448000 nmethod 2700 0x0000000005249650 code [0x00000000052497c0, 0x00000000052499e8]
Event: 4.017 Thread 0x0000000019448000 2701       3       org.springframework.cglib.core.CodeEmitter::pop (10 bytes)
Event: 4.017 Thread 0x0000000019448000 nmethod 2701 0x0000000005249ad0 code [0x0000000005249c40, 0x0000000005249e68]
Event: 4.017 Thread 0x0000000019448000 2702       3       java.lang.Integer::equals (29 bytes)
Event: 4.018 Thread 0x0000000019448000 nmethod 2702 0x0000000005249f10 code [0x000000000524a080, 0x000000000524a4f0]
Event: 4.018 Thread 0x0000000019448000 2703       3       org.springframework.cglib.core.ClassInfo::<init> (5 bytes)
Event: 4.018 Thread 0x0000000019448000 nmethod 2703 0x000000000524a5d0 code [0x000000000524a720, 0x000000000524a8d0]

GC Heap History (10 events):
Event: 1.842 GC heap before
{Heap before GC invocations=2 (full 0):
 PSYoungGen      total 38400K, used 38386K [0x00000000d5f00000, 0x00000000d8980000, 0x0000000100000000)
  eden space 33280K, 100% used [0x00000000d5f00000,0x00000000d7f80000,0x00000000d7f80000)
  from space 5120K, 99% used [0x00000000d7f80000,0x00000000d847cae0,0x00000000d8480000)
  to   space 5120K, 0% used [0x00000000d8480000,0x00000000d8480000,0x00000000d8980000)
 ParOldGen       total 87552K, used 302K [0x0000000081c00000, 0x0000000087180000, 0x00000000d5f00000)
  object space 87552K, 0% used [0x0000000081c00000,0x0000000081c4b8d0,0x0000000087180000)
 Metaspace       used 16093K, capacity 16560K, committed 16640K, reserved 1062912K
  class space    used 2141K, capacity 2278K, committed 2304K, reserved 1048576K
Event: 1.852 GC heap after
Heap after GC invocations=2 (full 0):
 PSYoungGen      total 38400K, used 5113K [0x00000000d5f00000, 0x00000000daa00000, 0x0000000100000000)
  eden space 33280K, 0% used [0x00000000d5f00000,0x00000000d5f00000,0x00000000d7f80000)
  from space 5120K, 99% used [0x00000000d8480000,0x00000000d897e508,0x00000000d8980000)
  to   space 5120K, 0% used [0x00000000d7f80000,0x00000000d7f80000,0x00000000d8480000)
 ParOldGen       total 87552K, used 2175K [0x0000000081c00000, 0x0000000087180000, 0x00000000d5f00000)
  object space 87552K, 2% used [0x0000000081c00000,0x0000000081e1ffb0,0x0000000087180000)
 Metaspace       used 16093K, capacity 16560K, committed 16640K, reserved 1062912K
  class space    used 2141K, capacity 2278K, committed 2304K, reserved 1048576K
}
Event: 2.243 GC heap before
{Heap before GC invocations=3 (full 0):
 PSYoungGen      total 38400K, used 36387K [0x00000000d5f00000, 0x00000000daa00000, 0x0000000100000000)
  eden space 33280K, 93% used [0x00000000d5f00000,0x00000000d7d8aa48,0x00000000d7f80000)
  from space 5120K, 99% used [0x00000000d8480000,0x00000000d897e508,0x00000000d8980000)
  to   space 5120K, 0% used [0x00000000d7f80000,0x00000000d7f80000,0x00000000d8480000)
 ParOldGen       total 87552K, used 2175K [0x0000000081c00000, 0x0000000087180000, 0x00000000d5f00000)
  object space 87552K, 2% used [0x0000000081c00000,0x0000000081e1ffb0,0x0000000087180000)
 Metaspace       used 20682K, capacity 21248K, committed 21552K, reserved 1069056K
  class space    used 2682K, capacity 2830K, committed 2864K, reserved 1048576K
Event: 2.254 GC heap after
Heap after GC invocations=3 (full 0):
 PSYoungGen      total 38400K, used 5110K [0x00000000d5f00000, 0x00000000daa00000, 0x0000000100000000)
  eden space 33280K, 0% used [0x00000000d5f00000,0x00000000d5f00000,0x00000000d7f80000)
  from space 5120K, 99% used [0x00000000d7f80000,0x00000000d847d950,0x00000000d8480000)
  to   space 5120K, 0% used [0x00000000da500000,0x00000000da500000,0x00000000daa00000)
 ParOldGen       total 87552K, used 5810K [0x0000000081c00000, 0x0000000087180000, 0x00000000d5f00000)
  object space 87552K, 6% used [0x0000000081c00000,0x00000000821acac0,0x0000000087180000)
 Metaspace       used 20682K, capacity 21248K, committed 21552K, reserved 1069056K
  class space    used 2682K, capacity 2830K, committed 2864K, reserved 1048576K
}
Event: 2.295 GC heap before
{Heap before GC invocations=4 (full 0):
 PSYoungGen      total 38400K, used 7816K [0x00000000d5f00000, 0x00000000daa00000, 0x0000000100000000)
  eden space 33280K, 8% used [0x00000000d5f00000,0x00000000d61a4730,0x00000000d7f80000)
  from space 5120K, 99% used [0x00000000d7f80000,0x00000000d847d950,0x00000000d8480000)
  to   space 5120K, 0% used [0x00000000da500000,0x00000000da500000,0x00000000daa00000)
 ParOldGen       total 87552K, used 5810K [0x0000000081c00000, 0x0000000087180000, 0x00000000d5f00000)
  object space 87552K, 6% used [0x0000000081c00000,0x00000000821acac0,0x0000000087180000)
 Metaspace       used 20954K, capacity 21549K, committed 21628K, reserved 1069056K
  class space    used 2715K, capacity 2864K, committed 2864K, reserved 1048576K
Event: 2.306 GC heap after
Heap after GC invocations=4 (full 0):
 PSYoungGen      total 71680K, used 5099K [0x00000000d5f00000, 0x00000000daa00000, 0x0000000100000000)
  eden space 66560K, 0% used [0x00000000d5f00000,0x00000000d5f00000,0x00000000da000000)
  from space 5120K, 99% used [0x00000000da500000,0x00000000da9faf88,0x00000000daa00000)
  to   space 5120K, 0% used [0x00000000da000000,0x00000000da000000,0x00000000da500000)
 ParOldGen       total 87552K, used 6189K [0x0000000081c00000, 0x0000000087180000, 0x00000000d5f00000)
  object space 87552K, 7% used [0x0000000081c00000,0x000000008220b4b8,0x0000000087180000)
 Metaspace       used 20954K, capacity 21549K, committed 21628K, reserved 1069056K
  class space    used 2715K, capacity 2864K, committed 2864K, reserved 1048576K
}
Event: 2.306 GC heap before
{Heap before GC invocations=5 (full 1):
 PSYoungGen      total 71680K, used 5099K [0x00000000d5f00000, 0x00000000daa00000, 0x0000000100000000)
  eden space 66560K, 0% used [0x00000000d5f00000,0x00000000d5f00000,0x00000000da000000)
  from space 5120K, 99% used [0x00000000da500000,0x00000000da9faf88,0x00000000daa00000)
  to   space 5120K, 0% used [0x00000000da000000,0x00000000da000000,0x00000000da500000)
 ParOldGen       total 87552K, used 6189K [0x0000000081c00000, 0x0000000087180000, 0x00000000d5f00000)
  object space 87552K, 7% used [0x0000000081c00000,0x000000008220b4b8,0x0000000087180000)
 Metaspace       used 20954K, capacity 21549K, committed 21628K, reserved 1069056K
  class space    used 2715K, capacity 2864K, committed 2864K, reserved 1048576K
Event: 2.339 GC heap after
Heap after GC invocations=5 (full 1):
 PSYoungGen      total 71680K, used 0K [0x00000000d5f00000, 0x00000000daa00000, 0x0000000100000000)
  eden space 66560K, 0% used [0x00000000d5f00000,0x00000000d5f00000,0x00000000da000000)
  from space 5120K, 0% used [0x00000000da500000,0x00000000da500000,0x00000000daa00000)
  to   space 5120K, 0% used [0x00000000da000000,0x00000000da000000,0x00000000da500000)
 ParOldGen       total 49664K, used 5414K [0x0000000081c00000, 0x0000000084c80000, 0x00000000d5f00000)
  object space 49664K, 10% used [0x0000000081c00000,0x0000000082149ae0,0x0000000084c80000)
 Metaspace       used 20954K, capacity 21549K, committed 21628K, reserved 1069056K
  class space    used 2715K, capacity 2864K, committed 2864K, reserved 1048576K
}
Event: 3.502 GC heap before
{Heap before GC invocations=6 (full 1):
 PSYoungGen      total 71680K, used 66560K [0x00000000d5f00000, 0x00000000daa00000, 0x0000000100000000)
  eden space 66560K, 100% used [0x00000000d5f00000,0x00000000da000000,0x00000000da000000)
  from space 5120K, 0% used [0x00000000da500000,0x00000000da500000,0x00000000daa00000)
  to   space 5120K, 0% used [0x00000000da000000,0x00000000da000000,0x00000000da500000)
 ParOldGen       total 49664K, used 5414K [0x0000000081c00000, 0x0000000084c80000, 0x00000000d5f00000)
  object space 49664K, 10% used [0x0000000081c00000,0x0000000082149ae0,0x0000000084c80000)
 Metaspace       used 26924K, capacity 27689K, committed 27824K, reserved 1073152K
  class space    used 3515K, capacity 3729K, committed 3760K, reserved 1048576K
Event: 3.516 GC heap after
Heap after GC invocations=6 (full 1):
 PSYoungGen      total 71680K, used 5113K [0x00000000d5f00000, 0x00000000de980000, 0x0000000100000000)
  eden space 66560K, 0% used [0x00000000d5f00000,0x00000000d5f00000,0x00000000da000000)
  from space 5120K, 99% used [0x00000000da000000,0x00000000da4fe750,0x00000000da500000)
  to   space 11776K, 0% used [0x00000000dde00000,0x00000000dde00000,0x00000000de980000)
 ParOldGen       total 49664K, used 10999K [0x0000000081c00000, 0x0000000084c80000, 0x00000000d5f00000)
  object space 49664K, 22% used [0x0000000081c00000,0x00000000826bdfb0,0x0000000084c80000)
 Metaspace       used 26924K, capacity 27689K, committed 27824K, reserved 1073152K
  class space    used 3515K, capacity 3729K, committed 3760K, reserved 1048576K
}

Deoptimization events (10 events):
Event: 2.887 Thread 0x000000001b436800 Uncommon trap: reason=unstable_if action=reinterpret pc=0x0000000004fc7550 method=com.sun.org.apache.xerces.internal.util.SymbolTable.addSymbol([CII)Ljava/lang/String; @ 38
Event: 2.887 Thread 0x000000001b436800 Uncommon trap: reason=unstable_if action=reinterpret pc=0x0000000004f98e28 method=com.sun.org.apache.xerces.internal.impl.XMLEntityScanner.scanLiteral(ILcom/sun/org/apache/xerces/internal/xni/XMLString;Z)I @ 44
Event: 2.890 Thread 0x000000001b436800 Uncommon trap: reason=unstable_if action=reinterpret pc=0x0000000004f909c8 method=com.sun.org.apache.xerces.internal.util.SymbolTable.addSymbol([CII)Ljava/lang/String; @ 38
Event: 2.923 Thread 0x000000001b436800 Uncommon trap: reason=predicate action=maybe_recompile pc=0x0000000004c81f2c method=java.lang.String.regionMatches(ZILjava/lang/String;II)Z @ 63
Event: 2.974 Thread 0x000000001b436800 Uncommon trap: reason=unstable_if action=reinterpret pc=0x0000000004cb8d84 method=sun.misc.URLClassPath$JarLoader.ensureOpen()V @ 4
Event: 3.794 Thread 0x00000000047f6800 Uncommon trap: reason=unstable_if action=reinterpret pc=0x00000000051393e4 method=org.springframework.asm.Type.getArgumentsAndReturnSizes(Ljava/lang/String;)I @ 88
Event: 3.794 Thread 0x00000000047f6800 Uncommon trap: reason=unstable_if action=reinterpret pc=0x0000000005134678 method=org.springframework.asm.Type.getArgumentTypes(Ljava/lang/String;)[Lorg/springframework/asm/Type; @ 58
Event: 3.888 Thread 0x00000000047f6800 Uncommon trap: reason=unstable_if action=reinterpret pc=0x00000000051e76ac method=org.springframework.asm.Type.getArgumentsAndReturnSizes(Ljava/lang/String;)I @ 88
Event: 3.948 Thread 0x00000000047f6800 Uncommon trap: reason=unstable_if action=reinterpret pc=0x00000000051f6ed4 method=java.lang.reflect.Method.equals(Ljava/lang/Object;)Z @ 1
Event: 4.012 Thread 0x00000000047f6800 Uncommon trap: reason=class_check action=maybe_recompile pc=0x0000000004ebd2a0 method=java.lang.reflect.Array.newInstance(Ljava/lang/Class;I)Ljava/lang/Object; @ 2

Classes redefined (0 events):
No events

Internal exceptions (10 events):
Event: 3.897 Thread 0x00000000047f6800 Exception <a 'java/lang/ClassNotFoundException': org/springframework/core/OrderedCustomizer> (0x00000000d71c2820) thrown at [C:\re\workspace\8-2-build-windows-amd64-cygwin\jdk8u171\10807\hotspot\src\share\vm\classfile\systemDictionary.cpp, line 210]
Event: 3.902 Thread 0x00000000047f6800 Exception <a 'java/lang/ClassNotFoundException': java/lang/ObjectCustomizer> (0x00000000d71d27c8) thrown at [C:\re\workspace\8-2-build-windows-amd64-cygwin\jdk8u171\10807\hotspot\src\share\vm\classfile\systemDictionary.cpp, line 210]
Event: 3.903 Thread 0x00000000047f6800 Exception <a 'java/lang/ClassNotFoundException': org/springframework/boot/autoconfigure/web/servlet/ServletWebServerFactoryAutoConfigurationCustomizer> (0x00000000d71f2620) thrown at [C:\re\workspace\8-2-build-windows-amd64-cygwin\jdk8u171\10807\hotspot\s
Event: 3.904 Thread 0x00000000047f6800 Exception <a 'java/lang/ClassNotFoundException': org/springframework/boot/autoconfigure/web/servlet/ServletWebServerFactoryAutoConfiguration$$EnhancerBySpringCGLIB$$2214904Customizer> (0x00000000d7218130) thrown at [C:\re\workspace\8-2-build-windows-amd64
Event: 3.906 Thread 0x00000000047f6800 Exception <a 'java/lang/ClassNotFoundException': org/springframework/context/annotation/ConfigurationClassEnhancer$EnhancedConfigurationCustomizer> (0x00000000d723c968) thrown at [C:\re\workspace\8-2-build-windows-amd64-cygwin\jdk8u171\10807\hotspot\src\s
Event: 3.928 Thread 0x00000000047f6800 Exception <a 'java/lang/ClassNotFoundException': java/lang/ObjectCustomizer> (0x00000000d72bd698) thrown at [C:\re\workspace\8-2-build-windows-amd64-cygwin\jdk8u171\10807\hotspot\src\share\vm\classfile\systemDictionary.cpp, line 210]
Event: 3.929 Thread 0x00000000047f6800 Exception <a 'java/lang/ClassNotFoundException': org/springframework/boot/autoconfigure/web/ServerPropertiesCustomizer> (0x00000000d72d6f28) thrown at [C:\re\workspace\8-2-build-windows-amd64-cygwin\jdk8u171\10807\hotspot\src\share\vm\classfile\systemDict
Event: 3.945 Thread 0x00000000047f6800 Exception <a 'java/lang/ClassNotFoundException': java/lang/ObjectCustomizer> (0x00000000d73402c0) thrown at [C:\re\workspace\8-2-build-windows-amd64-cygwin\jdk8u171\10807\hotspot\src\share\vm\classfile\systemDictionary.cpp, line 210]
Event: 3.947 Thread 0x00000000047f6800 Exception <a 'java/lang/ClassNotFoundException': org/springframework/boot/context/properties/ConversionServiceDeducer$FactoryCustomizer> (0x00000000d735d540) thrown at [C:\re\workspace\8-2-build-windows-amd64-cygwin\jdk8u171\10807\hotspot\src\share\vm\cla
Event: 3.948 Thread 0x00000000047f6800 Implicit null exception at 0x00000000051f6d4c to 0x00000000051f6ec1

Events (10 events):
Event: 4.002 loading class org/springframework/beans/propertyeditors/CustomBooleanEditor done
Event: 4.003 loading class org/springframework/beans/propertyeditors/CustomNumberEditor
Event: 4.003 loading class org/springframework/beans/propertyeditors/CustomNumberEditor done
Event: 4.004 loading class org/springframework/beans/propertyeditors/StringArrayPropertyEditor
Event: 4.004 loading class org/springframework/beans/propertyeditors/StringArrayPropertyEditor done
Event: 4.005 loading class org/springframework/core/convert/support/ConversionUtils
Event: 4.005 loading class org/springframework/core/convert/support/ConversionUtils done
Event: 4.012 Thread 0x00000000047f6800 Uncommon trap: trap_request=0xffffffde fr.pc=0x0000000004ebd2a0
Event: 4.012 Thread 0x00000000047f6800 DEOPT PACKING pc=0x0000000004ebd2a0 sp=0x00000000047ecf30
Event: 4.012 Thread 0x00000000047f6800 DEOPT UNPACKING pc=0x000000000493583b sp=0x00000000047eced0 mode 2


Dynamic libraries:
0x00007ff78fef0000 - 0x00007ff78ff27000 	C:\Program Files\Java\jre1.8.0_171\bin\javaw.exe
0x00007fffe4df0000 - 0x00007fffe4fd0000 	C:\WINDOWS\SYSTEM32\ntdll.dll
0x00007fffe4140000 - 0x00007fffe41ee000 	C:\WINDOWS\System32\KERNEL32.DLL
0x00007fffe1b90000 - 0x00007fffe1df6000 	C:\WINDOWS\System32\KERNELBASE.dll
0x0000000064e70000 - 0x000000006518b000 	C:\Program Files (x86)\Norton Internet Security\NortonData\22.5.0.124\Definitions\IPSDefs\20180615.061\IPSEng64.dll
0x00007fffe4930000 - 0x00007fffe49d1000 	C:\WINDOWS\System32\ADVAPI32.dll
0x00007fffe4c70000 - 0x00007fffe4d0d000 	C:\WINDOWS\System32\msvcrt.dll
0x00007fffe49e0000 - 0x00007fffe4a3b000 	C:\WINDOWS\System32\sechost.dll
0x00007fffe3c20000 - 0x00007fffe3d3f000 	C:\WINDOWS\System32\RPCRT4.dll
0x00007fffe48c0000 - 0x00007fffe48c8000 	C:\WINDOWS\System32\PSAPI.DLL
0x00007fffe4730000 - 0x00007fffe48bf000 	C:\WINDOWS\System32\USER32.dll
0x00007fffe1ac0000 - 0x00007fffe1ae0000 	C:\WINDOWS\System32\win32u.dll
0x00007fffe3e90000 - 0x00007fffe3eb8000 	C:\WINDOWS\System32\GDI32.dll
0x00007fffe2120000 - 0x00007fffe22b3000 	C:\WINDOWS\System32\gdi32full.dll
0x00007fffe1eb0000 - 0x00007fffe1f4b000 	C:\WINDOWS\System32\msvcp_win.dll
0x00007fffe19c0000 - 0x00007fffe1ab6000 	C:\WINDOWS\System32\ucrtbase.dll
0x00007fffd6c20000 - 0x00007fffd6e89000 	C:\WINDOWS\WinSxS\amd64_microsoft.windows.common-controls_6595b64144ccf1df_6.0.16299.431_none_15c7d3ee93659e73\COMCTL32.dll
0x00007fffe4260000 - 0x00007fffe4568000 	C:\WINDOWS\System32\combase.dll
0x00007fffe11f0000 - 0x00007fffe1262000 	C:\WINDOWS\System32\bcryptPrimitives.dll
0x00007fffe4570000 - 0x00007fffe459d000 	C:\WINDOWS\System32\IMM32.DLL
0x000000006a6f0000 - 0x000000006a7c2000 	C:\Program Files\Java\jre1.8.0_171\bin\msvcr100.dll
0x00000000654e0000 - 0x0000000065d80000 	C:\Program Files\Java\jre1.8.0_171\bin\server\jvm.dll
0x00007fffd7a40000 - 0x00007fffd7a49000 	C:\WINDOWS\SYSTEM32\WSOCK32.dll
0x00007fffe41f0000 - 0x00007fffe425c000 	C:\WINDOWS\System32\WS2_32.dll
0x00007fffde0a0000 - 0x00007fffde0c3000 	C:\WINDOWS\SYSTEM32\WINMM.dll
0x00007fffd7d10000 - 0x00007fffd7d1a000 	C:\WINDOWS\SYSTEM32\VERSION.dll
0x00007fffde070000 - 0x00007fffde09a000 	C:\WINDOWS\SYSTEM32\WINMMBASE.dll
0x00007fffe1e60000 - 0x00007fffe1eaa000 	C:\WINDOWS\System32\cfgmgr32.dll
0x000000006a860000 - 0x000000006a86f000 	C:\Program Files\Java\jre1.8.0_171\bin\verify.dll
0x000000006a830000 - 0x000000006a859000 	C:\Program Files\Java\jre1.8.0_171\bin\java.dll
0x000000006a810000 - 0x000000006a826000 	C:\Program Files\Java\jre1.8.0_171\bin\zip.dll
0x00007fffe27e0000 - 0x00007fffe3c18000 	C:\WINDOWS\System32\SHELL32.dll
0x00007fffe4d10000 - 0x00007fffe4db6000 	C:\WINDOWS\System32\shcore.dll
0x00007fffe1270000 - 0x00007fffe19b7000 	C:\WINDOWS\System32\windows.storage.dll
0x00007fffe4670000 - 0x00007fffe46c1000 	C:\WINDOWS\System32\shlwapi.dll
0x00007fffe1180000 - 0x00007fffe1191000 	C:\WINDOWS\System32\kernel.appcore.dll
0x00007fffe11a0000 - 0x00007fffe11ec000 	C:\WINDOWS\System32\powrprof.dll
0x00007fffe1160000 - 0x00007fffe117b000 	C:\WINDOWS\System32\profapi.dll
0x000000006a8f0000 - 0x000000006a8fd000 	C:\Program Files\Java\jre1.8.0_171\bin\management.dll
0x000000006a7f0000 - 0x000000006a80a000 	C:\Program Files\Java\jre1.8.0_171\bin\net.dll
0x00007fffe0970000 - 0x00007fffe09d6000 	C:\WINDOWS\system32\mswsock.dll
0x000000006a7d0000 - 0x000000006a7e1000 	C:\Program Files\Java\jre1.8.0_171\bin\nio.dll
0x00007fffc5b30000 - 0x00007fffc5b46000 	C:\WINDOWS\system32\napinsp.dll
0x00007fffc54c0000 - 0x00007fffc54da000 	C:\WINDOWS\system32\pnrpnsp.dll
0x00007fffde050000 - 0x00007fffde068000 	C:\WINDOWS\system32\NLAapi.dll
0x00007fffe0740000 - 0x00007fffe07f6000 	C:\WINDOWS\SYSTEM32\DNSAPI.dll
0x00007fffe4a40000 - 0x00007fffe4a48000 	C:\WINDOWS\System32\NSI.dll
0x00007fffe0700000 - 0x00007fffe0739000 	C:\WINDOWS\SYSTEM32\IPHLPAPI.DLL
0x00007fffc5470000 - 0x00007fffc547e000 	C:\WINDOWS\System32\winrnr.dll
0x00007fffc53d0000 - 0x00007fffc53e5000 	C:\WINDOWS\System32\wshbth.dll
0x00007fffd9140000 - 0x00007fffd914a000 	C:\Windows\System32\rasadhlp.dll
0x00007fffd97e0000 - 0x00007fffd9850000 	C:\WINDOWS\System32\fwpuclnt.dll
0x00007fffe0c30000 - 0x00007fffe0c55000 	C:\WINDOWS\SYSTEM32\bcrypt.dll
0x00007fffe0b30000 - 0x00007fffe0b47000 	C:\WINDOWS\SYSTEM32\CRYPTSP.dll
0x00007fffe0570000 - 0x00007fffe05a3000 	C:\WINDOWS\system32\rsaenh.dll
0x00007fffe1070000 - 0x00007fffe1099000 	C:\WINDOWS\SYSTEM32\USERENV.dll
0x00007fffe1030000 - 0x00007fffe103b000 	C:\WINDOWS\SYSTEM32\CRYPTBASE.dll
0x00007fffdb2c0000 - 0x00007fffdb2d6000 	C:\WINDOWS\SYSTEM32\dhcpcsvc6.DLL
0x00007fffdb270000 - 0x00007fffdb28a000 	C:\WINDOWS\SYSTEM32\dhcpcsvc.DLL

VM Arguments:
jvm_args: -Dcom.sun.management.jmxremote -Dcom.sun.management.jmxremote.port=10136 -Dcom.sun.management.jmxremote.authenticate=false -Dcom.sun.management.jmxremote.ssl=false -Dspring.liveBeansView.mbeanDomain -Dspring.application.admin.enabled=true -Dfile.encoding=MS949 
java_command: com.example.WebApplication --server.port=8080
java_class_path (initial): C:\Users\user\workspace\web\bin\main;C:\Users\user\workspace\web\bin\test;C:\Users\user\workspace\web\bin\default;C:\Users\user\.gradle\caches\modules-2\files-2.1\org.springframework.boot\spring-boot-starter-web\2.0.2.RELEASE\b6ef0cf4d0a7c6c7e93ff524b84cd1d8f87f67d9\spring-boot-starter-web-2.0.2.RELEASE.jar;C:\Users\user\.gradle\caches\modules-2\files-2.1\org.springframework.boot\spring-boot-starter-json\2.0.2.RELEASE\5edda979838ced5314b8f58a958fe9d6b4b3badd\spring-boot-starter-json-2.0.2.RELEASE.jar;C:\Users\user\.gradle\caches\modules-2\files-2.1\org.springframework.boot\spring-boot-starter\2.0.2.RELEASE\1cda94f0dfcf2b065191782a54b84d2abf96391\spring-boot-starter-2.0.2.RELEASE.jar;C:\Users\user\.gradle\caches\modules-2\files-2.1\org.springframework.boot\spring-boot-starter-tomcat\2.0.2.RELEASE\cedbfb18762e1c220007c768bfc5b773f5b30f8a\spring-boot-starter-tomcat-2.0.2.RELEASE.jar;C:\Users\user\.gradle\caches\modules-2\files-2.1\org.hibernate.validator\hibernate-validator\6.0.9.Final\b149e4cce82379f11f6129eb3187ca8ae5404005\hibernate-validator-6.0.9.Final.jar;C:\Users\user\.gradle\caches\modules-2\files-2.1\org.springframework\spring-webmvc\5.0.6.RELEASE\1361c5d1cf46665ee01de5dc1ca447c3be174c19\spring-webmvc-5.0.6.RELEASE.jar;C:\Users\user\.gradle\caches\modules-2\files-2.1\org.springframework\spring-web\5.0.6.RELEASE\89e89de3025165998118590613aedc6df8d64af6\spring-web-5.0.6.RELEASE.jar;C:\Users\user\.gradle\caches\modules-2\files-2.1\org.springframework.boot\spring-boot-autoconfigure\2.0.2.RELEASE\f4b25e753e4955337a138d8b1550236b5efe5b3b\spring-boot-autoconfigure-2.0.2.RELEASE.jar;C:\Users\user\.gradle\caches\modules-2\files-2.1\org.springframework.boot\spring-boot\2.0.2.RELEASE\15012cf02e9f77938244e554f0598535fdd1cb38\spring-boot-2.0.2.RELEASE.jar;C:\Users\user\.gradle\caches\modules-2\files-2.1\org.springframework.boot\spring-boot-starter-logging\2.0.2.RELEASE\b56d7d1931792d6e58dbd41f956912359ba85238\spring-boot-starter-logging-2.0.2.R
Launcher Type: SUN_STANDARD

Environment Variables:
JAVA_HOME=C:\Program Files\Java\jdk1.8.0_25
CLASSPATH=C:\Program Files\Java\jdk1.8.0_25\lib
PATH=C:/Program Files/Java/jre1.8.0_171/bin/server;C:/Program Files/Java/jre1.8.0_171/bin;C:/Program Files/Java/jre1.8.0_171/lib/amd64;C:\Program Files (x86)\Common Files\Oracle\Java\javapath;C:\ProgramData\Oracle\Java\javapath;C:\Program Files (x86)\GnuWin32\bin;C:\gradle\bin;C:\Program Files\Java\jdk1.8.0_25\bin;C:\Users\user\AppData\Local\Microsoft\WindowsApps;;C:\Users\user\Downloads\eclipse-java-luna-SR1-win32-x86_64\eclipse;
USERNAME=user
OS=Windows_NT
PROCESSOR_IDENTIFIER=Intel64 Family 6 Model 58 Stepping 9, GenuineIntel



---------------  S Y S T E M  ---------------

OS: Windows 10.0 , 64 bit Build 16299 (10.0.16299.431)

CPU:total 4 (initial active 4) (2 cores per cpu, 2 threads per core) family 6 model 58 stepping 9, cmov, cx8, fxsr, mmx, sse, sse2, sse3, ssse3, sse4.1, sse4.2, popcnt, avx, aes, clmul, erms, ht, tsc, tscinvbit, tscinv

Memory: 4k page, physical 8271496k(1225428k free), swap 8271496k(7428k free)

vm_info: Java HotSpot(TM) 64-Bit Server VM (25.171-b11) for windows-amd64 JRE (1.8.0_171-b11), built on Mar 28 2018 16:06:12 by "java_re" with MS VC++ 10.0 (VS2010)

time: Mon Jun 18 02:51:50 2018
elapsed time: 4 seconds (0d 0h 0m 4s)

