#
# There is insufficient memory for the Java Runtime Environment to continue.
# Native memory allocation (malloc) failed to allocate 536048 bytes for Chunk::new
# Possible reasons:
#   The system is out of physical RAM or swap space
#   In 32 bit mode, the process size limit was hit
# Possible solutions:
#   Reduce memory load on the system
#   Increase physical memory or swap space
#   Check if swap backing store is full
#   Use 64 bit Java on a 64 bit OS
#   Decrease Java heap size (-Xmx/-Xms)
#   Decrease number of Java threads
#   Decrease Java thread stack sizes (-Xss)
#   Set larger code cache with -XX:ReservedCodeCacheSize=
# This output file may be truncated or incomplete.
#
#  Out of Memory Error (allocation.cpp:390), pid=53708, tid=0x00000000000090fc
#
# JRE version: Java(TM) SE Runtime Environment (8.0_171-b11) (build 1.8.0_171-b11)
# Java VM: Java HotSpot(TM) 64-Bit Server VM (25.171-b11 mixed mode windows-amd64 compressed oops)
# Failed to write core dump. Minidumps are not enabled by default on client versions of Windows
#

---------------  T H R E A D  ---------------

Current thread (0x000000001a384000):  JavaThread "C2 CompilerThread1" daemon [_thread_in_native, id=37116, stack(0x000000001bec0000,0x000000001bfc0000)]

Stack: [0x000000001bec0000,0x000000001bfc0000]
[error occurred during error reporting (printing stack bounds), id 0xc0000005]

Native frames: (J=compiled Java code, j=interpreted, Vv=VM code, C=native code)


Current CompileTask:
C2:   2196 1447   !   4       java.net.URL::<init> (543 bytes)


---------------  P R O C E S S  ---------------

Java Threads: ( => current thread )
  0x000000001c8a7000 JavaThread "background-preinit" [_thread_in_native, id=43044, stack(0x000000001d090000,0x000000001d190000)]
  0x000000001c46b000 JavaThread "RMI TCP Accept-0" daemon [_thread_in_native, id=54620, stack(0x000000001cbc0000,0x000000001ccc0000)]
  0x000000001c466000 JavaThread "RMI TCP Accept-8570" daemon [_thread_in_native, id=48952, stack(0x000000001cac0000,0x000000001cbc0000)]
  0x000000001c456800 JavaThread "RMI TCP Accept-0" daemon [_thread_in_native, id=52208, stack(0x000000001c9c0000,0x000000001cac0000)]
  0x000000001b859000 JavaThread "Service Thread" daemon [_thread_blocked, id=49080, stack(0x000000001c0c0000,0x000000001c1c0000)]
  0x000000001a38a800 JavaThread "C1 CompilerThread2" daemon [_thread_blocked, id=50904, stack(0x000000001bfc0000,0x000000001c0c0000)]
=>0x000000001a384000 JavaThread "C2 CompilerThread1" daemon [_thread_in_native, id=37116, stack(0x000000001bec0000,0x000000001bfc0000)]
  0x000000001a382000 JavaThread "C2 CompilerThread0" daemon [_thread_blocked, id=51072, stack(0x000000001bdc0000,0x000000001bec0000)]
  0x000000001a380000 JavaThread "Attach Listener" daemon [_thread_blocked, id=2004, stack(0x000000001bcc0000,0x000000001bdc0000)]
  0x000000001b803800 JavaThread "Signal Dispatcher" daemon [_thread_blocked, id=54104, stack(0x000000001bbc0000,0x000000001bcc0000)]
  0x000000001a34c000 JavaThread "Finalizer" daemon [_thread_blocked, id=40952, stack(0x000000001b6c0000,0x000000001b7c0000)]
  0x000000001a328800 JavaThread "Reference Handler" daemon [_thread_blocked, id=45496, stack(0x000000001b5c0000,0x000000001b6c0000)]
  0x0000000005736000 JavaThread "main" [_thread_in_Java, id=45536, stack(0x0000000005630000,0x0000000005730000)]

Other Threads:
  0x000000001a327000 VMThread [stack: 0x000000001b3c0000,0x000000001b4c0000] [id=53776]
  0x000000001c475800 WatcherThread [stack: 0x000000001ccc0000,0x000000001cdc0000] [id=50664]

VM state:not at safepoint (normal execution)

VM Mutex/Monitor currently owned by a thread: None

Heap:
 PSYoungGen      total 38400K, used 30074K [0x00000000d5f00000, 0x00000000d8980000, 0x0000000100000000)
  eden space 33280K, 78% used [0x00000000d5f00000,0x00000000d785b3c8,0x00000000d7f80000)
  from space 5120K, 81% used [0x00000000d8480000,0x00000000d888d238,0x00000000d8980000)
  to   space 5120K, 0% used [0x00000000d7f80000,0x00000000d7f80000,0x00000000d8480000)
 ParOldGen       total 64000K, used 4909K [0x0000000081c00000, 0x0000000085a80000, 0x00000000d5f00000)
  object space 64000K, 7% used [0x0000000081c00000,0x00000000820cb490,0x0000000085a80000)
 Metaspace       used 19482K, capacity 20025K, committed 20224K, reserved 1073152K
  class space    used 2558K, capacity 2701K, committed 2816K, reserved 1048576K

Card table byte_map: [0x0000000014bf0000,0x0000000014ff0000] byte_map_base: 0x00000000147e2000

Marking Bits: (ParMarkBitMap*) 0x00000000595608c0
 Begin Bits: [0x00000000156a0000, 0x0000000017630000)
 End Bits:   [0x0000000017630000, 0x00000000195c0000)

Polling page: 0x0000000005040000

CodeCache: size=245760Kb used=4756Kb max_used=4761Kb free=241003Kb
 bounds [0x0000000005830000, 0x0000000005ce0000, 0x0000000014830000]
 total_blobs=1868 nmethods=1483 adapters=297
 compilation: enabled

Compilation events (10 events):
Event: 2.186 Thread 0x000000001a38a800 1480       3       java.lang.Character::isSurrogate (18 bytes)
Event: 2.186 Thread 0x000000001a38a800 nmethod 1480 0x0000000005cd5910 code [0x0000000005cd5a60, 0x0000000005cd5c30]
Event: 2.186 Thread 0x000000001a38a800 1479       3       java.util.regex.Pattern::isSupplementary (20 bytes)
Event: 2.187 Thread 0x000000001a38a800 nmethod 1479 0x0000000005cd5410 code [0x0000000005cd5580, 0x0000000005cd5850]
Event: 2.188 Thread 0x000000001a38a800 1481       3       java.util.Calendar::internalSet (8 bytes)
Event: 2.188 Thread 0x000000001a38a800 nmethod 1481 0x0000000005cd5050 code [0x0000000005cd51a0, 0x0000000005cd5310]
Event: 2.190 Thread 0x000000001a38a800 1482       3       java.util.LinkedHashMap$LinkedValues::size (8 bytes)
Event: 2.191 Thread 0x000000001a38a800 nmethod 1482 0x0000000005cd4d10 code [0x0000000005cd4e60, 0x0000000005cd4fb0]
Event: 2.191 Thread 0x000000001a38a800 1483   !   3       com.sun.proxy.$Proxy4::equals (39 bytes)
Event: 2.191 Thread 0x000000001a38a800 nmethod 1483 0x0000000005cd41d0 code [0x0000000005cd4380, 0x0000000005cd49f8]

GC Heap History (6 events):
Event: 1.237 GC heap before
{Heap before GC invocations=1 (full 0):
 PSYoungGen      total 38400K, used 30661K [0x00000000d5f00000, 0x00000000d8980000, 0x0000000100000000)
  eden space 33280K, 92% used [0x00000000d5f00000,0x00000000d7cf1688,0x00000000d7f80000)
  from space 5120K, 0% used [0x00000000d8480000,0x00000000d8480000,0x00000000d8980000)
  to   space 5120K, 0% used [0x00000000d7f80000,0x00000000d7f80000,0x00000000d8480000)
 ParOldGen       total 87552K, used 0K [0x0000000081c00000, 0x0000000087180000, 0x00000000d5f00000)
  object space 87552K, 0% used [0x0000000081c00000,0x0000000081c00000,0x0000000087180000)
 Metaspace       used 11685K, capacity 12020K, committed 12160K, reserved 1064960K
  class space    used 1460K, capacity 1576K, committed 1664K, reserved 1048576K
Event: 1.243 GC heap after
Heap after GC invocations=1 (full 0):
 PSYoungGen      total 38400K, used 5100K [0x00000000d5f00000, 0x00000000d8980000, 0x0000000100000000)
  eden space 33280K, 0% used [0x00000000d5f00000,0x00000000d5f00000,0x00000000d7f80000)
  from space 5120K, 99% used [0x00000000d7f80000,0x00000000d847b368,0x00000000d8480000)
  to   space 5120K, 0% used [0x00000000d8480000,0x00000000d8480000,0x00000000d8980000)
 ParOldGen       total 87552K, used 30K [0x0000000081c00000, 0x0000000087180000, 0x00000000d5f00000)
  object space 87552K, 0% used [0x0000000081c00000,0x0000000081c07b40,0x0000000087180000)
 Metaspace       used 11685K, capacity 12020K, committed 12160K, reserved 1064960K
  class space    used 1460K, capacity 1576K, committed 1664K, reserved 1048576K
}
Event: 1.243 GC heap before
{Heap before GC invocations=2 (full 1):
 PSYoungGen      total 38400K, used 5100K [0x00000000d5f00000, 0x00000000d8980000, 0x0000000100000000)
  eden space 33280K, 0% used [0x00000000d5f00000,0x00000000d5f00000,0x00000000d7f80000)
  from space 5120K, 99% used [0x00000000d7f80000,0x00000000d847b368,0x00000000d8480000)
  to   space 5120K, 0% used [0x00000000d8480000,0x00000000d8480000,0x00000000d8980000)
 ParOldGen       total 87552K, used 30K [0x0000000081c00000, 0x0000000087180000, 0x00000000d5f00000)
  object space 87552K, 0% used [0x0000000081c00000,0x0000000081c07b40,0x0000000087180000)
 Metaspace       used 11685K, capacity 12020K, committed 12160K, reserved 1064960K
  class space    used 1460K, capacity 1576K, committed 1664K, reserved 1048576K
Event: 1.265 GC heap after
Heap after GC invocations=2 (full 1):
 PSYoungGen      total 38400K, used 0K [0x00000000d5f00000, 0x00000000d8980000, 0x0000000100000000)
  eden space 33280K, 0% used [0x00000000d5f00000,0x00000000d5f00000,0x00000000d7f80000)
  from space 5120K, 0% used [0x00000000d7f80000,0x00000000d7f80000,0x00000000d8480000)
  to   space 5120K, 0% used [0x00000000d8480000,0x00000000d8480000,0x00000000d8980000)
 ParOldGen       total 64000K, used 4901K [0x0000000081c00000, 0x0000000085a80000, 0x00000000d5f00000)
  object space 64000K, 7% used [0x0000000081c00000,0x00000000820c9428,0x0000000085a80000)
 Metaspace       used 11685K, capacity 12020K, committed 12160K, reserved 1062912K
  class space    used 1460K, capacity 1576K, committed 1664K, reserved 1048576K
}
Event: 1.718 GC heap before
{Heap before GC invocations=3 (full 1):
 PSYoungGen      total 38400K, used 33280K [0x00000000d5f00000, 0x00000000d8980000, 0x0000000100000000)
  eden space 33280K, 100% used [0x00000000d5f00000,0x00000000d7f80000,0x00000000d7f80000)
  from space 5120K, 0% used [0x00000000d7f80000,0x00000000d7f80000,0x00000000d8480000)
  to   space 5120K, 0% used [0x00000000d8480000,0x00000000d8480000,0x00000000d8980000)
 ParOldGen       total 64000K, used 4901K [0x0000000081c00000, 0x0000000085a80000, 0x00000000d5f00000)
  object space 64000K, 7% used [0x0000000081c00000,0x00000000820c9490,0x0000000085a80000)
 Metaspace       used 15875K, capacity 16332K, committed 16640K, reserved 1064960K
  class space    used 2108K, capacity 2244K, committed 2304K, reserved 1048576K
Event: 1.723 GC heap after
Heap after GC invocations=3 (full 1):
 PSYoungGen      total 38400K, used 4148K [0x00000000d5f00000, 0x00000000d8980000, 0x0000000100000000)
  eden space 33280K, 0% used [0x00000000d5f00000,0x00000000d5f00000,0x00000000d7f80000)
  from space 5120K, 81% used [0x00000000d8480000,0x00000000d888d238,0x00000000d8980000)
  to   space 5120K, 0% used [0x00000000d7f80000,0x00000000d7f80000,0x00000000d8480000)
 ParOldGen       total 64000K, used 4909K [0x0000000081c00000, 0x0000000085a80000, 0x00000000d5f00000)
  object space 64000K, 7% used [0x0000000081c00000,0x00000000820cb490,0x0000000085a80000)
 Metaspace       used 15875K, capacity 16332K, committed 16640K, reserved 1064960K
  class space    used 2108K, capacity 2244K, committed 2304K, reserved 1048576K
}

Deoptimization events (10 events):
Event: 1.123 Thread 0x0000000005736000 Uncommon trap: reason=unstable_if action=reinterpret pc=0x0000000005b012d0 method=java.util.HashMap.getNode(ILjava/lang/Object;)Ljava/util/HashMap$Node; @ 129
Event: 1.132 Thread 0x0000000005736000 Uncommon trap: reason=range_check action=make_not_entrant pc=0x0000000005b216e0 method=sun.reflect.generics.parser.SignatureParser.current()C @ 34
Event: 1.305 Thread 0x000000001c8a7000 Uncommon trap: reason=unstable_if action=reinterpret pc=0x0000000005b02eb8 method=java.util.HashMap.getNode(ILjava/lang/Object;)Ljava/util/HashMap$Node; @ 129
Event: 1.420 Thread 0x000000001c8a7000 Uncommon trap: reason=unstable_if action=reinterpret pc=0x0000000005b4ce1c method=sun.misc.URLClassPath$JarLoader.ensureOpen()V @ 4
Event: 1.600 Thread 0x0000000005736000 Uncommon trap: reason=unstable_if action=reinterpret pc=0x0000000005c15524 method=java.net.URL.<init>(Ljava/net/URL;Ljava/lang/String;Ljava/net/URLStreamHandler;)V @ 347
Event: 1.724 Thread 0x000000001c8a7000 Uncommon trap: reason=unstable_if action=reinterpret pc=0x0000000005c5d50c method=java.util.concurrent.ConcurrentHashMap.putVal(Ljava/lang/Object;Ljava/lang/Object;Z)Ljava/lang/Object; @ 113
Event: 1.725 Thread 0x0000000005736000 Uncommon trap: reason=unstable_if action=reinterpret pc=0x0000000005c5d60c method=java.util.concurrent.ConcurrentHashMap.addCount(JI)V @ 168
Event: 1.887 Thread 0x000000001c8a7000 Uncommon trap: reason=bimorphic action=maybe_recompile pc=0x0000000005bb121c method=java.util.HashMap.putVal(ILjava/lang/Object;Ljava/lang/Object;ZZ)Ljava/lang/Object; @ 203
Event: 1.892 Thread 0x000000001c8a7000 Uncommon trap: reason=bimorphic action=maybe_recompile pc=0x0000000005bb121c method=java.util.HashMap.putVal(ILjava/lang/Object;Ljava/lang/Object;ZZ)Ljava/lang/Object; @ 203
Event: 1.897 Thread 0x000000001c8a7000 Uncommon trap: reason=bimorphic action=maybe_recompile pc=0x0000000005bb121c method=java.util.HashMap.putVal(ILjava/lang/Object;Ljava/lang/Object;ZZ)Ljava/lang/Object; @ 203

Classes redefined (0 events):
No events

Internal exceptions (10 events):
Event: 2.103 Thread 0x0000000005736000 Exception <a 'java/lang/ClassNotFoundException': java/lang/ObjectCustomizer> (0x00000000d7323b68) thrown at [C:\re\workspace\8-2-build-windows-amd64-cygwin\jdk8u171\10807\hotspot\src\share\vm\classfile\systemDictionary.cpp, line 210]
Event: 2.114 Thread 0x0000000005736000 Exception <a 'java/lang/ClassNotFoundException': org/springframework/context/annotation/ConfigurationClassPostProcessorCustomizer> (0x00000000d733fdb0) thrown at [C:\re\workspace\8-2-build-windows-amd64-cygwin\jdk8u171\10807\hotspot\src\share\vm\classfile
Event: 2.125 Thread 0x0000000005736000 Exception <a 'java/lang/ClassNotFoundException': org/springframework/beans/factory/support/BeanDefinitionRegistryPostProcessorCustomizer> (0x00000000d74a62b0) thrown at [C:\re\workspace\8-2-build-windows-amd64-cygwin\jdk8u171\10807\hotspot\src\share\vm\cl
Event: 2.126 Thread 0x0000000005736000 Exception <a 'java/lang/ClassNotFoundException': org/springframework/core/PriorityOrderedCustomizer> (0x00000000d74b7e80) thrown at [C:\re\workspace\8-2-build-windows-amd64-cygwin\jdk8u171\10807\hotspot\src\share\vm\classfile\systemDictionary.cpp, line 21
Event: 2.127 Thread 0x0000000005736000 Exception <a 'java/lang/ClassNotFoundException': org/springframework/context/ResourceLoaderAwareCustomizer> (0x00000000d74ca2b0) thrown at [C:\re\workspace\8-2-build-windows-amd64-cygwin\jdk8u171\10807\hotspot\src\share\vm\classfile\systemDictionary.cpp, 
Event: 2.128 Thread 0x0000000005736000 Exception <a 'java/lang/ClassNotFoundException': org/springframework/beans/factory/BeanClassLoaderAwareCustomizer> (0x00000000d74df150) thrown at [C:\re\workspace\8-2-build-windows-amd64-cygwin\jdk8u171\10807\hotspot\src\share\vm\classfile\systemDictionar
Event: 2.130 Thread 0x0000000005736000 Exception <a 'java/lang/ClassNotFoundException': org/springframework/context/EnvironmentAwareCustomizer> (0x00000000d74f1ea8) thrown at [C:\re\workspace\8-2-build-windows-amd64-cygwin\jdk8u171\10807\hotspot\src\share\vm\classfile\systemDictionary.cpp, lin
Event: 2.142 Thread 0x0000000005736000 Exception <a 'java/lang/NoClassDefFoundError': org/reactivestreams/Publisher> (0x00000000d75b3790) thrown at [C:\re\workspace\8-2-build-windows-amd64-cygwin\jdk8u171\10807\hotspot\src\share\vm\classfile\systemDictionary.cpp, line 199]
Event: 2.143 Thread 0x0000000005736000 Exception <a 'java/lang/NoClassDefFoundError': rx/Observable> (0x00000000d75c0d40) thrown at [C:\re\workspace\8-2-build-windows-amd64-cygwin\jdk8u171\10807\hotspot\src\share\vm\classfile\systemDictionary.cpp, line 199]
Event: 2.144 Thread 0x0000000005736000 Exception <a 'java/lang/NoClassDefFoundError': org/reactivestreams/Publisher> (0x00000000d75d0370) thrown at [C:\re\workspace\8-2-build-windows-amd64-cygwin\jdk8u171\10807\hotspot\src\share\vm\classfile\systemDictionary.cpp, line 199]

Events (10 events):
Event: 2.188 loading class org/springframework/context/annotation/ConfigurationClass$FinalConfigurationProblem done
Event: 2.188 loading class sun/util/resources/en/CurrencyNames_en_US done
Event: 2.189 loading class org/springframework/core/io/DescriptiveResource
Event: 2.189 loading class org/springframework/core/io/DescriptiveResource done
Event: 2.189 loading class com/fasterxml/jackson/core/Base64Variants
Event: 2.189 loading class com/fasterxml/jackson/core/Base64Variants done
Event: 2.190 loading class org/springframework/context/annotation/ConfigurationCondition$ConfigurationPhase
Event: 2.190 loading class org/springframework/context/annotation/ConfigurationCondition$ConfigurationPhase done
Event: 2.190 loading class com/fasterxml/jackson/core/Base64Variant
Event: 2.190 loading class com/fasterxml/jackson/core/Base64Variant done


Dynamic libraries:
0x00007ff74a830000 - 0x00007ff74a867000 	C:\Program Files\Java\jre1.8.0_171\bin\javaw.exe
0x00007ffdf8e10000 - 0x00007ffdf8ff0000 	C:\WINDOWS\SYSTEM32\ntdll.dll
0x00007ffdf6c10000 - 0x00007ffdf6cbe000 	C:\WINDOWS\System32\KERNEL32.DLL
0x00007ffdf55f0000 - 0x00007ffdf5856000 	C:\WINDOWS\System32\KERNELBASE.dll
0x0000000055710000 - 0x0000000055a2b000 	C:\Program Files (x86)\Norton Internet Security\NortonData\22.5.0.124\Definitions\IPSDefs\20180528.061\IPSEng64.dll
0x00007ffdf81d0000 - 0x00007ffdf8271000 	C:\WINDOWS\System32\ADVAPI32.dll
0x00007ffdf8130000 - 0x00007ffdf81cd000 	C:\WINDOWS\System32\msvcrt.dll
0x00007ffdf8280000 - 0x00007ffdf82db000 	C:\WINDOWS\System32\sechost.dll
0x00007ffdf8480000 - 0x00007ffdf859f000 	C:\WINDOWS\System32\RPCRT4.dll
0x00007ffdf8da0000 - 0x00007ffdf8da8000 	C:\WINDOWS\System32\PSAPI.DLL
0x00007ffdf8b10000 - 0x00007ffdf8c9f000 	C:\WINDOWS\System32\USER32.dll
0x00007ffdf5530000 - 0x00007ffdf5550000 	C:\WINDOWS\System32\win32u.dll
0x00007ffdf6cc0000 - 0x00007ffdf6ce8000 	C:\WINDOWS\System32\GDI32.dll
0x00007ffdf5390000 - 0x00007ffdf5523000 	C:\WINDOWS\System32\gdi32full.dll
0x00007ffdf5550000 - 0x00007ffdf55eb000 	C:\WINDOWS\System32\msvcp_win.dll
0x00007ffdf5a30000 - 0x00007ffdf5b26000 	C:\WINDOWS\System32\ucrtbase.dll
0x00007ffdeb4a0000 - 0x00007ffdeb709000 	C:\WINDOWS\WinSxS\amd64_microsoft.windows.common-controls_6595b64144ccf1df_6.0.16299.431_none_15c7d3ee93659e73\COMCTL32.dll
0x00007ffdf62e0000 - 0x00007ffdf65e8000 	C:\WINDOWS\System32\combase.dll
0x00007ffdf5260000 - 0x00007ffdf52d2000 	C:\WINDOWS\System32\bcryptPrimitives.dll
0x00007ffdf8db0000 - 0x00007ffdf8ddd000 	C:\WINDOWS\System32\IMM32.DLL
0x000000005c3d0000 - 0x000000005c4a2000 	C:\Program Files\Java\jre1.8.0_171\bin\msvcr100.dll
0x0000000058d40000 - 0x00000000595e0000 	C:\Program Files\Java\jre1.8.0_171\bin\server\jvm.dll
0x00007ffde9da0000 - 0x00007ffde9da9000 	C:\WINDOWS\SYSTEM32\WSOCK32.dll
0x00007ffdf8800000 - 0x00007ffdf886c000 	C:\WINDOWS\System32\WS2_32.dll
0x00007ffdf1fc0000 - 0x00007ffdf1fe3000 	C:\WINDOWS\SYSTEM32\WINMM.dll
0x00007ffdeb880000 - 0x00007ffdeb88a000 	C:\WINDOWS\SYSTEM32\VERSION.dll
0x00007ffdf1f90000 - 0x00007ffdf1fba000 	C:\WINDOWS\SYSTEM32\WINMMBASE.dll
0x00007ffdf5210000 - 0x00007ffdf525a000 	C:\WINDOWS\System32\cfgmgr32.dll
0x000000005c4e0000 - 0x000000005c4ef000 	C:\Program Files\Java\jre1.8.0_171\bin\verify.dll
0x000000005c4b0000 - 0x000000005c4d9000 	C:\Program Files\Java\jre1.8.0_171\bin\java.dll
0x000000005c2e0000 - 0x000000005c2f6000 	C:\Program Files\Java\jre1.8.0_171\bin\zip.dll
0x00007ffdf6cf0000 - 0x00007ffdf8128000 	C:\WINDOWS\System32\SHELL32.dll
0x00007ffdf8870000 - 0x00007ffdf8916000 	C:\WINDOWS\System32\shcore.dll
0x00007ffdf5b90000 - 0x00007ffdf62d7000 	C:\WINDOWS\System32\windows.storage.dll
0x00007ffdf8920000 - 0x00007ffdf8971000 	C:\WINDOWS\System32\shlwapi.dll
0x00007ffdf51a0000 - 0x00007ffdf51b1000 	C:\WINDOWS\System32\kernel.appcore.dll
0x00007ffdf51c0000 - 0x00007ffdf520c000 	C:\WINDOWS\System32\powrprof.dll
0x00007ffdf5180000 - 0x00007ffdf519b000 	C:\WINDOWS\System32\profapi.dll
0x000000005c4f0000 - 0x000000005c4fd000 	C:\Program Files\Java\jre1.8.0_171\bin\management.dll
0x000000005c560000 - 0x000000005c57a000 	C:\Program Files\Java\jre1.8.0_171\bin\net.dll
0x00007ffdf4990000 - 0x00007ffdf49f6000 	C:\WINDOWS\system32\mswsock.dll
0x000000005c540000 - 0x000000005c551000 	C:\Program Files\Java\jre1.8.0_171\bin\nio.dll
0x00007ffddd700000 - 0x00007ffddd716000 	C:\WINDOWS\system32\napinsp.dll
0x00007ffddd2e0000 - 0x00007ffddd2fa000 	C:\WINDOWS\system32\pnrpnsp.dll
0x00007ffdf21c0000 - 0x00007ffdf21d8000 	C:\WINDOWS\system32\NLAapi.dll
0x00007ffdf4760000 - 0x00007ffdf4816000 	C:\WINDOWS\SYSTEM32\DNSAPI.dll
0x00007ffdf8ca0000 - 0x00007ffdf8ca8000 	C:\WINDOWS\System32\NSI.dll
0x00007ffdf4720000 - 0x00007ffdf4759000 	C:\WINDOWS\SYSTEM32\IPHLPAPI.DLL
0x00007ffddcb10000 - 0x00007ffddcb1e000 	C:\WINDOWS\System32\winrnr.dll
0x00007ffddcaf0000 - 0x00007ffddcb05000 	C:\WINDOWS\System32\wshbth.dll
0x00007ffded080000 - 0x00007ffded08a000 	C:\Windows\System32\rasadhlp.dll
0x00007ffdee060000 - 0x00007ffdee0d0000 	C:\WINDOWS\System32\fwpuclnt.dll
0x00007ffdf4c60000 - 0x00007ffdf4c85000 	C:\WINDOWS\SYSTEM32\bcrypt.dll
0x00007ffdf4b50000 - 0x00007ffdf4b67000 	C:\WINDOWS\SYSTEM32\CRYPTSP.dll
0x00007ffdf4590000 - 0x00007ffdf45c3000 	C:\WINDOWS\system32\rsaenh.dll
0x00007ffdf5090000 - 0x00007ffdf50b9000 	C:\WINDOWS\SYSTEM32\USERENV.dll
0x00007ffdf4b70000 - 0x00007ffdf4b7b000 	C:\WINDOWS\SYSTEM32\CRYPTBASE.dll
0x00007ffdef390000 - 0x00007ffdef3a6000 	C:\WINDOWS\SYSTEM32\dhcpcsvc6.DLL
0x00007ffdef0f0000 - 0x00007ffdef10a000 	C:\WINDOWS\SYSTEM32\dhcpcsvc.DLL

VM Arguments:
jvm_args: -Dcom.sun.management.jmxremote -Dcom.sun.management.jmxremote.port=8570 -Dcom.sun.management.jmxremote.authenticate=false -Dcom.sun.management.jmxremote.ssl=false -Dspring.liveBeansView.mbeanDomain -Dspring.application.admin.enabled=true -Dfile.encoding=MS949 
java_command: com.example.WebApplication
java_class_path (initial): C:\Users\user\workspace\web\bin\main;C:\Users\user\workspace\web\bin\test;C:\Users\user\workspace\web\bin\default;C:\Users\user\.gradle\caches\modules-2\files-2.1\org.springframework.boot\spring-boot-starter-web\2.0.2.RELEASE\b6ef0cf4d0a7c6c7e93ff524b84cd1d8f87f67d9\spring-boot-starter-web-2.0.2.RELEASE.jar;C:\Users\user\.gradle\caches\modules-2\files-2.1\org.springframework.boot\spring-boot-starter-json\2.0.2.RELEASE\5edda979838ced5314b8f58a958fe9d6b4b3badd\spring-boot-starter-json-2.0.2.RELEASE.jar;C:\Users\user\.gradle\caches\modules-2\files-2.1\org.springframework.boot\spring-boot-starter\2.0.2.RELEASE\1cda94f0dfcf2b065191782a54b84d2abf96391\spring-boot-starter-2.0.2.RELEASE.jar;C:\Users\user\.gradle\caches\modules-2\files-2.1\org.springframework.boot\spring-boot-starter-tomcat\2.0.2.RELEASE\cedbfb18762e1c220007c768bfc5b773f5b30f8a\spring-boot-starter-tomcat-2.0.2.RELEASE.jar;C:\Users\user\.gradle\caches\modules-2\files-2.1\org.hibernate.validator\hibernate-validator\6.0.9.Final\b149e4cce82379f11f6129eb3187ca8ae5404005\hibernate-validator-6.0.9.Final.jar;C:\Users\user\.gradle\caches\modules-2\files-2.1\org.springframework\spring-webmvc\5.0.6.RELEASE\1361c5d1cf46665ee01de5dc1ca447c3be174c19\spring-webmvc-5.0.6.RELEASE.jar;C:\Users\user\.gradle\caches\modules-2\files-2.1\org.springframework\spring-web\5.0.6.RELEASE\89e89de3025165998118590613aedc6df8d64af6\spring-web-5.0.6.RELEASE.jar;C:\Users\user\.gradle\caches\modules-2\files-2.1\org.springframework.boot\spring-boot-autoconfigure\2.0.2.RELEASE\f4b25e753e4955337a138d8b1550236b5efe5b3b\spring-boot-autoconfigure-2.0.2.RELEASE.jar;C:\Users\user\.gradle\caches\modules-2\files-2.1\org.springframework.boot\spring-boot\2.0.2.RELEASE\15012cf02e9f77938244e554f0598535fdd1cb38\spring-boot-2.0.2.RELEASE.jar;C:\Users\user\.gradle\caches\modules-2\files-2.1\org.springframework.boot\spring-boot-starter-logging\2.0.2.RELEASE\b56d7d1931792d6e58dbd41f956912359ba85238\spring-boot-starter-logging-2.0.2.R
Launcher Type: SUN_STANDARD

Environment Variables:
PATH=C:/Program Files/Java/jre1.8.0_171/bin/server;C:/Program Files/Java/jre1.8.0_171/bin;C:/Program Files/Java/jre1.8.0_171/lib/amd64;C:\Program Files (x86)\Common Files\Oracle\Java\javapath;C:\ProgramData\Oracle\Java\javapath;C:\Program Files (x86)\GnuWin32\bin;C:\gradle\bin;C:\Users\user\AppData\Local\Microsoft\WindowsApps;;C:\Users\user\Downloads\eclipse-java-luna-SR1-win32-x86_64\eclipse;
USERNAME=user
OS=Windows_NT
PROCESSOR_IDENTIFIER=Intel64 Family 6 Model 58 Stepping 9, GenuineIntel



---------------  S Y S T E M  ---------------

OS: Windows 10.0 , 64 bit Build 16299 (10.0.16299.431)

CPU:total 4 (initial active 4) (2 cores per cpu, 2 threads per core) family 6 model 58 stepping 9, cmov, cx8, fxsr, mmx, sse, sse2, sse3, ssse3, sse4.1, sse4.2, popcnt, avx, aes, clmul, erms, ht, tsc, tscinvbit, tscinv

Memory: 4k page, physical 8271496k(1239504k free), swap 8271496k(5420k free)

vm_info: Java HotSpot(TM) 64-Bit Server VM (25.171-b11) for windows-amd64 JRE (1.8.0_171-b11), built on Mar 28 2018 16:06:12 by "java_re" with MS VC++ 10.0 (VS2010)

time: Tue May 29 21:01:53 2018
elapsed time: 2 seconds (0d 0h 0m 2s)

