#
# There is insufficient memory for the Java Runtime Environment to continue.
# Native memory allocation (malloc) failed to allocate 441296 bytes for Chunk::new
# Possible reasons:
#   The system is out of physical RAM or swap space
#   In 32 bit mode, the process size limit was hit
# Possible solutions:
#   Reduce memory load on the system
#   Increase physical memory or swap space
#   Check if swap backing store is full
#   Use 64 bit Java on a 64 bit OS
#   Decrease Java heap size (-Xmx/-Xms)
#   Decrease number of Java threads
#   Decrease Java thread stack sizes (-Xss)
#   Set larger code cache with -XX:ReservedCodeCacheSize=
# This output file may be truncated or incomplete.
#
#  Out of Memory Error (allocation.cpp:390), pid=54360, tid=0x000000000000633c
#
# JRE version: Java(TM) SE Runtime Environment (8.0_171-b11) (build 1.8.0_171-b11)
# Java VM: Java HotSpot(TM) 64-Bit Server VM (25.171-b11 mixed mode windows-amd64 compressed oops)
# Failed to write core dump. Minidumps are not enabled by default on client versions of Windows
#

---------------  T H R E A D  ---------------

Current thread (0x000000001a283800):  JavaThread "C2 CompilerThread1" daemon [_thread_in_native, id=25404, stack(0x000000001bdb0000,0x000000001beb0000)]

Stack: [0x000000001bdb0000,0x000000001beb0000]
[error occurred during error reporting (printing stack bounds), id 0xc0000005]

Native frames: (J=compiled Java code, j=interpreted, Vv=VM code, C=native code)


Current CompileTask:
C2:   5963 3422       4       org.springframework.core.ResolvableType::forType (115 bytes)


---------------  P R O C E S S  ---------------

Java Threads: ( => current thread )
  0x000000001def9800 JavaThread "container-0" [_thread_blocked, id=54556, stack(0x0000000022920000,0x0000000022a20000)]
  0x000000001f640000 JavaThread "ContainerBackgroundProcessor[StandardEngine[Tomcat]]" daemon [_thread_blocked, id=56696, stack(0x0000000022360000,0x0000000022460000)]
  0x000000001e156800 JavaThread "localhost-startStop-1" daemon [_thread_blocked, id=50196, stack(0x0000000021210000,0x0000000021310000)]
  0x000000001e158800 JavaThread "Tomcat-startStop-1" daemon [_thread_blocked, id=51168, stack(0x000000001ff20000,0x0000000020020000)]
  0x000000001c34c000 JavaThread "RMI TCP Accept-0" daemon [_thread_in_native, id=50564, stack(0x000000001cab0000,0x000000001cbb0000)]
  0x000000001c33b000 JavaThread "RMI TCP Accept-12283" daemon [_thread_in_native, id=44824, stack(0x000000001c9b0000,0x000000001cab0000)]
  0x000000001c345000 JavaThread "RMI TCP Accept-0" daemon [_thread_in_native, id=25928, stack(0x000000001c8b0000,0x000000001c9b0000)]
  0x000000001b743000 JavaThread "Service Thread" daemon [_thread_blocked, id=56832, stack(0x000000001bfb0000,0x000000001c0b0000)]
  0x000000001a289800 JavaThread "C1 CompilerThread2" daemon [_thread_blocked, id=59012, stack(0x000000001beb0000,0x000000001bfb0000)]
=>0x000000001a283800 JavaThread "C2 CompilerThread1" daemon [_thread_in_native, id=25404, stack(0x000000001bdb0000,0x000000001beb0000)]
  0x000000001a281800 JavaThread "C2 CompilerThread0" daemon [_thread_in_native, id=55832, stack(0x000000001bcb0000,0x000000001bdb0000)]
  0x000000001a280000 JavaThread "Attach Listener" daemon [_thread_blocked, id=43860, stack(0x000000001bbb0000,0x000000001bcb0000)]
  0x000000001b6f3800 JavaThread "Signal Dispatcher" daemon [_thread_blocked, id=30484, stack(0x000000001bab0000,0x000000001bbb0000)]
  0x000000001a250000 JavaThread "Finalizer" daemon [_thread_blocked, id=57208, stack(0x000000001b5b0000,0x000000001b6b0000)]
  0x0000000005725000 JavaThread "Reference Handler" daemon [_thread_blocked, id=40192, stack(0x000000001b4b0000,0x000000001b5b0000)]
  0x0000000005636000 JavaThread "main" [_thread_in_vm, id=58080, stack(0x0000000005530000,0x0000000005630000)]

Other Threads:
  0x000000001a227800 VMThread [stack: 0x000000001b2b0000,0x000000001b3b0000] [id=58716]
  0x000000001c356000 WatcherThread [stack: 0x000000001cbb0000,0x000000001ccb0000] [id=51676]

VM state:not at safepoint (normal execution)

VM Mutex/Monitor currently owned by a thread: None

Heap:
 PSYoungGen      total 84480K, used 1138K [0x00000000d5f00000, 0x00000000de600000, 0x0000000100000000)
  eden space 71680K, 1% used [0x00000000d5f00000,0x00000000d601c810,0x00000000da500000)
  from space 12800K, 0% used [0x00000000da500000,0x00000000da500000,0x00000000db180000)
  to   space 14848K, 0% used [0x00000000dd780000,0x00000000dd780000,0x00000000de600000)
 ParOldGen       total 106496K, used 19566K [0x0000000081c00000, 0x0000000088400000, 0x00000000d5f00000)
  object space 106496K, 18% used [0x0000000081c00000,0x0000000082f1b928,0x0000000088400000)
 Metaspace       used 34499K, capacity 35862K, committed 36008K, reserved 1081344K
  class space    used 4453K, capacity 4705K, committed 4776K, reserved 1048576K

Card table byte_map: [0x0000000014af0000,0x0000000014ef0000] byte_map_base: 0x00000000146e2000

Marking Bits: (ParMarkBitMap*) 0x00000000595608c0
 Begin Bits: [0x00000000155a0000, 0x0000000017530000)
 End Bits:   [0x0000000017530000, 0x00000000194c0000)

Polling page: 0x00000000037c0000

CodeCache: size=245760Kb used=12401Kb max_used=12401Kb free=233358Kb
 bounds [0x0000000005730000, 0x0000000006360000, 0x0000000014730000]
 total_blobs=3915 nmethods=3493 adapters=334
 compilation: enabled

Compilation events (10 events):
Event: 5.948 Thread 0x000000001a289800 3490  s    3       java.security.Provider::put (90 bytes)
Event: 5.949 Thread 0x000000001a289800 nmethod 3490 0x000000000634af10 code [0x000000000634b120, 0x000000000634bd38]
Event: 5.949 Thread 0x000000001a289800 3491       3       java.security.Provider::check (18 bytes)
Event: 5.950 Thread 0x000000001a289800 nmethod 3491 0x000000000634c350 code [0x000000000634c4e0, 0x000000000634c8f8]
Event: 5.950 Thread 0x000000001a289800 3492       3       java.security.Provider::implPut (49 bytes)
Event: 5.950 Thread 0x000000001a289800 nmethod 3492 0x000000000634ca90 code [0x000000000634cc40, 0x000000000634d388]
Event: 5.952 Thread 0x000000001a289800 3493       3       java.util.regex.Pattern$TreeInfo::reset (21 bytes)
Event: 5.952 Thread 0x000000001a289800 nmethod 3493 0x000000000634d4d0 code [0x000000000634d620, 0x000000000634d790]
Event: 5.957 Thread 0x000000001a289800 3494       3       java.security.Provider$ServiceKey::equals (55 bytes)
Event: 5.958 Thread 0x000000001a289800 nmethod 3494 0x000000000634e310 code [0x000000000634e4a0, 0x000000000634ea98]

GC Heap History (10 events):
Event: 2.628 GC heap before
{Heap before GC invocations=5 (full 1):
 PSYoungGen      total 38400K, used 33280K [0x00000000d5f00000, 0x00000000daa00000, 0x0000000100000000)
  eden space 33280K, 100% used [0x00000000d5f00000,0x00000000d7f80000,0x00000000d7f80000)
  from space 5120K, 0% used [0x00000000d7f80000,0x00000000d7f80000,0x00000000d8480000)
  to   space 5120K, 0% used [0x00000000da500000,0x00000000da500000,0x00000000daa00000)
 ParOldGen       total 64000K, used 8345K [0x0000000081c00000, 0x0000000085a80000, 0x00000000d5f00000)
  object space 64000K, 13% used [0x0000000081c00000,0x0000000082426630,0x0000000085a80000)
 Metaspace       used 23960K, capacity 24610K, committed 24880K, reserved 1071104K
  class space    used 3118K, capacity 3305K, committed 3376K, reserved 1048576K
Event: 2.633 GC heap after
Heap after GC invocations=5 (full 1):
 PSYoungGen      total 53760K, used 4327K [0x00000000d5f00000, 0x00000000da980000, 0x0000000100000000)
  eden space 49152K, 0% used [0x00000000d5f00000,0x00000000d5f00000,0x00000000d8f00000)
  from space 4608K, 93% used [0x00000000da500000,0x00000000da939de8,0x00000000da980000)
  to   space 5120K, 0% used [0x00000000d9f80000,0x00000000d9f80000,0x00000000da480000)
 ParOldGen       total 64000K, used 8353K [0x0000000081c00000, 0x0000000085a80000, 0x00000000d5f00000)
  object space 64000K, 13% used [0x0000000081c00000,0x0000000082428630,0x0000000085a80000)
 Metaspace       used 23960K, capacity 24610K, committed 24880K, reserved 1071104K
  class space    used 3118K, capacity 3305K, committed 3376K, reserved 1048576K
}
Event: 3.645 GC heap before
{Heap before GC invocations=6 (full 1):
 PSYoungGen      total 53760K, used 53479K [0x00000000d5f00000, 0x00000000da980000, 0x0000000100000000)
  eden space 49152K, 100% used [0x00000000d5f00000,0x00000000d8f00000,0x00000000d8f00000)
  from space 4608K, 93% used [0x00000000da500000,0x00000000da939de8,0x00000000da980000)
  to   space 5120K, 0% used [0x00000000d9f80000,0x00000000d9f80000,0x00000000da480000)
 ParOldGen       total 64000K, used 8353K [0x0000000081c00000, 0x0000000085a80000, 0x00000000d5f00000)
  object space 64000K, 13% used [0x0000000081c00000,0x0000000082428630,0x0000000085a80000)
 Metaspace       used 27820K, capacity 28680K, committed 28976K, reserved 1075200K
  class space    used 3622K, capacity 3810K, committed 3888K, reserved 1048576K
Event: 3.664 GC heap after
Heap after GC invocations=6 (full 1):
 PSYoungGen      total 71168K, used 5111K [0x00000000d5f00000, 0x00000000dbc80000, 0x0000000100000000)
  eden space 66048K, 0% used [0x00000000d5f00000,0x00000000d5f00000,0x00000000d9f80000)
  from space 5120K, 99% used [0x00000000d9f80000,0x00000000da47dec0,0x00000000da480000)
  to   space 11264K, 0% used [0x00000000db180000,0x00000000db180000,0x00000000dbc80000)
 ParOldGen       total 64000K, used 12718K [0x0000000081c00000, 0x0000000085a80000, 0x00000000d5f00000)
  object space 64000K, 19% used [0x0000000081c00000,0x000000008286b818,0x0000000085a80000)
 Metaspace       used 27820K, capacity 28680K, committed 28976K, reserved 1075200K
  class space    used 3622K, capacity 3810K, committed 3888K, reserved 1048576K
}
Event: 4.871 GC heap before
{Heap before GC invocations=7 (full 1):
 PSYoungGen      total 71168K, used 71159K [0x00000000d5f00000, 0x00000000dbc80000, 0x0000000100000000)
  eden space 66048K, 100% used [0x00000000d5f00000,0x00000000d9f80000,0x00000000d9f80000)
  from space 5120K, 99% used [0x00000000d9f80000,0x00000000da47dec0,0x00000000da480000)
  to   space 11264K, 0% used [0x00000000db180000,0x00000000db180000,0x00000000dbc80000)
 ParOldGen       total 64000K, used 12718K [0x0000000081c00000, 0x0000000085a80000, 0x00000000d5f00000)
  object space 64000K, 19% used [0x0000000081c00000,0x000000008286b818,0x0000000085a80000)
 Metaspace       used 31431K, capacity 32680K, committed 32816K, reserved 1077248K
  class space    used 4070K, capacity 4306K, committed 4400K, reserved 1048576K
Event: 4.885 GC heap after
Heap after GC invocations=7 (full 1):
 PSYoungGen      total 82944K, used 11015K [0x00000000d5f00000, 0x00000000dd700000, 0x0000000100000000)
  eden space 71680K, 0% used [0x00000000d5f00000,0x00000000d5f00000,0x00000000da500000)
  from space 11264K, 97% used [0x00000000db180000,0x00000000dbc41f70,0x00000000dbc80000)
  to   space 12800K, 0% used [0x00000000da500000,0x00000000da500000,0x00000000db180000)
 ParOldGen       total 64000K, used 12726K [0x0000000081c00000, 0x0000000085a80000, 0x00000000d5f00000)
  object space 64000K, 19% used [0x0000000081c00000,0x000000008286d818,0x0000000085a80000)
 Metaspace       used 31431K, capacity 32680K, committed 32816K, reserved 1077248K
  class space    used 4070K, capacity 4306K, committed 4400K, reserved 1048576K
}
Event: 5.783 GC heap before
{Heap before GC invocations=8 (full 1):
 PSYoungGen      total 82944K, used 74640K [0x00000000d5f00000, 0x00000000dd700000, 0x0000000100000000)
  eden space 71680K, 88% used [0x00000000d5f00000,0x00000000d9d220b0,0x00000000da500000)
  from space 11264K, 97% used [0x00000000db180000,0x00000000dbc41f70,0x00000000dbc80000)
  to   space 12800K, 0% used [0x00000000da500000,0x00000000da500000,0x00000000db180000)
 ParOldGen       total 64000K, used 12726K [0x0000000081c00000, 0x0000000085a80000, 0x00000000d5f00000)
  object space 64000K, 19% used [0x0000000081c00000,0x000000008286d818,0x0000000085a80000)
 Metaspace       used 33987K, capacity 35376K, committed 35496K, reserved 1079296K
  class space    used 4398K, capacity 4672K, committed 4776K, reserved 1048576K
Event: 5.804 GC heap after
Heap after GC invocations=8 (full 1):
 PSYoungGen      total 84480K, used 12797K [0x00000000d5f00000, 0x00000000de600000, 0x0000000100000000)
  eden space 71680K, 0% used [0x00000000d5f00000,0x00000000d5f00000,0x00000000da500000)
  from space 12800K, 99% used [0x00000000da500000,0x00000000db17f4c8,0x00000000db180000)
  to   space 14848K, 0% used [0x00000000dd780000,0x00000000dd780000,0x00000000de600000)
 ParOldGen       total 64000K, used 13213K [0x0000000081c00000, 0x0000000085a80000, 0x00000000d5f00000)
  object space 64000K, 20% used [0x0000000081c00000,0x00000000828e75c8,0x0000000085a80000)
 Metaspace       used 33987K, capacity 35376K, committed 35496K, reserved 1079296K
  class space    used 4398K, capacity 4672K, committed 4776K, reserved 1048576K
}
Event: 5.804 GC heap before
{Heap before GC invocations=9 (full 2):
 PSYoungGen      total 84480K, used 12797K [0x00000000d5f00000, 0x00000000de600000, 0x0000000100000000)
  eden space 71680K, 0% used [0x00000000d5f00000,0x00000000d5f00000,0x00000000da500000)
  from space 12800K, 99% used [0x00000000da500000,0x00000000db17f4c8,0x00000000db180000)
  to   space 14848K, 0% used [0x00000000dd780000,0x00000000dd780000,0x00000000de600000)
 ParOldGen       total 64000K, used 13213K [0x0000000081c00000, 0x0000000085a80000, 0x00000000d5f00000)
  object space 64000K, 20% used [0x0000000081c00000,0x00000000828e75c8,0x0000000085a80000)
 Metaspace       used 33987K, capacity 35376K, committed 35496K, reserved 1079296K
  class space    used 4398K, capacity 4672K, committed 4776K, reserved 1048576K
Event: 5.912 GC heap after
Heap after GC invocations=9 (full 2):
 PSYoungGen      total 84480K, used 0K [0x00000000d5f00000, 0x00000000de600000, 0x0000000100000000)
  eden space 71680K, 0% used [0x00000000d5f00000,0x00000000d5f00000,0x00000000da500000)
  from space 12800K, 0% used [0x00000000da500000,0x00000000da500000,0x00000000db180000)
  to   space 14848K, 0% used [0x00000000dd780000,0x00000000dd780000,0x00000000de600000)
 ParOldGen       total 106496K, used 19566K [0x0000000081c00000, 0x0000000088400000, 0x00000000d5f00000)
  object space 106496K, 18% used [0x0000000081c00000,0x0000000082f1b928,0x0000000088400000)
 Metaspace       used 33987K, capacity 35376K, committed 35496K, reserved 1079296K
  class space    used 4398K, capacity 4672K, committed 4776K, reserved 1048576K
}

Deoptimization events (10 events):
Event: 5.053 Thread 0x0000000005636000 Uncommon trap: reason=array_check action=maybe_recompile pc=0x00000000061fb4c0 method=java.util.AbstractCollection.toArray([Ljava/lang/Object;)[Ljava/lang/Object; @ 119
Event: 5.053 Thread 0x0000000005636000 Uncommon trap: reason=array_check action=maybe_recompile pc=0x00000000061fb4c0 method=java.util.AbstractCollection.toArray([Ljava/lang/Object;)[Ljava/lang/Object; @ 119
Event: 5.053 Thread 0x0000000005636000 Uncommon trap: reason=array_check action=maybe_recompile pc=0x00000000061fb4c0 method=java.util.AbstractCollection.toArray([Ljava/lang/Object;)[Ljava/lang/Object; @ 119
Event: 5.128 Thread 0x0000000005636000 Uncommon trap: reason=predicate action=maybe_recompile pc=0x00000000060e074c method=org.springframework.boot.context.properties.source.ConfigurationPropertyName.elementEquals(Ljava/lang/CharSequence;Ljava/lang/CharSequence;)Z @ 68
Event: 5.350 Thread 0x0000000005636000 Uncommon trap: reason=unstable_if action=reinterpret pc=0x00000000061a7f34 method=org.springframework.beans.factory.support.AbstractBeanFactory.isTypeMatch(Ljava/lang/String;Lorg/springframework/core/ResolvableType;)Z @ 66
Event: 5.606 Thread 0x0000000005636000 Uncommon trap: reason=unstable_if action=reinterpret pc=0x0000000006160d40 method=org.springframework.beans.factory.support.DefaultSingletonBeanRegistry.getSingleton(Ljava/lang/String;Z)Ljava/lang/Object; @ 47
Event: 5.768 Thread 0x0000000005636000 Uncommon trap: reason=unstable_if action=reinterpret pc=0x0000000005aae7ec method=java.util.HashMap.putVal(ILjava/lang/Object;Ljava/lang/Object;ZZ)Ljava/lang/Object; @ 236
Event: 5.913 Thread 0x0000000005636000 Uncommon trap: reason=unstable_if action=reinterpret pc=0x0000000005a4abfc method=java.lang.CharacterDataLatin1.isWhitespace(I)Z @ 14
Event: 5.928 Thread 0x0000000005636000 Uncommon trap: reason=unstable_if action=reinterpret pc=0x000000000619d4ec method=java.security.CodeSource.getCertificates()[Ljava/security/cert/Certificate; @ 22
Event: 5.959 Thread 0x0000000005636000 Uncommon trap: reason=unstable_if action=reinterpret pc=0x00000000060bb1c4 method=java.util.jar.JarFile.maybeInstantiateVerifier()V @ 75

Classes redefined (0 events):
No events

Internal exceptions (10 events):
Event: 5.723 Thread 0x0000000005636000 Exception <a 'java/lang/ClassNotFoundException': java/lang/ObjectCustomizer> (0x00000000d9a21bd0) thrown at [C:\re\workspace\8-2-build-windows-amd64-cygwin\jdk8u171\10807\hotspot\src\share\vm\classfile\systemDictionary.cpp, line 210]
Event: 5.724 Thread 0x0000000005636000 Exception <a 'java/lang/ClassNotFoundException': org/springframework/boot/autoconfigure/info/ProjectInfoAutoConfigurationCustomizer> (0x00000000d9a3c618) thrown at [C:\re\workspace\8-2-build-windows-amd64-cygwin\jdk8u171\10807\hotspot\src\share\vm\classfi
Event: 5.725 Thread 0x0000000005636000 Exception <a 'java/lang/ClassNotFoundException': org/springframework/boot/autoconfigure/info/ProjectInfoAutoConfiguration$$EnhancerBySpringCGLIB$$c9662c1Customizer> (0x00000000d9a5bfd0) thrown at [C:\re\workspace\8-2-build-windows-amd64-cygwin\jdk8u171\10
Event: 5.725 Thread 0x0000000005636000 Exception <a 'java/lang/ClassNotFoundException': org/springframework/context/annotation/ConfigurationClassEnhancer$EnhancedConfigurationCustomizer> (0x00000000d9a7e270) thrown at [C:\re\workspace\8-2-build-windows-amd64-cygwin\jdk8u171\10807\hotspot\src\s
Event: 5.729 Thread 0x0000000005636000 Exception <a 'java/lang/ClassNotFoundException': java/lang/ObjectCustomizer> (0x00000000d9ab1d30) thrown at [C:\re\workspace\8-2-build-windows-amd64-cygwin\jdk8u171\10807\hotspot\src\share\vm\classfile\systemDictionary.cpp, line 210]
Event: 5.730 Thread 0x0000000005636000 Exception <a 'java/lang/ClassNotFoundException': org/springframework/boot/autoconfigure/mongo/MongoPropertiesCustomizer> (0x00000000d9aca470) thrown at [C:\re\workspace\8-2-build-windows-amd64-cygwin\jdk8u171\10807\hotspot\src\share\vm\classfile\systemDic
Event: 5.733 Thread 0x0000000005636000 Exception <a 'java/lang/ClassNotFoundException': java/lang/ObjectCustomizer> (0x00000000d9b02f88) thrown at [C:\re\workspace\8-2-build-windows-amd64-cygwin\jdk8u171\10807\hotspot\src\share\vm\classfile\systemDictionary.cpp, line 210]
Event: 5.734 Thread 0x0000000005636000 Exception <a 'java/lang/ClassNotFoundException': org/springframework/boot/autoconfigure/mongo/MongoAutoConfigurationCustomizer> (0x00000000d9b1d010) thrown at [C:\re\workspace\8-2-build-windows-amd64-cygwin\jdk8u171\10807\hotspot\src\share\vm\classfile\sy
Event: 5.735 Thread 0x0000000005636000 Exception <a 'java/lang/ClassNotFoundException': org/springframework/boot/autoconfigure/mongo/MongoAutoConfiguration$$EnhancerBySpringCGLIB$$28497706Customizer> (0x00000000d9b3bdb8) thrown at [C:\re\workspace\8-2-build-windows-amd64-cygwin\jdk8u171\10807\
Event: 5.735 Thread 0x0000000005636000 Exception <a 'java/lang/ClassNotFoundException': org/springframework/context/annotation/ConfigurationClassEnhancer$EnhancedConfigurationCustomizer> (0x00000000d9b5d130) thrown at [C:\re\workspace\8-2-build-windows-amd64-cygwin\jdk8u171\10807\hotspot\src\s

Events (10 events):
Event: 5.956 loading class javax/crypto/JceSecurityManager done
Event: 5.956 loading class javax/crypto/CryptoPermissions
Event: 5.957 loading class javax/crypto/CryptoPermissions done
Event: 5.957 loading class javax/crypto/JceSecurity
Event: 5.957 loading class javax/crypto/JceSecurity done
Event: 5.957 loading class javax/crypto/JceSecurity$1
Event: 5.957 loading class javax/crypto/JceSecurity$1 done
Event: 5.959 Thread 0x0000000005636000 Uncommon trap: trap_request=0xffffff65 fr.pc=0x00000000060bb1c4
Event: 5.959 Thread 0x0000000005636000 DEOPT PACKING pc=0x00000000060bb1c4 sp=0x0000000005629a90
Event: 5.959 Thread 0x0000000005636000 DEOPT UNPACKING pc=0x000000000577583b sp=0x0000000005629a28 mode 2


Dynamic libraries:
0x00007ff62b410000 - 0x00007ff62b447000 	C:\Program Files\Java\jre1.8.0_171\bin\javaw.exe
0x00007ffdf8e10000 - 0x00007ffdf8ff0000 	C:\WINDOWS\SYSTEM32\ntdll.dll
0x00007ffdf6c10000 - 0x00007ffdf6cbe000 	C:\WINDOWS\System32\KERNEL32.DLL
0x00007ffdf55f0000 - 0x00007ffdf5856000 	C:\WINDOWS\System32\KERNELBASE.dll
0x00000000597d0000 - 0x0000000059aeb000 	C:\Program Files (x86)\Norton Internet Security\NortonData\22.5.0.124\Definitions\IPSDefs\20180529.061\IPSEng64.dll
0x00007ffdf81d0000 - 0x00007ffdf8271000 	C:\WINDOWS\System32\ADVAPI32.dll
0x00007ffdf8130000 - 0x00007ffdf81cd000 	C:\WINDOWS\System32\msvcrt.dll
0x00007ffdf8280000 - 0x00007ffdf82db000 	C:\WINDOWS\System32\sechost.dll
0x00007ffdf8480000 - 0x00007ffdf859f000 	C:\WINDOWS\System32\RPCRT4.dll
0x00007ffdf8da0000 - 0x00007ffdf8da8000 	C:\WINDOWS\System32\PSAPI.DLL
0x00007ffdf8b10000 - 0x00007ffdf8c9f000 	C:\WINDOWS\System32\USER32.dll
0x00007ffdf5530000 - 0x00007ffdf5550000 	C:\WINDOWS\System32\win32u.dll
0x00007ffdf6cc0000 - 0x00007ffdf6ce8000 	C:\WINDOWS\System32\GDI32.dll
0x00007ffdf5390000 - 0x00007ffdf5523000 	C:\WINDOWS\System32\gdi32full.dll
0x00007ffdf5550000 - 0x00007ffdf55eb000 	C:\WINDOWS\System32\msvcp_win.dll
0x00007ffdf5a30000 - 0x00007ffdf5b26000 	C:\WINDOWS\System32\ucrtbase.dll
0x00007ffdeb4a0000 - 0x00007ffdeb709000 	C:\WINDOWS\WinSxS\amd64_microsoft.windows.common-controls_6595b64144ccf1df_6.0.16299.431_none_15c7d3ee93659e73\COMCTL32.dll
0x00007ffdf62e0000 - 0x00007ffdf65e8000 	C:\WINDOWS\System32\combase.dll
0x00007ffdf5260000 - 0x00007ffdf52d2000 	C:\WINDOWS\System32\bcryptPrimitives.dll
0x00007ffdf8db0000 - 0x00007ffdf8ddd000 	C:\WINDOWS\System32\IMM32.DLL
0x000000005c3d0000 - 0x000000005c4a2000 	C:\Program Files\Java\jre1.8.0_171\bin\msvcr100.dll
0x0000000058d40000 - 0x00000000595e0000 	C:\Program Files\Java\jre1.8.0_171\bin\server\jvm.dll
0x00007ffde9da0000 - 0x00007ffde9da9000 	C:\WINDOWS\SYSTEM32\WSOCK32.dll
0x00007ffdf8800000 - 0x00007ffdf886c000 	C:\WINDOWS\System32\WS2_32.dll
0x00007ffdf1fc0000 - 0x00007ffdf1fe3000 	C:\WINDOWS\SYSTEM32\WINMM.dll
0x00007ffdeb880000 - 0x00007ffdeb88a000 	C:\WINDOWS\SYSTEM32\VERSION.dll
0x00007ffdf1f90000 - 0x00007ffdf1fba000 	C:\WINDOWS\SYSTEM32\WINMMBASE.dll
0x00007ffdf5210000 - 0x00007ffdf525a000 	C:\WINDOWS\System32\cfgmgr32.dll
0x000000005c4e0000 - 0x000000005c4ef000 	C:\Program Files\Java\jre1.8.0_171\bin\verify.dll
0x000000005c4b0000 - 0x000000005c4d9000 	C:\Program Files\Java\jre1.8.0_171\bin\java.dll
0x000000005c2e0000 - 0x000000005c2f6000 	C:\Program Files\Java\jre1.8.0_171\bin\zip.dll
0x00007ffdf6cf0000 - 0x00007ffdf8128000 	C:\WINDOWS\System32\SHELL32.dll
0x00007ffdf8870000 - 0x00007ffdf8916000 	C:\WINDOWS\System32\shcore.dll
0x00007ffdf5b90000 - 0x00007ffdf62d7000 	C:\WINDOWS\System32\windows.storage.dll
0x00007ffdf8920000 - 0x00007ffdf8971000 	C:\WINDOWS\System32\shlwapi.dll
0x00007ffdf51a0000 - 0x00007ffdf51b1000 	C:\WINDOWS\System32\kernel.appcore.dll
0x00007ffdf51c0000 - 0x00007ffdf520c000 	C:\WINDOWS\System32\powrprof.dll
0x00007ffdf5180000 - 0x00007ffdf519b000 	C:\WINDOWS\System32\profapi.dll
0x000000005c4f0000 - 0x000000005c4fd000 	C:\Program Files\Java\jre1.8.0_171\bin\management.dll
0x000000005c560000 - 0x000000005c57a000 	C:\Program Files\Java\jre1.8.0_171\bin\net.dll
0x00007ffdf4990000 - 0x00007ffdf49f6000 	C:\WINDOWS\system32\mswsock.dll
0x000000005c540000 - 0x000000005c551000 	C:\Program Files\Java\jre1.8.0_171\bin\nio.dll
0x00007ffddd700000 - 0x00007ffddd716000 	C:\WINDOWS\system32\napinsp.dll
0x00007ffddd2e0000 - 0x00007ffddd2fa000 	C:\WINDOWS\system32\pnrpnsp.dll
0x00007ffdf21c0000 - 0x00007ffdf21d8000 	C:\WINDOWS\system32\NLAapi.dll
0x00007ffdf4760000 - 0x00007ffdf4816000 	C:\WINDOWS\SYSTEM32\DNSAPI.dll
0x00007ffdf8ca0000 - 0x00007ffdf8ca8000 	C:\WINDOWS\System32\NSI.dll
0x00007ffdf4720000 - 0x00007ffdf4759000 	C:\WINDOWS\SYSTEM32\IPHLPAPI.DLL
0x00007ffddcb10000 - 0x00007ffddcb1e000 	C:\WINDOWS\System32\winrnr.dll
0x00007ffddcaf0000 - 0x00007ffddcb05000 	C:\WINDOWS\System32\wshbth.dll
0x00007ffded080000 - 0x00007ffded08a000 	C:\Windows\System32\rasadhlp.dll
0x00007ffdee060000 - 0x00007ffdee0d0000 	C:\WINDOWS\System32\fwpuclnt.dll
0x00007ffdf4c60000 - 0x00007ffdf4c85000 	C:\WINDOWS\SYSTEM32\bcrypt.dll
0x00007ffdf4b50000 - 0x00007ffdf4b67000 	C:\WINDOWS\SYSTEM32\CRYPTSP.dll
0x00007ffdf4590000 - 0x00007ffdf45c3000 	C:\WINDOWS\system32\rsaenh.dll
0x00007ffdf5090000 - 0x00007ffdf50b9000 	C:\WINDOWS\SYSTEM32\USERENV.dll
0x00007ffdf4b70000 - 0x00007ffdf4b7b000 	C:\WINDOWS\SYSTEM32\CRYPTBASE.dll
0x00007ffdef390000 - 0x00007ffdef3a6000 	C:\WINDOWS\SYSTEM32\dhcpcsvc6.DLL
0x00007ffdef0f0000 - 0x00007ffdef10a000 	C:\WINDOWS\SYSTEM32\dhcpcsvc.DLL
0x000000005c510000 - 0x000000005c534000 	C:\Program Files\Java\jre1.8.0_171\bin\sunec.dll

VM Arguments:
jvm_args: -Dcom.sun.management.jmxremote -Dcom.sun.management.jmxremote.port=12283 -Dcom.sun.management.jmxremote.authenticate=false -Dcom.sun.management.jmxremote.ssl=false -Dspring.liveBeansView.mbeanDomain -Dspring.application.admin.enabled=true -Dfile.encoding=MS949 
java_command: com.example.WebApplication
java_class_path (initial): C:\Users\user\workspace\web\bin\main;C:\Users\user\workspace\web\bin\test;C:\Users\user\workspace\web\bin\default;C:\Users\user\.gradle\caches\modules-2\files-2.1\org.springframework.boot\spring-boot-starter-web\2.0.2.RELEASE\b6ef0cf4d0a7c6c7e93ff524b84cd1d8f87f67d9\spring-boot-starter-web-2.0.2.RELEASE.jar;C:\Users\user\.gradle\caches\modules-2\files-2.1\org.springframework.boot\spring-boot-starter-json\2.0.2.RELEASE\5edda979838ced5314b8f58a958fe9d6b4b3badd\spring-boot-starter-json-2.0.2.RELEASE.jar;C:\Users\user\.gradle\caches\modules-2\files-2.1\org.springframework.boot\spring-boot-starter\2.0.2.RELEASE\1cda94f0dfcf2b065191782a54b84d2abf96391\spring-boot-starter-2.0.2.RELEASE.jar;C:\Users\user\.gradle\caches\modules-2\files-2.1\org.springframework.boot\spring-boot-starter-tomcat\2.0.2.RELEASE\cedbfb18762e1c220007c768bfc5b773f5b30f8a\spring-boot-starter-tomcat-2.0.2.RELEASE.jar;C:\Users\user\.gradle\caches\modules-2\files-2.1\org.hibernate.validator\hibernate-validator\6.0.9.Final\b149e4cce82379f11f6129eb3187ca8ae5404005\hibernate-validator-6.0.9.Final.jar;C:\Users\user\.gradle\caches\modules-2\files-2.1\org.springframework\spring-webmvc\5.0.6.RELEASE\1361c5d1cf46665ee01de5dc1ca447c3be174c19\spring-webmvc-5.0.6.RELEASE.jar;C:\Users\user\.gradle\caches\modules-2\files-2.1\org.springframework\spring-web\5.0.6.RELEASE\89e89de3025165998118590613aedc6df8d64af6\spring-web-5.0.6.RELEASE.jar;C:\Users\user\.gradle\caches\modules-2\files-2.1\org.springframework.boot\spring-boot-autoconfigure\2.0.2.RELEASE\f4b25e753e4955337a138d8b1550236b5efe5b3b\spring-boot-autoconfigure-2.0.2.RELEASE.jar;C:\Users\user\.gradle\caches\modules-2\files-2.1\org.springframework.boot\spring-boot\2.0.2.RELEASE\15012cf02e9f77938244e554f0598535fdd1cb38\spring-boot-2.0.2.RELEASE.jar;C:\Users\user\.gradle\caches\modules-2\files-2.1\org.springframework.boot\spring-boot-starter-logging\2.0.2.RELEASE\b56d7d1931792d6e58dbd41f956912359ba85238\spring-boot-starter-logging-2.0.2.R
Launcher Type: SUN_STANDARD

Environment Variables:
PATH=C:/Program Files/Java/jre1.8.0_171/bin/server;C:/Program Files/Java/jre1.8.0_171/bin;C:/Program Files/Java/jre1.8.0_171/lib/amd64;C:\Program Files (x86)\Common Files\Oracle\Java\javapath;C:\ProgramData\Oracle\Java\javapath;C:\Program Files (x86)\GnuWin32\bin;C:\gradle\bin;C:\Users\user\AppData\Local\Microsoft\WindowsApps;;C:\Users\user\Downloads\eclipse-java-luna-SR1-win32-x86_64\eclipse;
USERNAME=user
OS=Windows_NT
PROCESSOR_IDENTIFIER=Intel64 Family 6 Model 58 Stepping 9, GenuineIntel



---------------  S Y S T E M  ---------------

OS: Windows 10.0 , 64 bit Build 16299 (10.0.16299.431)

CPU:total 4 (initial active 4) (2 cores per cpu, 2 threads per core) family 6 model 58 stepping 9, cmov, cx8, fxsr, mmx, sse, sse2, sse3, ssse3, sse4.1, sse4.2, popcnt, avx, aes, clmul, erms, ht, tsc, tscinvbit, tscinv

Memory: 4k page, physical 8271496k(994120k free), swap 8271496k(4180k free)

vm_info: Java HotSpot(TM) 64-Bit Server VM (25.171-b11) for windows-amd64 JRE (1.8.0_171-b11), built on Mar 28 2018 16:06:12 by "java_re" with MS VC++ 10.0 (VS2010)

time: Wed May 30 19:08:38 2018
elapsed time: 5 seconds (0d 0h 0m 5s)

