#
# There is insufficient memory for the Java Runtime Environment to continue.
# Native memory allocation (malloc) failed to allocate 435856 bytes for Chunk::new
# Possible reasons:
#   The system is out of physical RAM or swap space
#   In 32 bit mode, the process size limit was hit
# Possible solutions:
#   Reduce memory load on the system
#   Increase physical memory or swap space
#   Check if swap backing store is full
#   Use 64 bit Java on a 64 bit OS
#   Decrease Java heap size (-Xmx/-Xms)
#   Decrease number of Java threads
#   Decrease Java thread stack sizes (-Xss)
#   Set larger code cache with -XX:ReservedCodeCacheSize=
# This output file may be truncated or incomplete.
#
#  Out of Memory Error (allocation.cpp:390), pid=4832, tid=0x000000000000abb4
#
# JRE version: Java(TM) SE Runtime Environment (8.0_171-b11) (build 1.8.0_171-b11)
# Java VM: Java HotSpot(TM) 64-Bit Server VM (25.171-b11 mixed mode windows-amd64 compressed oops)
# Failed to write core dump. Minidumps are not enabled by default on client versions of Windows
#

---------------  T H R E A D  ---------------

Current thread (0x0000000019cf1000):  JavaThread "C2 CompilerThread0" daemon [_thread_in_native, id=43956, stack(0x000000001b7c0000,0x000000001b8c0000)]

Stack: [0x000000001b7c0000,0x000000001b8c0000]
[error occurred during error reporting (printing stack bounds), id 0xc0000005]

Native frames: (J=compiled Java code, j=interpreted, Vv=VM code, C=native code)


Current CompileTask:
C2: 112214 3529       4       org.springframework.core.SerializableTypeWrapper::forTypeProvider (184 bytes)


---------------  P R O C E S S  ---------------

Java Threads: ( => current thread )
  0x00000000214a7800 JavaThread "RMI TCP Connection(idle)" daemon [_thread_blocked, id=49348, stack(0x0000000024290000,0x0000000024390000)]
  0x00000000214a1800 JavaThread "DestroyJavaVM" [_thread_blocked, id=45400, stack(0x0000000004fa0000,0x00000000050a0000)]
  0x000000002149a000 JavaThread "http-nio-8080-AsyncTimeout" daemon [_thread_blocked, id=44268, stack(0x0000000023b90000,0x0000000023c90000)]
  0x00000000214a0800 JavaThread "http-nio-8080-Acceptor-0" daemon [_thread_in_native, id=40328, stack(0x0000000023a90000,0x0000000023b90000)]
  0x00000000214a0000 JavaThread "http-nio-8080-ClientPoller-1" daemon [_thread_in_native, id=32244, stack(0x0000000023990000,0x0000000023a90000)]
  0x000000002149d800 JavaThread "http-nio-8080-ClientPoller-0" daemon [_thread_in_native, id=35452, stack(0x0000000023890000,0x0000000023990000)]
  0x000000002149d000 JavaThread "http-nio-8080-exec-10" daemon [_thread_blocked, id=41516, stack(0x0000000023790000,0x0000000023890000)]
  0x000000002149e800 JavaThread "http-nio-8080-exec-9" daemon [_thread_blocked, id=41180, stack(0x0000000023690000,0x0000000023790000)]
  0x000000002149f000 JavaThread "http-nio-8080-exec-8" daemon [_thread_blocked, id=40700, stack(0x0000000023590000,0x0000000023690000)]
  0x000000002149b800 JavaThread "http-nio-8080-exec-7" daemon [_thread_blocked, id=15316, stack(0x0000000023490000,0x0000000023590000)]
  0x000000002149c000 JavaThread "http-nio-8080-exec-6" daemon [_thread_blocked, id=27708, stack(0x0000000023390000,0x0000000023490000)]
  0x000000001eee7800 JavaThread "http-nio-8080-exec-5" daemon [_thread_blocked, id=36856, stack(0x0000000023290000,0x0000000023390000)]
  0x000000001eee7000 JavaThread "http-nio-8080-exec-4" daemon [_thread_blocked, id=46356, stack(0x0000000023190000,0x0000000023290000)]
  0x000000001eee1800 JavaThread "http-nio-8080-exec-3" daemon [_thread_blocked, id=42188, stack(0x0000000023090000,0x0000000023190000)]
  0x000000001eee5800 JavaThread "http-nio-8080-exec-2" daemon [_thread_blocked, id=2004, stack(0x0000000022f90000,0x0000000023090000)]
  0x000000001eee4000 JavaThread "http-nio-8080-exec-1" daemon [_thread_blocked, id=45892, stack(0x0000000022e90000,0x0000000022f90000)]
  0x000000001eee3000 JavaThread "NioBlockingSelector.BlockPoller-1" daemon [_thread_in_native, id=42800, stack(0x0000000022d90000,0x0000000022e90000)]
  0x000000001eee6000 JavaThread "container-0" [_thread_blocked, id=45052, stack(0x0000000022a90000,0x0000000022b90000)]
  0x000000001eee1000 JavaThread "ContainerBackgroundProcessor[StandardEngine[Tomcat]]" daemon [_thread_blocked, id=29484, stack(0x0000000022990000,0x0000000022a90000)]
  0x000000001c039800 JavaThread "JMX server connection timeout 17" daemon [_thread_blocked, id=47984, stack(0x000000001cd90000,0x000000001ce90000)]
  0x000000001bfed800 JavaThread "RMI Scheduler(0)" daemon [_thread_blocked, id=43940, stack(0x000000001cc90000,0x000000001cd90000)]
  0x000000001be8e800 JavaThread "RMI TCP Accept-0" daemon [_thread_in_native, id=43112, stack(0x000000001c5c0000,0x000000001c6c0000)]
  0x000000001be53000 JavaThread "RMI TCP Accept-10372" daemon [_thread_in_native, id=43552, stack(0x000000001c4c0000,0x000000001c5c0000)]
  0x000000001be3a000 JavaThread "RMI TCP Accept-0" daemon [_thread_in_native, id=46988, stack(0x000000001c3c0000,0x000000001c4c0000)]
  0x000000001b248000 JavaThread "Service Thread" daemon [_thread_blocked, id=44484, stack(0x000000001bac0000,0x000000001bbc0000)]
  0x0000000019cf5800 JavaThread "C1 CompilerThread2" daemon [_thread_blocked, id=39996, stack(0x000000001b9c0000,0x000000001bac0000)]
  0x0000000019cf2800 JavaThread "C2 CompilerThread1" daemon [_thread_in_native, id=42260, stack(0x000000001b8c0000,0x000000001b9c0000)]
=>0x0000000019cf1000 JavaThread "C2 CompilerThread0" daemon [_thread_in_native, id=43956, stack(0x000000001b7c0000,0x000000001b8c0000)]
  0x0000000019cef000 JavaThread "Attach Listener" daemon [_thread_blocked, id=43032, stack(0x000000001b6c0000,0x000000001b7c0000)]
  0x000000001b203800 JavaThread "Signal Dispatcher" daemon [_thread_blocked, id=40376, stack(0x000000001b5c0000,0x000000001b6c0000)]
  0x0000000019cbc000 JavaThread "Finalizer" daemon [_thread_blocked, id=49572, stack(0x000000001b030000,0x000000001b130000)]
  0x0000000005196000 JavaThread "Reference Handler" daemon [_thread_blocked, id=31900, stack(0x000000001af30000,0x000000001b030000)]

Other Threads:
  0x0000000019c98000 VMThread [stack: 0x000000001ad30000,0x000000001ae30000] [id=41796]
  0x000000001be80000 WatcherThread [stack: 0x000000001c6c0000,0x000000001c7c0000] [id=43188]

VM state:not at safepoint (normal execution)

VM Mutex/Monitor currently owned by a thread: None

Heap:
 PSYoungGen      total 90112K, used 17502K [0x00000000d5f00000, 0x00000000df100000, 0x0000000100000000)
  eden space 76800K, 22% used [0x00000000d5f00000,0x00000000d7017ab0,0x00000000daa00000)
  from space 13312K, 0% used [0x00000000daa00000,0x00000000daa00000,0x00000000db700000)
  to   space 14848K, 0% used [0x00000000de280000,0x00000000de280000,0x00000000df100000)
 ParOldGen       total 99328K, used 19092K [0x0000000081c00000, 0x0000000087d00000, 0x00000000d5f00000)
  object space 99328K, 19% used [0x0000000081c00000,0x0000000082ea52e0,0x0000000087d00000)
 Metaspace       used 35453K, capacity 37018K, committed 37248K, reserved 1081344K
  class space    used 4616K, capacity 4928K, committed 4992K, reserved 1048576K

Card table byte_map: [0x0000000014560000,0x0000000014960000] byte_map_base: 0x0000000014152000

Marking Bits: (ParMarkBitMap*) 0x0000000058c908c0
 Begin Bits: [0x0000000015010000, 0x0000000016fa0000)
 End Bits:   [0x0000000016fa0000, 0x0000000018f30000)

Polling page: 0x00000000031f0000

CodeCache: size=245760Kb used=12538Kb max_used=13289Kb free=233221Kb
 bounds [0x00000000051a0000, 0x0000000005eb0000, 0x00000000141a0000]
 total_blobs=3718 nmethods=3291 adapters=339
 compilation: enabled

Compilation events (10 events):
Event: 112.052 Thread 0x0000000019cf5800 3526       3       java.util.Vector::<init> (7 bytes)
Event: 112.053 Thread 0x0000000019cf5800 nmethod 3526 0x00000000053325d0 code [0x0000000005332740, 0x0000000005332948]
Event: 112.053 Thread 0x0000000019cf1000 nmethod 3520 0x00000000053ebc10 code [0x00000000053ebd40, 0x00000000053ebdd8]
Event: 112.080 Thread 0x0000000019cf5800 3527       3       java.nio.Buffer::hasRemaining (17 bytes)
Event: 112.080 Thread 0x0000000019cf5800 nmethod 3527 0x00000000052f4210 code [0x00000000052f4360, 0x00000000052f4510]
Event: 112.087 Thread 0x0000000019cf5800 3528       3       java.lang.invoke.MethodHandles$Lookup::findStatic (27 bytes)
Event: 112.088 Thread 0x0000000019cf5800 nmethod 3528 0x00000000052af510 code [0x00000000052af6a0, 0x00000000052afa48]
Event: 112.091 Thread 0x0000000019cf1000 3529       4       org.springframework.core.SerializableTypeWrapper::forTypeProvider (184 bytes)
Event: 112.091 Thread 0x0000000019cf5800 3530   !   3       org.springframework.core.$Proxy7::getActualTypeArguments (29 bytes)
Event: 112.092 Thread 0x0000000019cf5800 nmethod 3530 0x00000000053e2a50 code [0x00000000053e2be0, 0x00000000053e3038]

GC Heap History (10 events):
Event: 2.559 GC heap before
{Heap before GC invocations=5 (full 1):
 PSYoungGen      total 38400K, used 33280K [0x00000000d5f00000, 0x00000000daa00000, 0x0000000100000000)
  eden space 33280K, 100% used [0x00000000d5f00000,0x00000000d7f80000,0x00000000d7f80000)
  from space 5120K, 0% used [0x00000000d7f80000,0x00000000d7f80000,0x00000000d8480000)
  to   space 5120K, 0% used [0x00000000da500000,0x00000000da500000,0x00000000daa00000)
 ParOldGen       total 60416K, used 8002K [0x0000000081c00000, 0x0000000085700000, 0x00000000d5f00000)
  object space 60416K, 13% used [0x0000000081c00000,0x00000000823d0bd0,0x0000000085700000)
 Metaspace       used 24300K, capacity 25046K, committed 25216K, reserved 1071104K
  class space    used 3185K, capacity 3391K, committed 3456K, reserved 1048576K
Event: 2.564 GC heap after
Heap after GC invocations=5 (full 1):
 PSYoungGen      total 56832K, used 4655K [0x00000000d5f00000, 0x00000000daa00000, 0x0000000100000000)
  eden space 51712K, 0% used [0x00000000d5f00000,0x00000000d5f00000,0x00000000d9180000)
  from space 5120K, 90% used [0x00000000da500000,0x00000000da98bd38,0x00000000daa00000)
  to   space 5120K, 0% used [0x00000000da000000,0x00000000da000000,0x00000000da500000)
 ParOldGen       total 60416K, used 8074K [0x0000000081c00000, 0x0000000085700000, 0x00000000d5f00000)
  object space 60416K, 13% used [0x0000000081c00000,0x00000000823e2be0,0x0000000085700000)
 Metaspace       used 24300K, capacity 25046K, committed 25216K, reserved 1071104K
  class space    used 3185K, capacity 3391K, committed 3456K, reserved 1048576K
}
Event: 3.537 GC heap before
{Heap before GC invocations=6 (full 1):
 PSYoungGen      total 56832K, used 56367K [0x00000000d5f00000, 0x00000000daa00000, 0x0000000100000000)
  eden space 51712K, 100% used [0x00000000d5f00000,0x00000000d9180000,0x00000000d9180000)
  from space 5120K, 90% used [0x00000000da500000,0x00000000da98bd38,0x00000000daa00000)
  to   space 5120K, 0% used [0x00000000da000000,0x00000000da000000,0x00000000da500000)
 ParOldGen       total 60416K, used 8074K [0x0000000081c00000, 0x0000000085700000, 0x00000000d5f00000)
  object space 60416K, 13% used [0x0000000081c00000,0x00000000823e2be0,0x0000000085700000)
 Metaspace       used 28362K, capacity 29250K, committed 29312K, reserved 1075200K
  class space    used 3710K, capacity 3935K, committed 3968K, reserved 1048576K
Event: 3.550 GC heap after
Heap after GC invocations=6 (full 1):
 PSYoungGen      total 71680K, used 5096K [0x00000000d5f00000, 0x00000000dc200000, 0x0000000100000000)
  eden space 66560K, 0% used [0x00000000d5f00000,0x00000000d5f00000,0x00000000da000000)
  from space 5120K, 99% used [0x00000000da000000,0x00000000da4fa080,0x00000000da500000)
  to   space 11264K, 0% used [0x00000000db700000,0x00000000db700000,0x00000000dc200000)
 ParOldGen       total 60416K, used 12852K [0x0000000081c00000, 0x0000000085700000, 0x00000000d5f00000)
  object space 60416K, 21% used [0x0000000081c00000,0x000000008288d1f0,0x0000000085700000)
 Metaspace       used 28362K, capacity 29250K, committed 29312K, reserved 1075200K
  class space    used 3710K, capacity 3935K, committed 3968K, reserved 1048576K
}
Event: 4.864 GC heap before
{Heap before GC invocations=7 (full 1):
 PSYoungGen      total 71680K, used 71656K [0x00000000d5f00000, 0x00000000dc200000, 0x0000000100000000)
  eden space 66560K, 100% used [0x00000000d5f00000,0x00000000da000000,0x00000000da000000)
  from space 5120K, 99% used [0x00000000da000000,0x00000000da4fa080,0x00000000da500000)
  to   space 11264K, 0% used [0x00000000db700000,0x00000000db700000,0x00000000dc200000)
 ParOldGen       total 60416K, used 12852K [0x0000000081c00000, 0x0000000085700000, 0x00000000d5f00000)
  object space 60416K, 21% used [0x0000000081c00000,0x000000008288d1f0,0x0000000085700000)
 Metaspace       used 32071K, capacity 33368K, committed 33664K, reserved 1079296K
  class space    used 4169K, capacity 4428K, committed 4480K, reserved 1048576K
Event: 4.878 GC heap after
Heap after GC invocations=7 (full 1):
 PSYoungGen      total 88064K, used 11240K [0x00000000d5f00000, 0x00000000dda80000, 0x0000000100000000)
  eden space 76800K, 0% used [0x00000000d5f00000,0x00000000d5f00000,0x00000000daa00000)
  from space 11264K, 99% used [0x00000000db700000,0x00000000dc1fa1d0,0x00000000dc200000)
  to   space 13312K, 0% used [0x00000000daa00000,0x00000000daa00000,0x00000000db700000)
 ParOldGen       total 60416K, used 12972K [0x0000000081c00000, 0x0000000085700000, 0x00000000d5f00000)
  object space 60416K, 21% used [0x0000000081c00000,0x00000000828ab338,0x0000000085700000)
 Metaspace       used 32071K, capacity 33368K, committed 33664K, reserved 1079296K
  class space    used 4169K, capacity 4428K, committed 4480K, reserved 1048576K
}
Event: 5.725 GC heap before
{Heap before GC invocations=8 (full 1):
 PSYoungGen      total 88064K, used 69615K [0x00000000d5f00000, 0x00000000dda80000, 0x0000000100000000)
  eden space 76800K, 76% used [0x00000000d5f00000,0x00000000d9801c30,0x00000000daa00000)
  from space 11264K, 99% used [0x00000000db700000,0x00000000dc1fa1d0,0x00000000dc200000)
  to   space 13312K, 0% used [0x00000000daa00000,0x00000000daa00000,0x00000000db700000)
 ParOldGen       total 60416K, used 12972K [0x0000000081c00000, 0x0000000085700000, 0x00000000d5f00000)
  object space 60416K, 21% used [0x0000000081c00000,0x00000000828ab338,0x0000000085700000)
 Metaspace       used 33967K, capacity 35400K, committed 35456K, reserved 1079296K
  class space    used 4416K, capacity 4702K, committed 4736K, reserved 1048576K
Event: 5.753 GC heap after
Heap after GC invocations=8 (full 1):
 PSYoungGen      total 90112K, used 12795K [0x00000000d5f00000, 0x00000000df100000, 0x0000000100000000)
  eden space 76800K, 0% used [0x00000000d5f00000,0x00000000d5f00000,0x00000000daa00000)
  from space 13312K, 96% used [0x00000000daa00000,0x00000000db67ef78,0x00000000db700000)
  to   space 14848K, 0% used [0x00000000de280000,0x00000000de280000,0x00000000df100000)
 ParOldGen       total 60416K, used 12972K [0x0000000081c00000, 0x0000000085700000, 0x00000000d5f00000)
  object space 60416K, 21% used [0x0000000081c00000,0x00000000828ab338,0x0000000085700000)
 Metaspace       used 33967K, capacity 35400K, committed 35456K, reserved 1079296K
  class space    used 4416K, capacity 4702K, committed 4736K, reserved 1048576K
}
Event: 5.753 GC heap before
{Heap before GC invocations=9 (full 2):
 PSYoungGen      total 90112K, used 12795K [0x00000000d5f00000, 0x00000000df100000, 0x0000000100000000)
  eden space 76800K, 0% used [0x00000000d5f00000,0x00000000d5f00000,0x00000000daa00000)
  from space 13312K, 96% used [0x00000000daa00000,0x00000000db67ef78,0x00000000db700000)
  to   space 14848K, 0% used [0x00000000de280000,0x00000000de280000,0x00000000df100000)
 ParOldGen       total 60416K, used 12972K [0x0000000081c00000, 0x0000000085700000, 0x00000000d5f00000)
  object space 60416K, 21% used [0x0000000081c00000,0x00000000828ab338,0x0000000085700000)
 Metaspace       used 33967K, capacity 35400K, committed 35456K, reserved 1079296K
  class space    used 4416K, capacity 4702K, committed 4736K, reserved 1048576K
Event: 5.869 GC heap after
Heap after GC invocations=9 (full 2):
 PSYoungGen      total 90112K, used 0K [0x00000000d5f00000, 0x00000000df100000, 0x0000000100000000)
  eden space 76800K, 0% used [0x00000000d5f00000,0x00000000d5f00000,0x00000000daa00000)
  from space 13312K, 0% used [0x00000000daa00000,0x00000000daa00000,0x00000000db700000)
  to   space 14848K, 0% used [0x00000000de280000,0x00000000de280000,0x00000000df100000)
 ParOldGen       total 99328K, used 19092K [0x0000000081c00000, 0x0000000087d00000, 0x00000000d5f00000)
  object space 99328K, 19% used [0x0000000081c00000,0x0000000082ea52e0,0x0000000087d00000)
 Metaspace       used 33967K, capacity 35400K, committed 35456K, reserved 1079296K
  class space    used 4416K, capacity 4702K, committed 4736K, reserved 1048576K
}

Deoptimization events (10 events):
Event: 4.411 Thread 0x000000001eee2800 Uncommon trap: reason=unstable_if action=reinterpret pc=0x00000000058f089c method=org.springframework.util.ConcurrentReferenceHashMap$Segment.findInChain(Lorg/springframework/util/ConcurrentReferenceHashMap$Reference;Ljava/lang/Object;I)Lorg/springframewo
Event: 4.620 Thread 0x00000000050a6000 Uncommon trap: reason=unloaded action=reinterpret pc=0x0000000005bfdad4 method=java.lang.Class.createAnnotationData(I)Ljava/lang/Class$AnnotationData; @ 98
Event: 4.860 Thread 0x00000000050a6000 Uncommon trap: reason=unstable_if action=reinterpret pc=0x0000000005cc11c4 method=org.springframework.asm.Frame.merge(Lorg/springframework/asm/ClassWriter;I[II)Z @ 80
Event: 4.860 Thread 0x00000000050a6000 Uncommon trap: reason=unstable_if action=reinterpret pc=0x0000000005aee114 method=org.springframework.asm.Frame.merge(Lorg/springframework/asm/ClassWriter;I[II)Z @ 80
Event: 4.880 Thread 0x00000000050a6000 Uncommon trap: reason=range_check action=make_not_entrant pc=0x0000000005ca5288 method=java.lang.String.charAt(I)C @ 27
Event: 5.203 Thread 0x00000000050a6000 Uncommon trap: reason=unstable_if action=reinterpret pc=0x0000000005ceabf4 method=org.springframework.beans.factory.support.AbstractBeanFactory.isTypeMatch(Ljava/lang/String;Lorg/springframework/core/ResolvableType;)Z @ 66
Event: 5.450 Thread 0x00000000050a6000 Uncommon trap: reason=unstable_if action=reinterpret pc=0x0000000005c18aa8 method=org.springframework.beans.factory.support.DefaultSingletonBeanRegistry.getSingleton(Ljava/lang/String;Z)Ljava/lang/Object; @ 47
Event: 5.712 Thread 0x00000000050a6000 Uncommon trap: reason=unstable_if action=reinterpret pc=0x000000000577de94 method=org.springframework.util.ConcurrentReferenceHashMap$Segment.clear()V @ 4
Event: 42.665 Thread 0x00000000214a7800 Uncommon trap: reason=bimorphic action=maybe_recompile pc=0x0000000005d738ec method=java.util.Hashtable.get(Ljava/lang/Object;)Ljava/lang/Object; @ 45
Event: 112.039 Thread 0x000000001eee4000 Uncommon trap: reason=bimorphic action=maybe_recompile pc=0x0000000005bdd77c method=java.util.AbstractList$Itr.next()Ljava/lang/Object; @ 14

Classes redefined (0 events):
No events

Internal exceptions (10 events):
Event: 111.823 Thread 0x000000001eee4000 Exception <a 'java/lang/ClassNotFoundException': org/springframework/web/servlet/theme/FixedThemeResolverCustomizer> (0x00000000d6cbe708) thrown at [C:\re\workspace\8-2-build-windows-amd64-cygwin\jdk8u171\10807\hotspot\src\share\vm\classfile\systemDiction
Event: 111.828 Thread 0x000000001eee4000 Exception <a 'java/lang/ClassNotFoundException': org/springframework/web/servlet/ThemeResolverCustomizer> (0x00000000d6cd4590) thrown at [C:\re\workspace\8-2-build-windows-amd64-cygwin\jdk8u171\10807\hotspot\src\share\vm\classfile\systemDictionary.cpp, li
Event: 111.837 Thread 0x000000001eee4000 Exception <a 'java/lang/ClassNotFoundException': java/lang/ObjectCustomizer> (0x00000000d6cecc48) thrown at [C:\re\workspace\8-2-build-windows-amd64-cygwin\jdk8u171\10807\hotspot\src\share\vm\classfile\systemDictionary.cpp, line 210]
Event: 111.839 Thread 0x000000001eee4000 Exception <a 'java/lang/ClassNotFoundException': org/springframework/web/servlet/view/DefaultRequestToViewNameTranslatorCustomizer> (0x00000000d6d07d00) thrown at [C:\re\workspace\8-2-build-windows-amd64-cygwin\jdk8u171\10807\hotspot\src\share\vm\classfil
Event: 111.847 Thread 0x000000001eee4000 Exception <a 'java/lang/ClassNotFoundException': org/springframework/web/servlet/RequestToViewNameTranslatorCustomizer> (0x00000000d6d2ecd0) thrown at [C:\re\workspace\8-2-build-windows-amd64-cygwin\jdk8u171\10807\hotspot\src\share\vm\classfile\systemDict
Event: 111.852 Thread 0x000000001eee4000 Exception <a 'java/lang/ClassNotFoundException': java/lang/ObjectCustomizer> (0x00000000d6d5b0a8) thrown at [C:\re\workspace\8-2-build-windows-amd64-cygwin\jdk8u171\10807\hotspot\src\share\vm\classfile\systemDictionary.cpp, line 210]
Event: 111.854 Thread 0x000000001eee4000 Exception <a 'java/lang/ClassNotFoundException': org/springframework/web/servlet/support/AbstractFlashMapManagerCustomizer> (0x00000000d6d74820) thrown at [C:\re\workspace\8-2-build-windows-amd64-cygwin\jdk8u171\10807\hotspot\src\share\vm\classfile\system
Event: 111.857 Thread 0x000000001eee4000 Exception <a 'java/lang/ClassNotFoundException': org/springframework/web/servlet/support/SessionFlashMapManagerCustomizer> (0x00000000d6d91e68) thrown at [C:\re\workspace\8-2-build-windows-amd64-cygwin\jdk8u171\10807\hotspot\src\share\vm\classfile\systemD
Event: 111.860 Thread 0x000000001eee4000 Exception <a 'java/lang/ClassNotFoundException': org/springframework/web/servlet/FlashMapManagerCustomizer> (0x00000000d6da7b08) thrown at [C:\re\workspace\8-2-build-windows-amd64-cygwin\jdk8u171\10807\hotspot\src\share\vm\classfile\systemDictionary.cpp, 
Event: 112.038 Thread 0x000000001eee4000 Exception <a 'java/lang/NoSuchMethodError': java.lang.Object.lambda$thenComparing$36697e65$1(Ljava/util/Comparator;Ljava/lang/Object;Ljava/lang/Object;)I> (0x00000000d6f73788) thrown at [C:\re\workspace\8-2-build-windows-amd64-cygwin\jdk8u171\10807\hotspo

Events (10 events):
Event: 112.088 Thread 0x0000000019cf5800 flushing nmethod 0x0000000005589490
Event: 112.088 Thread 0x0000000019cf5800 flushing nmethod 0x00000000055978d0
Event: 112.092 Thread 0x0000000019cf5800 flushing nmethod 0x00000000055c9f10
Event: 112.092 Thread 0x0000000019cf5800 flushing nmethod 0x00000000055d3d10
Event: 112.092 Thread 0x0000000019cf5800 flushing nmethod 0x00000000055d4a50
Event: 112.092 Thread 0x0000000019cf5800 flushing nmethod 0x00000000055d5750
Event: 112.092 Thread 0x0000000019cf5800 flushing nmethod 0x00000000055fb3d0
Event: 112.092 Thread 0x0000000019cf5800 flushing nmethod 0x0000000005641d50
Event: 112.098 Executing VM operation: RevokeBias
Event: 112.098 Executing VM operation: RevokeBias done


Dynamic libraries:
0x00007ff780b40000 - 0x00007ff780b77000 	C:\Program Files\Java\jre1.8.0_171\bin\javaw.exe
0x00007ffdf8e10000 - 0x00007ffdf8ff0000 	C:\WINDOWS\SYSTEM32\ntdll.dll
0x00007ffdf6c10000 - 0x00007ffdf6cbe000 	C:\WINDOWS\System32\KERNEL32.DLL
0x00007ffdf55f0000 - 0x00007ffdf5856000 	C:\WINDOWS\System32\KERNELBASE.dll
0x0000000059930000 - 0x0000000059c4b000 	C:\Program Files (x86)\Norton Internet Security\NortonData\22.5.0.124\Definitions\IPSDefs\20180525.061\IPSEng64.dll
0x00007ffdf81d0000 - 0x00007ffdf8271000 	C:\WINDOWS\System32\ADVAPI32.dll
0x00007ffdf8130000 - 0x00007ffdf81cd000 	C:\WINDOWS\System32\msvcrt.dll
0x00007ffdf8280000 - 0x00007ffdf82db000 	C:\WINDOWS\System32\sechost.dll
0x00007ffdf8480000 - 0x00007ffdf859f000 	C:\WINDOWS\System32\RPCRT4.dll
0x00007ffdf8da0000 - 0x00007ffdf8da8000 	C:\WINDOWS\System32\PSAPI.DLL
0x00007ffdf8b10000 - 0x00007ffdf8c9f000 	C:\WINDOWS\System32\USER32.dll
0x00007ffdf5530000 - 0x00007ffdf5550000 	C:\WINDOWS\System32\win32u.dll
0x00007ffdf6cc0000 - 0x00007ffdf6ce8000 	C:\WINDOWS\System32\GDI32.dll
0x00007ffdf5390000 - 0x00007ffdf5523000 	C:\WINDOWS\System32\gdi32full.dll
0x00007ffdf5550000 - 0x00007ffdf55eb000 	C:\WINDOWS\System32\msvcp_win.dll
0x00007ffdf5a30000 - 0x00007ffdf5b26000 	C:\WINDOWS\System32\ucrtbase.dll
0x00007ffdeb4a0000 - 0x00007ffdeb709000 	C:\WINDOWS\WinSxS\amd64_microsoft.windows.common-controls_6595b64144ccf1df_6.0.16299.431_none_15c7d3ee93659e73\COMCTL32.dll
0x00007ffdf62e0000 - 0x00007ffdf65e8000 	C:\WINDOWS\System32\combase.dll
0x00007ffdf5260000 - 0x00007ffdf52d2000 	C:\WINDOWS\System32\bcryptPrimitives.dll
0x00007ffdf8db0000 - 0x00007ffdf8ddd000 	C:\WINDOWS\System32\IMM32.DLL
0x000000005c2d0000 - 0x000000005c3a2000 	C:\Program Files\Java\jre1.8.0_171\bin\msvcr100.dll
0x0000000058470000 - 0x0000000058d10000 	C:\Program Files\Java\jre1.8.0_171\bin\server\jvm.dll
0x00007ffde9da0000 - 0x00007ffde9da9000 	C:\WINDOWS\SYSTEM32\WSOCK32.dll
0x00007ffdf8800000 - 0x00007ffdf886c000 	C:\WINDOWS\System32\WS2_32.dll
0x00007ffdf1fc0000 - 0x00007ffdf1fe3000 	C:\WINDOWS\SYSTEM32\WINMM.dll
0x00007ffdeb880000 - 0x00007ffdeb88a000 	C:\WINDOWS\SYSTEM32\VERSION.dll
0x00007ffdf1f90000 - 0x00007ffdf1fba000 	C:\WINDOWS\SYSTEM32\WINMMBASE.dll
0x00007ffdf5210000 - 0x00007ffdf525a000 	C:\WINDOWS\System32\cfgmgr32.dll
0x000000005c570000 - 0x000000005c57f000 	C:\Program Files\Java\jre1.8.0_171\bin\verify.dll
0x000000005c540000 - 0x000000005c569000 	C:\Program Files\Java\jre1.8.0_171\bin\java.dll
0x000000005c520000 - 0x000000005c536000 	C:\Program Files\Java\jre1.8.0_171\bin\zip.dll
0x00007ffdf6cf0000 - 0x00007ffdf8128000 	C:\WINDOWS\System32\SHELL32.dll
0x00007ffdf8870000 - 0x00007ffdf8916000 	C:\WINDOWS\System32\shcore.dll
0x00007ffdf5b90000 - 0x00007ffdf62d7000 	C:\WINDOWS\System32\windows.storage.dll
0x00007ffdf8920000 - 0x00007ffdf8971000 	C:\WINDOWS\System32\shlwapi.dll
0x00007ffdf51a0000 - 0x00007ffdf51b1000 	C:\WINDOWS\System32\kernel.appcore.dll
0x00007ffdf51c0000 - 0x00007ffdf520c000 	C:\WINDOWS\System32\powrprof.dll
0x00007ffdf5180000 - 0x00007ffdf519b000 	C:\WINDOWS\System32\profapi.dll
0x000000005c3b0000 - 0x000000005c3bd000 	C:\Program Files\Java\jre1.8.0_171\bin\management.dll
0x000000005c500000 - 0x000000005c51a000 	C:\Program Files\Java\jre1.8.0_171\bin\net.dll
0x00007ffdf4990000 - 0x00007ffdf49f6000 	C:\WINDOWS\system32\mswsock.dll
0x000000005c4e0000 - 0x000000005c4f1000 	C:\Program Files\Java\jre1.8.0_171\bin\nio.dll
0x00007ffddd700000 - 0x00007ffddd716000 	C:\WINDOWS\system32\napinsp.dll
0x00007ffddd2e0000 - 0x00007ffddd2fa000 	C:\WINDOWS\system32\pnrpnsp.dll
0x00007ffdf21c0000 - 0x00007ffdf21d8000 	C:\WINDOWS\system32\NLAapi.dll
0x00007ffdf4760000 - 0x00007ffdf4816000 	C:\WINDOWS\SYSTEM32\DNSAPI.dll
0x00007ffdf8ca0000 - 0x00007ffdf8ca8000 	C:\WINDOWS\System32\NSI.dll
0x00007ffdf4720000 - 0x00007ffdf4759000 	C:\WINDOWS\SYSTEM32\IPHLPAPI.DLL
0x00007ffddcb10000 - 0x00007ffddcb1e000 	C:\WINDOWS\System32\winrnr.dll
0x00007ffddcaf0000 - 0x00007ffddcb05000 	C:\WINDOWS\System32\wshbth.dll
0x00007ffded080000 - 0x00007ffded08a000 	C:\Windows\System32\rasadhlp.dll
0x00007ffdee060000 - 0x00007ffdee0d0000 	C:\WINDOWS\System32\fwpuclnt.dll
0x00007ffdf4c60000 - 0x00007ffdf4c85000 	C:\WINDOWS\SYSTEM32\bcrypt.dll
0x00007ffdf4b50000 - 0x00007ffdf4b67000 	C:\WINDOWS\SYSTEM32\CRYPTSP.dll
0x00007ffdf4590000 - 0x00007ffdf45c3000 	C:\WINDOWS\system32\rsaenh.dll
0x00007ffdf5090000 - 0x00007ffdf50b9000 	C:\WINDOWS\SYSTEM32\USERENV.dll
0x00007ffdf4b70000 - 0x00007ffdf4b7b000 	C:\WINDOWS\SYSTEM32\CRYPTBASE.dll
0x00007ffdef390000 - 0x00007ffdef3a6000 	C:\WINDOWS\SYSTEM32\dhcpcsvc6.DLL
0x00007ffdef0f0000 - 0x00007ffdef10a000 	C:\WINDOWS\SYSTEM32\dhcpcsvc.DLL

VM Arguments:
jvm_args: -Dcom.sun.management.jmxremote -Dcom.sun.management.jmxremote.port=10372 -Dcom.sun.management.jmxremote.authenticate=false -Dcom.sun.management.jmxremote.ssl=false -Dspring.liveBeansView.mbeanDomain -Dspring.application.admin.enabled=true -Dfile.encoding=MS949 
java_command: com.example.WebApplication
java_class_path (initial): C:\Users\user\workspace\web\bin\main;C:\Users\user\workspace\web\bin\test;\web\bin\default;C:\Users\user\.gradle\caches\modules-2\files-2.1\org.springframework.boot\spring-boot-starter-web\2.0.2.RELEASE\b6ef0cf4d0a7c6c7e93ff524b84cd1d8f87f67d9\spring-boot-starter-web-2.0.2.RELEASE.jar;C:\Users\user\.gradle\caches\modules-2\files-2.1\org.springframework.boot\spring-boot-starter-json\2.0.2.RELEASE\5edda979838ced5314b8f58a958fe9d6b4b3badd\spring-boot-starter-json-2.0.2.RELEASE.jar;C:\Users\user\.gradle\caches\modules-2\files-2.1\org.springframework.boot\spring-boot-starter\2.0.2.RELEASE\1cda94f0dfcf2b065191782a54b84d2abf96391\spring-boot-starter-2.0.2.RELEASE.jar;C:\Users\user\.gradle\caches\modules-2\files-2.1\org.springframework.boot\spring-boot-starter-tomcat\2.0.2.RELEASE\cedbfb18762e1c220007c768bfc5b773f5b30f8a\spring-boot-starter-tomcat-2.0.2.RELEASE.jar;C:\Users\user\.gradle\caches\modules-2\files-2.1\org.hibernate.validator\hibernate-validator\6.0.9.Final\b149e4cce82379f11f6129eb3187ca8ae5404005\hibernate-validator-6.0.9.Final.jar;C:\Users\user\.gradle\caches\modules-2\files-2.1\org.springframework\spring-webmvc\5.0.6.RELEASE\1361c5d1cf46665ee01de5dc1ca447c3be174c19\spring-webmvc-5.0.6.RELEASE.jar;C:\Users\user\.gradle\caches\modules-2\files-2.1\org.springframework\spring-web\5.0.6.RELEASE\89e89de3025165998118590613aedc6df8d64af6\spring-web-5.0.6.RELEASE.jar;C:\Users\user\.gradle\caches\modules-2\files-2.1\org.springframework.boot\spring-boot-autoconfigure\2.0.2.RELEASE\f4b25e753e4955337a138d8b1550236b5efe5b3b\spring-boot-autoconfigure-2.0.2.RELEASE.jar;C:\Users\user\.gradle\caches\modules-2\files-2.1\org.springframework.boot\spring-boot\2.0.2.RELEASE\15012cf02e9f77938244e554f0598535fdd1cb38\spring-boot-2.0.2.RELEASE.jar;C:\Users\user\.gradle\caches\modules-2\files-2.1\org.springframework.boot\spring-boot-starter-logging\2.0.2.RELEASE\b56d7d1931792d6e58dbd41f956912359ba85238\spring-boot-starter-logging-2.0.2.RELEASE.jar;C:\Users\use
Launcher Type: SUN_STANDARD

Environment Variables:
PATH=C:/Program Files/Java/jre1.8.0_171/bin/server;C:/Program Files/Java/jre1.8.0_171/bin;C:/Program Files/Java/jre1.8.0_171/lib/amd64;C:\Program Files (x86)\Common Files\Oracle\Java\javapath;C:\ProgramData\Oracle\Java\javapath;C:\Program Files (x86)\GnuWin32\bin;C:\gradle\bin;C:\Users\user\AppData\Local\Microsoft\WindowsApps;;C:\Users\user\Downloads\eclipse-java-luna-SR1-win32-x86_64\eclipse;
USERNAME=user
OS=Windows_NT
PROCESSOR_IDENTIFIER=Intel64 Family 6 Model 58 Stepping 9, GenuineIntel



---------------  S Y S T E M  ---------------

OS: Windows 10.0 , 64 bit Build 16299 (10.0.16299.431)

CPU:total 4 (initial active 4) (2 cores per cpu, 2 threads per core) family 6 model 58 stepping 9, cmov, cx8, fxsr, mmx, sse, sse2, sse3, ssse3, sse4.1, sse4.2, popcnt, avx, aes, clmul, erms, ht, tsc, tscinvbit, tscinv

Memory: 4k page, physical 8271496k(1155404k free), swap 8271496k(7188k free)

vm_info: Java HotSpot(TM) 64-Bit Server VM (25.171-b11) for windows-amd64 JRE (1.8.0_171-b11), built on Mar 28 2018 16:06:12 by "java_re" with MS VC++ 10.0 (VS2010)

time: Sat May 26 17:51:05 2018
elapsed time: 112 seconds (0d 0h 1m 52s)

