#
# There is insufficient memory for the Java Runtime Environment to continue.
# Native memory allocation (malloc) failed to allocate 717296 bytes for Chunk::new
# Possible reasons:
#   The system is out of physical RAM or swap space
#   In 32 bit mode, the process size limit was hit
# Possible solutions:
#   Reduce memory load on the system
#   Increase physical memory or swap space
#   Check if swap backing store is full
#   Use 64 bit Java on a 64 bit OS
#   Decrease Java heap size (-Xmx/-Xms)
#   Decrease number of Java threads
#   Decrease Java thread stack sizes (-Xss)
#   Set larger code cache with -XX:ReservedCodeCacheSize=
# This output file may be truncated or incomplete.
#
#  Out of Memory Error (allocation.cpp:390), pid=23936, tid=0x0000000000007d98
#
# JRE version: Java(TM) SE Runtime Environment (8.0_171-b11) (build 1.8.0_171-b11)
# Java VM: Java HotSpot(TM) 64-Bit Server VM (25.171-b11 mixed mode windows-amd64 compressed oops)
# Failed to write core dump. Minidumps are not enabled by default on client versions of Windows
#

---------------  T H R E A D  ---------------

Current thread (0x000000001a1df800):  JavaThread "C2 CompilerThread0" daemon [_thread_in_native, id=32152, stack(0x000000001bca0000,0x000000001bda0000)]

Stack: [0x000000001bca0000,0x000000001bda0000]
[error occurred during error reporting (printing stack bounds), id 0xc0000005]

Native frames: (J=compiled Java code, j=interpreted, Vv=VM code, C=native code)


Current CompileTask:
C2:   1441  988       4       sun.misc.URLClassPath::getResource (83 bytes)


---------------  P R O C E S S  ---------------

Java Threads: ( => current thread )
  0x000000001c0e6800 JavaThread "background-preinit" [_thread_in_vm, id=22320, stack(0x000000001df40000,0x000000001e040000)]
  0x000000001c38a800 JavaThread "RMI TCP Accept-0" daemon [_thread_in_native, id=32428, stack(0x000000001caa0000,0x000000001cba0000)]
  0x000000001c36a800 JavaThread "RMI TCP Accept-13571" daemon [_thread_in_native, id=18924, stack(0x000000001c9a0000,0x000000001caa0000)]
  0x000000001c35e000 JavaThread "RMI TCP Accept-0" daemon [_thread_in_native, id=27148, stack(0x000000001c8a0000,0x000000001c9a0000)]
  0x000000001a21e000 JavaThread "Service Thread" daemon [_thread_blocked, id=29796, stack(0x000000001bfa0000,0x000000001c0a0000)]
  0x000000001a1e4800 JavaThread "C1 CompilerThread2" daemon [_thread_in_native, id=30300, stack(0x000000001bea0000,0x000000001bfa0000)]
  0x000000001a1e1800 JavaThread "C2 CompilerThread1" daemon [_thread_in_native, id=32176, stack(0x000000001bda0000,0x000000001bea0000)]
=>0x000000001a1df800 JavaThread "C2 CompilerThread0" daemon [_thread_in_native, id=32152, stack(0x000000001bca0000,0x000000001bda0000)]
  0x000000001a1de000 JavaThread "Attach Listener" daemon [_thread_blocked, id=32156, stack(0x000000001bba0000,0x000000001bca0000)]
  0x000000001b6e3800 JavaThread "Signal Dispatcher" daemon [_thread_blocked, id=32160, stack(0x000000001baa0000,0x000000001bba0000)]
  0x000000001a1af800 JavaThread "Finalizer" daemon [_thread_blocked, id=29124, stack(0x000000001b510000,0x000000001b610000)]
  0x0000000005685000 JavaThread "Reference Handler" daemon [_thread_blocked, id=14748, stack(0x000000001b410000,0x000000001b510000)]
  0x0000000005596000 JavaThread "main" [_thread_in_vm, id=30844, stack(0x0000000005490000,0x0000000005590000)]

Other Threads:
  0x000000001a187800 VMThread [stack: 0x000000001b210000,0x000000001b310000] [id=29816]
  0x000000001c38f800 WatcherThread [stack: 0x000000001cba0000,0x000000001cca0000] [id=32400]

VM state:not at safepoint (normal execution)

VM Mutex/Monitor currently owned by a thread: None

Heap:
 PSYoungGen      total 38400K, used 15468K [0x00000000d5f00000, 0x00000000d8980000, 0x0000000100000000)
  eden space 33280K, 31% used [0x00000000d5f00000,0x00000000d6920c78,0x00000000d7f80000)
  from space 5120K, 99% used [0x00000000d7f80000,0x00000000d847a3b8,0x00000000d8480000)
  to   space 5120K, 0% used [0x00000000d8480000,0x00000000d8480000,0x00000000d8980000)
 ParOldGen       total 87552K, used 348K [0x0000000081c00000, 0x0000000087180000, 0x00000000d5f00000)
  object space 87552K, 0% used [0x0000000081c00000,0x0000000081c57260,0x0000000087180000)
 Metaspace       used 13491K, capacity 13866K, committed 14080K, reserved 1060864K
  class space    used 1671K, capacity 1771K, committed 1792K, reserved 1048576K

Card table byte_map: [0x0000000014a50000,0x0000000014e50000] byte_map_base: 0x0000000014642000

Marking Bits: (ParMarkBitMap*) 0x0000000065d008c0
 Begin Bits: [0x0000000015500000, 0x0000000017490000)
 End Bits:   [0x0000000017490000, 0x0000000019420000)

Polling page: 0x0000000004f70000

CodeCache: size=245760Kb used=3765Kb max_used=3765Kb free=241995Kb
 bounds [0x0000000005690000, 0x0000000005a40000, 0x0000000014690000]
 total_blobs=1498 nmethods=1125 adapters=285
 compilation: enabled

Compilation events (10 events):
Event: 1.426 Thread 0x000000001a1e1800 nmethod 1080 0x0000000005a2fcd0 code [0x0000000005a2fec0, 0x0000000005a30680]
Event: 1.426 Thread 0x000000001a1e1800 1096   !   4       java.net.URL::<init> (543 bytes)
Event: 1.427 Thread 0x000000001a1e4800 1100       3       java.net.URI$Parser::scan (73 bytes)
Event: 1.428 Thread 0x000000001a1e4800 nmethod 1100 0x0000000005a2ef90 code [0x0000000005a2f160, 0x0000000005a2f868]
Event: 1.428 Thread 0x000000001a1e4800 1099       3       java.net.URI$Parser::checkChars (44 bytes)
Event: 1.429 Thread 0x000000001a1e4800 nmethod 1099 0x0000000005a2df10 code [0x0000000005a2e100, 0x0000000005a2ea28]
Event: 1.429 Thread 0x000000001a1e4800 1101       3       java.util.regex.Pattern$Ctype::isSatisfiedBy (24 bytes)
Event: 1.429 Thread 0x000000001a1e4800 nmethod 1101 0x0000000005a2d890 code [0x0000000005a2da00, 0x0000000005a2dd90]
Event: 1.429 Thread 0x000000001a1e4800 1102       1       java.util.Formatter$FormatSpecifier::index (5 bytes)
Event: 1.429 Thread 0x000000001a1e4800 nmethod 1102 0x0000000005a2d5d0 code [0x0000000005a2d720, 0x0000000005a2d830]

GC Heap History (2 events):
Event: 1.277 GC heap before
{Heap before GC invocations=1 (full 0):
 PSYoungGen      total 38400K, used 33280K [0x00000000d5f00000, 0x00000000d8980000, 0x0000000100000000)
  eden space 33280K, 100% used [0x00000000d5f00000,0x00000000d7f80000,0x00000000d7f80000)
  from space 5120K, 0% used [0x00000000d8480000,0x00000000d8480000,0x00000000d8980000)
  to   space 5120K, 0% used [0x00000000d7f80000,0x00000000d7f80000,0x00000000d8480000)
 ParOldGen       total 87552K, used 0K [0x0000000081c00000, 0x0000000087180000, 0x00000000d5f00000)
  object space 87552K, 0% used [0x0000000081c00000,0x0000000081c00000,0x0000000087180000)
 Metaspace       used 12124K, capacity 12444K, committed 12672K, reserved 1060864K
  class space    used 1503K, capacity 1610K, committed 1664K, reserved 1048576K
Event: 1.284 GC heap after
Heap after GC invocations=1 (full 0):
 PSYoungGen      total 38400K, used 5096K [0x00000000d5f00000, 0x00000000d8980000, 0x0000000100000000)
  eden space 33280K, 0% used [0x00000000d5f00000,0x00000000d5f00000,0x00000000d7f80000)
  from space 5120K, 99% used [0x00000000d7f80000,0x00000000d847a3b8,0x00000000d8480000)
  to   space 5120K, 0% used [0x00000000d8480000,0x00000000d8480000,0x00000000d8980000)
 ParOldGen       total 87552K, used 348K [0x0000000081c00000, 0x0000000087180000, 0x00000000d5f00000)
  object space 87552K, 0% used [0x0000000081c00000,0x0000000081c57260,0x0000000087180000)
 Metaspace       used 12124K, capacity 12444K, committed 12672K, reserved 1060864K
  class space    used 1503K, capacity 1610K, committed 1664K, reserved 1048576K
}

Deoptimization events (4 events):
Event: 0.967 Thread 0x0000000005596000 Uncommon trap: reason=unstable_if action=reinterpret pc=0x0000000005906054 method=sun.misc.MetaIndex.mayContain(Ljava/lang/String;)Z @ 38
Event: 1.138 Thread 0x0000000005596000 Uncommon trap: reason=unstable_if action=reinterpret pc=0x0000000005960190 method=java.util.HashMap.getNode(ILjava/lang/Object;)Ljava/util/HashMap$Node; @ 129
Event: 1.147 Thread 0x0000000005596000 Uncommon trap: reason=range_check action=make_not_entrant pc=0x000000000595f220 method=sun.reflect.generics.parser.SignatureParser.current()C @ 34
Event: 1.302 Thread 0x000000001c0e6800 Uncommon trap: reason=unstable_if action=reinterpret pc=0x0000000005952f34 method=java.util.HashMap.getNode(ILjava/lang/Object;)Ljava/util/HashMap$Node; @ 129

Classes redefined (0 events):
No events

Internal exceptions (10 events):
Event: 1.144 Thread 0x0000000005596000 Exception <a 'java/lang/ArrayIndexOutOfBoundsException'> (0x00000000d75276d8) thrown at [C:\re\workspace\8-2-build-windows-amd64-cygwin\jdk8u171\10807\hotspot\src\share\vm\runtime\sharedRuntime.cpp, line 605]
Event: 1.145 Thread 0x0000000005596000 Exception <a 'java/lang/ArrayIndexOutOfBoundsException'> (0x00000000d752f5e0) thrown at [C:\re\workspace\8-2-build-windows-amd64-cygwin\jdk8u171\10807\hotspot\src\share\vm\runtime\sharedRuntime.cpp, line 605]
Event: 1.145 Thread 0x0000000005596000 Exception <a 'java/lang/ArrayIndexOutOfBoundsException'> (0x00000000d7532668) thrown at [C:\re\workspace\8-2-build-windows-amd64-cygwin\jdk8u171\10807\hotspot\src\share\vm\runtime\sharedRuntime.cpp, line 605]
Event: 1.147 Thread 0x0000000005596000 Exception <a 'java/lang/ArrayIndexOutOfBoundsException': 126> (0x00000000d753c430) thrown at [C:\re\workspace\8-2-build-windows-amd64-cygwin\jdk8u171\10807\hotspot\src\share\vm\interpreter\interpreterRuntime.cpp, line 366]
Event: 1.148 Thread 0x0000000005596000 Exception <a 'java/lang/ArrayIndexOutOfBoundsException': 179> (0x00000000d75443a8) thrown at [C:\re\workspace\8-2-build-windows-amd64-cygwin\jdk8u171\10807\hotspot\src\share\vm\interpreter\interpreterRuntime.cpp, line 366]
Event: 1.148 Thread 0x0000000005596000 Exception <a 'java/lang/ArrayIndexOutOfBoundsException': 134> (0x00000000d7546038) thrown at [C:\re\workspace\8-2-build-windows-amd64-cygwin\jdk8u171\10807\hotspot\src\share\vm\interpreter\interpreterRuntime.cpp, line 366]
Event: 1.193 Thread 0x0000000005596000 Exception <a 'java/io/FileNotFoundException'> (0x00000000d78184c8) thrown at [C:\re\workspace\8-2-build-windows-amd64-cygwin\jdk8u171\10807\hotspot\src\share\vm\prims\jni.cpp, line 709]
Event: 1.354 Thread 0x0000000005596000 Exception <a 'java/lang/NoSuchMethodError': java.lang.Object.lambda$identity$2(Ljava/lang/Object;)Ljava/lang/Object;> (0x00000000d6397ca8) thrown at [C:\re\workspace\8-2-build-windows-amd64-cygwin\jdk8u171\10807\hotspot\src\share\vm\interpreter\linkResolv
Event: 1.371 Thread 0x0000000005596000 Exception <a 'java/lang/NoSuchMethodError': java.lang.Object.lambda$static$0(CI)C> (0x00000000d63b4d28) thrown at [C:\re\workspace\8-2-build-windows-amd64-cygwin\jdk8u171\10807\hotspot\src\share\vm\interpreter\linkResolver.cpp, line 620]
Event: 1.372 Thread 0x0000000005596000 Exception <a 'java/lang/NoSuchMethodError': java.lang.Object.lambda$static$1(CI)C> (0x00000000d63b7790) thrown at [C:\re\workspace\8-2-build-windows-amd64-cygwin\jdk8u171\10807\hotspot\src\share\vm\interpreter\linkResolver.cpp, line 620]

Events (10 events):
Event: 1.430 loading class org/hibernate/validator/HibernateValidatorContext
Event: 1.430 loading class org/hibernate/validator/HibernateValidatorContext done
Event: 1.430 loading class org/springframework/boot/context/properties/source/SpringConfigurationPropertySources
Event: 1.430 loading class org/springframework/boot/context/properties/source/SpringConfigurationPropertySources done
Event: 1.431 loading class org/hibernate/validator/internal/util/logging/Log_$logger_ko_KR
Event: 1.431 loading class org/hibernate/validator/internal/util/logging/Log_$logger_ko_KR done
Event: 1.431 loading class org/springframework/boot/ansi/AnsiOutput$Enabled
Event: 1.431 loading class org/springframework/boot/ansi/AnsiOutput$Enabled done
Event: 1.431 loading class org/hibernate/validator/internal/util/logging/Log_$logger_ko
Event: 1.431 loading class org/hibernate/validator/internal/util/logging/Log_$logger_ko done


Dynamic libraries:
0x00007ff6e0bf0000 - 0x00007ff6e0c27000 	C:\Program Files\Java\jre1.8.0_171\bin\javaw.exe
0x00007fffe4df0000 - 0x00007fffe4fd0000 	C:\WINDOWS\SYSTEM32\ntdll.dll
0x00007fffe4140000 - 0x00007fffe41ee000 	C:\WINDOWS\System32\KERNEL32.DLL
0x00007fffe1b90000 - 0x00007fffe1df6000 	C:\WINDOWS\System32\KERNELBASE.dll
0x0000000064e70000 - 0x000000006518b000 	C:\Program Files (x86)\Norton Internet Security\NortonData\22.5.0.124\Definitions\IPSDefs\20180615.061\IPSEng64.dll
0x00007fffe4930000 - 0x00007fffe49d1000 	C:\WINDOWS\System32\ADVAPI32.dll
0x00007fffe4c70000 - 0x00007fffe4d0d000 	C:\WINDOWS\System32\msvcrt.dll
0x00007fffe49e0000 - 0x00007fffe4a3b000 	C:\WINDOWS\System32\sechost.dll
0x00007fffe3c20000 - 0x00007fffe3d3f000 	C:\WINDOWS\System32\RPCRT4.dll
0x00007fffe48c0000 - 0x00007fffe48c8000 	C:\WINDOWS\System32\PSAPI.DLL
0x00007fffe4730000 - 0x00007fffe48bf000 	C:\WINDOWS\System32\USER32.dll
0x00007fffe1ac0000 - 0x00007fffe1ae0000 	C:\WINDOWS\System32\win32u.dll
0x00007fffe3e90000 - 0x00007fffe3eb8000 	C:\WINDOWS\System32\GDI32.dll
0x00007fffe2120000 - 0x00007fffe22b3000 	C:\WINDOWS\System32\gdi32full.dll
0x00007fffe1eb0000 - 0x00007fffe1f4b000 	C:\WINDOWS\System32\msvcp_win.dll
0x00007fffe19c0000 - 0x00007fffe1ab6000 	C:\WINDOWS\System32\ucrtbase.dll
0x00007fffd6c20000 - 0x00007fffd6e89000 	C:\WINDOWS\WinSxS\amd64_microsoft.windows.common-controls_6595b64144ccf1df_6.0.16299.431_none_15c7d3ee93659e73\COMCTL32.dll
0x00007fffe4260000 - 0x00007fffe4568000 	C:\WINDOWS\System32\combase.dll
0x00007fffe11f0000 - 0x00007fffe1262000 	C:\WINDOWS\System32\bcryptPrimitives.dll
0x00007fffe4570000 - 0x00007fffe459d000 	C:\WINDOWS\System32\IMM32.DLL
0x000000006a660000 - 0x000000006a732000 	C:\Program Files\Java\jre1.8.0_171\bin\msvcr100.dll
0x00000000654e0000 - 0x0000000065d80000 	C:\Program Files\Java\jre1.8.0_171\bin\server\jvm.dll
0x00007fffd7a40000 - 0x00007fffd7a49000 	C:\WINDOWS\SYSTEM32\WSOCK32.dll
0x00007fffe41f0000 - 0x00007fffe425c000 	C:\WINDOWS\System32\WS2_32.dll
0x00007fffde0a0000 - 0x00007fffde0c3000 	C:\WINDOWS\SYSTEM32\WINMM.dll
0x00007fffd7d10000 - 0x00007fffd7d1a000 	C:\WINDOWS\SYSTEM32\VERSION.dll
0x00007fffde070000 - 0x00007fffde09a000 	C:\WINDOWS\SYSTEM32\WINMMBASE.dll
0x00007fffe1e60000 - 0x00007fffe1eaa000 	C:\WINDOWS\System32\cfgmgr32.dll
0x000000006a860000 - 0x000000006a86f000 	C:\Program Files\Java\jre1.8.0_171\bin\verify.dll
0x000000006a830000 - 0x000000006a859000 	C:\Program Files\Java\jre1.8.0_171\bin\java.dll
0x000000006a810000 - 0x000000006a826000 	C:\Program Files\Java\jre1.8.0_171\bin\zip.dll
0x00007fffe27e0000 - 0x00007fffe3c18000 	C:\WINDOWS\System32\SHELL32.dll
0x00007fffe4d10000 - 0x00007fffe4db6000 	C:\WINDOWS\System32\shcore.dll
0x00007fffe1270000 - 0x00007fffe19b7000 	C:\WINDOWS\System32\windows.storage.dll
0x00007fffe4670000 - 0x00007fffe46c1000 	C:\WINDOWS\System32\shlwapi.dll
0x00007fffe1180000 - 0x00007fffe1191000 	C:\WINDOWS\System32\kernel.appcore.dll
0x00007fffe11a0000 - 0x00007fffe11ec000 	C:\WINDOWS\System32\powrprof.dll
0x00007fffe1160000 - 0x00007fffe117b000 	C:\WINDOWS\System32\profapi.dll
0x000000006a8f0000 - 0x000000006a8fd000 	C:\Program Files\Java\jre1.8.0_171\bin\management.dll
0x000000006a7f0000 - 0x000000006a80a000 	C:\Program Files\Java\jre1.8.0_171\bin\net.dll
0x00007fffe0970000 - 0x00007fffe09d6000 	C:\WINDOWS\system32\mswsock.dll
0x000000006a7d0000 - 0x000000006a7e1000 	C:\Program Files\Java\jre1.8.0_171\bin\nio.dll
0x00007fffc5b30000 - 0x00007fffc5b46000 	C:\WINDOWS\system32\napinsp.dll
0x00007fffc54c0000 - 0x00007fffc54da000 	C:\WINDOWS\system32\pnrpnsp.dll
0x00007fffde050000 - 0x00007fffde068000 	C:\WINDOWS\system32\NLAapi.dll
0x00007fffe0740000 - 0x00007fffe07f6000 	C:\WINDOWS\SYSTEM32\DNSAPI.dll
0x00007fffe4a40000 - 0x00007fffe4a48000 	C:\WINDOWS\System32\NSI.dll
0x00007fffe0700000 - 0x00007fffe0739000 	C:\WINDOWS\SYSTEM32\IPHLPAPI.DLL
0x00007fffc5470000 - 0x00007fffc547e000 	C:\WINDOWS\System32\winrnr.dll
0x00007fffc53d0000 - 0x00007fffc53e5000 	C:\WINDOWS\System32\wshbth.dll
0x00007fffd9140000 - 0x00007fffd914a000 	C:\Windows\System32\rasadhlp.dll
0x00007fffd97e0000 - 0x00007fffd9850000 	C:\WINDOWS\System32\fwpuclnt.dll
0x00007fffe0c30000 - 0x00007fffe0c55000 	C:\WINDOWS\SYSTEM32\bcrypt.dll
0x00007fffe0b30000 - 0x00007fffe0b47000 	C:\WINDOWS\SYSTEM32\CRYPTSP.dll
0x00007fffe0570000 - 0x00007fffe05a3000 	C:\WINDOWS\system32\rsaenh.dll
0x00007fffe1070000 - 0x00007fffe1099000 	C:\WINDOWS\SYSTEM32\USERENV.dll
0x00007fffe1030000 - 0x00007fffe103b000 	C:\WINDOWS\SYSTEM32\CRYPTBASE.dll
0x00007fffdb2c0000 - 0x00007fffdb2d6000 	C:\WINDOWS\SYSTEM32\dhcpcsvc6.DLL
0x00007fffdb270000 - 0x00007fffdb28a000 	C:\WINDOWS\SYSTEM32\dhcpcsvc.DLL

VM Arguments:
jvm_args: -Dcom.sun.management.jmxremote -Dcom.sun.management.jmxremote.port=13571 -Dcom.sun.management.jmxremote.authenticate=false -Dcom.sun.management.jmxremote.ssl=false -Dspring.liveBeansView.mbeanDomain -Dspring.application.admin.enabled=true -Dfile.encoding=MS949 
java_command: com.example.WebApplication --server.port=8080
java_class_path (initial): C:\Users\user\workspace\web\bin\main;C:\Users\user\workspace\web\bin\test;C:\Users\user\workspace\web\bin\default;C:\Users\user\.gradle\caches\modules-2\files-2.1\org.springframework.boot\spring-boot-starter-web\2.0.2.RELEASE\b6ef0cf4d0a7c6c7e93ff524b84cd1d8f87f67d9\spring-boot-starter-web-2.0.2.RELEASE.jar;C:\Users\user\.gradle\caches\modules-2\files-2.1\org.springframework.boot\spring-boot-starter-json\2.0.2.RELEASE\5edda979838ced5314b8f58a958fe9d6b4b3badd\spring-boot-starter-json-2.0.2.RELEASE.jar;C:\Users\user\.gradle\caches\modules-2\files-2.1\org.springframework.boot\spring-boot-starter\2.0.2.RELEASE\1cda94f0dfcf2b065191782a54b84d2abf96391\spring-boot-starter-2.0.2.RELEASE.jar;C:\Users\user\.gradle\caches\modules-2\files-2.1\org.springframework.boot\spring-boot-starter-tomcat\2.0.2.RELEASE\cedbfb18762e1c220007c768bfc5b773f5b30f8a\spring-boot-starter-tomcat-2.0.2.RELEASE.jar;C:\Users\user\.gradle\caches\modules-2\files-2.1\org.hibernate.validator\hibernate-validator\6.0.9.Final\b149e4cce82379f11f6129eb3187ca8ae5404005\hibernate-validator-6.0.9.Final.jar;C:\Users\user\.gradle\caches\modules-2\files-2.1\org.springframework\spring-webmvc\5.0.6.RELEASE\1361c5d1cf46665ee01de5dc1ca447c3be174c19\spring-webmvc-5.0.6.RELEASE.jar;C:\Users\user\.gradle\caches\modules-2\files-2.1\org.springframework\spring-web\5.0.6.RELEASE\89e89de3025165998118590613aedc6df8d64af6\spring-web-5.0.6.RELEASE.jar;C:\Users\user\.gradle\caches\modules-2\files-2.1\org.springframework.boot\spring-boot-autoconfigure\2.0.2.RELEASE\f4b25e753e4955337a138d8b1550236b5efe5b3b\spring-boot-autoconfigure-2.0.2.RELEASE.jar;C:\Users\user\.gradle\caches\modules-2\files-2.1\org.springframework.boot\spring-boot\2.0.2.RELEASE\15012cf02e9f77938244e554f0598535fdd1cb38\spring-boot-2.0.2.RELEASE.jar;C:\Users\user\.gradle\caches\modules-2\files-2.1\org.springframework.boot\spring-boot-starter-logging\2.0.2.RELEASE\b56d7d1931792d6e58dbd41f956912359ba85238\spring-boot-starter-logging-2.0.2.R
Launcher Type: SUN_STANDARD

Environment Variables:
JAVA_HOME=C:\Program Files\Java\jdk1.8.0_25
CLASSPATH=C:\Program Files\Java\jdk1.8.0_25\lib
PATH=C:/Program Files/Java/jre1.8.0_171/bin/server;C:/Program Files/Java/jre1.8.0_171/bin;C:/Program Files/Java/jre1.8.0_171/lib/amd64;C:\Program Files (x86)\Common Files\Oracle\Java\javapath;C:\ProgramData\Oracle\Java\javapath;C:\Program Files (x86)\GnuWin32\bin;C:\gradle\bin;C:\Program Files\Java\jdk1.8.0_25\bin;C:\Users\user\AppData\Local\Microsoft\WindowsApps;;C:\Users\user\Downloads\eclipse-java-luna-SR1-win32-x86_64\eclipse;
USERNAME=user
OS=Windows_NT
PROCESSOR_IDENTIFIER=Intel64 Family 6 Model 58 Stepping 9, GenuineIntel



---------------  S Y S T E M  ---------------

OS: Windows 10.0 , 64 bit Build 16299 (10.0.16299.431)

CPU:total 4 (initial active 4) (2 cores per cpu, 2 threads per core) family 6 model 58 stepping 9, cmov, cx8, fxsr, mmx, sse, sse2, sse3, ssse3, sse4.1, sse4.2, popcnt, avx, aes, clmul, erms, ht, tsc, tscinvbit, tscinv

Memory: 4k page, physical 8271496k(1468444k free), swap 8271496k(4796k free)

vm_info: Java HotSpot(TM) 64-Bit Server VM (25.171-b11) for windows-amd64 JRE (1.8.0_171-b11), built on Mar 28 2018 16:06:12 by "java_re" with MS VC++ 10.0 (VS2010)

time: Mon Jun 18 17:45:55 2018
elapsed time: 1 seconds (0d 0h 0m 1s)

