#
# There is insufficient memory for the Java Runtime Environment to continue.
# Native memory allocation (malloc) failed to allocate 855936 bytes for Chunk::new
# Possible reasons:
#   The system is out of physical RAM or swap space
#   In 32 bit mode, the process size limit was hit
# Possible solutions:
#   Reduce memory load on the system
#   Increase physical memory or swap space
#   Check if swap backing store is full
#   Use 64 bit Java on a 64 bit OS
#   Decrease Java heap size (-Xmx/-Xms)
#   Decrease number of Java threads
#   Decrease Java thread stack sizes (-Xss)
#   Set larger code cache with -XX:ReservedCodeCacheSize=
# This output file may be truncated or incomplete.
#
#  Out of Memory Error (allocation.cpp:390), pid=40808, tid=0x000000000000c464
#
# JRE version: Java(TM) SE Runtime Environment (8.0_171-b11) (build 1.8.0_171-b11)
# Java VM: Java HotSpot(TM) 64-Bit Server VM (25.171-b11 mixed mode windows-amd64 compressed oops)
# Failed to write core dump. Minidumps are not enabled by default on client versions of Windows
#

---------------  T H R E A D  ---------------

Current thread (0x00000000199c0000):  JavaThread "C2 CompilerThread0" daemon [_thread_in_native, id=50276, stack(0x000000001b3f0000,0x000000001b4f0000)]

Stack: [0x000000001b3f0000,0x000000001b4f0000]
[error occurred during error reporting (printing stack bounds), id 0xc0000005]

Native frames: (J=compiled Java code, j=interpreted, Vv=VM code, C=native code)


Current CompileTask:
C2:   5030 3121       4       org.springframework.asm.Frame::execute (2252 bytes)


---------------  P R O C E S S  ---------------

Java Threads: ( => current thread )
  0x000000001d239800 JavaThread "container-0" [_thread_blocked, id=40036, stack(0x0000000020950000,0x0000000020a50000)]
  0x000000001d239000 JavaThread "ContainerBackgroundProcessor[StandardEngine[Tomcat]]" daemon [_thread_blocked, id=57088, stack(0x0000000020850000,0x0000000020950000)]
  0x000000001d238000 JavaThread "localhost-startStop-1" daemon [_thread_blocked, id=53108, stack(0x0000000020750000,0x0000000020850000)]
  0x000000001d23f000 JavaThread "Tomcat-startStop-1" daemon [_thread_blocked, id=41760, stack(0x000000001f660000,0x000000001f760000)]
  0x000000001bad5800 JavaThread "RMI TCP Accept-0" daemon [_thread_in_native, id=37976, stack(0x000000001c1f0000,0x000000001c2f0000)]
  0x000000001baa1800 JavaThread "RMI TCP Accept-8667" daemon [_thread_in_native, id=54696, stack(0x000000001c0f0000,0x000000001c1f0000)]
  0x000000001ba86000 JavaThread "RMI TCP Accept-0" daemon [_thread_in_native, id=16716, stack(0x000000001bff0000,0x000000001c0f0000)]
  0x00000000199fc800 JavaThread "Service Thread" daemon [_thread_blocked, id=56904, stack(0x000000001b6f0000,0x000000001b7f0000)]
  0x00000000199ca800 JavaThread "C1 CompilerThread2" daemon [_thread_blocked, id=30180, stack(0x000000001b5f0000,0x000000001b6f0000)]
  0x00000000199c2000 JavaThread "C2 CompilerThread1" daemon [_thread_in_native, id=52316, stack(0x000000001b4f0000,0x000000001b5f0000)]
=>0x00000000199c0000 JavaThread "C2 CompilerThread0" daemon [_thread_in_native, id=50276, stack(0x000000001b3f0000,0x000000001b4f0000)]
  0x00000000199be000 JavaThread "Attach Listener" daemon [_thread_blocked, id=57208, stack(0x000000001b2f0000,0x000000001b3f0000)]
  0x000000001ae33800 JavaThread "Signal Dispatcher" daemon [_thread_blocked, id=7108, stack(0x000000001b1f0000,0x000000001b2f0000)]
  0x0000000019990000 JavaThread "Finalizer" daemon [_thread_blocked, id=53144, stack(0x000000001acf0000,0x000000001adf0000)]
  0x0000000004e65000 JavaThread "Reference Handler" daemon [_thread_blocked, id=48560, stack(0x000000001abf0000,0x000000001acf0000)]
  0x0000000004d76000 JavaThread "main" [_thread_in_native, id=51080, stack(0x0000000004c70000,0x0000000004d70000)]

Other Threads:
  0x0000000019967800 VMThread [stack: 0x000000001a9f0000,0x000000001aaf0000] [id=54968]
  0x000000001baca000 WatcherThread [stack: 0x000000001c2f0000,0x000000001c3f0000] [id=50632]

VM state:not at safepoint (normal execution)

VM Mutex/Monitor currently owned by a thread: None

Heap:
 PSYoungGen      total 81920K, used 30636K [0x00000000d5f00000, 0x00000000dd500000, 0x0000000100000000)
  eden space 70656K, 27% used [0x00000000d5f00000,0x00000000d720a3d0,0x00000000da400000)
  from space 11264K, 98% used [0x00000000db080000,0x00000000dbb60da0,0x00000000dbb80000)
  to   space 12800K, 0% used [0x00000000da400000,0x00000000da400000,0x00000000db080000)
 ParOldGen       total 62976K, used 12668K [0x0000000081c00000, 0x0000000085980000, 0x00000000d5f00000)
  object space 62976K, 20% used [0x0000000081c00000,0x000000008285f2f0,0x0000000085980000)
 Metaspace       used 32100K, capacity 33354K, committed 33712K, reserved 1079296K
  class space    used 4169K, capacity 4415K, committed 4528K, reserved 1048576K

Card table byte_map: [0x0000000014230000,0x0000000014630000] byte_map_base: 0x0000000013e22000

Marking Bits: (ParMarkBitMap*) 0x00000000595608c0
 Begin Bits: [0x0000000014ce0000, 0x0000000016c70000)
 End Bits:   [0x0000000016c70000, 0x0000000018c00000)

Polling page: 0x0000000002e10000

CodeCache: size=245760Kb used=11594Kb max_used=11594Kb free=234165Kb
 bounds [0x0000000004e70000, 0x00000000059d0000, 0x0000000013e70000]
 total_blobs=3584 nmethods=3174 adapters=322
 compilation: enabled

Compilation events (10 events):
Event: 5.023 Thread 0x00000000199ca800 3186       1       java.util.EnumMap::access$600 (5 bytes)
Event: 5.024 Thread 0x00000000199ca800 nmethod 3186 0x00000000059a40d0 code [0x00000000059a4220, 0x00000000059a4310]
Event: 5.024 Thread 0x00000000199ca800 3184       3       org.springframework.cglib.core.EmitUtils$13::<init> (10 bytes)
Event: 5.024 Thread 0x00000000199ca800 nmethod 3184 0x00000000059b7a90 code [0x00000000059b7be0, 0x00000000059b7db0]
Event: 5.024 Thread 0x00000000199ca800 3180       3       org.springframework.cglib.core.EmitUtils$13::transform (22 bytes)
Event: 5.024 Thread 0x00000000199ca800 nmethod 3180 0x00000000059c07d0 code [0x00000000059c0960, 0x00000000059c0da8]
Event: 5.024 Thread 0x00000000199ca800 3181       3       org.springframework.cglib.core.EmitUtils$14::processCase (53 bytes)
Event: 5.025 Thread 0x00000000199ca800 nmethod 3181 0x00000000059bf9d0 code [0x00000000059bfba0, 0x00000000059c0378]
Event: 5.025 Thread 0x00000000199ca800 3182       3       java.util.BitSet::<init> (26 bytes)
Event: 5.025 Thread 0x00000000199ca800 nmethod 3182 0x00000000059bf410 code [0x00000000059bf580, 0x00000000059bf8b0]

GC Heap History (10 events):
Event: 2.073 GC heap before
{Heap before GC invocations=3 (full 0):
 PSYoungGen      total 38400K, used 34147K [0x00000000d5f00000, 0x00000000d8980000, 0x0000000100000000)
  eden space 33280K, 87% used [0x00000000d5f00000,0x00000000d7b5b9b8,0x00000000d7f80000)
  from space 5120K, 99% used [0x00000000d8480000,0x00000000d897d480,0x00000000d8980000)
  to   space 5120K, 0% used [0x00000000d7f80000,0x00000000d7f80000,0x00000000d8480000)
 ParOldGen       total 87552K, used 2364K [0x0000000081c00000, 0x0000000087180000, 0x00000000d5f00000)
  object space 87552K, 2% used [0x0000000081c00000,0x0000000081e4f038,0x0000000087180000)
 Metaspace       used 20637K, capacity 21178K, committed 21296K, reserved 1067008K
  class space    used 2677K, capacity 2829K, committed 2864K, reserved 1048576K
Event: 2.085 GC heap after
Heap after GC invocations=3 (full 0):
 PSYoungGen      total 38400K, used 5104K [0x00000000d5f00000, 0x00000000daa00000, 0x0000000100000000)
  eden space 33280K, 0% used [0x00000000d5f00000,0x00000000d5f00000,0x00000000d7f80000)
  from space 5120K, 99% used [0x00000000d7f80000,0x00000000d847c320,0x00000000d8480000)
  to   space 5120K, 0% used [0x00000000da500000,0x00000000da500000,0x00000000daa00000)
 ParOldGen       total 87552K, used 5743K [0x0000000081c00000, 0x0000000087180000, 0x00000000d5f00000)
  object space 87552K, 6% used [0x0000000081c00000,0x000000008219bdf0,0x0000000087180000)
 Metaspace       used 20637K, capacity 21178K, committed 21296K, reserved 1067008K
  class space    used 2677K, capacity 2829K, committed 2864K, reserved 1048576K
}
Event: 2.085 GC heap before
{Heap before GC invocations=4 (full 1):
 PSYoungGen      total 38400K, used 5104K [0x00000000d5f00000, 0x00000000daa00000, 0x0000000100000000)
  eden space 33280K, 0% used [0x00000000d5f00000,0x00000000d5f00000,0x00000000d7f80000)
  from space 5120K, 99% used [0x00000000d7f80000,0x00000000d847c320,0x00000000d8480000)
  to   space 5120K, 0% used [0x00000000da500000,0x00000000da500000,0x00000000daa00000)
 ParOldGen       total 87552K, used 5743K [0x0000000081c00000, 0x0000000087180000, 0x00000000d5f00000)
  object space 87552K, 6% used [0x0000000081c00000,0x000000008219bdf0,0x0000000087180000)
 Metaspace       used 20637K, capacity 21178K, committed 21296K, reserved 1067008K
  class space    used 2677K, capacity 2829K, committed 2864K, reserved 1048576K
Event: 2.124 GC heap after
Heap after GC invocations=4 (full 1):
 PSYoungGen      total 38400K, used 0K [0x00000000d5f00000, 0x00000000daa00000, 0x0000000100000000)
  eden space 33280K, 0% used [0x00000000d5f00000,0x00000000d5f00000,0x00000000d7f80000)
  from space 5120K, 0% used [0x00000000d7f80000,0x00000000d7f80000,0x00000000d8480000)
  to   space 5120K, 0% used [0x00000000da500000,0x00000000da500000,0x00000000daa00000)
 ParOldGen       total 62976K, used 8302K [0x0000000081c00000, 0x0000000085980000, 0x00000000d5f00000)
  object space 62976K, 13% used [0x0000000081c00000,0x000000008241b888,0x0000000085980000)
 Metaspace       used 20637K, capacity 21178K, committed 21296K, reserved 1067008K
  class space    used 2677K, capacity 2829K, committed 2864K, reserved 1048576K
}
Event: 2.510 GC heap before
{Heap before GC invocations=5 (full 1):
 PSYoungGen      total 38400K, used 33280K [0x00000000d5f00000, 0x00000000daa00000, 0x0000000100000000)
  eden space 33280K, 100% used [0x00000000d5f00000,0x00000000d7f80000,0x00000000d7f80000)
  from space 5120K, 0% used [0x00000000d7f80000,0x00000000d7f80000,0x00000000d8480000)
  to   space 5120K, 0% used [0x00000000da500000,0x00000000da500000,0x00000000daa00000)
 ParOldGen       total 62976K, used 8302K [0x0000000081c00000, 0x0000000085980000, 0x00000000d5f00000)
  object space 62976K, 13% used [0x0000000081c00000,0x000000008241b888,0x0000000085980000)
 Metaspace       used 23917K, capacity 24602K, committed 24880K, reserved 1071104K
  class space    used 3119K, capacity 3305K, committed 3376K, reserved 1048576K
Event: 2.515 GC heap after
Heap after GC invocations=5 (full 1):
 PSYoungGen      total 53760K, used 4216K [0x00000000d5f00000, 0x00000000da980000, 0x0000000100000000)
  eden space 49152K, 0% used [0x00000000d5f00000,0x00000000d5f00000,0x00000000d8f00000)
  from space 4608K, 91% used [0x00000000da500000,0x00000000da91e298,0x00000000da980000)
  to   space 5120K, 0% used [0x00000000d9f80000,0x00000000d9f80000,0x00000000da480000)
 ParOldGen       total 62976K, used 8374K [0x0000000081c00000, 0x0000000085980000, 0x00000000d5f00000)
  object space 62976K, 13% used [0x0000000081c00000,0x000000008242d898,0x0000000085980000)
 Metaspace       used 23917K, capacity 24602K, committed 24880K, reserved 1071104K
  class space    used 3119K, capacity 3305K, committed 3376K, reserved 1048576K
}
Event: 3.500 GC heap before
{Heap before GC invocations=6 (full 1):
 PSYoungGen      total 53760K, used 53362K [0x00000000d5f00000, 0x00000000da980000, 0x0000000100000000)
  eden space 49152K, 99% used [0x00000000d5f00000,0x00000000d8efe608,0x00000000d8f00000)
  from space 4608K, 91% used [0x00000000da500000,0x00000000da91e298,0x00000000da980000)
  to   space 5120K, 0% used [0x00000000d9f80000,0x00000000d9f80000,0x00000000da480000)
 ParOldGen       total 62976K, used 8374K [0x0000000081c00000, 0x0000000085980000, 0x00000000d5f00000)
  object space 62976K, 13% used [0x0000000081c00000,0x000000008242d898,0x0000000085980000)
 Metaspace       used 27594K, capacity 28484K, committed 28720K, reserved 1075200K
  class space    used 3606K, capacity 3810K, committed 3888K, reserved 1048576K
Event: 3.516 GC heap after
Heap after GC invocations=6 (full 1):
 PSYoungGen      total 71168K, used 5104K [0x00000000d5f00000, 0x00000000dbb80000, 0x0000000100000000)
  eden space 66048K, 0% used [0x00000000d5f00000,0x00000000d5f00000,0x00000000d9f80000)
  from space 5120K, 99% used [0x00000000d9f80000,0x00000000da47c2f0,0x00000000da480000)
  to   space 11264K, 0% used [0x00000000db080000,0x00000000db080000,0x00000000dbb80000)
 ParOldGen       total 62976K, used 12660K [0x0000000081c00000, 0x0000000085980000, 0x00000000d5f00000)
  object space 62976K, 20% used [0x0000000081c00000,0x000000008285d2f0,0x0000000085980000)
 Metaspace       used 27594K, capacity 28484K, committed 28720K, reserved 1075200K
  class space    used 3606K, capacity 3810K, committed 3888K, reserved 1048576K
}
Event: 4.769 GC heap before
{Heap before GC invocations=7 (full 1):
 PSYoungGen      total 71168K, used 71152K [0x00000000d5f00000, 0x00000000dbb80000, 0x0000000100000000)
  eden space 66048K, 100% used [0x00000000d5f00000,0x00000000d9f80000,0x00000000d9f80000)
  from space 5120K, 99% used [0x00000000d9f80000,0x00000000da47c2f0,0x00000000da480000)
  to   space 11264K, 0% used [0x00000000db080000,0x00000000db080000,0x00000000dbb80000)
 ParOldGen       total 62976K, used 12660K [0x0000000081c00000, 0x0000000085980000, 0x00000000d5f00000)
  object space 62976K, 20% used [0x0000000081c00000,0x000000008285d2f0,0x0000000085980000)
 Metaspace       used 31519K, capacity 32770K, committed 33072K, reserved 1077248K
  class space    used 4090K, capacity 4339K, committed 4400K, reserved 1048576K
Event: 4.782 GC heap after
Heap after GC invocations=7 (full 1):
 PSYoungGen      total 81920K, used 11139K [0x00000000d5f00000, 0x00000000dd500000, 0x0000000100000000)
  eden space 70656K, 0% used [0x00000000d5f00000,0x00000000d5f00000,0x00000000da400000)
  from space 11264K, 98% used [0x00000000db080000,0x00000000dbb60da0,0x00000000dbb80000)
  to   space 12800K, 0% used [0x00000000da400000,0x00000000da400000,0x00000000db080000)
 ParOldGen       total 62976K, used 12668K [0x0000000081c00000, 0x0000000085980000, 0x00000000d5f00000)
  object space 62976K, 20% used [0x0000000081c00000,0x000000008285f2f0,0x0000000085980000)
 Metaspace       used 31519K, capacity 32770K, committed 33072K, reserved 1077248K
  class space    used 4090K, capacity 4339K, committed 4400K, reserved 1048576K
}

Deoptimization events (10 events):
Event: 4.680 Thread 0x0000000004d76000 Uncommon trap: reason=predicate action=maybe_recompile pc=0x000000000591664c method=java.util.AbstractCollection.toArray([Ljava/lang/Object;)[Ljava/lang/Object; @ 49
Event: 4.689 Thread 0x0000000004d76000 Uncommon trap: reason=array_check action=maybe_recompile pc=0x0000000005931140 method=java.util.AbstractCollection.toArray([Ljava/lang/Object;)[Ljava/lang/Object; @ 119
Event: 4.689 Thread 0x0000000004d76000 Uncommon trap: reason=array_check action=maybe_recompile pc=0x0000000005931140 method=java.util.AbstractCollection.toArray([Ljava/lang/Object;)[Ljava/lang/Object; @ 119
Event: 4.689 Thread 0x0000000004d76000 Uncommon trap: reason=array_check action=maybe_recompile pc=0x0000000005931140 method=java.util.AbstractCollection.toArray([Ljava/lang/Object;)[Ljava/lang/Object; @ 119
Event: 4.689 Thread 0x0000000004d76000 Uncommon trap: reason=array_check action=maybe_recompile pc=0x0000000005931140 method=java.util.AbstractCollection.toArray([Ljava/lang/Object;)[Ljava/lang/Object; @ 119
Event: 4.881 Thread 0x0000000004d76000 Uncommon trap: reason=unstable_if action=reinterpret pc=0x0000000005952454 method=org.springframework.asm.Frame.merge(Lorg/springframework/asm/ClassWriter;I[II)Z @ 80
Event: 4.881 Thread 0x0000000004d76000 Uncommon trap: reason=unstable_if action=reinterpret pc=0x000000000587eb24 method=org.springframework.asm.Frame.merge(Lorg/springframework/asm/ClassWriter;I[II)Z @ 80
Event: 4.886 Thread 0x0000000004d76000 Uncommon trap: reason=range_check action=make_not_entrant pc=0x00000000059059c0 method=java.lang.String.charAt(I)C @ 27
Event: 4.896 Thread 0x0000000004d76000 Uncommon trap: reason=unstable_if action=reinterpret pc=0x00000000057b7c0c method=org.springframework.asm.Type.getDescriptor(Ljava/lang/StringBuilder;Ljava/lang/Class;)V @ 39
Event: 5.006 Thread 0x0000000004d76000 Uncommon trap: reason=predicate action=maybe_recompile pc=0x000000000587360c method=org.springframework.boot.context.properties.source.ConfigurationPropertyName.elementEquals(Ljava/lang/CharSequence;Ljava/lang/CharSequence;)Z @ 68

Classes redefined (0 events):
No events

Internal exceptions (10 events):
Event: 4.997 Thread 0x0000000004d76000 Exception <a 'java/lang/ClassNotFoundException': org/springframework/boot/autoconfigure/jackson/JacksonAutoConfiguration$Jackson2ObjectMapperBuilderCustomizerConfiguration$$EnhancerBySpringCGLIB$$1ac537adCustomizer> (0x00000000d6ee97e0) thrown at [C:\re\w
Event: 4.999 Thread 0x0000000004d76000 Exception <a 'java/lang/ClassNotFoundException': org/springframework/context/annotation/ConfigurationClassEnhancer$EnhancedConfigurationCustomizer> (0x00000000d6f0e470) thrown at [C:\re\workspace\8-2-build-windows-amd64-cygwin\jdk8u171\10807\hotspot\src\s
Event: 5.003 Thread 0x0000000004d76000 Exception <a 'java/lang/ClassNotFoundException': java/lang/ObjectCustomizer> (0x00000000d6f23670) thrown at [C:\re\workspace\8-2-build-windows-amd64-cygwin\jdk8u171\10807\hotspot\src\share\vm\classfile\systemDictionary.cpp, line 210]
Event: 5.004 Thread 0x0000000004d76000 Exception <a 'java/lang/ClassNotFoundException': org/springframework/boot/autoconfigure/jackson/JacksonPropertiesCustomizer> (0x00000000d6f3e3c0) thrown at [C:\re\workspace\8-2-build-windows-amd64-cygwin\jdk8u171\10807\hotspot\src\share\vm\classfile\syste
Event: 5.011 Thread 0x0000000004d76000 Exception <a 'java/lang/ClassNotFoundException': java/lang/ObjectCustomizer> (0x00000000d6fd57a8) thrown at [C:\re\workspace\8-2-build-windows-amd64-cygwin\jdk8u171\10807\hotspot\src\share\vm\classfile\systemDictionary.cpp, line 210]
Event: 5.013 Thread 0x0000000004d76000 Exception <a 'java/lang/ClassNotFoundException': org/springframework/boot/autoconfigure/jackson/JacksonAutoConfiguration$Jackson2ObjectMapperBuilderCustomizerConfiguration$StandardJackson2ObjectMapperBuilderCustomizerCustomizer> (0x00000000d70052e8) throw
Event: 5.015 Thread 0x0000000004d76000 Exception <a 'java/lang/ClassNotFoundException': org/springframework/boot/autoconfigure/jackson/Jackson2ObjectMapperBuilderCustomizerCustomizer> (0x00000000d70258a8) thrown at [C:\re\workspace\8-2-build-windows-amd64-cygwin\jdk8u171\10807\hotspot\src\shar
Event: 5.015 Thread 0x0000000004d76000 Exception <a 'java/lang/ClassNotFoundException': org/springframework/core/OrderedCustomizer> (0x00000000d7037268) thrown at [C:\re\workspace\8-2-build-windows-amd64-cygwin\jdk8u171\10807\hotspot\src\share\vm\classfile\systemDictionary.cpp, line 210]
Event: 5.024 Thread 0x0000000004d76000 Exception <a 'java/lang/ClassNotFoundException': java/lang/ObjectCustomizer> (0x00000000d70adf40) thrown at [C:\re\workspace\8-2-build-windows-amd64-cygwin\jdk8u171\10807\hotspot\src\share\vm\classfile\systemDictionary.cpp, line 210]
Event: 5.025 Thread 0x0000000004d76000 Exception <a 'java/lang/ClassNotFoundException': org/springframework/boot/autoconfigure/jackson/JacksonAutoConfiguration$ParameterNamesModuleConfigurationCustomizer> (0x00000000d70d2210) thrown at [C:\re\workspace\8-2-build-windows-amd64-cygwin\jdk8u171\1

Events (10 events):
Event: 5.024 loading class org/springframework/boot/autoconfigure/jackson/JacksonAutoConfiguration$ParameterNamesModuleConfigurationCustomizer
Event: 5.024 loading class org/springframework/boot/autoconfigure/jackson/JacksonAutoConfiguration$ParameterNamesModuleConfigurationCustomizer done
Event: 5.025 loading class org/springframework/boot/autoconfigure/jackson/JacksonAutoConfiguration$ParameterNamesModuleConfigurationCustomizer
Event: 5.025 loading class org/springframework/boot/autoconfigure/jackson/JacksonAutoConfiguration$ParameterNamesModuleConfigurationCustomizer done
Event: 5.025 loading class org/springframework/boot/autoconfigure/jackson/JacksonAutoConfiguration$ParameterNamesModuleConfigurationCustomizer
Event: 5.025 loading class org/springframework/boot/autoconfigure/jackson/JacksonAutoConfiguration$ParameterNamesModuleConfigurationCustomizer done
Event: 5.026 loading class org/springframework/boot/autoconfigure/jackson/JacksonAutoConfiguration$ParameterNamesModuleConfiguration$$EnhancerBySpringCGLIB$$4190aedbCustomizer
Event: 5.026 loading class org/springframework/boot/autoconfigure/jackson/JacksonAutoConfiguration$ParameterNamesModuleConfiguration$$EnhancerBySpringCGLIB$$4190aedbCustomizer done
Event: 5.026 loading class org/springframework/boot/autoconfigure/jackson/JacksonAutoConfiguration$ParameterNamesModuleConfiguration$$EnhancerBySpringCGLIB$$4190aedbCustomizer
Event: 5.026 loading class org/springframework/boot/autoconfigure/jackson/JacksonAutoConfiguration$ParameterNamesModuleConfiguration$$EnhancerBySpringCGLIB$$4190aedbCustomizer done


Dynamic libraries:
0x00007ff74a830000 - 0x00007ff74a867000 	C:\Program Files\Java\jre1.8.0_171\bin\javaw.exe
0x00007ffdf8e10000 - 0x00007ffdf8ff0000 	C:\WINDOWS\SYSTEM32\ntdll.dll
0x00007ffdf6c10000 - 0x00007ffdf6cbe000 	C:\WINDOWS\System32\KERNEL32.DLL
0x00007ffdf55f0000 - 0x00007ffdf5856000 	C:\WINDOWS\System32\KERNELBASE.dll
0x0000000055710000 - 0x0000000055a2b000 	C:\Program Files (x86)\Norton Internet Security\NortonData\22.5.0.124\Definitions\IPSDefs\20180528.061\IPSEng64.dll
0x00007ffdf81d0000 - 0x00007ffdf8271000 	C:\WINDOWS\System32\ADVAPI32.dll
0x00007ffdf8130000 - 0x00007ffdf81cd000 	C:\WINDOWS\System32\msvcrt.dll
0x00007ffdf8280000 - 0x00007ffdf82db000 	C:\WINDOWS\System32\sechost.dll
0x00007ffdf8480000 - 0x00007ffdf859f000 	C:\WINDOWS\System32\RPCRT4.dll
0x00007ffdf8da0000 - 0x00007ffdf8da8000 	C:\WINDOWS\System32\PSAPI.DLL
0x00007ffdf8b10000 - 0x00007ffdf8c9f000 	C:\WINDOWS\System32\USER32.dll
0x00007ffdf5530000 - 0x00007ffdf5550000 	C:\WINDOWS\System32\win32u.dll
0x00007ffdf6cc0000 - 0x00007ffdf6ce8000 	C:\WINDOWS\System32\GDI32.dll
0x00007ffdf5390000 - 0x00007ffdf5523000 	C:\WINDOWS\System32\gdi32full.dll
0x00007ffdf5550000 - 0x00007ffdf55eb000 	C:\WINDOWS\System32\msvcp_win.dll
0x00007ffdf5a30000 - 0x00007ffdf5b26000 	C:\WINDOWS\System32\ucrtbase.dll
0x00007ffdeb4a0000 - 0x00007ffdeb709000 	C:\WINDOWS\WinSxS\amd64_microsoft.windows.common-controls_6595b64144ccf1df_6.0.16299.431_none_15c7d3ee93659e73\COMCTL32.dll
0x00007ffdf62e0000 - 0x00007ffdf65e8000 	C:\WINDOWS\System32\combase.dll
0x00007ffdf5260000 - 0x00007ffdf52d2000 	C:\WINDOWS\System32\bcryptPrimitives.dll
0x00007ffdf8db0000 - 0x00007ffdf8ddd000 	C:\WINDOWS\System32\IMM32.DLL
0x000000005c3d0000 - 0x000000005c4a2000 	C:\Program Files\Java\jre1.8.0_171\bin\msvcr100.dll
0x0000000058d40000 - 0x00000000595e0000 	C:\Program Files\Java\jre1.8.0_171\bin\server\jvm.dll
0x00007ffde9da0000 - 0x00007ffde9da9000 	C:\WINDOWS\SYSTEM32\WSOCK32.dll
0x00007ffdf8800000 - 0x00007ffdf886c000 	C:\WINDOWS\System32\WS2_32.dll
0x00007ffdf1fc0000 - 0x00007ffdf1fe3000 	C:\WINDOWS\SYSTEM32\WINMM.dll
0x00007ffdeb880000 - 0x00007ffdeb88a000 	C:\WINDOWS\SYSTEM32\VERSION.dll
0x00007ffdf1f90000 - 0x00007ffdf1fba000 	C:\WINDOWS\SYSTEM32\WINMMBASE.dll
0x00007ffdf5210000 - 0x00007ffdf525a000 	C:\WINDOWS\System32\cfgmgr32.dll
0x000000005c4e0000 - 0x000000005c4ef000 	C:\Program Files\Java\jre1.8.0_171\bin\verify.dll
0x000000005c4b0000 - 0x000000005c4d9000 	C:\Program Files\Java\jre1.8.0_171\bin\java.dll
0x000000005c2e0000 - 0x000000005c2f6000 	C:\Program Files\Java\jre1.8.0_171\bin\zip.dll
0x00007ffdf6cf0000 - 0x00007ffdf8128000 	C:\WINDOWS\System32\SHELL32.dll
0x00007ffdf8870000 - 0x00007ffdf8916000 	C:\WINDOWS\System32\shcore.dll
0x00007ffdf5b90000 - 0x00007ffdf62d7000 	C:\WINDOWS\System32\windows.storage.dll
0x00007ffdf8920000 - 0x00007ffdf8971000 	C:\WINDOWS\System32\shlwapi.dll
0x00007ffdf51a0000 - 0x00007ffdf51b1000 	C:\WINDOWS\System32\kernel.appcore.dll
0x00007ffdf51c0000 - 0x00007ffdf520c000 	C:\WINDOWS\System32\powrprof.dll
0x00007ffdf5180000 - 0x00007ffdf519b000 	C:\WINDOWS\System32\profapi.dll
0x000000005c4f0000 - 0x000000005c4fd000 	C:\Program Files\Java\jre1.8.0_171\bin\management.dll
0x000000005c560000 - 0x000000005c57a000 	C:\Program Files\Java\jre1.8.0_171\bin\net.dll
0x00007ffdf4990000 - 0x00007ffdf49f6000 	C:\WINDOWS\system32\mswsock.dll
0x000000005c540000 - 0x000000005c551000 	C:\Program Files\Java\jre1.8.0_171\bin\nio.dll
0x00007ffddd700000 - 0x00007ffddd716000 	C:\WINDOWS\system32\napinsp.dll
0x00007ffddd2e0000 - 0x00007ffddd2fa000 	C:\WINDOWS\system32\pnrpnsp.dll
0x00007ffdf21c0000 - 0x00007ffdf21d8000 	C:\WINDOWS\system32\NLAapi.dll
0x00007ffdf4760000 - 0x00007ffdf4816000 	C:\WINDOWS\SYSTEM32\DNSAPI.dll
0x00007ffdf8ca0000 - 0x00007ffdf8ca8000 	C:\WINDOWS\System32\NSI.dll
0x00007ffdf4720000 - 0x00007ffdf4759000 	C:\WINDOWS\SYSTEM32\IPHLPAPI.DLL
0x00007ffddcb10000 - 0x00007ffddcb1e000 	C:\WINDOWS\System32\winrnr.dll
0x00007ffddcaf0000 - 0x00007ffddcb05000 	C:\WINDOWS\System32\wshbth.dll
0x00007ffded080000 - 0x00007ffded08a000 	C:\Windows\System32\rasadhlp.dll
0x00007ffdee060000 - 0x00007ffdee0d0000 	C:\WINDOWS\System32\fwpuclnt.dll
0x00007ffdf4c60000 - 0x00007ffdf4c85000 	C:\WINDOWS\SYSTEM32\bcrypt.dll
0x00007ffdf4b50000 - 0x00007ffdf4b67000 	C:\WINDOWS\SYSTEM32\CRYPTSP.dll
0x00007ffdf4590000 - 0x00007ffdf45c3000 	C:\WINDOWS\system32\rsaenh.dll
0x00007ffdf5090000 - 0x00007ffdf50b9000 	C:\WINDOWS\SYSTEM32\USERENV.dll
0x00007ffdf4b70000 - 0x00007ffdf4b7b000 	C:\WINDOWS\SYSTEM32\CRYPTBASE.dll
0x00007ffdef390000 - 0x00007ffdef3a6000 	C:\WINDOWS\SYSTEM32\dhcpcsvc6.DLL
0x00007ffdef0f0000 - 0x00007ffdef10a000 	C:\WINDOWS\SYSTEM32\dhcpcsvc.DLL

VM Arguments:
jvm_args: -Dcom.sun.management.jmxremote -Dcom.sun.management.jmxremote.port=8667 -Dcom.sun.management.jmxremote.authenticate=false -Dcom.sun.management.jmxremote.ssl=false -Dspring.liveBeansView.mbeanDomain -Dspring.application.admin.enabled=true -Dfile.encoding=MS949 
java_command: com.example.WebApplication
java_class_path (initial): C:\Users\user\workspace\web\bin\main;C:\Users\user\workspace\web\bin\test;C:\Users\user\workspace\web\bin\default;C:\Users\user\.gradle\caches\modules-2\files-2.1\org.springframework.boot\spring-boot-starter-web\2.0.2.RELEASE\b6ef0cf4d0a7c6c7e93ff524b84cd1d8f87f67d9\spring-boot-starter-web-2.0.2.RELEASE.jar;C:\Users\user\.gradle\caches\modules-2\files-2.1\org.springframework.boot\spring-boot-starter-json\2.0.2.RELEASE\5edda979838ced5314b8f58a958fe9d6b4b3badd\spring-boot-starter-json-2.0.2.RELEASE.jar;C:\Users\user\.gradle\caches\modules-2\files-2.1\org.springframework.boot\spring-boot-starter\2.0.2.RELEASE\1cda94f0dfcf2b065191782a54b84d2abf96391\spring-boot-starter-2.0.2.RELEASE.jar;C:\Users\user\.gradle\caches\modules-2\files-2.1\org.springframework.boot\spring-boot-starter-tomcat\2.0.2.RELEASE\cedbfb18762e1c220007c768bfc5b773f5b30f8a\spring-boot-starter-tomcat-2.0.2.RELEASE.jar;C:\Users\user\.gradle\caches\modules-2\files-2.1\org.hibernate.validator\hibernate-validator\6.0.9.Final\b149e4cce82379f11f6129eb3187ca8ae5404005\hibernate-validator-6.0.9.Final.jar;C:\Users\user\.gradle\caches\modules-2\files-2.1\org.springframework\spring-webmvc\5.0.6.RELEASE\1361c5d1cf46665ee01de5dc1ca447c3be174c19\spring-webmvc-5.0.6.RELEASE.jar;C:\Users\user\.gradle\caches\modules-2\files-2.1\org.springframework\spring-web\5.0.6.RELEASE\89e89de3025165998118590613aedc6df8d64af6\spring-web-5.0.6.RELEASE.jar;C:\Users\user\.gradle\caches\modules-2\files-2.1\org.springframework.boot\spring-boot-autoconfigure\2.0.2.RELEASE\f4b25e753e4955337a138d8b1550236b5efe5b3b\spring-boot-autoconfigure-2.0.2.RELEASE.jar;C:\Users\user\.gradle\caches\modules-2\files-2.1\org.springframework.boot\spring-boot\2.0.2.RELEASE\15012cf02e9f77938244e554f0598535fdd1cb38\spring-boot-2.0.2.RELEASE.jar;C:\Users\user\.gradle\caches\modules-2\files-2.1\org.springframework.boot\spring-boot-starter-logging\2.0.2.RELEASE\b56d7d1931792d6e58dbd41f956912359ba85238\spring-boot-starter-logging-2.0.2.R
Launcher Type: SUN_STANDARD

Environment Variables:
PATH=C:/Program Files/Java/jre1.8.0_171/bin/server;C:/Program Files/Java/jre1.8.0_171/bin;C:/Program Files/Java/jre1.8.0_171/lib/amd64;C:\Program Files (x86)\Common Files\Oracle\Java\javapath;C:\ProgramData\Oracle\Java\javapath;C:\Program Files (x86)\GnuWin32\bin;C:\gradle\bin;C:\Users\user\AppData\Local\Microsoft\WindowsApps;;C:\Users\user\Downloads\eclipse-java-luna-SR1-win32-x86_64\eclipse;
USERNAME=user
OS=Windows_NT
PROCESSOR_IDENTIFIER=Intel64 Family 6 Model 58 Stepping 9, GenuineIntel



---------------  S Y S T E M  ---------------

OS: Windows 10.0 , 64 bit Build 16299 (10.0.16299.431)

CPU:total 4 (initial active 4) (2 cores per cpu, 2 threads per core) family 6 model 58 stepping 9, cmov, cx8, fxsr, mmx, sse, sse2, sse3, ssse3, sse4.1, sse4.2, popcnt, avx, aes, clmul, erms, ht, tsc, tscinvbit, tscinv

Memory: 4k page, physical 8271496k(1198436k free), swap 8271496k(5628k free)

vm_info: Java HotSpot(TM) 64-Bit Server VM (25.171-b11) for windows-amd64 JRE (1.8.0_171-b11), built on Mar 28 2018 16:06:12 by "java_re" with MS VC++ 10.0 (VS2010)

time: Tue May 29 21:11:45 2018
elapsed time: 5 seconds (0d 0h 0m 5s)

