#
# There is insufficient memory for the Java Runtime Environment to continue.
# Native memory allocation (malloc) failed to allocate 131088 bytes for Chunk::new
# Possible reasons:
#   The system is out of physical RAM or swap space
#   In 32 bit mode, the process size limit was hit
# Possible solutions:
#   Reduce memory load on the system
#   Increase physical memory or swap space
#   Check if swap backing store is full
#   Use 64 bit Java on a 64 bit OS
#   Decrease Java heap size (-Xmx/-Xms)
#   Decrease number of Java threads
#   Decrease Java thread stack sizes (-Xss)
#   Set larger code cache with -XX:ReservedCodeCacheSize=
# This output file may be truncated or incomplete.
#
#  Out of Memory Error (allocation.cpp:390), pid=59056, tid=0x0000000000006bbc
#
# JRE version: Java(TM) SE Runtime Environment (8.0_171-b11) (build 1.8.0_171-b11)
# Java VM: Java HotSpot(TM) 64-Bit Server VM (25.171-b11 mixed mode windows-amd64 compressed oops)
# Failed to write core dump. Minidumps are not enabled by default on client versions of Windows
#

---------------  T H R E A D  ---------------

Current thread (0x0000000019f72000):  JavaThread "C2 CompilerThread0" daemon [_thread_in_native, id=27580, stack(0x000000001b9a0000,0x000000001baa0000)]

Stack: [0x000000001b9a0000,0x000000001baa0000]
[error occurred during error reporting (printing stack bounds), id 0xc0000005]

Native frames: (J=compiled Java code, j=interpreted, Vv=VM code, C=native code)


Current CompileTask:
C2:   2203 1345       4       sun.misc.URLClassPath::getResource (83 bytes)


---------------  P R O C E S S  ---------------

Java Threads: ( => current thread )
  0x000000001c333000 JavaThread "background-preinit" [_thread_in_native, id=56424, stack(0x000000001e040000,0x000000001e140000)]
  0x000000001c061800 JavaThread "RMI TCP Accept-0" daemon [_thread_in_native, id=52824, stack(0x000000001cba0000,0x000000001cca0000)]
  0x000000001c044800 JavaThread "RMI TCP Accept-11537" daemon [_thread_in_native, id=13188, stack(0x000000001c6a0000,0x000000001c7a0000)]
  0x000000001c032000 JavaThread "RMI TCP Accept-0" daemon [_thread_in_native, id=53072, stack(0x000000001c5a0000,0x000000001c6a0000)]
  0x0000000019fae800 JavaThread "Service Thread" daemon [_thread_blocked, id=59252, stack(0x000000001bca0000,0x000000001bda0000)]
  0x0000000019f83800 JavaThread "C1 CompilerThread2" daemon [_thread_blocked, id=50936, stack(0x000000001bba0000,0x000000001bca0000)]
  0x0000000019f74000 JavaThread "C2 CompilerThread1" daemon [_thread_blocked, id=45476, stack(0x000000001baa0000,0x000000001bba0000)]
=>0x0000000019f72000 JavaThread "C2 CompilerThread0" daemon [_thread_in_native, id=27580, stack(0x000000001b9a0000,0x000000001baa0000)]
  0x0000000019f70000 JavaThread "Attach Listener" daemon [_thread_blocked, id=52808, stack(0x000000001b8a0000,0x000000001b9a0000)]
  0x000000001b3e3800 JavaThread "Signal Dispatcher" daemon [_thread_blocked, id=54508, stack(0x000000001b7a0000,0x000000001b8a0000)]
  0x0000000019f3c000 JavaThread "Finalizer" daemon [_thread_blocked, id=57948, stack(0x000000001b2a0000,0x000000001b3a0000)]
  0x0000000019f18800 JavaThread "Reference Handler" daemon [_thread_blocked, id=58124, stack(0x000000001b1a0000,0x000000001b2a0000)]
  0x0000000005326000 JavaThread "main" [_thread_in_vm, id=39720, stack(0x0000000005220000,0x0000000005320000)]

Other Threads:
  0x0000000019f17000 VMThread [stack: 0x000000001afa0000,0x000000001b0a0000] [id=60088]
  0x000000001c063800 WatcherThread [stack: 0x000000001cca0000,0x000000001cda0000] [id=6540]

VM state:not at safepoint (normal execution)

VM Mutex/Monitor currently owned by a thread: None

Heap:
 PSYoungGen      total 38400K, used 37090K [0x00000000d5f00000, 0x00000000d8980000, 0x0000000100000000)
  eden space 33280K, 96% used [0x00000000d5f00000,0x00000000d7e75f30,0x00000000d7f80000)
  from space 5120K, 95% used [0x00000000d8480000,0x00000000d8942c30,0x00000000d8980000)
  to   space 5120K, 0% used [0x00000000d7f80000,0x00000000d7f80000,0x00000000d8480000)
 ParOldGen       total 58880K, used 1365K [0x0000000081c00000, 0x0000000085580000, 0x00000000d5f00000)
  object space 58880K, 2% used [0x0000000081c00000,0x0000000081d557e0,0x0000000085580000)
 Metaspace       used 16519K, capacity 17034K, committed 17280K, reserved 1069056K
  class space    used 2212K, capacity 2349K, committed 2432K, reserved 1048576K

Card table byte_map: [0x00000000147e0000,0x0000000014be0000] byte_map_base: 0x00000000143d2000

Marking Bits: (ParMarkBitMap*) 0x00000000595608c0
 Begin Bits: [0x0000000015290000, 0x0000000017220000)
 End Bits:   [0x0000000017220000, 0x00000000191b0000)

Polling page: 0x0000000004c70000

CodeCache: size=245760Kb used=4392Kb max_used=4409Kb free=241367Kb
 bounds [0x0000000005420000, 0x0000000005870000, 0x0000000014420000]
 total_blobs=1736 nmethods=1358 adapters=290
 compilation: enabled

Compilation events (10 events):
Event: 2.185 Thread 0x0000000019f74000 nmethod 1354 0x0000000005869350 code [0x00000000058694a0, 0x00000000058695b8]
Event: 2.185 Thread 0x0000000019f74000 1355       4       java.io.DataOutputStream::writeShort (35 bytes)
Event: 2.185 Thread 0x0000000019f83800 1356       3       java.lang.Class::createAnnotationData (192 bytes)
Event: 2.186 Thread 0x0000000019f83800 nmethod 1356 0x0000000005867190 code [0x00000000058674a0, 0x00000000058689f8]
Event: 2.187 Thread 0x0000000019f83800 1357       3       sun.reflect.generics.factory.CoreReflectionFactory::make (10 bytes)
Event: 2.187 Thread 0x0000000019f83800 nmethod 1357 0x0000000005866c90 code [0x0000000005866e00, 0x0000000005867070]
Event: 2.187 Thread 0x0000000019f83800 1358       3       sun.reflect.AccessorGenerator::sub (5 bytes)
Event: 2.188 Thread 0x0000000019f83800 nmethod 1358 0x0000000005861ad0 code [0x0000000005861c20, 0x0000000005861d70]
Event: 2.191 Thread 0x0000000019f83800 1359       3       java.nio.Buffer::limit (62 bytes)
Event: 2.192 Thread 0x0000000019f83800 nmethod 1359 0x0000000005866750 code [0x00000000058668c0, 0x0000000005866bc8]

GC Heap History (6 events):
Event: 0.423 GC heap before
{Heap before GC invocations=1 (full 0):
 PSYoungGen      total 38400K, used 4003K [0x00000000d5f00000, 0x00000000d8980000, 0x0000000100000000)
  eden space 33280K, 12% used [0x00000000d5f00000,0x00000000d62e8c40,0x00000000d7f80000)
  from space 5120K, 0% used [0x00000000d8480000,0x00000000d8480000,0x00000000d8980000)
  to   space 5120K, 0% used [0x00000000d7f80000,0x00000000d7f80000,0x00000000d8480000)
 ParOldGen       total 87552K, used 0K [0x0000000081c00000, 0x0000000087180000, 0x00000000d5f00000)
  object space 87552K, 0% used [0x0000000081c00000,0x0000000081c00000,0x0000000087180000)
 Metaspace       used 4892K, capacity 4920K, committed 4992K, reserved 1060864K
  class space    used 590K, capacity 616K, committed 640K, reserved 1048576K
Event: 0.427 GC heap after
Heap after GC invocations=1 (full 0):
 PSYoungGen      total 38400K, used 1457K [0x00000000d5f00000, 0x00000000d8980000, 0x0000000100000000)
  eden space 33280K, 0% used [0x00000000d5f00000,0x00000000d5f00000,0x00000000d7f80000)
  from space 5120K, 28% used [0x00000000d7f80000,0x00000000d80ec428,0x00000000d8480000)
  to   space 5120K, 0% used [0x00000000d8480000,0x00000000d8480000,0x00000000d8980000)
 ParOldGen       total 87552K, used 8K [0x0000000081c00000, 0x0000000087180000, 0x00000000d5f00000)
  object space 87552K, 0% used [0x0000000081c00000,0x0000000081c02000,0x0000000087180000)
 Metaspace       used 4892K, capacity 4920K, committed 4992K, reserved 1060864K
  class space    used 590K, capacity 616K, committed 640K, reserved 1048576K
}
Event: 0.427 GC heap before
{Heap before GC invocations=2 (full 1):
 PSYoungGen      total 38400K, used 1457K [0x00000000d5f00000, 0x00000000d8980000, 0x0000000100000000)
  eden space 33280K, 0% used [0x00000000d5f00000,0x00000000d5f00000,0x00000000d7f80000)
  from space 5120K, 28% used [0x00000000d7f80000,0x00000000d80ec428,0x00000000d8480000)
  to   space 5120K, 0% used [0x00000000d8480000,0x00000000d8480000,0x00000000d8980000)
 ParOldGen       total 87552K, used 8K [0x0000000081c00000, 0x0000000087180000, 0x00000000d5f00000)
  object space 87552K, 0% used [0x0000000081c00000,0x0000000081c02000,0x0000000087180000)
 Metaspace       used 4892K, capacity 4920K, committed 4992K, reserved 1060864K
  class space    used 590K, capacity 616K, committed 640K, reserved 1048576K
Event: 0.436 GC heap after
Heap after GC invocations=2 (full 1):
 PSYoungGen      total 38400K, used 0K [0x00000000d5f00000, 0x00000000d8980000, 0x0000000100000000)
  eden space 33280K, 0% used [0x00000000d5f00000,0x00000000d5f00000,0x00000000d7f80000)
  from space 5120K, 0% used [0x00000000d7f80000,0x00000000d7f80000,0x00000000d8480000)
  to   space 5120K, 0% used [0x00000000d8480000,0x00000000d8480000,0x00000000d8980000)
 ParOldGen       total 58880K, used 1357K [0x0000000081c00000, 0x0000000085580000, 0x00000000d5f00000)
  object space 58880K, 2% used [0x0000000081c00000,0x0000000081d537e0,0x0000000085580000)
 Metaspace       used 4892K, capacity 4920K, committed 4992K, reserved 1058816K
  class space    used 590K, capacity 616K, committed 640K, reserved 1048576K
}
Event: 1.564 GC heap before
{Heap before GC invocations=3 (full 1):
 PSYoungGen      total 38400K, used 33280K [0x00000000d5f00000, 0x00000000d8980000, 0x0000000100000000)
  eden space 33280K, 100% used [0x00000000d5f00000,0x00000000d7f80000,0x00000000d7f80000)
  from space 5120K, 0% used [0x00000000d7f80000,0x00000000d7f80000,0x00000000d8480000)
  to   space 5120K, 0% used [0x00000000d8480000,0x00000000d8480000,0x00000000d8980000)
 ParOldGen       total 58880K, used 1357K [0x0000000081c00000, 0x0000000085580000, 0x00000000d5f00000)
  object space 58880K, 2% used [0x0000000081c00000,0x0000000081d537e0,0x0000000085580000)
 Metaspace       used 13132K, capacity 13544K, committed 13824K, reserved 1064960K
  class space    used 1623K, capacity 1734K, committed 1792K, reserved 1048576K
Event: 1.572 GC heap after
Heap after GC invocations=3 (full 1):
 PSYoungGen      total 38400K, used 4875K [0x00000000d5f00000, 0x00000000d8980000, 0x0000000100000000)
  eden space 33280K, 0% used [0x00000000d5f00000,0x00000000d5f00000,0x00000000d7f80000)
  from space 5120K, 95% used [0x00000000d8480000,0x00000000d8942c30,0x00000000d8980000)
  to   space 5120K, 0% used [0x00000000d7f80000,0x00000000d7f80000,0x00000000d8480000)
 ParOldGen       total 58880K, used 1365K [0x0000000081c00000, 0x0000000085580000, 0x00000000d5f00000)
  object space 58880K, 2% used [0x0000000081c00000,0x0000000081d557e0,0x0000000085580000)
 Metaspace       used 13132K, capacity 13544K, committed 13824K, reserved 1064960K
  class space    used 1623K, capacity 1734K, committed 1792K, reserved 1048576K
}

Deoptimization events (6 events):
Event: 1.106 Thread 0x0000000005326000 Uncommon trap: reason=unstable_if action=reinterpret pc=0x0000000005699eb4 method=sun.misc.MetaIndex.mayContain(Ljava/lang/String;)Z @ 38
Event: 1.302 Thread 0x0000000005326000 Uncommon trap: reason=unstable_if action=reinterpret pc=0x00000000056fb6c8 method=java.util.HashMap.getNode(ILjava/lang/Object;)Ljava/util/HashMap$Node; @ 129
Event: 1.313 Thread 0x0000000005326000 Uncommon trap: reason=range_check action=make_not_entrant pc=0x00000000056a8160 method=sun.reflect.generics.parser.SignatureParser.current()C @ 34
Event: 1.486 Thread 0x0000000005326000 Uncommon trap: reason=unstable_if action=reinterpret pc=0x00000000056cbb34 method=java.util.HashMap.getNode(ILjava/lang/Object;)Ljava/util/HashMap$Node; @ 129
Event: 1.678 Thread 0x000000001c333000 Uncommon trap: reason=unstable_if action=reinterpret pc=0x00000000057d54c4 method=sun.misc.URLClassPath$JarLoader.ensureOpen()V @ 4
Event: 1.831 Thread 0x0000000005326000 Uncommon trap: reason=unstable_if action=reinterpret pc=0x00000000057f89c8 method=java.net.URL.<init>(Ljava/net/URL;Ljava/lang/String;Ljava/net/URLStreamHandler;)V @ 347

Classes redefined (0 events):
No events

Internal exceptions (10 events):
Event: 1.315 Thread 0x0000000005326000 Exception <a 'java/lang/ArrayIndexOutOfBoundsException': 126> (0x00000000d70439a0) thrown at [C:\re\workspace\8-2-build-windows-amd64-cygwin\jdk8u171\10807\hotspot\src\share\vm\interpreter\interpreterRuntime.cpp, line 366]
Event: 1.363 Thread 0x0000000005326000 Exception <a 'java/io/FileNotFoundException'> (0x00000000d731e370) thrown at [C:\re\workspace\8-2-build-windows-amd64-cygwin\jdk8u171\10807\hotspot\src\share\vm\prims\jni.cpp, line 709]
Event: 1.541 Thread 0x0000000005326000 Exception <a 'java/lang/NoSuchMethodError': java.lang.Object.lambda$identity$2(Ljava/lang/Object;)Ljava/lang/Object;> (0x00000000d7e0c5f8) thrown at [C:\re\workspace\8-2-build-windows-amd64-cygwin\jdk8u171\10807\hotspot\src\share\vm\interpreter\linkResolv
Event: 1.545 Thread 0x0000000005326000 Exception <a 'java/lang/NoSuchMethodError': java.lang.Object.lambda$static$0(CI)C> (0x00000000d7e29678) thrown at [C:\re\workspace\8-2-build-windows-amd64-cygwin\jdk8u171\10807\hotspot\src\share\vm\interpreter\linkResolver.cpp, line 620]
Event: 1.545 Thread 0x0000000005326000 Exception <a 'java/lang/NoSuchMethodError': java.lang.Object.lambda$static$1(CI)C> (0x00000000d7e2c0e0) thrown at [C:\re\workspace\8-2-build-windows-amd64-cygwin\jdk8u171\10807\hotspot\src\share\vm\interpreter\linkResolver.cpp, line 620]
Event: 1.630 Thread 0x0000000005326000 Exception <a 'java/lang/NoSuchMethodError': java.lang.Object.lambda$chars$0()Ljava/util/Spliterator$OfInt;> (0x00000000d6261ab0) thrown at [C:\re\workspace\8-2-build-windows-amd64-cygwin\jdk8u171\10807\hotspot\src\share\vm\interpreter\linkResolver.cpp, li
Event: 1.678 Thread 0x000000001c333000 Implicit null exception at 0x00000000057d27c4 to 0x00000000057d54a1
Event: 1.842 Thread 0x000000001c333000 Exception <a 'java/lang/NoSuchMethodError': java.lang.Object.forClass(Ljava/lang/Class;)Lorg/hibernate/validator/internal/engine/constraintvalidation/ConstraintValidatorDescriptor;> (0x00000000d6b94990) thrown at [C:\re\workspace\8-2-build-windows-amd64-c
Event: 1.994 Thread 0x0000000005326000 Exception <a 'java/lang/NoClassDefFoundError': org/springframework/jdbc/CannotGetJdbcConnectionException> (0x00000000d77980f8) thrown at [C:\re\workspace\8-2-build-windows-amd64-cygwin\jdk8u171\10807\hotspot\src\share\vm\classfile\systemDictionary.cpp, li
Event: 2.117 Thread 0x0000000005326000 Exception <a 'java/lang/NoSuchMethodError': org.slf4j.impl.StaticMDCBinder.getSingleton()Lorg/slf4j/impl/StaticMDCBinder;> (0x00000000d7b7f550) thrown at [C:\re\workspace\8-2-build-windows-amd64-cygwin\jdk8u171\10807\hotspot\src\share\vm\interpreter\linkR

Events (10 events):
Event: 2.180 loading class javax/el/ELResolver
Event: 2.180 loading class javax/el/ELResolver done
Event: 2.181 loading class org/springframework/boot/autoconfigure/EnableAutoConfiguration
Event: 2.181 loading class org/springframework/boot/autoconfigure/EnableAutoConfiguration done
Event: 2.181 loading class org/springframework/context/annotation/ComponentScan
Event: 2.181 loading class org/springframework/context/annotation/ComponentScan done
Event: 2.188 loading class org/springframework/context/annotation/Configuration
Event: 2.188 loading class org/springframework/context/annotation/Configuration done
Event: 2.192 loading class org/springframework/boot/autoconfigure/AutoConfigurationPackage
Event: 2.192 loading class org/springframework/boot/autoconfigure/AutoConfigurationPackage done


Dynamic libraries:
0x00007ff62b410000 - 0x00007ff62b447000 	C:\Program Files\Java\jre1.8.0_171\bin\javaw.exe
0x00007ffdf8e10000 - 0x00007ffdf8ff0000 	C:\WINDOWS\SYSTEM32\ntdll.dll
0x00007ffdf6c10000 - 0x00007ffdf6cbe000 	C:\WINDOWS\System32\KERNEL32.DLL
0x00007ffdf55f0000 - 0x00007ffdf5856000 	C:\WINDOWS\System32\KERNELBASE.dll
0x00000000597d0000 - 0x0000000059aeb000 	C:\Program Files (x86)\Norton Internet Security\NortonData\22.5.0.124\Definitions\IPSDefs\20180529.061\IPSEng64.dll
0x00007ffdf81d0000 - 0x00007ffdf8271000 	C:\WINDOWS\System32\ADVAPI32.dll
0x00007ffdf8130000 - 0x00007ffdf81cd000 	C:\WINDOWS\System32\msvcrt.dll
0x00007ffdf8280000 - 0x00007ffdf82db000 	C:\WINDOWS\System32\sechost.dll
0x00007ffdf8480000 - 0x00007ffdf859f000 	C:\WINDOWS\System32\RPCRT4.dll
0x00007ffdf8da0000 - 0x00007ffdf8da8000 	C:\WINDOWS\System32\PSAPI.DLL
0x00007ffdf8b10000 - 0x00007ffdf8c9f000 	C:\WINDOWS\System32\USER32.dll
0x00007ffdf5530000 - 0x00007ffdf5550000 	C:\WINDOWS\System32\win32u.dll
0x00007ffdf6cc0000 - 0x00007ffdf6ce8000 	C:\WINDOWS\System32\GDI32.dll
0x00007ffdf5390000 - 0x00007ffdf5523000 	C:\WINDOWS\System32\gdi32full.dll
0x00007ffdf5550000 - 0x00007ffdf55eb000 	C:\WINDOWS\System32\msvcp_win.dll
0x00007ffdf5a30000 - 0x00007ffdf5b26000 	C:\WINDOWS\System32\ucrtbase.dll
0x00007ffdeb4a0000 - 0x00007ffdeb709000 	C:\WINDOWS\WinSxS\amd64_microsoft.windows.common-controls_6595b64144ccf1df_6.0.16299.431_none_15c7d3ee93659e73\COMCTL32.dll
0x00007ffdf62e0000 - 0x00007ffdf65e8000 	C:\WINDOWS\System32\combase.dll
0x00007ffdf5260000 - 0x00007ffdf52d2000 	C:\WINDOWS\System32\bcryptPrimitives.dll
0x00007ffdf8db0000 - 0x00007ffdf8ddd000 	C:\WINDOWS\System32\IMM32.DLL
0x000000005c3d0000 - 0x000000005c4a2000 	C:\Program Files\Java\jre1.8.0_171\bin\msvcr100.dll
0x0000000058d40000 - 0x00000000595e0000 	C:\Program Files\Java\jre1.8.0_171\bin\server\jvm.dll
0x00007ffde9da0000 - 0x00007ffde9da9000 	C:\WINDOWS\SYSTEM32\WSOCK32.dll
0x00007ffdf8800000 - 0x00007ffdf886c000 	C:\WINDOWS\System32\WS2_32.dll
0x00007ffdf1fc0000 - 0x00007ffdf1fe3000 	C:\WINDOWS\SYSTEM32\WINMM.dll
0x00007ffdeb880000 - 0x00007ffdeb88a000 	C:\WINDOWS\SYSTEM32\VERSION.dll
0x00007ffdf1f90000 - 0x00007ffdf1fba000 	C:\WINDOWS\SYSTEM32\WINMMBASE.dll
0x00007ffdf5210000 - 0x00007ffdf525a000 	C:\WINDOWS\System32\cfgmgr32.dll
0x000000005c4e0000 - 0x000000005c4ef000 	C:\Program Files\Java\jre1.8.0_171\bin\verify.dll
0x000000005c4b0000 - 0x000000005c4d9000 	C:\Program Files\Java\jre1.8.0_171\bin\java.dll
0x000000005c2e0000 - 0x000000005c2f6000 	C:\Program Files\Java\jre1.8.0_171\bin\zip.dll
0x00007ffdf6cf0000 - 0x00007ffdf8128000 	C:\WINDOWS\System32\SHELL32.dll
0x00007ffdf8870000 - 0x00007ffdf8916000 	C:\WINDOWS\System32\shcore.dll
0x00007ffdf5b90000 - 0x00007ffdf62d7000 	C:\WINDOWS\System32\windows.storage.dll
0x00007ffdf8920000 - 0x00007ffdf8971000 	C:\WINDOWS\System32\shlwapi.dll
0x00007ffdf51a0000 - 0x00007ffdf51b1000 	C:\WINDOWS\System32\kernel.appcore.dll
0x00007ffdf51c0000 - 0x00007ffdf520c000 	C:\WINDOWS\System32\powrprof.dll
0x00007ffdf5180000 - 0x00007ffdf519b000 	C:\WINDOWS\System32\profapi.dll
0x000000005c4f0000 - 0x000000005c4fd000 	C:\Program Files\Java\jre1.8.0_171\bin\management.dll
0x000000005c560000 - 0x000000005c57a000 	C:\Program Files\Java\jre1.8.0_171\bin\net.dll
0x00007ffdf4990000 - 0x00007ffdf49f6000 	C:\WINDOWS\system32\mswsock.dll
0x000000005c540000 - 0x000000005c551000 	C:\Program Files\Java\jre1.8.0_171\bin\nio.dll
0x00007ffddd700000 - 0x00007ffddd716000 	C:\WINDOWS\system32\napinsp.dll
0x00007ffddd2e0000 - 0x00007ffddd2fa000 	C:\WINDOWS\system32\pnrpnsp.dll
0x00007ffdf21c0000 - 0x00007ffdf21d8000 	C:\WINDOWS\system32\NLAapi.dll
0x00007ffdf4760000 - 0x00007ffdf4816000 	C:\WINDOWS\SYSTEM32\DNSAPI.dll
0x00007ffdf8ca0000 - 0x00007ffdf8ca8000 	C:\WINDOWS\System32\NSI.dll
0x00007ffdf4720000 - 0x00007ffdf4759000 	C:\WINDOWS\SYSTEM32\IPHLPAPI.DLL
0x00007ffddcb10000 - 0x00007ffddcb1e000 	C:\WINDOWS\System32\winrnr.dll
0x00007ffddcaf0000 - 0x00007ffddcb05000 	C:\WINDOWS\System32\wshbth.dll
0x00007ffded080000 - 0x00007ffded08a000 	C:\Windows\System32\rasadhlp.dll
0x00007ffdee060000 - 0x00007ffdee0d0000 	C:\WINDOWS\System32\fwpuclnt.dll
0x00007ffdf4c60000 - 0x00007ffdf4c85000 	C:\WINDOWS\SYSTEM32\bcrypt.dll
0x00007ffdf4b50000 - 0x00007ffdf4b67000 	C:\WINDOWS\SYSTEM32\CRYPTSP.dll
0x00007ffdf4590000 - 0x00007ffdf45c3000 	C:\WINDOWS\system32\rsaenh.dll
0x00007ffdf5090000 - 0x00007ffdf50b9000 	C:\WINDOWS\SYSTEM32\USERENV.dll
0x00007ffdf4b70000 - 0x00007ffdf4b7b000 	C:\WINDOWS\SYSTEM32\CRYPTBASE.dll
0x00007ffdef390000 - 0x00007ffdef3a6000 	C:\WINDOWS\SYSTEM32\dhcpcsvc6.DLL
0x00007ffdef0f0000 - 0x00007ffdef10a000 	C:\WINDOWS\SYSTEM32\dhcpcsvc.DLL

VM Arguments:
jvm_args: -Dcom.sun.management.jmxremote -Dcom.sun.management.jmxremote.port=11537 -Dcom.sun.management.jmxremote.authenticate=false -Dcom.sun.management.jmxremote.ssl=false -Dspring.liveBeansView.mbeanDomain -Dspring.application.admin.enabled=true -Dfile.encoding=MS949 
java_command: com.example.WebApplication
java_class_path (initial): C:\Users\user\workspace\web\bin\main;C:\Users\user\workspace\web\bin\test;C:\Users\user\workspace\web\bin\default;C:\Users\user\.gradle\caches\modules-2\files-2.1\org.springframework.boot\spring-boot-starter-web\2.0.2.RELEASE\b6ef0cf4d0a7c6c7e93ff524b84cd1d8f87f67d9\spring-boot-starter-web-2.0.2.RELEASE.jar;C:\Users\user\.gradle\caches\modules-2\files-2.1\org.springframework.boot\spring-boot-starter-json\2.0.2.RELEASE\5edda979838ced5314b8f58a958fe9d6b4b3badd\spring-boot-starter-json-2.0.2.RELEASE.jar;C:\Users\user\.gradle\caches\modules-2\files-2.1\org.springframework.boot\spring-boot-starter\2.0.2.RELEASE\1cda94f0dfcf2b065191782a54b84d2abf96391\spring-boot-starter-2.0.2.RELEASE.jar;C:\Users\user\.gradle\caches\modules-2\files-2.1\org.springframework.boot\spring-boot-starter-tomcat\2.0.2.RELEASE\cedbfb18762e1c220007c768bfc5b773f5b30f8a\spring-boot-starter-tomcat-2.0.2.RELEASE.jar;C:\Users\user\.gradle\caches\modules-2\files-2.1\org.hibernate.validator\hibernate-validator\6.0.9.Final\b149e4cce82379f11f6129eb3187ca8ae5404005\hibernate-validator-6.0.9.Final.jar;C:\Users\user\.gradle\caches\modules-2\files-2.1\org.springframework\spring-webmvc\5.0.6.RELEASE\1361c5d1cf46665ee01de5dc1ca447c3be174c19\spring-webmvc-5.0.6.RELEASE.jar;C:\Users\user\.gradle\caches\modules-2\files-2.1\org.springframework\spring-web\5.0.6.RELEASE\89e89de3025165998118590613aedc6df8d64af6\spring-web-5.0.6.RELEASE.jar;C:\Users\user\.gradle\caches\modules-2\files-2.1\org.springframework.boot\spring-boot-autoconfigure\2.0.2.RELEASE\f4b25e753e4955337a138d8b1550236b5efe5b3b\spring-boot-autoconfigure-2.0.2.RELEASE.jar;C:\Users\user\.gradle\caches\modules-2\files-2.1\org.springframework.boot\spring-boot\2.0.2.RELEASE\15012cf02e9f77938244e554f0598535fdd1cb38\spring-boot-2.0.2.RELEASE.jar;C:\Users\user\.gradle\caches\modules-2\files-2.1\org.springframework.boot\spring-boot-starter-logging\2.0.2.RELEASE\b56d7d1931792d6e58dbd41f956912359ba85238\spring-boot-starter-logging-2.0.2.R
Launcher Type: SUN_STANDARD

Environment Variables:
PATH=C:/Program Files/Java/jre1.8.0_171/bin/server;C:/Program Files/Java/jre1.8.0_171/bin;C:/Program Files/Java/jre1.8.0_171/lib/amd64;C:\Program Files (x86)\Common Files\Oracle\Java\javapath;C:\ProgramData\Oracle\Java\javapath;C:\Program Files (x86)\GnuWin32\bin;C:\gradle\bin;C:\Users\user\AppData\Local\Microsoft\WindowsApps;;C:\Users\user\Downloads\eclipse-java-luna-SR1-win32-x86_64\eclipse;
USERNAME=user
OS=Windows_NT
PROCESSOR_IDENTIFIER=Intel64 Family 6 Model 58 Stepping 9, GenuineIntel



---------------  S Y S T E M  ---------------

OS: Windows 10.0 , 64 bit Build 16299 (10.0.16299.431)

CPU:total 4 (initial active 4) (2 cores per cpu, 2 threads per core) family 6 model 58 stepping 9, cmov, cx8, fxsr, mmx, sse, sse2, sse3, ssse3, sse4.1, sse4.2, popcnt, avx, aes, clmul, erms, ht, tsc, tscinvbit, tscinv

Memory: 4k page, physical 8271496k(895120k free), swap 8271496k(6956k free)

vm_info: Java HotSpot(TM) 64-Bit Server VM (25.171-b11) for windows-amd64 JRE (1.8.0_171-b11), built on Mar 28 2018 16:06:12 by "java_re" with MS VC++ 10.0 (VS2010)

time: Wed May 30 18:47:28 2018
elapsed time: 2 seconds (0d 0h 0m 2s)

